Instance name: /home/cuong/CLionProjects/uMV-FSTSP/Murray_Chu_2015_test_data/FSTSP/FSTSP_10_customer_problems/20140810T123443v7
Write arg val: 1

drone speed: 0.4 miles/minute
uav non-eligible customer: 4 8 
Printing tau:
0 13.7617 11.155 18.3489 20.448 15.6899 15.6816 15.9793 10.6796 13.1667 9.91531 0 
13.7617 0 8.59672 16.5872 14.8463 1.92825 1.9199 7.49765 3.32128 11.405 7.04299 13.7617 
11.155 8.59672 0 25.184 23.443 8.42508 9.39342 16.0944 11.7546 20.0018 15.6397 11.155 
18.3489 16.5872 25.184 0 20.0769 16.7589 15.7905 15.6083 13.4294 5.1822 10.0243 18.3489 
20.448 14.8463 23.443 20.0769 0 15.0179 14.0496 7.34864 11.6884 17.2947 10.5327 20.448 
15.6899 1.92825 8.42508 16.7589 15.0179 0 0.968346 7.66929 5.01036 12.5367 7.21463 15.6899 
15.6816 1.9199 9.39342 15.7905 14.0496 0.968346 0 6.70095 5.00201 12.5283 6.24629 15.6816 
15.9793 7.49765 16.0944 15.6083 7.34864 7.66929 6.70095 0 5.29976 12.8261 6.06403 15.9793 
10.6796 3.32128 11.7546 13.4294 11.6884 5.01036 5.00201 5.29976 0 8.24716 3.8851 10.6796 
13.1667 11.405 20.0018 5.1822 17.2947 12.5367 12.5283 12.8261 8.24716 0 6.76206 13.1667 
9.91531 7.04299 15.6397 10.0243 10.5327 7.21463 6.24629 6.06403 3.8851 6.76206 0 9.91531 
0 0 0 0 0 0 0 0 0 0 0 0 
Printing tau_prime:
0 9.8104 9.25073 12.9773 18.6272 11.1513 11.2352 13.059 8.31432 9.57356 9.37646 0 
9.8104 0 6.3521 15.0739 11.5134 1.36887 1.46982 5.52869 3.12023 11.0139 5.67443 9.8104 
9.25073 6.3521 0 19.3717 17.8316 6.76563 7.37314 11.8807 8.31856 15.2332 11.0936 9.25073 
12.9773 15.0739 19.3717 0 14.2498 16.055 15.5524 12.7718 11.9711 4.15908 9.54426 12.9773 
18.6272 11.5134 17.8316 14.2498 0 11.1395 10.4907 6.08158 10.7713 12.469 9.269 18.6272 
11.1513 1.36887 6.76563 16.055 11.1395 0 0.684749 5.42687 4.25379 12.0662 6.53442 11.1513 
11.2352 1.46982 7.37314 15.5524 10.4907 0.684749 0 4.74296 3.91122 11.6081 6.01108 11.2352 
13.059 5.52869 11.8807 12.7718 6.08158 5.42687 4.74296 0 4.8436 9.48094 4.29995 13.059 
8.31432 3.12023 8.31856 11.9711 10.7713 4.25379 3.91122 4.8436 0 7.89497 2.79983 8.31432 
9.57356 11.0139 15.2332 4.15908 12.469 12.0662 11.6081 9.48094 7.89497 0 5.69004 9.57356 
9.37646 5.67443 11.0936 9.54426 9.269 6.53442 6.01108 4.29995 2.79983 5.69004 0 9.37646 
0 0 0 0 0 0 0 0 0 0 0 0 
Warning:  Output names have been modified due to duplicate names or characters invalid in LP format.
Version identifier: 22.1.1.0 | 2022-11-28 | 9160aff4d
CPXPARAM_Emphasis_MIP                            2
CPXPARAM_MIP_Tolerances_Integrality              0
Tried aggregator 2 times.
MIP Presolve eliminated 759 rows and 1597 columns.
MIP Presolve modified 1766 coefficients.
Aggregator did 31 substitutions.
Reduced MIP has 1004 rows, 3148 columns, and 30391 nonzeros.
Reduced MIP has 3127 binaries, 0 generals, 0 SOSs, and 0 indicators.
Presolve time = 0.02 sec. (42.98 ticks)
Found incumbent of value 11729.733651 after 0.04 sec. (74.44 ticks)
Probing fixed 74 vars, tightened 0 bounds.
Probing changed sense of 4 constraints.
Probing time = 0.05 sec. (116.68 ticks)
Tried aggregator 2 times.
Detecting symmetries...
MIP Presolve eliminated 20 rows and 74 columns.
MIP Presolve modified 128 coefficients.
Aggregator did 2 substitutions.
Reduced MIP has 982 rows, 3072 columns, and 29265 nonzeros.
Reduced MIP has 3051 binaries, 0 generals, 0 SOSs, and 0 indicators.
Presolve time = 0.01 sec. (19.99 ticks)
Probing time = 0.00 sec. (6.44 ticks)
Clique table members: 15069.
MIP emphasis: optimality.
MIP search method: dynamic search.
Parallel mode: deterministic, using up to 20 threads.
Root relaxation solution time = 0.07 sec. (156.48 ticks)

        Nodes                                         Cuts/
   Node  Left     Objective  IInf  Best Integer    Best Bound    ItCnt     Gap

*     0+    0                        11729.7337        9.9153            99.92%
      0     0       51.5457   205    11729.7337       51.5457       21   99.56%
*     0+    0                           86.0730       51.5457            40.11%
      0     0       53.7598   166       86.0730      Cuts: 20     1117   37.54%
*     0+    0                           75.8436       53.7598            29.12%
      0     0       58.4925   136       75.8436      Cuts: 33     2732   22.88%
      0     0       60.7295    97       75.8436      Cuts: 21     3077   19.93%
      0     0       60.9638   164       75.8436      Cuts: 28     3382   19.62%
      0     0       61.5737   156       75.8436      Cuts: 18     3699   18.81%
Detecting symmetries...
      0     0       61.8461   131       75.8436      Cuts: 23     4194   18.46%
      0     0       62.0814   155       75.8436      Cuts: 10     5196   18.15%
      0     0       62.2179   167       75.8436      Cuts: 17     5451   17.97%
*     0+    0                           75.3994       62.2179            17.48%
      0     0       62.2699   180       75.3994      Cuts: 10     5710   17.41%
*     0+    0                           70.3782       62.2699            11.52%
      0     0  -1.00000e+75     0       70.3782       62.2699     5710   11.52%
      0     0       62.2766   212       70.3782  ZeroHalf: 11     6037   11.51%
      0     0       62.3101   225       70.3782      Cuts: 19     6241   11.46%
      0     0       62.3681   194       70.3782       Cuts: 8     6953   11.38%
      0     0       62.4046   203       70.3782       Cuts: 8     7197   11.33%
      0     0       62.4397   278       70.3782       Cuts: 8     8363   11.28%
      0     0       62.4397   260       70.3782       Cuts: 4     8464   11.28%
      0     0       62.4397   273       70.3782       Cuts: 2     8582   11.28%
Detecting symmetries...
      0     2       62.4397   223       70.3782       62.4397     8582   11.28%
Elapsed time = 2.02 sec. (2938.47 ticks, tree = 0.02 MB, solutions = 5)
     10     8        cutoff             70.3782       62.5962    13333   11.06%
*    69+   13                           68.5227       62.6589             8.56%
    270    52        cutoff             68.5227       62.7408    52275    8.44%
*   361+   57                           68.0846       62.9625             7.52%
*   429    25      integral     0       67.4594       62.9625    67048    6.67%
*   491+   13                           66.4827       63.2620             4.84%
    564    15       63.5614   188       66.4827       63.3033    82915    4.78%
    626     8       64.0682   191       66.4827       63.6738    94599    4.23%
    664     3        cutoff             66.4827       64.0910   104527    3.60%
    685     4       64.4006   173       66.4827       64.2512   106458    3.36%
*   704+    7                           65.6099       64.4085             1.83%
    718     8       66.4085    14       65.6099       64.4085   112889    1.83%
*   767     7      integral     0       65.5227       64.4085   115436    1.70%

GUB cover cuts applied:  8
Clique cuts applied:  9
Cover cuts applied:  10
Implied bound cuts applied:  81
Mixed integer rounding cuts applied:  1
Zero-half cuts applied:  39
Lift and project cuts applied:  1
Gomory fractional cuts applied:  5

Root node processing (before b&c):
  Real time             =    1.99 sec. (2887.50 ticks)
Parallel b&c, 20 threads:
  Real time             =    1.38 sec. (1965.61 ticks)
  Sync time (average)   =    0.96 sec.
  Wait time (average)   =    0.00 sec.
                          ------------
Total (root+branch&cut) =    3.37 sec. (4853.12 ticks)
Feasible solution found!
Truck nodes:
Stage 1 at customer 0 with arrival time is: 0
Stage 1 at customer 0 with departure time is: 0
Stage 2 at customer 8 with arrival time is: 10.6796
Stage 2 at customer 8 with departure time is: 10.6796
Stage 3 at customer 1 with arrival time is: 14.0009
Stage 3 at customer 1 with departure time is: 14.0009
Stage 4 at customer 5 with arrival time is: 15.9291
Stage 4 at customer 5 with departure time is: 15.9291
Stage 5 at customer 6 with arrival time is: 16.8975
Stage 5 at customer 6 with departure time is: 17.8975
Stage 6 at customer 7 with arrival time is: 24.5984
Stage 6 at customer 7 with departure time is: 24.5984
Stage 7 at customer 4 with arrival time is: 31.9471
Stage 7 at customer 4 with departure time is: 32.9471
Stage 8 at customer 10 with arrival time is: 43.4797
Stage 8 at customer 10 with departure time is: 44.5939
Stage 9 at customer 9 with arrival time is: 51.3559
Stage 9 at customer 9 with departure time is: 52.3559
Stage 10 at customer 11 with arrival time is: 65.5227
Stage 10 at customer 11 with departure time is: 65.5227
Truck arcs:
Arc 1 connecting 0 and 8 with cost 10.6796 
Arc 2 connecting 8 and 1 with cost 3.32128 
Arc 3 connecting 1 and 5 with cost 1.92825 
Arc 4 connecting 5 and 6 with cost 0.968346 
Arc 5 connecting 6 and 7 with cost 6.70095 
Arc 6 connecting 7 and 4 with cost 7.34864 
Arc 7 connecting 4 and 10 with cost 10.5327 
Arc 8 connecting 10 and 9 with cost 6.76206 
Arc 9 connecting 9 and 11 with cost 13.1667 
Drone served customers
Drone flies from stage 1 to stage 5
Drone flies from stage 7 to stage 9
Drone flies from stage 1 to stage 5 to serve customer 2
Drone flies from stage 7 to stage 9 to serve customer 3
1
Customer 2 served by drone.
Y_val: 1
W_val: 1
Drone fly from 0 at stage 1 to serve 2 and then fly back to 6 at stage 5. 
Truck travel time from stage 1 to 5 is: 16.8975
Start arc cost: 9.25073, end arc cost: 7.37314. Total drone travel time: 16.6239
Drone arrival time: 16.6239
Truck arrival time: 16.8975
Truck departure time = max(d/a, t/a) plus (sl/sr): 17.8975
1
Customer 3 served by drone.
Y_val: 1
W_val: 1
Drone fly from 4 at stage 7 to serve 3 and then fly back to 9 at stage 9. 
Truck travel time from stage 7 to 9 is: 17.2947
Start arc cost: 14.2498, end arc cost: 4.15908. Total drone travel time: 18.4089
Drone arrival time: 51.3559
Truck arrival time: 51.3559
Truck departure time = max(d/a, t/a) plus (sl/sr): 52.3559
Done!
-------------------------Re-calculated objective-----------------------
65.5227
------------------------------------------------------------------------
Solve time: 3.375
OBJECTIVE VALUE: 65.5227, NUMBER OF SORTIES: 2.
In write mode
