Instance name: /home/cuong/CLionProjects/uMV-FSTSP/Murray_Chu_2015_test_data/FSTSP/FSTSP_10_customer_problems/20140810T123443v6
Write arg val: 1

drone speed: 0.4 miles/minute
uav non-eligible customer: 4 8 
Printing tau:
0 7.3617 13.235 11.9489 14.048 9.28995 9.2816 9.57935 4.27959 6.76674 3.51531 0 
7.3617 0 8.59672 16.5872 14.8463 1.92825 1.9199 7.49765 3.32128 11.405 7.04299 7.3617 
13.235 8.59672 0 25.184 23.443 8.42508 9.39342 16.0944 11.7546 20.0018 15.6397 13.235 
11.9489 16.5872 25.184 0 20.0769 16.7589 15.7905 15.6083 13.4294 5.1822 10.0243 11.9489 
14.048 14.8463 23.443 20.0769 0 15.0179 14.0496 7.34864 11.6884 17.2947 10.5327 14.048 
9.28995 1.92825 8.42508 16.7589 15.0179 0 0.968346 7.66929 5.01036 12.5367 7.21463 9.28995 
9.2816 1.9199 9.39342 15.7905 14.0496 0.968346 0 6.70095 5.00201 12.5283 6.24629 9.2816 
9.57935 7.49765 16.0944 15.6083 7.34864 7.66929 6.70095 0 5.29976 12.8261 6.06403 9.57935 
4.27959 3.32128 11.7546 13.4294 11.6884 5.01036 5.00201 5.29976 0 8.24716 3.8851 4.27959 
6.76674 11.405 20.0018 5.1822 17.2947 12.5367 12.5283 12.8261 8.24716 0 6.76206 6.76674 
3.51531 7.04299 15.6397 10.0243 10.5327 7.21463 6.24629 6.06403 3.8851 6.76206 0 3.51531 
0 0 0 0 0 0 0 0 0 0 0 0 
Printing tau_prime:
0 6.15258 9.94425 9.46376 12.279 7.39725 7.10303 7.06894 3.20207 5.30708 3.01164 0 
6.15258 0 6.3521 15.0739 11.5134 1.36887 1.46982 5.52869 3.12023 11.0139 5.67443 6.15258 
9.94425 6.3521 0 19.3717 17.8316 6.76563 7.37314 11.8807 8.31856 15.2332 11.0936 9.94425 
9.46376 15.0739 19.3717 0 14.2498 16.055 15.5524 12.7718 11.9711 4.15908 9.54426 9.46376 
12.279 11.5134 17.8316 14.2498 0 11.1395 10.4907 6.08158 10.7713 12.469 9.269 12.279 
7.39725 1.36887 6.76563 16.055 11.1395 0 0.684749 5.42687 4.25379 12.0662 6.53442 7.39725 
7.10303 1.46982 7.37314 15.5524 10.4907 0.684749 0 4.74296 3.91122 11.6081 6.01108 7.10303 
7.06894 5.52869 11.8807 12.7718 6.08158 5.42687 4.74296 0 4.8436 9.48094 4.29995 7.06894 
3.20207 3.12023 8.31856 11.9711 10.7713 4.25379 3.91122 4.8436 0 7.89497 2.79983 3.20207 
5.30708 11.0139 15.2332 4.15908 12.469 12.0662 11.6081 9.48094 7.89497 0 5.69004 5.30708 
3.01164 5.67443 11.0936 9.54426 9.269 6.53442 6.01108 4.29995 2.79983 5.69004 0 3.01164 
0 0 0 0 0 0 0 0 0 0 0 0 
Warning:  Output names have been modified due to duplicate names or characters invalid in LP format.
Version identifier: 22.1.1.0 | 2022-11-28 | 9160aff4d
CPXPARAM_Emphasis_MIP                            2
CPXPARAM_MIP_Tolerances_Integrality              0
Tried aggregator 2 times.
MIP Presolve eliminated 760 rows and 1583 columns.
MIP Presolve modified 1773 coefficients.
Aggregator did 31 substitutions.
Reduced MIP has 1003 rows, 3162 columns, and 30515 nonzeros.
Reduced MIP has 3141 binaries, 0 generals, 0 SOSs, and 0 indicators.
Presolve time = 0.02 sec. (40.95 ticks)
Found incumbent of value 11632.791120 after 0.04 sec. (72.49 ticks)
Probing fixed 10 vars, tightened 0 bounds.
Probing time = 0.02 sec. (39.09 ticks)
Tried aggregator 2 times.
Detecting symmetries...
MIP Presolve eliminated 17 rows and 10 columns.
MIP Presolve modified 119 coefficients.
Aggregator did 2 substitutions.
Reduced MIP has 984 rows, 3150 columns, and 30356 nonzeros.
Reduced MIP has 3129 binaries, 0 generals, 0 SOSs, and 0 indicators.
Presolve time = 0.01 sec. (18.67 ticks)
Probing time = 0.00 sec. (6.66 ticks)
Clique table members: 15107.
MIP emphasis: optimality.
MIP search method: dynamic search.
Parallel mode: deterministic, using up to 20 threads.
Root relaxation solution time = 0.07 sec. (158.15 ticks)

        Nodes                                         Cuts/
   Node  Left     Objective  IInf  Best Integer    Best Bound    ItCnt     Gap

*     0+    0                        11632.7911        3.5153            99.97%
      0     0       39.2453   230    11632.7911       39.2453       22   99.66%
*     0+    0                           86.5629       39.2453            54.66%
*     0+    0                           78.8824       39.2453            50.25%
      0     0       40.5550   244       78.8824      Cuts: 35     1150   48.38%
*     0+    0                           77.5276       40.7168            47.48%
      0     0       41.1196   263       77.5276      Cuts: 20     2303   46.96%
      0     0       41.2101   285       77.5276      Cuts: 24     2561   46.84%
*     0+    0                           73.8432       41.2101            44.19%
      0     0  -1.00000e+75     0       73.8432       41.2101     2561   44.19%
      0     0       41.2662   312       73.8432       Cuts: 9     2928   44.12%
      0     0       42.0761   301       73.8432      Cuts: 25     3527   43.02%
Detecting symmetries...
*     0+    0                           63.1965       42.0761            33.42%
      0     0       42.4460   311       63.1965      Cuts: 12     3990   32.83%
      0     0       42.5209   310       63.1965       Cuts: 4     4271   32.72%
      0     0       42.6460   262       63.1965      Cuts: 15     4408   32.52%
      0     0       42.7676   293       63.1965       Cuts: 9     4574   32.33%
      0     0       42.9025   289       63.1965       Cuts: 7     4719   32.11%
      0     0       43.0637   313       63.1965       Cuts: 4     4953   31.86%
      0     0       43.0987   356       63.1965       Cuts: 9     5105   31.80%
      0     0       43.1414   347       63.1965       Cuts: 5     5236   31.73%
      0     0       43.1414   348       63.1965    Cliques: 1     5241   31.73%
Detecting symmetries...
      0     2       43.1414   338       63.1965       43.1414     5241   31.73%
Elapsed time = 1.99 sec. (2952.09 ticks, tree = 0.02 MB, solutions = 6)
     44    30       59.8485    69       63.1965       43.5730    17449   31.05%
    241   145       57.0629   182       63.1965       44.0588    47925   30.28%
    480   212       46.5232   184       63.1965       44.0588    64372   30.28%
*   568+  277                           59.5426       44.0588            26.00%
    805   323       52.7653    81       59.5426       44.2961   110438   25.61%
   1117   516       47.8165    64       59.5426       44.7353   163069   24.87%
   1273   587       59.0893   136       59.5426       45.0886   177231   24.28%
   1452   724       55.2893    16       59.5426       45.7135   215335   23.23%
   1698   869        cutoff             59.5426       45.8726   254212   22.96%
   2012  1029       51.2663    63       59.5426       45.8726   308776   22.96%
   2943  1606       50.8721   120       59.5426       46.9044   441135   21.23%
Elapsed time = 5.15 sec. (6070.87 ticks, tree = 7.63 MB, solutions = 7)
   4197  2451       53.1936    77       59.5426       49.3403   638018   17.13%

Performing restart 1

Repeating presolve.
Tried aggregator 2 times.
MIP Presolve eliminated 17 rows and 48 columns.
MIP Presolve modified 12020 coefficients.
Aggregator did 1 substitutions.
Reduced MIP has 966 rows, 3101 columns, and 23832 nonzeros.
Reduced MIP has 3080 binaries, 0 generals, 0 SOSs, and 0 indicators.
Presolve time = 0.02 sec. (30.18 ticks)
Tried aggregator 1 time.
MIP Presolve eliminated 0 rows and 2 columns.
Reduced MIP has 966 rows, 3099 columns, and 23818 nonzeros.
Reduced MIP has 3078 binaries, 0 generals, 0 SOSs, and 0 indicators.
Presolve time = 0.01 sec. (13.89 ticks)
Represolve time = 0.10 sec. (161.80 ticks)
   4754     0       43.3049   326       59.5426      Cuts: 21   770284   15.77%
   4754     0       43.3325   393       59.5426      Cuts: 17   770447   15.77%
   4754     0       43.3346   395       59.5426   ZeroHalf: 1   770479   15.77%
   4754     0       43.3590   394       59.5426       Cuts: 4   770616   15.77%
   4754     0       43.3594   390       59.5426    MIRcuts: 1   770623   15.77%
   4754     2       43.3594   390       59.5426       50.1542   770623   15.77%
   4755     3       44.8668   177       59.5426       50.1542   771632   15.77%
   4759     4       47.6775   162       59.5426       50.1542   774034   15.77%
   4773     6       58.8925    71       59.5426       50.1542   779995   15.77%
*  4819+    8                           59.3183       50.1542            15.45%
   4846    10       48.7534   252       59.3183       50.1542   785683   15.45%
   5134    19        cutoff             59.3183       50.1542   822679   15.45%
   5612    69       57.3058   118       59.3183       50.1542   885364   15.45%
   7602    43       48.5681   227       59.3183       50.1542  1001616   15.45%
   8654   459        cutoff             59.3183       50.1542  1135370   15.45%
Elapsed time = 15.38 sec. (20604.28 ticks, tree = 0.51 MB, solutions = 8)
  10046  1084       53.7040    81       59.3183       50.1542  1284895   15.45%
  10611  1484       57.2537   123       59.3183       50.1542  1434783   15.45%
  12313  2160       55.3694   169       59.3183       50.1542  1623257   15.45%
  12728  2709       56.5710    71       59.3183       50.1542  1800173   15.45%
* 12811+ 2683                           59.0868       50.1542            15.12%
* 12844+ 2587                           59.0868       50.1542            15.12%
  14954  3494        cutoff             59.0868       52.6986  2006360   10.81%
  16196  4055       56.1192    18       59.0868       53.5289  2135519    9.41%
  17192  4098       55.1551    56       59.0868       53.9612  2200740    8.67%
  19336  4652        cutoff             59.0868       55.3692  2390156    6.29%
  20158  4618       56.1249    48       59.0868       55.5792  2428366    5.94%
  22341  4901       56.2660    24       59.0868       55.9702  2599878    5.27%
Elapsed time = 25.91 sec. (30144.04 ticks, tree = 8.63 MB, solutions = 9)
  23075  4798       56.6404    20       59.0868       56.2343  2663936    4.83%
  25609  4858       56.9389    98       59.0868       56.5004  2794133    4.38%
  27367  4905        cutoff             59.0868       56.9362  2887624    3.64%
  28150  4542       57.2565    61       59.0868       57.0666  2942639    3.42%
  31122  4204       57.7361    61       59.0868       57.2851  3047768    3.05%
  32597  3421        cutoff             59.0868       57.6642  3138578    2.41%
  33932  2613        cutoff             59.0868       57.8467  3192328    2.10%
  38366  1149        cutoff             59.0868       58.2633  3282601    1.39%

GUB cover cuts applied:  2
Clique cuts applied:  23
Cover cuts applied:  66
Implied bound cuts applied:  24
Mixed integer rounding cuts applied:  2
Zero-half cuts applied:  35
Lift and project cuts applied:  2
Gomory fractional cuts applied:  2

Root node processing (before b&c):
  Real time             =    1.95 sec. (2907.76 ticks)
Parallel b&c, 20 threads:
  Real time             =   33.23 sec. (35229.46 ticks)
  Sync time (average)   =   11.90 sec.
  Wait time (average)   =    0.01 sec.
                          ------------
Total (root+branch&cut) =   35.18 sec. (38137.21 ticks)
Feasible solution found!
Truck nodes:
Stage 1 at customer 0 with arrival time is: 0
Stage 1 at customer 0 with departure time is: 0
Stage 2 at customer 8 with arrival time is: 4.27959
Stage 2 at customer 8 with departure time is: 7.04292
Stage 3 at customer 1 with arrival time is: 10.3642
Stage 3 at customer 1 with departure time is: 10.3642
Stage 4 at customer 5 with arrival time is: 12.2924
Stage 4 at customer 5 with departure time is: 12.2924
Stage 5 at customer 6 with arrival time is: 13.2608
Stage 5 at customer 6 with departure time is: 13.2608
Stage 6 at customer 8 with arrival time is: 18.2628
Stage 6 at customer 8 with departure time is: 19.2628
Stage 7 at customer 7 with arrival time is: 24.5626
Stage 7 at customer 7 with departure time is: 24.5626
Stage 8 at customer 4 with arrival time is: 31.9112
Stage 8 at customer 4 with departure time is: 32.9112
Stage 9 at customer 10 with arrival time is: 43.4439
Stage 9 at customer 10 with departure time is: 43.4439
Stage 10 at customer 9 with arrival time is: 50.2059
Stage 10 at customer 9 with departure time is: 52.3201
Stage 11 at customer 11 with arrival time is: 59.0868
Stage 11 at customer 11 with departure time is: 59.0868
Truck arcs:
Arc 1 connecting 0 and 8 with cost 4.27959 
Arc 2 connecting 8 and 1 with cost 3.32128 
Arc 3 connecting 1 and 5 with cost 1.92825 
Arc 4 connecting 5 and 6 with cost 0.968346 
Arc 5 connecting 6 and 8 with cost 5.00201 
Arc 6 connecting 8 and 7 with cost 5.29976 
Arc 7 connecting 7 and 4 with cost 7.34864 
Arc 8 connecting 4 and 10 with cost 10.5327 
Arc 9 connecting 10 and 9 with cost 6.76206 
Arc 10 connecting 9 and 11 with cost 6.76674 
Drone served customers
Drone flies from stage 1 to stage 6
Drone flies from stage 8 to stage 10
Drone flies from stage 1 to stage 6 to serve customer 2
Drone flies from stage 8 to stage 10 to serve customer 3
1
Customer 2 served by drone.
Y_val: 1
W_val: 1
Drone fly from 0 at stage 1 to serve 2 and then fly back to 8 at stage 6. 
Truck travel time from stage 1 to 6 is: 15.4995
Start arc cost: 9.94425, end arc cost: 8.31856. Total drone travel time: 18.2628
Drone arrival time: 18.2628
Truck arrival time: 18.2628
Truck departure time = max(d/a, t/a) plus (sl/sr): 19.2628
1
Customer 3 served by drone.
Y_val: 1
W_val: 1
Drone fly from 4 at stage 8 to serve 3 and then fly back to 9 at stage 10. 
Truck travel time from stage 8 to 10 is: 17.2947
Start arc cost: 14.2498, end arc cost: 4.15908. Total drone travel time: 18.4089
Drone arrival time: 51.3201
Truck arrival time: 50.2059
Truck departure time = max(d/a, t/a) plus (sl/sr): 52.3201
Done!
-------------------------Re-calculated objective-----------------------
59.0868
------------------------------------------------------------------------
Solve time: 35.183
OBJECTIVE VALUE: 59.0868, NUMBER OF SORTIES: 2.
In write mode
