Instance name: /home/cuong/CLionProjects/uMV-FSTSP/Murray_Chu_2015_test_data/FSTSP/FSTSP_10_customer_problems/20140810T123440v4
Write arg val: 1

drone speed: 0.2 miles/minute
uav non-eligible customer: 4 5 
Printing tau:
0 13.106 12.3922 26.2811 19.5652 18.1619 11.127 18.8128 14.0231 14.8935 20.0525 0 
13.106 0 7.41815 13.1751 7.41924 8.38408 3.41898 9.99874 2.95098 5.14749 6.9465 13.106 
12.3922 7.41815 0 14.3533 14.8374 5.76971 3.99917 6.42059 10.3691 12.5656 10.5246 12.3922 
26.2811 13.1751 14.3533 0 6.71587 15.3192 15.1541 16.9338 12.258 15.4145 6.22861 26.2811 
19.5652 7.41924 14.8374 6.71587 0 15.8033 10.8382 17.418 5.54215 8.69866 4.31275 19.5652 
18.1619 8.38408 5.76971 15.3192 15.8033 0 7.0349 1.61466 11.3351 13.5316 11.4906 18.1619 
11.127 3.41898 3.99917 15.1541 10.8382 7.0349 0 7.68579 6.36995 8.56647 8.92548 11.127 
18.8128 9.99874 6.42059 16.9338 17.418 1.61466 7.68579 0 12.9497 15.1462 13.1052 18.8128 
14.0231 2.95098 10.3691 12.258 5.54215 11.3351 6.36995 12.9497 0 3.15652 6.0294 14.0231 
14.8935 5.14749 12.5656 15.4145 8.69866 13.5316 8.56647 15.1462 3.15652 0 9.18592 14.8935 
20.0525 6.9465 10.5246 6.22861 4.31275 11.4906 8.92548 13.1052 6.0294 9.18592 0 20.0525 
0 0 0 0 0 0 0 0 0 0 0 0 
Printing tau_prime:
0 19.248 14.8598 36.6847 30.674 21.4641 15.085 22.1731 22.2941 21.7274 28.0695 0 
19.248 0 8.78275 17.5467 11.593 11.5383 4.65561 13.5679 3.64183 6.6156 8.96786 19.248 
14.8598 8.78275 0 23.5383 19.4222 6.89429 4.9433 8.15504 12.3704 14.9175 15.3409 14.8598 
36.6847 17.5467 23.5383 0 7.93526 20.4328 21.6299 21.8114 15.1901 18.2879 8.61635 36.6847 
30.674 11.593 19.4222 7.93526 0 18.6977 16.1877 20.5464 8.38988 10.5953 5.11496 30.674 
21.4641 11.5383 6.89429 20.4328 18.6977 0 10.1477 2.05169 14.2211 18.1171 13.7238 21.4641 
15.085 4.65561 4.9433 21.6299 16.1877 10.1477 0 11.9236 8.24651 10.1003 13.0302 15.085 
22.1731 13.5679 8.15504 21.8114 20.5464 2.05169 11.9236 0 16.2718 20.1574 15.5136 22.1731 
22.2941 3.64183 12.3704 15.1901 8.38988 14.2211 8.24651 16.2718 0 4.53203 7.10808 22.2941 
21.7274 6.6156 14.9175 18.2879 10.5953 18.1171 10.1003 20.1574 4.53203 0 11.0897 21.7274 
28.0695 8.96786 15.3409 8.61635 5.11496 13.7238 13.0302 15.5136 7.10808 11.0897 0 28.0695 
0 0 0 0 0 0 0 0 0 0 0 0 
Warning:  Output names have been modified due to duplicate names or characters invalid in LP format.
Version identifier: 22.1.1.0 | 2022-11-28 | 9160aff4d
CPXPARAM_Emphasis_MIP                            2
CPXPARAM_MIP_Tolerances_Integrality              0
Tried aggregator 2 times.
MIP Presolve eliminated 1362 rows and 2006 columns.
MIP Presolve modified 1452 coefficients.
Aggregator did 38 substitutions.
Reduced MIP has 970 rows, 2732 columns, and 25299 nonzeros.
Reduced MIP has 2711 binaries, 0 generals, 0 SOSs, and 0 indicators.
Presolve time = 0.02 sec. (44.40 ticks)
Probing fixed 177 vars, tightened 0 bounds.
Probing changed sense of 3 constraints.
Probing time = 0.04 sec. (81.59 ticks)
Cover probing fixed 0 vars, tightened 2 bounds.
Tried aggregator 2 times.
Detecting symmetries...
MIP Presolve eliminated 73 rows and 177 columns.
MIP Presolve modified 279 coefficients.
Aggregator did 4 substitutions.
Reduced MIP has 893 rows, 2551 columns, and 21760 nonzeros.
Reduced MIP has 2530 binaries, 0 generals, 0 SOSs, and 0 indicators.
Presolve time = 0.01 sec. (22.95 ticks)
Probing time = 0.00 sec. (5.32 ticks)
Clique table members: 12064.
MIP emphasis: optimality.
MIP search method: dynamic search.
Parallel mode: deterministic, using up to 20 threads.
Root relaxation solution time = 0.08 sec. (146.14 ticks)

        Nodes                                         Cuts/
   Node  Left     Objective  IInf  Best Integer    Best Bound    ItCnt     Gap

      0     0       51.2516    97                     51.2516       23         
      0     0       54.1284    71                    Cuts: 43      756         
      0     0       54.2964   155                    Cuts: 18     1150         
*     0+    0                           91.5824       54.2964            40.71%
      0     0       54.3513   195       91.5824      Cuts: 38     1536   40.65%
*     0+    0                           91.4616       54.3513            40.57%
*     0+    0                           89.7695       54.3513            39.45%
*     0+    0                           86.0577       54.3513            36.84%
*     0+    0                           85.0383       54.3513            36.09%
      0     0  -1.00000e+75     0       85.0383       54.3513     1536   36.09%
      0     0       54.4092   245       85.0383      Cuts: 33     1956   36.02%
      0     0       54.5511   239       85.0383      Cuts: 20     2887   35.85%
Detecting symmetries...
      0     0       54.9530   187       85.0383      Cuts: 16     3403   35.38%
      0     0       55.6151   247       85.0383      Cuts: 27     5026   34.60%
      0     0       55.9570   128       85.0383      Cuts: 25     5748   34.20%
*     0+    0                           74.8417       55.9570            25.23%
      0     0       56.1265   206       74.8417      Cuts: 43     7326   25.01%
      0     0       56.2555   255       74.8417      Cuts: 17     8274   24.83%
      0     0       56.5079   275       74.8417      Cuts: 14     9489   24.50%
      0     0       56.9305   237       74.8417      Cuts: 10    10654   23.93%
      0     0       56.9309   255       74.8417      Cuts: 12    10882   23.93%
      0     0       56.9322   260       74.8417   ZeroHalf: 2    11293   23.93%
Detecting symmetries...
      0     2       56.9322   260       74.8417       56.9322    11293   23.93%
Elapsed time = 2.09 sec. (3194.37 ticks, tree = 0.02 MB, solutions = 6)
*    10+    4                           69.9016       56.9336            18.55%
    214    25       61.8500   136       69.9016       56.9336    34013   18.55%
    882   143       69.7941   130       69.9016       56.9336   104550   18.55%
   1700    15       66.8223   199       69.9016       57.0306   159942   18.41%
   1898    18       69.1344    36       69.9016       58.2140   195725   16.72%
   2020    26       69.8289   136       69.9016       58.2463   217550   16.67%
   2534   100       69.0979    74       69.9016       59.1941   284111   15.32%
   3305   117        cutoff             69.9016       60.7023   353073   13.16%
   4056   323        cutoff             69.9016       62.6769   424165   10.34%
   4396   534        cutoff             69.9016       64.4836   510297    7.75%

GUB cover cuts applied:  5
Clique cuts applied:  23
Cover cuts applied:  83
Implied bound cuts applied:  112
Mixed integer rounding cuts applied:  2
Zero-half cuts applied:  55
Gomory fractional cuts applied:  5

Root node processing (before b&c):
  Real time             =    2.02 sec. (3130.42 ticks)
Parallel b&c, 20 threads:
  Real time             =    2.66 sec. (2618.62 ticks)
  Sync time (average)   =    1.00 sec.
  Wait time (average)   =    0.00 sec.
                          ------------
Total (root+branch&cut) =    4.68 sec. (5749.04 ticks)
Feasible solution found!
Truck nodes:
Stage 1 at customer 0 with arrival time is: 0
Stage 1 at customer 0 with departure time is: 0
Stage 2 at customer 2 with arrival time is: 12.3922
Stage 2 at customer 2 with departure time is: 12.3922
Stage 3 at customer 7 with arrival time is: 18.8128
Stage 3 at customer 7 with departure time is: 18.8128
Stage 4 at customer 5 with arrival time is: 20.4274
Stage 4 at customer 5 with departure time is: 20.4274
Stage 5 at customer 10 with arrival time is: 31.918
Stage 5 at customer 10 with departure time is: 32.918
Stage 6 at customer 3 with arrival time is: 39.1466
Stage 6 at customer 3 with departure time is: 39.1466
Stage 7 at customer 4 with arrival time is: 45.8625
Stage 7 at customer 4 with departure time is: 45.8625
Stage 8 at customer 8 with arrival time is: 51.4046
Stage 8 at customer 8 with departure time is: 52.4046
Stage 9 at customer 1 with arrival time is: 55.3556
Stage 9 at customer 1 with departure time is: 55.3556
Stage 10 at customer 6 with arrival time is: 58.7746
Stage 10 at customer 6 with departure time is: 58.7746
Stage 11 at customer 11 with arrival time is: 69.9016
Stage 11 at customer 11 with departure time is: 69.9016
Truck arcs:
Arc 1 connecting 0 and 2 with cost 12.3922 
Arc 2 connecting 2 and 7 with cost 6.42059 
Arc 3 connecting 7 and 5 with cost 1.61466 
Arc 4 connecting 5 and 10 with cost 11.4906 
Arc 5 connecting 10 and 3 with cost 6.22861 
Arc 6 connecting 3 and 4 with cost 6.71587 
Arc 7 connecting 4 and 8 with cost 5.54215 
Arc 8 connecting 8 and 1 with cost 2.95098 
Arc 9 connecting 1 and 6 with cost 3.41898 
Arc 10 connecting 6 and 11 with cost 11.127 
Drone served customers
Drone flies from stage 5 to stage 8
Drone flies from stage 5 to stage 8 to serve customer 9
1
Customer 9 served by drone.
Y_val: 1
W_val: 1
Drone fly from 10 at stage 5 to serve 9 and then fly back to 8 at stage 8. 
Truck travel time from stage 5 to 8 is: 18.4866
Start arc cost: 11.0897, end arc cost: 4.53203. Total drone travel time: 15.6217
Drone arrival time: 48.5397
Truck arrival time: 51.4046
Truck departure time = max(d/a, t/a) plus (sl/sr): 52.4046
Done!
-------------------------Re-calculated objective-----------------------
69.9016
------------------------------------------------------------------------
Solve time: 4.685
OBJECTIVE VALUE: 69.9016, NUMBER OF SORTIES: 1.
In write mode
