Instance name: /home/cuong/CLionProjects/uMV-FSTSP/Murray_Chu_2015_test_data/FSTSP/FSTSP_10_customer_problems/20140810T123443v5
Write arg val: 1

drone speed: 0.4 miles/minute
uav non-eligible customer: 4 8 
Printing tau:
0 4.2001 12.6334 12.5505 10.8096 5.65042 5.64207 5.93982 1.11799 7.36834 3.00628 0 
4.2001 0 8.59672 16.5872 14.8463 1.92825 1.9199 7.49765 3.32128 11.405 7.04299 4.2001 
12.6334 8.59672 0 25.184 23.443 8.42508 9.39342 16.0944 11.7546 20.0018 15.6397 12.6334 
12.5505 16.5872 25.184 0 20.0769 16.7589 15.7905 15.6083 13.4294 5.1822 10.0243 12.5505 
10.8096 14.8463 23.443 20.0769 0 15.0179 14.0496 7.34864 11.6884 17.2947 10.5327 10.8096 
5.65042 1.92825 8.42508 16.7589 15.0179 0 0.968346 7.66929 5.01036 12.5367 7.21463 5.65042 
5.64207 1.9199 9.39342 15.7905 14.0496 0.968346 0 6.70095 5.00201 12.5283 6.24629 5.64207 
5.93982 7.49765 16.0944 15.6083 7.34864 7.66929 6.70095 0 5.29976 12.8261 6.06403 5.93982 
1.11799 3.32128 11.7546 13.4294 11.6884 5.01036 5.00201 5.29976 0 8.24716 3.8851 1.11799 
7.36834 11.405 20.0018 5.1822 17.2947 12.5367 12.5283 12.8261 8.24716 0 6.76206 7.36834 
3.00628 7.04299 15.6397 10.0243 10.5327 7.21463 6.24629 6.06403 3.8851 6.76206 0 3.00628 
0 0 0 0 0 0 0 0 0 0 0 0 
Printing tau_prime:
0 3.88262 8.96794 11.2026 10.6109 4.98184 4.60058 4.86105 0.768762 7.13138 2.12758 0 
3.88262 0 6.3521 15.0739 11.5134 1.36887 1.46982 5.52869 3.12023 11.0139 5.67443 3.88262 
8.96794 6.3521 0 19.3717 17.8316 6.76563 7.37314 11.8807 8.31856 15.2332 11.0936 8.96794 
11.2026 15.0739 19.3717 0 14.2498 16.055 15.5524 12.7718 11.9711 4.15908 9.54426 11.2026 
10.6109 11.5134 17.8316 14.2498 0 11.1395 10.4907 6.08158 10.7713 12.469 9.269 10.6109 
4.98184 1.36887 6.76563 16.055 11.1395 0 0.684749 5.42687 4.25379 12.0662 6.53442 4.98184 
4.60058 1.46982 7.37314 15.5524 10.4907 0.684749 0 4.74296 3.91122 11.6081 6.01108 4.60058 
4.86105 5.52869 11.8807 12.7718 6.08158 5.42687 4.74296 0 4.8436 9.48094 4.29995 4.86105 
0.768762 3.12023 8.31856 11.9711 10.7713 4.25379 3.91122 4.8436 0 7.89497 2.79983 0.768762 
7.13138 11.0139 15.2332 4.15908 12.469 12.0662 11.6081 9.48094 7.89497 0 5.69004 7.13138 
2.12758 5.67443 11.0936 9.54426 9.269 6.53442 6.01108 4.29995 2.79983 5.69004 0 2.12758 
0 0 0 0 0 0 0 0 0 0 0 0 
Warning:  Output names have been modified due to duplicate names or characters invalid in LP format.
Version identifier: 22.1.1.0 | 2022-11-28 | 9160aff4d
CPXPARAM_Emphasis_MIP                            2
CPXPARAM_MIP_Tolerances_Integrality              0
Tried aggregator 2 times.
MIP Presolve eliminated 760 rows and 1582 columns.
MIP Presolve modified 1775 coefficients.
Aggregator did 31 substitutions.
Reduced MIP has 1003 rows, 3163 columns, and 30524 nonzeros.
Reduced MIP has 3142 binaries, 0 generals, 0 SOSs, and 0 indicators.
Presolve time = 0.02 sec. (39.97 ticks)
Found incumbent of value 11586.624216 after 0.04 sec. (78.47 ticks)
Probing fixed 10 vars, tightened 0 bounds.
Probing time = 0.02 sec. (39.24 ticks)
Tried aggregator 2 times.
Detecting symmetries...
MIP Presolve eliminated 17 rows and 10 columns.
MIP Presolve modified 119 coefficients.
Aggregator did 2 substitutions.
Reduced MIP has 984 rows, 3151 columns, and 30365 nonzeros.
Reduced MIP has 3130 binaries, 0 generals, 0 SOSs, and 0 indicators.
Presolve time = 0.01 sec. (18.68 ticks)
Probing time = 0.00 sec. (6.53 ticks)
Clique table members: 15110.
MIP emphasis: optimality.
MIP search method: dynamic search.
Parallel mode: deterministic, using up to 20 threads.
Root relaxation solution time = 0.07 sec. (159.69 ticks)

        Nodes                                         Cuts/
   Node  Left     Objective  IInf  Best Integer    Best Bound    ItCnt     Gap

*     0+    0                        11586.6242        1.1180            99.99%
      0     0       36.0922   200    11586.6242       36.0922       25   99.69%
*     0+    0                           70.7623       36.0922            49.00%
      0     0       37.9660   199       70.7623      Cuts: 57     1649   46.35%
*     0+    0                           70.3656       37.9660            46.04%
      0     0       38.8771   194       70.3656      Cuts: 24     2227   44.75%
      0     0       39.2369   258       70.3656      Cuts: 20     3315   44.24%
*     0+    0                           69.7705       39.2369            43.76%
*     0+    0                           68.1597       39.2369            42.43%
      0     0       39.5534   264       68.1597      Cuts: 24     4055   41.97%
      0     0       40.0912   229       68.1597      Cuts: 13     4606   41.18%
Detecting symmetries...
*     0+    0                           66.8765       40.0912            40.05%
      0     0       40.5400   205       66.8765      Cuts: 25     5138   37.85%
*     0+    0                           66.7790       41.5620            37.76%
      0     0       42.6717   216       66.7790      Cuts: 23     7278   35.54%
      0     0       43.0156   248       66.7790      Cuts: 18     8696   35.54%
      0     0       43.3137   278       66.7790      Cuts: 13     9266   35.14%
*     0+    0                           66.3420       43.3137            34.71%
      0     0  -1.00000e+75     0       66.3420       43.3137     9266   34.71%
      0     0       43.5049   261       66.3420      Cuts: 13     9866   34.42%
      0     0       43.7536   266       66.3420      Cuts: 11    10697   34.05%
      0     0       43.7741   274       66.3420       Cuts: 9    11417   34.02%
      0     0       43.9454   285       66.3420       Cuts: 4    11898   33.76%
      0     0       44.3403   219       66.3420       Cuts: 9    13257   33.16%
      0     0       44.5873   215       66.3420      Cuts: 18    14512   32.79%
      0     0       44.8338   228       66.3420      Cuts: 13    15452   32.42%
      0     0       44.9835   195       66.3420      Cuts: 15    16932   32.19%
      0     0       45.1219   258       66.3420      Cuts: 14    17691   31.99%
      0     0       45.2236   184       66.3420       Cuts: 9    17928   31.83%
      0     0       45.2926   304       66.3420      Cuts: 12    19644   31.73%
      0     0       45.3065   347       66.3420       Cuts: 5    20347   31.71%
      0     0       45.3277   266       66.3420       Cuts: 5    20475   31.68%
      0     0       45.3277   241       66.3420       Cuts: 4    20563   31.68%
      0     0       45.3277   243       66.3420       Cuts: 3    20667   31.68%
*     0+    0                           65.3558       45.3277            30.64%
Detecting symmetries...
      0     2       45.3277   214       65.3558       45.3277    20671   30.64%
Elapsed time = 3.89 sec. (6049.67 ticks, tree = 0.02 MB, solutions = 9)
      4     4       46.4343   202       65.3558       45.3388    22527   30.63%
*   384+   16                           59.5287       45.4654            23.62%
    439   171        cutoff             59.5287       45.4654    60664   23.62%
   1024   348        cutoff             59.5287       45.6373   101425   23.34%
   1170   527       51.5512   110       59.5287       45.6373   139596   23.34%
   1235   538       52.4944   146       59.5287       45.6373   150210   23.34%
   1477   676       54.4097    31       59.5287       45.6373   189845   23.34%
*  1655+  758                           59.1679       45.6373            22.87%
   1844   799       50.2761    64       59.1679       45.6373   222954   22.87%
*  1876+  798                           58.7121       45.6373            22.27%
   2120  1029       53.7298   118       58.7121       45.6373   265691   22.27%
   2325  1186        cutoff             58.7121       47.1635   318868   19.67%
   3137  1886       57.0178    10       58.7121       47.7388   517731   18.69%
Elapsed time = 7.00 sec. (9198.12 ticks, tree = 14.41 MB, solutions = 12)
   3844  2309       58.0362    27       58.7121       47.7388   627087   18.69%

Performing restart 1

Repeating presolve.
Tried aggregator 2 times.
MIP Presolve eliminated 35 rows and 227 columns.
MIP Presolve modified 11092 coefficients.
Aggregator did 4 substitutions.
Reduced MIP has 945 rows, 2920 columns, and 22728 nonzeros.
Reduced MIP has 2899 binaries, 0 generals, 0 SOSs, and 0 indicators.
Presolve time = 0.02 sec. (28.30 ticks)
Tried aggregator 1 time.
MIP Presolve eliminated 0 rows and 2 columns.
Reduced MIP has 945 rows, 2918 columns, and 22714 nonzeros.
Reduced MIP has 2897 binaries, 0 generals, 0 SOSs, and 0 indicators.
Presolve time = 0.01 sec. (13.29 ticks)
Represolve time = 0.10 sec. (155.91 ticks)
   4749     0       45.3466   273       58.7121      Cuts: 27   805239   16.35%
   4749     0       45.3468   243       58.7121      Cuts: 22   805324   16.35%
   4749     0       45.3487   289       58.7121      Cuts: 24   805952   16.35%
   4749     0       45.4952   230       58.7121       Cuts: 5   806179   16.35%
   4749     0       45.5530   307       58.7121      Cuts: 30   807508   16.35%
   4749     0       45.5775   242       58.7121      Cuts: 10   808372   16.35%
   4749     0       45.6434   270       58.7121      Cuts: 24   810136   16.35%
   4749     0       45.6982   331       58.7121      Cuts: 19   811739   16.35%
   4749     2       45.6982   288       58.7121       49.1125   811739   16.35%
   4750     3       45.7576   246       58.7121       49.1125   813151   16.35%
   4759     5        cutoff             58.7121       49.1125   819556   16.35%
   5412    35       55.6386    31       58.7121       49.1125   848888   16.35%
   6793   399        cutoff             58.7121       49.1125   913492   16.35%
   9156  1339        cutoff             58.7121       49.1125  1017513   16.35%
  10873  2079       56.7866    46       58.7121       49.1125  1120167   16.35%
  12274  2809       54.8943    59       58.7121       49.1125  1228164   16.35%
* 12956+ 3114                           58.7121       49.1125            16.35%
  13668  3532       53.4765   102       58.7121       49.1125  1349891   16.35%
Elapsed time = 20.54 sec. (26618.73 ticks, tree = 28.84 MB, solutions = 12)
  15065  4432        cutoff             58.7121       49.1125  1494504   16.35%
  17107  5395       57.2871    70       58.7121       49.1125  1620986   16.35%
  17944  6026       52.1709   190       58.7121       49.1125  1756744   16.35%
  18639  6649       54.4069   111       58.7121       49.1125  1897271   16.35%
  19891  7278       51.5860   157       58.7121       49.1125  2032009   16.35%
  20652  7788        cutoff             58.7121       49.1125  2141148   16.35%
  22298  8704        cutoff             58.7121       49.1125  2291931   16.35%
  22487  9344       58.3873   206       58.7121       49.1125  2414386   16.35%
  24047 10077       53.0666    40       58.7121       49.1125  2559599   16.35%
  24884 10783       50.7475   132       58.7121       49.1125  2697186   16.35%
Elapsed time = 30.82 sec. (36169.87 ticks, tree = 98.51 MB, solutions = 12)
  25943 11151       54.8920   101       58.7121       49.4834  2802401   15.72%
  26990 11673       57.2376   126       58.7121       50.0216  2905867   14.80%
  27483 12388       56.6039   131       58.7121       50.0389  3048502   14.77%
  29262 12519       55.5353    45       58.7121       50.1601  3096856   14.57%
  30539 13624       58.0134    46       58.7121       51.6900  3328987   11.96%
  30834 13982       58.4712    38       58.7121       51.8802  3424357   11.64%
  33208 14390       53.2582    90       58.7121       52.1184  3501645   11.23%
  34639 15640       54.0539    29       58.7121       52.2441  3752634   11.02%
  35164 15706       54.3123    36       58.7121       52.4485  3787001   10.67%
  37814 16617       58.5838   156       58.7121       52.6336  3951206   10.35%
Elapsed time = 40.91 sec. (45715.09 ticks, tree = 146.36 MB, solutions = 12)
  39432 17017        cutoff             58.7121       52.8523  4039234    9.98%
  39833 17532        cutoff             58.7121       52.9874  4152727    9.75%
  42026 17629        cutoff             58.7121       53.1005  4212301    9.56%
  43887 18305        cutoff             58.7121       53.2040  4356717    9.38%
  44270 19046        cutoff             58.7121       53.2622  4531959    9.28%
  45443 19039       56.1534   189       58.7121       53.4912  4545985    8.89%
  48017 19453       55.6150   113       58.7121       53.6353  4721690    8.65%
  49072 19639       56.0525    13       58.7121       53.6784  4790643    8.57%

Performing restart 2

Repeating presolve.
Tried aggregator 2 times.
MIP Presolve eliminated 2 rows and 82 columns.
MIP Presolve modified 21 coefficients.
Aggregator did 3 substitutions.
Reduced MIP has 940 rows, 2833 columns, and 23292 nonzeros.
Reduced MIP has 2812 binaries, 0 generals, 0 SOSs, and 0 indicators.
Presolve time = 0.01 sec. (17.34 ticks)
Tried aggregator 1 time.
Reduced MIP has 940 rows, 2833 columns, and 23292 nonzeros.
Reduced MIP has 2812 binaries, 0 generals, 0 SOSs, and 0 indicators.
Presolve time = 0.01 sec. (13.35 ticks)
Represolve time = 0.18 sec. (215.95 ticks)
  49143     0       45.7453   355       58.7121      Cuts: 13  4922444    8.36%
  49143     0       45.7519   332       58.7121      Cuts: 29  4923238    8.36%
  49143     0       45.7519   361       58.7121  LiftProj: 26  4923897    8.36%
  49143     0       45.7710   274       58.7121       Cuts: 5  4924361    8.36%
  49143     0       45.7734   328       58.7121      Cuts: 25  4925036    8.36%
  49143     0       45.7756   306       58.7121   ZeroHalf: 2  4926849    8.36%
  49143     0       45.7934   353       58.7121      Cuts: 49  4928729    8.36%
  49143     0       45.7934   324       58.7121   LiftProj: 4  4929220    8.36%
  49143     0       45.7934   343       58.7121  LiftProj: 28  4929495    8.36%
  49143     0       45.8209   339       58.7121   ZeroHalf: 1  4931488    8.36%
  49143     2       45.8209   301       58.7121       53.8037  4931488    8.36%
  49152     3       58.4529     6       58.7121       53.8037  4933829    8.36%
Elapsed time = 65.28 sec. (92511.31 ticks, tree = 0.02 MB, solutions = 12)
  49164     4       57.4529     9       58.7121       53.8037  4935545    8.36%
  49181     4       57.4529     8       58.7121       53.8037  4939268    8.36%
  49193     3        cutoff             58.7121       53.8037  4944423    8.36%
  49201     5       54.1436   152       58.7121       53.8037  4945545    8.36%
  49210     4       55.5468   252       58.7121       53.8037  4954380    8.36%
  49247     9        cutoff             58.7121       53.8037  4965024    8.36%
  49282    10       46.2570   324       58.7121       53.8037  4970691    8.36%
  49382     8        cutoff             58.7121       53.8037  4986662    8.36%
  49515    13       57.4529     9       58.7121       53.8037  5002568    8.36%
  49699    16       57.0767    79       58.7121       53.8037  5024278    8.36%
Elapsed time = 70.72 sec. (102690.00 ticks, tree = 0.02 MB, solutions = 12)
  50016    49       52.1663    51       58.7121       53.8037  5062899    8.36%
  50493   185       52.1616    12       58.7121       53.8037  5108100    8.36%
  51026   368       50.8163   138       58.7121       53.8037  5179929    8.36%
  51542   581       51.8332    66       58.7121       53.8037  5258381    8.36%
  52134   695       58.5570    72       58.7121       53.8037  5291726    8.36%
  52730  1041       56.7130    82       58.7121       53.8037  5391675    8.36%
  53231  1264       55.5638   151       58.7121       53.8037  5473282    8.36%
  53659  1433       53.2856   103       58.7121       53.8037  5543388    8.36%
  54162  1628       54.9373    38       58.7121       53.8037  5632743    8.36%
  54751  1798       51.3758   134       58.7121       53.8037  5693960    8.36%
Elapsed time = 80.03 sec. (112255.10 ticks, tree = 2.37 MB, solutions = 12)
  55507  2179       53.6258    15       58.7121       53.8037  5848656    8.36%
  56199  2389       55.3844    69       58.7121       53.8037  5927150    8.36%
  57001  2612       55.6890    38       58.7121       53.8037  6024660    8.36%
  57650  3000       53.0656   114       58.7121       53.8037  6145825    8.36%
  57967  3167       50.8798   121       58.7121       53.8037  6219689    8.36%
  58546  3327       57.8669    49       58.7121       53.8037  6295216    8.36%
  59366  3497        cutoff             58.7121       53.8037  6365077    8.36%
  60222  3694       54.2589    89       58.7121       53.8037  6469720    8.36%
  61067  4303       56.7087    58       58.7121       53.8037  6648010    8.36%
  61994  4660        cutoff             58.7121       53.8037  6759417    8.36%
Elapsed time = 88.93 sec. (121802.13 ticks, tree = 7.52 MB, solutions = 12)
  62891  4752       55.1251    42       58.7121       53.8037  6803672    8.36%
  63820  5214        cutoff             58.7121       53.8037  6957883    8.36%
  64814  5481        cutoff             58.7121       53.8037  7052541    8.36%
  65878  5803        cutoff             58.7121       53.8037  7156097    8.36%
  66945  6064        cutoff             58.7121       53.8037  7264113    8.36%
  68064  6211       54.6165     7       58.7121       53.8037  7341369    8.36%
  69175  6409       54.0903    47       58.7121       53.8037  7467645    8.36%
  69834  6476        cutoff             58.7121       53.9772  7564265    8.06%
  70696  6543        cutoff             58.7121       54.0998  7640220    7.86%
  71940  6567       54.8570    21       58.7121       54.2175  7719484    7.66%
Elapsed time = 98.14 sec. (131343.76 ticks, tree = 24.35 MB, solutions = 12)
  73077  6784       54.9816    91       58.7121       54.4087  7800665    7.33%
  74184  6785        cutoff             58.7121       54.4380  7888742    7.28%
  74744  6872       55.1462    73       58.7121       54.5377  7961039    7.11%
  75446  6968       54.9146    44       58.7121       54.7250  8050857    6.79%
  76680  7018        cutoff             58.7121       54.9146  8136226    6.47%
  77753  7048       57.0697    96       58.7121       54.9700  8235842    6.37%
  78897  7081        cutoff             58.7121       55.0610  8314684    6.22%
  80200  7132       55.5714    24       58.7121       55.1274  8336896    6.11%
  81456  7213       55.8697    79       58.7121       55.3375  8459898    5.75%
  86390  7343       56.2352    40       58.7121       55.8170  8882580    4.93%
Elapsed time = 109.78 sec. (143750.07 ticks, tree = 34.01 MB, solutions = 12)
  92180  7039       56.7402    25       58.7121       56.3959  9185748    3.95%
  98922  5887       57.3740    98       58.7121       57.0597  9569513    2.81%
 107308  3108        cutoff             58.7121       57.7937  9927775    1.56%

GUB cover cuts applied:  2
Clique cuts applied:  28
Cover cuts applied:  9
Implied bound cuts applied:  15
Mixed integer rounding cuts applied:  4
Zero-half cuts applied:  66
Lift and project cuts applied:  5
Gomory fractional cuts applied:  3

Root node processing (before b&c):
  Real time             =    3.82 sec. (5918.16 ticks)
Parallel b&c, 20 threads:
  Real time             =  119.90 sec. (151155.11 ticks)
  Sync time (average)   =   36.18 sec.
  Wait time (average)   =    0.04 sec.
                          ------------
Total (root+branch&cut) =  123.72 sec. (157073.27 ticks)
Feasible solution found!
Truck nodes:
Stage 1 at customer 0 with arrival time is: 0
Stage 1 at customer 0 with departure time is: 0
Stage 2 at customer 5 with arrival time is: 5.65042
Stage 2 at customer 5 with departure time is: 8.43633
Stage 3 at customer 1 with arrival time is: 10.3646
Stage 3 at customer 1 with departure time is: 10.3646
Stage 4 at customer 6 with arrival time is: 12.2845
Stage 4 at customer 6 with departure time is: 12.2845
Stage 5 at customer 8 with arrival time is: 17.2865
Stage 5 at customer 8 with departure time is: 18.2865
Stage 6 at customer 7 with arrival time is: 23.5863
Stage 6 at customer 7 with departure time is: 23.5863
Stage 7 at customer 4 with arrival time is: 30.9349
Stage 7 at customer 4 with departure time is: 31.9349
Stage 8 at customer 10 with arrival time is: 42.4676
Stage 8 at customer 10 with departure time is: 42.4676
Stage 9 at customer 9 with arrival time is: 49.2296
Stage 9 at customer 9 with departure time is: 51.3438
Stage 10 at customer 11 with arrival time is: 58.7121
Stage 10 at customer 11 with departure time is: 58.7121
Truck arcs:
Arc 1 connecting 0 and 5 with cost 5.65042 
Arc 2 connecting 5 and 1 with cost 1.92825 
Arc 3 connecting 1 and 6 with cost 1.9199 
Arc 4 connecting 6 and 8 with cost 5.00201 
Arc 5 connecting 8 and 7 with cost 5.29976 
Arc 6 connecting 7 and 4 with cost 7.34864 
Arc 7 connecting 4 and 10 with cost 10.5327 
Arc 8 connecting 10 and 9 with cost 6.76206 
Arc 9 connecting 9 and 11 with cost 7.36834 
Drone served customers
Drone flies from stage 1 to stage 5
Drone flies from stage 7 to stage 9
Drone flies from stage 1 to stage 5 to serve customer 2
Drone flies from stage 7 to stage 9 to serve customer 3
1
Customer 2 served by drone.
Y_val: 1
W_val: 1
Drone fly from 0 at stage 1 to serve 2 and then fly back to 8 at stage 5. 
Truck travel time from stage 1 to 5 is: 14.5006
Start arc cost: 8.96794, end arc cost: 8.31856. Total drone travel time: 17.2865
Drone arrival time: 17.2865
Truck arrival time: 17.2865
Truck departure time = max(d/a, t/a) plus (sl/sr): 18.2865
1
Customer 3 served by drone.
Y_val: 1
W_val: 1
Drone fly from 4 at stage 7 to serve 3 and then fly back to 9 at stage 9. 
Truck travel time from stage 7 to 9 is: 17.2947
Start arc cost: 14.2498, end arc cost: 4.15908. Total drone travel time: 18.4089
Drone arrival time: 50.3438
Truck arrival time: 49.2296
Truck departure time = max(d/a, t/a) plus (sl/sr): 51.3438
Done!
-------------------------Re-calculated objective-----------------------
58.7121
------------------------------------------------------------------------
Solve time: 123.73
OBJECTIVE VALUE: 58.7121, NUMBER OF SORTIES: 2.
In write mode
