Instance name: /home/cuong/CLionProjects/uMV-FSTSP/Murray_Chu_2015_test_data/FSTSP/FSTSP_10_customer_problems/20140810T123440v11
Write arg val: 1

drone speed: 0.6 miles/minute
uav non-eligible customer: 4 5 
Printing tau:
0 6.70596 5.99218 19.8811 13.1652 11.7619 4.72699 12.4128 7.62306 8.49346 13.6525 0 
6.70596 0 7.41815 13.1751 7.41924 8.38408 3.41898 9.99874 2.95098 5.14749 6.9465 6.70596 
5.99218 7.41815 0 14.3533 14.8374 5.76971 3.99917 6.42059 10.3691 12.5656 10.5246 5.99218 
19.8811 13.1751 14.3533 0 6.71587 15.3192 15.1541 16.9338 12.258 15.4145 6.22861 19.8811 
13.1652 7.41924 14.8374 6.71587 0 15.8033 10.8382 17.418 5.54215 8.69866 4.31275 13.1652 
11.7619 8.38408 5.76971 15.3192 15.8033 0 7.0349 1.61466 11.3351 13.5316 11.4906 11.7619 
4.72699 3.41898 3.99917 15.1541 10.8382 7.0349 0 7.68579 6.36995 8.56647 8.92548 4.72699 
12.4128 9.99874 6.42059 16.9338 17.418 1.61466 7.68579 0 12.9497 15.1462 13.1052 12.4128 
7.62306 2.95098 10.3691 12.258 5.54215 11.3351 6.36995 12.9497 0 3.15652 6.0294 7.62306 
8.49346 5.14749 12.5656 15.4145 8.69866 13.5316 8.56647 15.1462 3.15652 0 9.18592 8.49346 
13.6525 6.9465 10.5246 6.22861 4.31275 11.4906 8.92548 13.1052 6.0294 9.18592 0 13.6525 
0 0 0 0 0 0 0 0 0 0 0 0 
Printing tau_prime:
0 3.78522 3.65924 11.3047 8.58945 6.4627 2.38777 7.11309 4.99394 4.84686 7.62689 0 
3.78522 0 3.76404 7.52003 4.96845 4.94498 1.99526 5.81479 1.56079 2.83526 3.84337 3.78522 
3.65924 3.76404 0 10.0878 8.32381 2.9547 2.11856 3.49502 5.30158 6.39321 6.57469 3.65924 
11.3047 7.52003 10.0878 0 3.40083 8.7569 9.26995 9.34774 6.51004 7.83769 3.69272 11.3047 
8.58945 4.96845 8.32381 3.40083 0 8.01329 6.9376 8.80561 3.59566 4.54085 2.19212 8.58945 
6.4627 4.94498 2.9547 8.7569 8.01329 0 4.349 0.879294 6.09477 7.76448 5.88165 6.4627 
2.38777 1.99526 2.11856 9.26995 6.9376 4.349 0 5.11013 3.53422 4.32872 5.58437 2.38777 
7.11309 5.81479 3.49502 9.34774 8.80561 0.879294 5.11013 0 6.97365 8.63888 6.64869 7.11309 
4.99394 1.56079 5.30158 6.51004 3.59566 6.09477 3.53422 6.97365 0 1.9423 3.04632 4.99394 
4.84686 2.83526 6.39321 7.83769 4.54085 7.76448 4.32872 8.63888 1.9423 0 4.75273 4.84686 
7.62689 3.84337 6.57469 3.69272 2.19212 5.88165 5.58437 6.64869 3.04632 4.75273 0 7.62689 
0 0 0 0 0 0 0 0 0 0 0 0 
Warning:  Output names have been modified due to duplicate names or characters invalid in LP format.
Version identifier: 22.1.1.0 | 2022-11-28 | 9160aff4d
CPXPARAM_Emphasis_MIP                            2
CPXPARAM_MIP_Tolerances_Integrality              0
Tried aggregator 2 times.
MIP Presolve eliminated 717 rows and 1468 columns.
MIP Presolve modified 2522 coefficients.
Aggregator did 24 substitutions.
Reduced MIP has 1005 rows, 3284 columns, and 30992 nonzeros.
Reduced MIP has 3263 binaries, 0 generals, 0 SOSs, and 0 indicators.
Presolve time = 0.02 sec. (50.38 ticks)
Found incumbent of value 9281.248980 after 0.04 sec. (81.26 ticks)
Probing fixed 12 vars, tightened 0 bounds.
Probing time = 0.02 sec. (55.68 ticks)
Tried aggregator 2 times.
Detecting symmetries...
MIP Presolve eliminated 18 rows and 12 columns.
MIP Presolve modified 120 coefficients.
Aggregator did 2 substitutions.
Reduced MIP has 985 rows, 3270 columns, and 30880 nonzeros.
Reduced MIP has 3249 binaries, 0 generals, 0 SOSs, and 0 indicators.
Presolve time = 0.01 sec. (21.57 ticks)
Probing time = 0.01 sec. (6.64 ticks)
Clique table members: 15326.
MIP emphasis: optimality.
MIP search method: dynamic search.
Parallel mode: deterministic, using up to 20 threads.
Root relaxation solution time = 0.07 sec. (164.51 ticks)

        Nodes                                         Cuts/
   Node  Left     Objective  IInf  Best Integer    Best Bound    ItCnt     Gap

*     0+    0                         9281.2490        4.7270            99.95%
      0     0       37.4516    98     9281.2490       37.4516       21   99.60%
*     0+    0                           64.7440       37.4516            42.15%
      0     0       40.3284    70       64.7440      Cuts: 25     1586   37.71%
      0     0       40.9430    60       64.7440      Cuts: 26     1836   36.76%
      0     0       40.9430    61       64.7440   ZeroHalf: 5     1866   36.76%
*     0+    0                           64.6079       40.9430            36.63%
*     0+    0                           57.8374       40.9430            29.21%
*     0+    0                           55.0470       40.9430            25.62%
*     0+    0                           54.6992       40.9430            25.15%
      0     0  -1.00000e+75     0       54.6992       40.9430     1866   25.15%
      0     0       40.9430    61       54.6992   ZeroHalf: 5     1870   25.15%
*     0+    0                           49.7304       40.9430            17.67%
Detecting symmetries...
      0     2       40.9430    60       49.7304       40.9430     1870   17.67%
Elapsed time = 0.84 sec. (1186.21 ticks, tree = 0.02 MB, solutions = 7)
     69     8       47.5746    86       49.7304       41.2049    12296   17.14%
    157     4       42.3271   154       49.7304       42.2308    30840   15.08%
    186    11        cutoff             49.7304       42.5643    40228   14.41%
*   214    16      integral     0       49.4698       42.7752    41914   13.53%
    324     8       49.2043    35       49.4698       44.5048    55879   10.04%
*   351     6      integral     0       49.2043       45.1879    55921    8.16%

Clique cuts applied:  1
Cover cuts applied:  2
Implied bound cuts applied:  23
Zero-half cuts applied:  16
Gomory fractional cuts applied:  4

Root node processing (before b&c):
  Real time             =    0.75 sec. (1168.62 ticks)
Parallel b&c, 20 threads:
  Real time             =    1.17 sec. (1195.05 ticks)
  Sync time (average)   =    0.92 sec.
  Wait time (average)   =    0.00 sec.
                          ------------
Total (root+branch&cut) =    1.92 sec. (2363.67 ticks)
Feasible solution found!
Truck nodes:
Stage 1 at customer 0 with arrival time is: 0
Stage 1 at customer 0 with departure time is: 0
Stage 2 at customer 6 with arrival time is: 4.72699
Stage 2 at customer 6 with departure time is: 4.72699
Stage 3 at customer 1 with arrival time is: 8.14596
Stage 3 at customer 1 with departure time is: 10.146
Stage 4 at customer 8 with arrival time is: 13.0969
Stage 4 at customer 8 with departure time is: 13.0969
Stage 5 at customer 4 with arrival time is: 18.6391
Stage 5 at customer 4 with departure time is: 18.6391
Stage 6 at customer 10 with arrival time is: 22.9518
Stage 6 at customer 10 with departure time is: 24.9518
Stage 7 at customer 5 with arrival time is: 36.4424
Stage 7 at customer 5 with departure time is: 37.4424
Stage 8 at customer 2 with arrival time is: 43.2121
Stage 8 at customer 2 with departure time is: 43.2121
Stage 9 at customer 11 with arrival time is: 49.2043
Stage 9 at customer 11 with departure time is: 49.2043
Truck arcs:
Arc 1 connecting 0 and 6 with cost 4.72699 
Arc 2 connecting 6 and 1 with cost 3.41898 
Arc 3 connecting 1 and 8 with cost 2.95098 
Arc 4 connecting 8 and 4 with cost 5.54215 
Arc 5 connecting 4 and 10 with cost 4.31275 
Arc 6 connecting 10 and 5 with cost 11.4906 
Arc 7 connecting 5 and 2 with cost 5.76971 
Arc 8 connecting 2 and 11 with cost 5.99218 
Drone served customers
Drone flies from stage 1 to stage 3
Drone flies from stage 3 to stage 6
Drone flies from stage 6 to stage 7
Drone flies from stage 3 to stage 6 to serve customer 3
Drone flies from stage 6 to stage 7 to serve customer 7
Drone flies from stage 1 to stage 3 to serve customer 9
1
Customer 3 served by drone.
Y_val: 1
W_val: 1
Drone fly from 1 at stage 3 to serve 3 and then fly back to 10 at stage 6. 
Truck travel time from stage 3 to 6 is: 12.8059
Start arc cost: 7.52003, end arc cost: 3.69272. Total drone travel time: 11.2128
Drone arrival time: 21.3587
Truck arrival time: 22.9518
Truck departure time = max(d/a, t/a) plus (sl/sr): 24.9518
1
Customer 7 served by drone.
Y_val: 1
W_val: 1
Drone fly from 10 at stage 6 to serve 7 and then fly back to 5 at stage 7. 
Truck travel time from stage 6 to 7 is: 11.4906
Start arc cost: 6.64869, end arc cost: 0.879294. Total drone travel time: 7.52799
Drone arrival time: 32.4798
Truck arrival time: 36.4424
Truck departure time = max(d/a, t/a) plus (sl/sr): 37.4424
1
Customer 9 served by drone.
Y_val: 1
W_val: 1
Drone fly from 0 at stage 1 to serve 9 and then fly back to 1 at stage 3. 
Truck travel time from stage 1 to 3 is: 8.14596
Start arc cost: 4.84686, end arc cost: 2.83526. Total drone travel time: 7.68212
Drone arrival time: 7.68212
Truck arrival time: 8.14596
Truck departure time = max(d/a, t/a) plus (sl/sr): 10.146
Done!
-------------------------Re-calculated objective-----------------------
49.2043
------------------------------------------------------------------------
Solve time: 1.927
OBJECTIVE VALUE: 49.2043, NUMBER OF SORTIES: 3.
In write mode
