Instance name: /home/cuong/CLionProjects/uMV-FSTSP/Murray_Chu_2015_test_data/FSTSP/FSTSP_10_customer_problems/20140810T123443v1
Write arg val: 1

drone speed: 0.2 miles/minute
uav non-eligible customer: 4 8 
Printing tau:
0 4.2001 12.6334 12.5505 10.8096 5.65042 5.64207 5.93982 1.11799 7.36834 3.00628 0 
4.2001 0 8.59672 16.5872 14.8463 1.92825 1.9199 7.49765 3.32128 11.405 7.04299 4.2001 
12.6334 8.59672 0 25.184 23.443 8.42508 9.39342 16.0944 11.7546 20.0018 15.6397 12.6334 
12.5505 16.5872 25.184 0 20.0769 16.7589 15.7905 15.6083 13.4294 5.1822 10.0243 12.5505 
10.8096 14.8463 23.443 20.0769 0 15.0179 14.0496 7.34864 11.6884 17.2947 10.5327 10.8096 
5.65042 1.92825 8.42508 16.7589 15.0179 0 0.968346 7.66929 5.01036 12.5367 7.21463 5.65042 
5.64207 1.9199 9.39342 15.7905 14.0496 0.968346 0 6.70095 5.00201 12.5283 6.24629 5.64207 
5.93982 7.49765 16.0944 15.6083 7.34864 7.66929 6.70095 0 5.29976 12.8261 6.06403 5.93982 
1.11799 3.32128 11.7546 13.4294 11.6884 5.01036 5.00201 5.29976 0 8.24716 3.8851 1.11799 
7.36834 11.405 20.0018 5.1822 17.2947 12.5367 12.5283 12.8261 8.24716 0 6.76206 7.36834 
3.00628 7.04299 15.6397 10.0243 10.5327 7.21463 6.24629 6.06403 3.8851 6.76206 0 3.00628 
0 0 0 0 0 0 0 0 0 0 0 0 
Printing tau_prime:
0 6.47104 14.9466 18.671 17.6849 8.30306 7.66763 8.10175 1.28127 11.8856 3.54596 0 
6.47104 0 10.5868 25.1232 19.1891 2.28145 2.44971 9.21448 5.20038 18.3566 9.45738 6.47104 
14.9466 10.5868 0 32.2862 29.7194 11.276 12.2886 19.8012 13.8643 25.3886 18.4894 14.9466 
18.671 25.1232 32.2862 0 23.7497 26.7584 25.9207 21.2864 19.9518 6.93179 15.9071 18.671 
17.6849 19.1891 29.7194 23.7497 0 18.5658 17.4845 10.136 17.9521 20.7816 15.4483 17.6849 
8.30306 2.28145 11.276 26.7584 18.5658 0 1.14125 9.04478 7.08965 20.1104 10.8907 8.30306 
7.66763 2.44971 12.2886 25.9207 17.4845 1.14125 0 7.90494 6.51871 19.3468 10.0185 7.66763 
8.10175 9.21448 19.8012 21.2864 10.136 9.04478 7.90494 0 8.07267 15.8016 7.16659 8.10175 
1.28127 5.20038 13.8643 19.9518 17.9521 7.08965 6.51871 8.07267 0 13.1583 4.66638 1.28127 
11.8856 18.3566 25.3886 6.93179 20.7816 20.1104 19.3468 15.8016 13.1583 0 9.48339 11.8856 
3.54596 9.45738 18.4894 15.9071 15.4483 10.8907 10.0185 7.16659 4.66638 9.48339 0 3.54596 
0 0 0 0 0 0 0 0 0 0 0 0 
Warning:  Output names have been modified due to duplicate names or characters invalid in LP format.
Version identifier: 22.1.1.0 | 2022-11-28 | 9160aff4d
CPXPARAM_Emphasis_MIP                            2
CPXPARAM_MIP_Tolerances_Integrality              0
Tried aggregator 2 times.
MIP Presolve eliminated 1419 rows and 2242 columns.
MIP Presolve modified 1373 coefficients.
Aggregator did 36 substitutions.
Reduced MIP has 963 rows, 2498 columns, and 21373 nonzeros.
Reduced MIP has 2477 binaries, 0 generals, 0 SOSs, and 0 indicators.
Presolve time = 0.02 sec. (34.96 ticks)
Probing fixed 113 vars, tightened 0 bounds.
Probing changed sense of 4 constraints.
Probing time = 0.04 sec. (72.31 ticks)
Tried aggregator 2 times.
Detecting symmetries...
MIP Presolve eliminated 33 rows and 114 columns.
MIP Presolve modified 132 coefficients.
Aggregator did 3 substitutions.
Reduced MIP has 927 rows, 2381 columns, and 19677 nonzeros.
Reduced MIP has 2360 binaries, 0 generals, 0 SOSs, and 0 indicators.
Presolve time = 0.02 sec. (25.31 ticks)
Probing time = 0.01 sec. (6.24 ticks)
Clique table members: 9683.
MIP emphasis: optimality.
MIP search method: dynamic search.
Parallel mode: deterministic, using up to 20 threads.
Root relaxation solution time = 0.10 sec. (141.18 ticks)

        Nodes                                         Cuts/
   Node  Left     Objective  IInf  Best Integer    Best Bound    ItCnt     Gap

      0     0       51.1266   163                     51.1266       19         
*     0+    0                           84.4008       51.1266            39.42%
      0     0       57.8703   138       84.4008      Cuts: 34      649   31.43%
      0     0       58.5750   155       84.4008      Cuts: 10      796   30.60%
*     0+    0                           73.2641       58.5750            20.05%
      0     0       58.9349   162       73.2641      Cuts: 12     1340   19.56%
*     0+    0                           73.1505       58.9349            19.43%
      0     0       59.1810   197       73.1505      Cuts: 12     1602   19.10%
      0     0       59.4889   169       73.1505      Cuts: 17     1744   18.68%
Detecting symmetries...
      0     0       59.5238   200       73.1505       Cuts: 4     1801   18.63%
      0     0       59.6167   205       73.1505       Cuts: 4     1839   18.50%
      0     0       59.6310   213       73.1505       Cuts: 4     1954   18.48%
      0     0       59.6533   200       73.1505       Cuts: 6     2032   18.45%
      0     0       59.6794   223       73.1505       Cuts: 4     2083   18.42%
      0     0       59.7098   222       73.1505       Cuts: 4     2132   18.37%
      0     0       59.8941   209       73.1505       Cuts: 5     2258   18.12%
      0     0       59.9264   218       73.1505   ZeroHalf: 3     2405   18.08%
      0     0       59.9379   222       73.1505   ZeroHalf: 1     2443   18.06%
      0     0       60.0315   212       73.1505       Cuts: 2     2495   17.93%
*     0+    0                           72.5065       60.0315            17.21%
Detecting symmetries...
      0     2       60.0315   212       72.5065       60.1336     2495   17.06%
Elapsed time = 1.11 sec. (1448.12 ticks, tree = 0.02 MB, solutions = 4)
*     3+    2                           71.5065       60.1336            15.90%
*     5+    2                           69.5865       60.1336            13.58%
    206    16       67.0619   116       69.5865       60.1336    19377   13.58%
    368    22       67.4998    88       69.5865       60.4521    51727   13.13%
    882    35        cutoff             69.5865       65.0584    95863    6.51%

GUB cover cuts applied:  3
Clique cuts applied:  3
Cover cuts applied:  7
Implied bound cuts applied:  64
Zero-half cuts applied:  40
Lift and project cuts applied:  2
Gomory fractional cuts applied:  5

Root node processing (before b&c):
  Real time             =    1.09 sec. (1430.43 ticks)
Parallel b&c, 20 threads:
  Real time             =    0.90 sec. (872.51 ticks)
  Sync time (average)   =    0.45 sec.
  Wait time (average)   =    0.00 sec.
                          ------------
Total (root+branch&cut) =    1.99 sec. (2302.94 ticks)
Feasible solution found!
Truck nodes:
Stage 1 at customer 0 with arrival time is: 0
Stage 1 at customer 0 with departure time is: 0
Stage 2 at customer 9 with arrival time is: 7.36834
Stage 2 at customer 9 with departure time is: 7.36834
Stage 3 at customer 3 with arrival time is: 12.5505
Stage 3 at customer 3 with departure time is: 12.5505
Stage 4 at customer 10 with arrival time is: 22.5748
Stage 4 at customer 10 with departure time is: 22.5748
Stage 5 at customer 4 with arrival time is: 33.1075
Stage 5 at customer 4 with departure time is: 33.1075
Stage 6 at customer 7 with arrival time is: 40.4561
Stage 6 at customer 7 with departure time is: 40.4561
Stage 7 at customer 6 with arrival time is: 47.1571
Stage 7 at customer 6 with departure time is: 47.1571
Stage 8 at customer 5 with arrival time is: 48.1254
Stage 8 at customer 5 with departure time is: 48.1254
Stage 9 at customer 2 with arrival time is: 56.5505
Stage 9 at customer 2 with departure time is: 56.5505
Stage 10 at customer 1 with arrival time is: 65.1472
Stage 10 at customer 1 with departure time is: 65.1472
Stage 11 at customer 8 with arrival time is: 68.4685
Stage 11 at customer 8 with departure time is: 68.4685
Stage 12 at customer 11 with arrival time is: 69.5865
Stage 12 at customer 11 with departure time is: 69.5865
Truck arcs:
Arc 1 connecting 0 and 9 with cost 7.36834 
Arc 2 connecting 9 and 3 with cost 5.1822 
Arc 3 connecting 3 and 10 with cost 10.0243 
Arc 4 connecting 10 and 4 with cost 10.5327 
Arc 5 connecting 4 and 7 with cost 7.34864 
Arc 6 connecting 7 and 6 with cost 6.70095 
Arc 7 connecting 6 and 5 with cost 0.968346 
Arc 8 connecting 5 and 2 with cost 8.42508 
Arc 9 connecting 2 and 1 with cost 8.59672 
Arc 10 connecting 1 and 8 with cost 3.32128 
Arc 11 connecting 8 and 11 with cost 1.11799 
Drone served customers
Done!
-------------------------Re-calculated objective-----------------------
69.5865
------------------------------------------------------------------------
Solve time: 1.989
OBJECTIVE VALUE: 69.5865, NUMBER OF SORTIES: 0.
In write mode
