Instance name: /home/cuong/CLionProjects/uMV-FSTSP/Murray_Chu_2015_test_data/FSTSP/FSTSP_10_customer_problems/20140810T123437v3
Write arg val: 1

drone speed: 0.2 miles/minute
uav non-eligible customer: 10 
Printing tau:
0 14.2149 7.45597 18.1512 10.5846 15.145 14.669 14.3671 12.5333 1.31706 6.43835 0 
14.2149 0 18.3108 3.93636 13.7595 7.22991 8.18583 7.04774 13.7881 14.0919 12.0132 14.2149 
7.45597 18.3108 0 22.2472 4.55136 11.0809 10.125 11.2631 5.10923 6.13892 11.4943 7.45597 
18.1512 3.93636 22.2472 0 17.6958 11.1663 12.1222 10.9841 17.7245 18.0283 15.9496 18.1512 
10.5846 13.7595 4.55136 17.6958 0 6.52957 5.57365 6.71174 1.94864 9.26756 8.38296 10.5846 
15.145 7.22991 11.0809 11.1663 6.52957 0 0.955922 0.777831 6.55821 13.8279 12.9433 15.145 
14.669 8.18583 10.125 12.1222 5.57365 0.955922 0 1.13809 5.60229 13.352 12.4674 14.669 
14.3671 7.04774 11.2631 10.9841 6.71174 0.777831 1.13809 0 6.74038 13.0501 12.1655 14.3671 
12.5333 13.7881 5.10923 17.7245 1.94864 6.55821 5.60229 6.74038 0 11.2162 10.3316 12.5333 
1.31706 14.0919 6.13892 18.0283 9.26756 13.8279 13.352 13.0501 11.2162 0 7.2754 1.31706 
6.43835 12.0132 11.4943 15.9496 8.38296 12.9433 12.4674 12.1655 10.3316 7.2754 0 6.43835 
0 0 0 0 0 0 0 0 0 0 0 0 
Printing tau_prime:
0 22.9054 10.6167 29.4629 12.4883 19.209 18.2907 18.4445 14.7839 1.83912 8.01904 0 
22.9054 0 23.0027 6.5606 16.7706 8.59075 9.66193 8.30778 16.3699 22.5134 16.2781 22.9054 
10.6167 23.0027 0 29.091 6.50889 15.8949 14.6508 15.5734 8.01334 8.77857 14.8944 10.6167 
29.4629 6.5606 29.091 0 22.6813 13.6282 14.8639 13.6915 21.9127 29.0691 22.6695 29.4629 
12.4883 16.7706 6.50889 22.6813 0 9.38617 8.14351 9.0795 2.29674 10.9289 12.8279 12.4883 
19.209 8.59075 15.8949 13.6282 9.38617 0 1.25846 0.941487 8.31925 18.1926 15.2616 19.209 
18.2907 9.66193 14.6508 14.8639 8.14351 1.25846 0 1.38764 7.06588 17.2062 14.7813 18.2907 
18.4445 8.30778 15.5734 13.6915 9.0795 0.941487 1.38764 0 8.23237 17.4772 14.3397 18.4445 
14.7839 16.3699 8.01334 21.9127 2.29674 8.31925 7.06588 8.23237 0 13.2233 14.6887 14.7839 
1.83912 22.5134 8.77857 29.0691 10.9289 18.1926 17.2062 17.4772 13.2233 0 8.63729 1.83912 
8.01904 16.2781 14.8944 22.6695 12.8279 15.2616 14.7813 14.3397 14.6887 8.63729 0 8.01904 
0 0 0 0 0 0 0 0 0 0 0 0 
Warning:  Output names have been modified due to duplicate names or characters invalid in LP format.
Version identifier: 22.1.1.0 | 2022-11-28 | 9160aff4d
CPXPARAM_Emphasis_MIP                            2
CPXPARAM_MIP_Tolerances_Integrality              0
Tried aggregator 2 times.
MIP Presolve eliminated 1136 rows and 1768 columns.
MIP Presolve modified 1901 coefficients.
Aggregator did 38 substitutions.
Reduced MIP has 1015 rows, 2970 columns, and 27913 nonzeros.
Reduced MIP has 2949 binaries, 0 generals, 0 SOSs, and 0 indicators.
Presolve time = 0.03 sec. (47.63 ticks)
Found incumbent of value 12789.870981 after 0.04 sec. (78.15 ticks)
Probing fixed 173 vars, tightened 0 bounds.
Probing changed sense of 4 constraints.
Probing time = 0.06 sec. (101.26 ticks)
Tried aggregator 2 times.
Detecting symmetries...
MIP Presolve eliminated 26 rows and 175 columns.
MIP Presolve modified 121 coefficients.
Aggregator did 3 substitutions.
Reduced MIP has 986 rows, 2792 columns, and 25160 nonzeros.
Reduced MIP has 2771 binaries, 0 generals, 0 SOSs, and 0 indicators.
Presolve time = 0.02 sec. (26.57 ticks)
Probing time = 0.00 sec. (6.17 ticks)
Clique table members: 8172.
MIP emphasis: optimality.
MIP search method: dynamic search.
Parallel mode: deterministic, using up to 20 threads.
Root relaxation solution time = 0.07 sec. (164.26 ticks)

        Nodes                                         Cuts/
   Node  Left     Objective  IInf  Best Integer    Best Bound    ItCnt     Gap

*     0+    0                        12789.8710        1.3171            99.99%
      0     0       40.6911   266    12789.8710       40.6911       21   99.68%
*     0+    0                           64.2284       40.6911            36.65%
      0     0       43.7705   194       64.2284      Cuts: 43     1835   31.85%
*     0+    0                           54.6640       43.7705            19.93%
      0     0       44.0012   206       54.6640      Cuts: 23     2357   19.51%
      0     0       44.1024   224       54.6640      Cuts: 13     3720   19.32%
      0     0       44.2557   247       54.6640      Cuts: 13     5754   19.04%
      0     0       44.5032   285       54.6640      Cuts: 18     6048   18.59%
Detecting symmetries...
      0     0       44.5310   289       54.6640      Cuts: 12     6346   18.54%
      0     0       44.6747   270       54.6640      Cuts: 18     7529   18.27%
      0     0       45.0117   369       54.6640      Cuts: 14     9799   17.66%
      0     0       45.0852   348       54.6640      Cuts: 10    10078   17.52%
      0     0       45.1627   326       54.6640      Cuts: 19    10669   17.38%
      0     0       45.1926   371       54.6640       Cuts: 7    11296   17.33%
      0     0       45.1984   369       54.6640       Cuts: 6    11777   17.32%
      0     0       45.2587   369       54.6640       Cuts: 2    12309   17.21%
      0     0       45.2941   289       54.6640       Cuts: 6    12978   17.14%
      0     0       45.2941   318       54.6640       Cuts: 9    13775   17.14%
      0     0       45.3011   339       54.6640       Cuts: 9    14024   17.13%
Detecting symmetries...
      0     2       45.3011   339       54.6640       46.4430    14024   15.04%
Elapsed time = 2.52 sec. (3914.70 ticks, tree = 0.02 MB, solutions = 3)
     25    10       54.6376     6       54.6640       46.4430    18312   15.04%
    317    19       50.4015    99       54.6640       46.4430    49668   15.04%
    571    11        cutoff             54.6640       46.6138    74292   14.73%
    574     9       46.8933   194       54.6640       46.6138    78574   14.73%
    578     6       50.0193   183       54.6640       46.8968    82391   14.21%
    691    18        cutoff             54.6640       47.3130   104152   13.45%
    932    19       53.2242   128       54.6640       47.4824   139473   13.14%
   1042    10        cutoff             54.6640       47.4824   157702   13.14%
   1088     5        cutoff             54.6640       47.9205   169769   12.34%
   1213     7       53.9020   104       54.6640       52.4603   205916    4.03%
Elapsed time = 4.99 sec. (7100.46 ticks, tree = 0.05 MB, solutions = 3)

GUB cover cuts applied:  4
Clique cuts applied:  14
Cover cuts applied:  12
Implied bound cuts applied:  33
Zero-half cuts applied:  44
Lift and project cuts applied:  2
Gomory fractional cuts applied:  3

Root node processing (before b&c):
  Real time             =    2.41 sec. (3826.43 ticks)
Parallel b&c, 20 threads:
  Real time             =    2.62 sec. (3365.81 ticks)
  Sync time (average)   =    1.91 sec.
  Wait time (average)   =    0.00 sec.
                          ------------
Total (root+branch&cut) =    5.03 sec. (7192.24 ticks)
Feasible solution found!
Truck nodes:
Stage 1 at customer 0 with arrival time is: 0
Stage 1 at customer 0 with departure time is: 0
Stage 2 at customer 10 with arrival time is: 6.43835
Stage 2 at customer 10 with departure time is: 6.43835
Stage 3 at customer 3 with arrival time is: 22.3879
Stage 3 at customer 3 with departure time is: 22.3879
Stage 4 at customer 1 with arrival time is: 26.3243
Stage 4 at customer 1 with departure time is: 26.3243
Stage 5 at customer 7 with arrival time is: 33.372
Stage 5 at customer 7 with departure time is: 33.372
Stage 6 at customer 5 with arrival time is: 34.1499
Stage 6 at customer 5 with departure time is: 34.1499
Stage 7 at customer 6 with arrival time is: 35.1058
Stage 7 at customer 6 with departure time is: 35.1058
Stage 8 at customer 8 with arrival time is: 40.7081
Stage 8 at customer 8 with departure time is: 40.7081
Stage 9 at customer 4 with arrival time is: 42.6567
Stage 9 at customer 4 with departure time is: 42.6567
Stage 10 at customer 2 with arrival time is: 47.2081
Stage 10 at customer 2 with departure time is: 47.2081
Stage 11 at customer 9 with arrival time is: 53.347
Stage 11 at customer 9 with departure time is: 53.347
Stage 12 at customer 11 with arrival time is: 54.664
Stage 12 at customer 11 with departure time is: 54.664
Truck arcs:
Arc 1 connecting 0 and 10 with cost 6.43835 
Arc 2 connecting 10 and 3 with cost 15.9496 
Arc 3 connecting 3 and 1 with cost 3.93636 
Arc 4 connecting 1 and 7 with cost 7.04774 
Arc 5 connecting 7 and 5 with cost 0.777831 
Arc 6 connecting 5 and 6 with cost 0.955922 
Arc 7 connecting 6 and 8 with cost 5.60229 
Arc 8 connecting 8 and 4 with cost 1.94864 
Arc 9 connecting 4 and 2 with cost 4.55136 
Arc 10 connecting 2 and 9 with cost 6.13892 
Arc 11 connecting 9 and 11 with cost 1.31706 
Drone served customers
Done!
-------------------------Re-calculated objective-----------------------
54.664
------------------------------------------------------------------------
Solve time: 5.032
OBJECTIVE VALUE: 54.664, NUMBER OF SORTIES: 0.
In write mode
