Instance name: /home/cuong/CLionProjects/uMV-FSTSP/rand_generated_instances/v17
Write arg val: 1

drone speed: 1 miles/minute
uav non-eligible customer: 1 3 4 6 7 14 
Travel time is in self-calculate mode. tau/tau_prime provided from instance file will be disregarded.
Printing tau:
0 8.96858 13.0983 3.88775 14.2487 15.0358 19.9164 16.6128 14.5194 9.6912 6.80023 4.22926 16.4638 0 
8.96858 0 4.50368 12.1276 5.44039 13.9948 11.7184 17.3445 12.5944 8.3632 14.7855 13.135 18.7341 8.96858 
13.0983 4.50368 0 15.7975 4.00846 17.251 10.2684 20.9313 11.7157 9.03074 18.1902 17.3245 22.6522 13.0983 
3.88775 12.1276 15.7975 0 17.5526 18.6674 23.5125 19.8599 14.2458 10.0937 2.91472 3.71939 19.3028 3.88775 
14.2487 5.44039 4.00846 17.5526 0 14.4652 6.57336 18.3696 15.6769 12.5594 20.2259 18.3062 20.468 14.2487 
15.0358 13.9948 17.251 18.6674 14.4652 0 14.8433 4.02902 26.2361 21.463 21.4037 16.4597 6.72833 15.0358 
19.9164 11.7184 10.2684 23.5125 6.57336 14.8433 0 18.8265 21.9336 19.1149 26.3071 23.6744 21.542 19.9164 
16.6128 17.3445 20.9313 19.8599 18.3696 4.02902 18.8265 0 29.1351 24.2228 22.3581 17.0542 3.07319 16.6128 
14.5194 12.5944 11.7157 14.2458 15.6769 26.2361 21.9336 29.1351 0 5.00121 14.8714 17.6587 29.8812 14.5194 
9.6912 8.3632 9.03074 10.0937 12.5594 21.463 19.1149 24.2228 5.00121 0 11.4268 13.175 24.8951 9.6912 
6.80023 14.7855 18.1902 2.91472 20.2259 21.4037 26.3071 22.3581 14.8714 11.4268 0 5.43809 21.5583 6.80023 
4.22926 13.135 17.3245 3.71939 18.3062 16.4597 23.6744 17.0542 17.6587 13.175 5.43809 0 16.1328 4.22926 
16.4638 18.7341 22.6522 19.3028 20.468 6.72833 21.542 3.07319 29.8812 24.8951 21.5583 16.1328 0 16.4638 
0 0 0 0 0 0 0 0 0 0 0 0 0 0 
Printing tau_prime:
0 2.24215 3.27457 0.971938 3.56217 3.75895 4.9791 4.15321 3.62985 2.4228 1.70006 1.05732 4.11595 0 
2.24215 0 1.12592 3.03189 1.3601 3.49869 2.92961 4.33612 3.14861 2.0908 3.69638 3.28376 4.68352 2.24215 
3.27457 1.12592 0 3.94937 1.00211 4.31275 2.56711 5.23282 2.92892 2.25769 4.54755 4.33113 5.66305 3.27457 
0.971938 3.03189 3.94937 0 4.38816 4.66686 5.87813 4.96498 3.56144 2.52342 0.72868 0.929846 4.82569 0.971938 
3.56217 1.3601 1.00211 4.38816 0 3.6163 1.64334 4.5924 3.91923 3.13985 5.05648 4.57655 5.117 3.56217 
3.75895 3.49869 4.31275 4.66686 3.6163 0 3.71082 1.00726 6.55903 5.36575 5.35093 4.11491 1.68208 3.75895 
4.9791 2.92961 2.56711 5.87813 1.64334 3.71082 0 4.70663 5.48339 4.77872 6.57678 5.91861 5.3855 4.9791 
4.15321 4.33612 5.23282 4.96498 4.5924 1.00726 4.70663 0 7.28377 6.05571 5.58953 4.26356 0.768298 4.15321 
3.62985 3.14861 2.92892 3.56144 3.91923 6.55903 5.48339 7.28377 0 1.2503 3.71784 4.41467 7.4703 3.62985 
2.4228 2.0908 2.25769 2.52342 3.13985 5.36575 4.77872 6.05571 1.2503 0 2.85671 3.29374 6.22377 2.4228 
1.70006 3.69638 4.54755 0.72868 5.05648 5.35093 6.57678 5.58953 3.71784 2.85671 0 1.35952 5.38959 1.70006 
1.05732 3.28376 4.33113 0.929846 4.57655 4.11491 5.91861 4.26356 4.41467 3.29374 1.35952 0 4.03319 1.05732 
4.11595 4.68352 5.66305 4.82569 5.117 1.68208 5.3855 0.768298 7.4703 6.22377 5.38959 4.03319 0 4.11595 
0 0 0 0 0 0 0 0 0 0 0 0 0 0 
Printing number of nodes: 13

Warning:  Output names have been modified due to duplicate names or characters invalid in LP format.
Version identifier: 22.1.1.0 | 2022-11-28 | 9160aff4d
CPXPARAM_Emphasis_MIP                            2
CPXPARAM_MIP_Tolerances_Integrality              0
Tried aggregator 2 times.
MIP Presolve eliminated 12164 rows and 3223 columns.
MIP Presolve modified 4505 coefficients.
Aggregator did 28 substitutions.
Reduced MIP has 2138 rows, 4590 columns, and 53119 nonzeros.
Reduced MIP has 4565 binaries, 0 generals, 0 SOSs, and 0 indicators.
Presolve time = 0.05 sec. (111.06 ticks)
Found incumbent of value 25725.158717 after 0.09 sec. (186.22 ticks)
Probing time = 0.01 sec. (8.42 ticks)
Cover probing fixed 1 vars, tightened 1 bounds.
Tried aggregator 2 times.
Detecting symmetries...
MIP Presolve eliminated 21 rows and 1 columns.
MIP Presolve modified 172 coefficients.
Aggregator did 2 substitutions.
Reduced MIP has 2115 rows, 4587 columns, and 53089 nonzeros.
Reduced MIP has 4562 binaries, 0 generals, 0 SOSs, and 0 indicators.
Presolve time = 0.03 sec. (57.68 ticks)
Probing time = 0.01 sec. (7.47 ticks)
Clique table members: 21670.
MIP emphasis: optimality.
MIP search method: dynamic search.
Parallel mode: deterministic, using up to 20 threads.
Root relaxation solution time = 0.22 sec. (443.47 ticks)

        Nodes                                         Cuts/
   Node  Left     Objective  IInf  Best Integer    Best Bound    ItCnt     Gap

*     0+    0                        25725.1587        3.8878            99.98%
      0     0       53.9228   267    25725.1587       53.9228       19   99.79%
*     0+    0                          105.3216       53.9228            48.80%
      0     0       63.4157   169      105.3216      Cuts: 25     2071   39.79%
      0     0       64.0742   207      105.3216       Cuts: 8     2541   39.16%
      0     0       65.0703   118      105.3216   ZeroHalf: 4     2867   38.22%
*     0+    0                           99.4468       65.0703            34.57%
*     0+    0                           98.0425       65.0703            33.63%
      0     0       66.1119   229       98.0425       Cuts: 9     3730   32.57%
      0     0       66.5845   274       98.0425   ZeroHalf: 7     4486   32.09%
Detecting symmetries...
      0     0       66.6881   274       98.0425   ZeroHalf: 4     4982   31.98%
*     0+    0                           95.4848       66.6881            30.16%
*     0+    0                           82.1897       66.6881            18.86%
      0     0  -1.00000e+75     0       82.1897       66.6881     4982   18.86%
*     0+    0                           74.5142       66.6881            10.50%
      0     0       66.9597   307       74.5142   ZeroHalf: 6     6009   10.14%
      0     0       67.8063   303       74.5142       Cuts: 8     8552    9.00%
      0     0       68.3170   253       74.5142      Cuts: 13     9168    8.32%
*     0+    0                           73.5160       68.3170             7.07%
      0     0       68.3784   278       73.5160   ZeroHalf: 5     9318    6.99%
Detecting symmetries...

Repeating presolve.
Tried aggregator 2 times.
MIP Presolve eliminated 143 rows and 1252 columns.
MIP Presolve modified 359 coefficients.
Aggregator did 36 substitutions.
Reduced MIP has 1936 rows, 3299 columns, and 43195 nonzeros.
Reduced MIP has 3274 binaries, 0 generals, 0 SOSs, and 0 indicators.
Presolve time = 0.03 sec. (60.11 ticks)
Probing fixed 91 vars, tightened 0 bounds.
Probing changed sense of 5 constraints.
Probing time = 0.07 sec. (182.98 ticks)
Tried aggregator 2 times.
MIP Presolve eliminated 68 rows and 95 columns.
MIP Presolve modified 18 coefficients.
Aggregator did 2 substitutions.
Reduced MIP has 1866 rows, 3202 columns, and 41541 nonzeros.
Reduced MIP has 3177 binaries, 0 generals, 0 SOSs, and 0 indicators.
Presolve time = 0.03 sec. (52.97 ticks)
Probing time = 0.01 sec. (7.31 ticks)
Tried aggregator 2 times.
Detecting symmetries...
MIP Presolve eliminated 9 rows and 0 columns.
MIP Presolve modified 5 coefficients.
Aggregator did 2 substitutions.
Reduced MIP has 1855 rows, 3200 columns, and 41528 nonzeros.
Reduced MIP has 3175 binaries, 0 generals, 0 SOSs, and 0 indicators.
Presolve time = 0.02 sec. (38.14 ticks)
Represolve time = 0.19 sec. (380.43 ticks)
Probing time = 0.01 sec. (7.51 ticks)
Clique table members: 20615.
MIP emphasis: optimality.
MIP search method: dynamic search.
Parallel mode: deterministic, using up to 20 threads.
Root relaxation solution time = 0.46 sec. (378.56 ticks)

        Nodes                                         Cuts/
   Node  Left     Objective  IInf  Best Integer    Best Bound    ItCnt     Gap

*     0+    0                           73.5160       68.3784             6.99%
      0     0       71.2530   279       73.5160       71.2530     9340    3.08%
      0     0       72.1885   270       73.5160      Cuts: 19    12189    1.50%
      0     0        cutoff             73.5160       73.5160    15352    0.00%
Elapsed time = 3.64 sec. (5334.10 ticks, tree = 0.01 MB, solutions = 8)

Implied bound cuts applied:  6
Zero-half cuts applied:  34
Lift and project cuts applied:  1
Gomory fractional cuts applied:  4

Root node processing (before b&c):
  Real time             =    3.64 sec. (5334.84 ticks)
Parallel b&c, 20 threads:
  Real time             =    0.00 sec. (0.00 ticks)
  Sync time (average)   =    0.00 sec.
  Wait time (average)   =    0.00 sec.
                          ------------
Total (root+branch&cut) =    3.64 sec. (5334.84 ticks)
Feasible solution found!
Truck nodes:
Stage 1 at customer 0 with arrival time is: 0
Stage 1 at customer 0 with departure time is: 0
Stage 2 at customer 1 with arrival time is: 8.96858
Stage 2 at customer 1 with departure time is: 10.9686
Stage 3 at customer 4 with arrival time is: 16.409
Stage 3 at customer 4 with departure time is: 16.409
Stage 4 at customer 6 with arrival time is: 22.9823
Stage 4 at customer 6 with departure time is: 24.9823
Stage 5 at customer 5 with arrival time is: 39.8256
Stage 5 at customer 5 with departure time is: 41.8256
Stage 6 at customer 7 with arrival time is: 45.8546
Stage 6 at customer 7 with departure time is: 47.8546
Stage 7 at customer 11 with arrival time is: 64.9089
Stage 7 at customer 11 with departure time is: 65.9089
Stage 8 at customer 3 with arrival time is: 69.6282
Stage 8 at customer 3 with departure time is: 69.6282
Stage 9 at customer 13 with arrival time is: 73.516
Stage 9 at customer 13 with departure time is: 73.516
Truck arcs:
Arc 1 connecting 0 and 1 with cost 8.96858 
Arc 2 connecting 1 and 4 with cost 5.44039 
Arc 3 connecting 4 and 6 with cost 6.57336 
Arc 4 connecting 6 and 5 with cost 14.8433 
Arc 5 connecting 5 and 7 with cost 4.02902 
Arc 6 connecting 7 and 11 with cost 17.0542 
Arc 7 connecting 11 and 3 with cost 3.71939 
Arc 8 connecting 3 and 13 with cost 3.88775 
Drone served customers
Drone flies from stage 1 to stage 2
Drone flies from stage 2 to stage 4
Drone flies from stage 4 to stage 5
Drone flies from stage 5 to stage 6
Drone flies from stage 6 to stage 7
Drone flies from stage 1 to stage 2 to serve customer 2
Drone flies from stage 2 to stage 4 to serve customer 8
Drone flies from stage 6 to stage 7 to serve customer 9
Drone flies from stage 4 to stage 5 to serve customer 10
Drone flies from stage 5 to stage 6 to serve customer 12
1
Customer 2 served by drone.
Y_val: 1
W_val: 1
Drone fly from 0 at stage 1 to serve 2 and then fly back to 1 at stage 2. 
Truck travel time from stage 1 to 2 is: 8.96858
Start arc cost: 3.27457, end arc cost: 1.12592. Total drone travel time: 4.40049
Drone arrival time: 4.40049
Truck arrival time: 8.96858
Truck departure time = max(d/a, t/a) plus (sl/sr): 10.9686
1
Customer 8 served by drone.
Y_val: 1
W_val: 1
Drone fly from 1 at stage 2 to serve 8 and then fly back to 6 at stage 4. 
Truck travel time from stage 2 to 4 is: 12.0138
Start arc cost: 3.14861, end arc cost: 5.48339. Total drone travel time: 8.632
Drone arrival time: 19.6006
Truck arrival time: 22.9823
Truck departure time = max(d/a, t/a) plus (sl/sr): 24.9823
1
Customer 9 served by drone.
Y_val: 1
W_val: 1
Drone fly from 7 at stage 6 to serve 9 and then fly back to 11 at stage 7. 
Truck travel time from stage 6 to 7 is: 17.0542
Start arc cost: 6.05571, end arc cost: 3.29374. Total drone travel time: 9.34945
Drone arrival time: 57.2041
Truck arrival time: 64.9089
Truck departure time = max(d/a, t/a) plus (sl/sr): 65.9089
1
Customer 10 served by drone.
Y_val: 1
W_val: 1
Drone fly from 6 at stage 4 to serve 10 and then fly back to 5 at stage 5. 
Truck travel time from stage 4 to 5 is: 14.8433
Start arc cost: 6.57678, end arc cost: 5.35093. Total drone travel time: 11.9277
Drone arrival time: 36.9101
Truck arrival time: 39.8256
Truck departure time = max(d/a, t/a) plus (sl/sr): 41.8256
1
Customer 12 served by drone.
Y_val: 1
W_val: 1
Drone fly from 5 at stage 5 to serve 12 and then fly back to 7 at stage 6. 
Truck travel time from stage 5 to 6 is: 4.02902
Start arc cost: 1.68208, end arc cost: 0.768298. Total drone travel time: 2.45038
Drone arrival time: 44.276
Truck arrival time: 45.8546
Truck departure time = max(d/a, t/a) plus (sl/sr): 47.8546
Done!
-------------------------Re-calculated objective-----------------------
73.516
------------------------------------------------------------------------
Solve time: 3.645
OBJECTIVE VALUE: 73.516, NUMBER OF SORTIES: 5.
In write mode
