Instance name: /home/cuong/CLionProjects/uMV-FSTSP/rand_generated_instances/v40
Write arg val: 1

drone speed: 1 miles/minute
uav non-eligible customer: 14 
Travel time is in self-calculate mode. tau/tau_prime provided from instance file will be disregarded.
Printing tau:
0 14.0795 12.3674 11.164 4.27858 11.8289 13.4584 12.1222 13.6172 16.1118 1.69544 5.5646 12.0886 0 
14.0795 0 24.4799 9.46449 11.6793 8.33558 12.0866 8.31171 27.4561 2.92627 14.6803 8.57633 7.00542 14.0795 
12.3674 24.4799 0 17.1366 16.6392 24.1323 17.2024 24.4214 6.71521 27.0677 13.224 17.1017 19.4798 12.3674 
11.164 9.46449 17.1366 0 11.9836 14.5295 3.1235 14.6903 21.7882 12.3893 12.6561 8.58117 2.64701 11.164 
4.27858 11.6793 16.6392 11.9836 0 7.69723 14.8345 7.99379 17.3566 13.1429 3.70988 3.70193 11.966 4.27858 
11.8289 8.33558 24.1323 14.5295 7.69723 0 17.6434 0.296772 25.0175 7.97762 11.3998 7.5114 13.04 11.8289 
13.4584 12.0866 17.2024 3.1235 14.8345 17.6434 0 17.8 22.5613 14.9681 15.0588 11.5824 5.09355 13.4584 
12.1222 8.31171 24.4214 14.6903 7.99379 0.296772 17.8 0 25.3141 7.85137 11.6966 7.76897 13.1598 12.1222 
13.6172 27.4561 6.71521 21.7882 17.3566 25.0175 22.5613 25.3141 0 29.6723 13.6505 19.1385 23.7603 13.6172 
16.1118 2.92627 27.0677 12.3893 13.1429 7.97762 14.9681 7.85137 29.6723 0 16.4779 10.5496 9.90632 16.1118 
1.69544 14.6803 13.224 12.6561 3.70988 11.3998 15.0588 11.6966 13.6505 16.4779 0 6.11685 13.3858 1.69544 
5.5646 8.57633 17.1017 8.58117 3.70193 7.5114 11.5824 7.76897 19.1385 10.5496 6.11685 0 8.30102 5.5646 
12.0886 7.00542 19.4798 2.64701 11.966 13.04 5.09355 13.1598 23.7603 9.90632 13.3858 8.30102 0 12.0886 
0 0 0 0 0 0 0 0 0 0 0 0 0 0 
Printing tau_prime:
0 3.51988 3.09185 2.79099 1.06965 2.95723 3.36459 3.03055 3.40431 4.02794 0.42386 1.39115 3.02215 0 
3.51988 0 6.11998 2.36612 2.91984 2.0839 3.02166 2.07793 6.86402 0.731567 3.67009 2.14408 1.75135 3.51988 
3.09185 6.11998 0 4.28414 4.1598 6.03307 4.3006 6.10535 1.6788 6.76692 3.30599 4.27544 4.86995 3.09185 
2.79099 2.36612 4.28414 0 2.9959 3.63236 0.780875 3.67256 5.44705 3.09732 3.16403 2.14529 0.661753 2.79099 
1.06965 2.91984 4.1598 2.9959 0 1.92431 3.70863 1.99845 4.33914 3.28572 0.92747 0.925482 2.99151 1.06965 
2.95723 2.0839 6.03307 3.63236 1.92431 0 4.41084 0.074193 6.25439 1.9944 2.84995 1.87785 3.26001 2.95723 
3.36459 3.02166 4.3006 0.780875 3.70863 4.41084 0 4.44999 5.64034 3.74201 3.7647 2.89561 1.27339 3.36459 
3.03055 2.07793 6.10535 3.67256 1.99845 0.074193 4.44999 0 6.32851 1.96284 2.92414 1.94224 3.28994 3.03055 
3.40431 6.86402 1.6788 5.44705 4.33914 6.25439 5.64034 6.32851 0 7.41807 3.41263 4.78464 5.94007 3.40431 
4.02794 0.731567 6.76692 3.09732 3.28572 1.9944 3.74201 1.96284 7.41807 0 4.11949 2.63741 2.47658 4.02794 
0.42386 3.67009 3.30599 3.16403 0.92747 2.84995 3.7647 2.92414 3.41263 4.11949 0 1.52921 3.34645 0.42386 
1.39115 2.14408 4.27544 2.14529 0.925482 1.87785 2.89561 1.94224 4.78464 2.63741 1.52921 0 2.07525 1.39115 
3.02215 1.75135 4.86995 0.661753 2.99151 3.26001 1.27339 3.28994 5.94007 2.47658 3.34645 2.07525 0 3.02215 
0 0 0 0 0 0 0 0 0 0 0 0 0 0 
Printing number of nodes: 13

Warning:  Output names have been modified due to duplicate names or characters invalid in LP format.
Version identifier: 22.1.1.0 | 2022-11-28 | 9160aff4d
CPXPARAM_Emphasis_MIP                            2
CPXPARAM_MIP_Tolerances_Integrality              0
Tried aggregator 2 times.
MIP Presolve eliminated 11360 rows and 1343 columns.
MIP Presolve modified 7569 coefficients.
Aggregator did 50 substitutions.
Reduced MIP has 2915 rows, 6448 columns, and 83622 nonzeros.
Reduced MIP has 6423 binaries, 0 generals, 0 SOSs, and 0 indicators.
Presolve time = 0.08 sec. (166.02 ticks)
Found incumbent of value 22145.356580 after 0.14 sec. (289.63 ticks)
Probing time = 0.01 sec. (10.25 ticks)
Tried aggregator 2 times.
Detecting symmetries...
MIP Presolve eliminated 21 rows and 0 columns.
MIP Presolve modified 167 coefficients.
Aggregator did 2 substitutions.
Reduced MIP has 2892 rows, 6446 columns, and 83597 nonzeros.
Reduced MIP has 6421 binaries, 0 generals, 0 SOSs, and 0 indicators.
Presolve time = 0.04 sec. (78.91 ticks)
Probing time = 0.01 sec. (9.40 ticks)
Clique table members: 33063.
MIP emphasis: optimality.
MIP search method: dynamic search.
Parallel mode: deterministic, using up to 20 threads.
Root relaxation solution time = 0.29 sec. (643.37 ticks)

        Nodes                                         Cuts/
   Node  Left     Objective  IInf  Best Integer    Best Bound    ItCnt     Gap

*     0+    0                        22145.3566        1.6954            99.99%
      0     0       33.0206   244    22145.3566       33.0206       23   99.85%
*     0+    0                           56.3133       33.0206            41.36%
      0     0       35.3916   193       56.3133      Cuts: 14     5479   32.98%
      0     0       35.3916   206       56.3133       Cuts: 6     5501   32.98%
      0     0       35.3925   210       56.3133       Cuts: 5     5603   32.98%
*     0+    0                           55.9439       37.7421            32.54%
      0     0  -1.00000e+75     0       55.9439       37.7421     5603   32.54%
*     0+    0                           55.3035       37.7421            31.75%
*     0+    0                           55.2075       37.7421            31.64%
      0     0  -1.00000e+75     0       55.2075       37.7421     5603   31.64%
Detecting symmetries...
      0     2       35.3925   210       55.2075       37.7421     5603   31.64%
Elapsed time = 3.00 sec. (4969.01 ticks, tree = 0.02 MB, solutions = 5)
      1     3       40.3656    69       55.2075       37.7421     7736   31.64%
     16    15    infeasible             55.2075       37.7421    13980   31.64%
     73    40       40.3656    46       55.2075       37.7421    28912   31.64%
    145    85       40.3656    47       55.2075       37.7421    47261   31.64%
    265   182       55.1829   105       55.2075       38.4494    81553   30.35%
    288   211       46.5618   104       55.2075       38.4494    91424   30.35%
    309   227       49.1767    66       55.2075       38.4494   102183   30.35%
    343   263       49.5612   233       55.2075       38.4494   135385   30.35%
    439   268       54.6608    81       55.2075       38.4494   140594   30.35%
*   871+  504                           54.9073       38.4494            29.97%
    894   580       46.9544   200       54.9073       38.4494   260204   29.97%
Elapsed time = 6.39 sec. (8193.30 ticks, tree = 6.12 MB, solutions = 6)
   1282   810       48.9297    42       54.9073       38.4494   367689   29.97%
   1483  1019       54.8759   179       54.9073       38.4494   462137   29.97%
   1764  1204       46.6898    37       54.9073       38.4494   541454   29.97%
*  1842+ 1252                           53.5643       38.4494            28.22%
   2266  1495       46.8496    78       53.5643       38.4494   681748   28.22%
   3087  1721       50.4182    76       53.5643       38.4494   736091   28.22%
   3819  2481        cutoff             53.5643       38.4494   858829   28.22%
   4278  2999       46.0026    75       53.5643       38.4494   964280   28.22%
   4669  3339       46.0959    47       53.5643       38.4494  1059565   28.22%

Performing restart 1

Repeating presolve.
Tried aggregator 2 times.
MIP Presolve eliminated 21 rows and 360 columns.
MIP Presolve modified 24890 coefficients.
Aggregator did 4 substitutions.
Reduced MIP has 2867 rows, 6082 columns, and 67277 nonzeros.
Reduced MIP has 6057 binaries, 0 generals, 0 SOSs, and 0 indicators.
Presolve time = 0.05 sec. (116.92 ticks)
Tried aggregator 1 time.
Reduced MIP has 2867 rows, 6082 columns, and 67277 nonzeros.
Reduced MIP has 6057 binaries, 0 generals, 0 SOSs, and 0 indicators.
Presolve time = 0.03 sec. (65.19 ticks)
Represolve time = 0.17 sec. (328.78 ticks)
   4776     0       35.4068   265       53.5643       Cuts: 7  1163627   28.22%
*  4776+    0                           52.7490       38.4494            27.11%
   4776     0       35.4227   250       52.7490       Cuts: 5  1165414   27.11%
*  4776+    0                           52.4913       38.4494            26.75%
   4776     0       35.4581   239       52.4913       Cuts: 7  1166893   26.75%
   4776     0       35.6428   243       52.4913      Cuts: 18  1169596   26.75%
*  4776+    0                           52.3267       38.4494            26.52%
   4776     0       35.7123   314       52.3267      Cuts: 15  1170839   26.44%
   4776     0       35.8232   229       52.3267      Cuts: 26  1173255   26.44%
   4776     0       35.9746   262       52.3267      Cuts: 16  1175420   26.44%
   4776     2       35.9746   254       52.3267       38.4892  1175420   26.44%
   4777     3       37.1577   210       52.3267       38.4892  1176368   26.44%
Elapsed time = 26.32 sec. (36058.66 ticks, tree = 0.04 MB, solutions = 10)
   4779     4       39.7867    95       52.3267       38.4892  1183558   26.44%
   4785     7       42.0178   124       52.3267       38.4892  1189892   26.44%
   4893    33       50.4292    52       52.3267       38.4892  1215074   26.44%
*  4984+   17                           51.3990       38.4892            25.12%
   5053    60       49.1778   118       51.3990       38.4892  1237869   25.12%
   5172   105        cutoff             51.3990       38.4892  1286308   25.12%
   5339   168       45.7445    62       51.3990       38.4892  1329423   25.12%
   5424   271       49.4728   116       51.3990       38.4892  1391785   25.12%
   5476   321       47.1151    94       51.3990       38.4892  1431097   25.12%
   5520   330       40.9590    69       51.3990       38.4892  1437374   25.12%
   5706   387        cutoff             51.3990       38.4892  1474831   25.12%
Elapsed time = 37.02 sec. (46960.17 ticks, tree = 3.22 MB, solutions = 11)
   6032   465       41.6647   104       51.3990       38.4892  1512659   25.12%
   6423   814        cutoff             51.3990       38.4892  1649900   25.12%
   6797  1035       41.8864    99       51.3990       38.4892  1735310   25.12%
   6994  1038       42.4260    55       51.3990       38.4892  1736235   25.12%
   7047  1392       47.6819    77       51.3990       38.4892  1870008   25.12%
   7186  1443        cutoff             51.3990       38.7011  1890030   24.70%
   7611  1548       41.5133    55       51.3990       38.7011  1932455   24.70%
   7913  1758       43.3328   128       51.3990       39.2863  2008236   23.57%
   8243  1926       41.4485   161       51.3990       39.2863  2073441   23.57%
   8477  2222       50.7045    34       51.3990       39.6495  2201513   22.86%
Elapsed time = 48.12 sec. (56538.61 ticks, tree = 40.77 MB, solutions = 11)
   8776  2415       41.1286    69       51.3990       39.6509  2288950   22.86%
   8867  2563       47.9343    58       51.3990       40.3678  2408102   21.46%
   8942  2830       44.9491   180       51.3990       40.3948  2536774   21.41%
   9317  2886       40.7973    92       51.3990       40.4076  2566820   21.38%
   9825  2972       41.4047   188       51.3990       40.4455  2626898   21.31%
  10419  3605       41.1597    97       51.3990       40.5239  2829795   21.16%
  11019  4124       41.1972   152       51.3990       40.5779  2997355   21.05%
  11437  4220       41.0381   141       51.3990       40.6020  3037044   21.01%
  11537  4302       47.2688   141       51.3990       40.6920  3077945   20.83%
  11671  4644       50.3414    84       51.3990       40.7299  3211004   20.76%
Elapsed time = 58.80 sec. (66157.01 ticks, tree = 90.29 MB, solutions = 11)
  11996  4704       45.1740    52       51.3990       40.7445  3229958   20.73%
  12608  4819        cutoff             51.3990       40.7713  3288762   20.68%
  13261  5194       49.0391   166       51.3990       40.9483  3427969   20.33%
  13865  5512        cutoff             51.3990       40.9634  3534830   20.30%
  14161  5795       42.4625   111       51.3990       40.9667  3615612   20.30%
  14318  6438       41.1684   114       51.3990       41.0572  3791864   20.12%
  14939  6518        cutoff             51.3990       41.0728  3809939   20.09%
  15655  6851       50.0487    70       51.3990       41.1349  3913743   19.97%
  16286  7020       41.5796   135       51.3990       41.1934  3937637   19.86%
  16489  7361       48.8315    86       51.3990       41.2141  4048173   19.82%
Elapsed time = 69.90 sec. (75730.28 ticks, tree = 142.53 MB, solutions = 11)
  16566  7821       41.8066    91       51.3990       41.2224  4192866   19.80%
  16673  7965        cutoff             51.3990       41.2782  4257325   19.69%
  16783  7975       48.6714   165       51.3990       41.3052  4264863   19.64%
  17059  8034       41.5527    78       51.3990       41.3612  4306334   19.53%
  17586  8152       41.5892   107       51.3990       41.4441  4353801   19.37%
  18218  8383        cutoff             51.3990       41.5135  4404903   19.23%
  18906  9039       41.5700   127       51.3990       41.5414  4627941   19.18%
  19390  9130       41.6614    95       51.3990       41.5527  4663094   19.16%
  19486  9432       41.5938   155       51.3990       41.5527  4743616   19.16%
  19587  9890       41.5944   127       51.3990       41.5527  4896862   19.16%
Elapsed time = 80.46 sec. (85319.55 ticks, tree = 193.06 MB, solutions = 11)
  20272  9936        cutoff             51.3990       41.5527  4910833   19.16%
  20920 10162       41.6390    95       51.3990       41.5527  4956689   19.16%
  21484 10206       41.6159   135       51.3990       41.5527  4948031   19.16%
  21720 11141        cutoff             51.3990       41.5677  5177791   19.13%
  22108 11162       41.6918   119       51.3990       41.5677  5189138   19.13%
  22826 11175        cutoff             51.3990       41.5724  5199050   19.12%
* 23192+11166                           51.3990       41.5724            19.12%
  23696 11550       43.8538   152       51.3990       41.5773  5354352   19.11%
  24663 11460       41.7634    75       51.3990       41.6120  5332114   19.04%
  25471 12359       50.3375   129       51.3990       41.6299  5533010   19.01%
  25907 12394       41.7658    84       51.3990       41.6411  5554464   18.98%
Elapsed time = 91.76 sec. (94870.66 ticks, tree = 242.71 MB, solutions = 11)
  26061 12887        cutoff             51.3990       41.6435  5692734   18.98%
  26674 13198        cutoff             51.3990       41.6611  5775769   18.95%
  27708 13264       47.6473    99       51.3990       41.6619  5787227   18.94%
  28753 13409       41.8205   139       51.3990       41.6710  5828397   18.93%
  29889 14166       43.3848   153       51.3990       41.7116  6006176   18.85%
* 29962+14361                           51.3990       41.7116            18.85%
  30804 14532       47.8889   148       51.3990       41.7226  6099460   18.83%
  31426 14872        cutoff             51.3990       41.7320  6196834   18.81%
  31631 15259        cutoff             51.3990       41.7441  6327913   18.78%
  31766 15549       48.1681   117       51.3990       41.7441  6421280   18.78%
  32083 15569       44.2543   148       51.3990       41.7578  6431525   18.76%
Elapsed time = 102.32 sec. (104428.90 ticks, tree = 296.46 MB, solutions = 11)
  32771 15598        cutoff             51.3990       41.7677  6452626   18.74%
  33899 15676       45.3070   103       51.3990       41.7751  6463904   18.72%
  35106 16038       47.1295   110       51.3990       41.8146  6582268   18.65%
  36104 16110       42.0693    77       51.3990       41.8252  6626786   18.63%
  37140 17004       50.8133    99       51.3990       41.8436  6869835   18.59%
  38013 17147        cutoff             51.3990       41.8491  6921991   18.58%
  38356 17359       48.6324    66       51.3990       41.8563  7005443   18.57%
  38462 18068       42.0489    94       51.3990       41.8753  7244802   18.53%
  38585 18092       42.0656    90       51.3990       41.9190  7267709   18.44%
  40764 18403       49.4552    36       51.3990       41.9620  7418035   18.36%
Elapsed time = 116.23 sec. (116839.89 ticks, tree = 324.39 MB, solutions = 11)
  43303 19484       50.7494   116       51.3990       42.0813  7850000   18.13%
  44843 20175       51.1692    92       51.3990       42.1564  8092637   17.98%
  48490 21316        cutoff             51.3990       42.2515  8460041   17.80%
  50091 22078       42.5032   195       51.3990       42.2799  8761816   17.74%

Performing restart 2

Repeating presolve.
Tried aggregator 2 times.
MIP Presolve eliminated 13 rows and 193 columns.
MIP Presolve modified 477 coefficients.
Aggregator did 8 substitutions.
Reduced MIP has 2846 rows, 5881 columns, and 67997 nonzeros.
Reduced MIP has 5856 binaries, 0 generals, 0 SOSs, and 0 indicators.
Presolve time = 0.04 sec. (96.41 ticks)
Tried aggregator 2 times.
MIP Presolve eliminated 13 rows and 17 columns.
MIP Presolve modified 11 coefficients.
Aggregator did 2 substitutions.
Reduced MIP has 2831 rows, 5862 columns, and 67761 nonzeros.
Reduced MIP has 5837 binaries, 0 generals, 0 SOSs, and 0 indicators.
Presolve time = 0.03 sec. (73.42 ticks)
Represolve time = 0.27 sec. (553.54 ticks)
  50093     0       36.4278   268       51.3990      Cuts: 40  8998801   17.62%
  50093     0       36.6811   249       51.3990      Cuts: 45  8999972   17.62%
  50093     0       36.6951   253       51.3990      Cuts: 20  9000858   17.62%
  50093     0       36.7004   251       51.3990      Cuts: 19  9001345   17.62%
  50093     0       36.7157   298       51.3990      Cuts: 28  9002378   17.62%
* 50093+    0                           51.2486       42.3428            17.38%
  50093     0       37.0403   256       51.2486      Cuts: 23  9005783   17.38%
  50093     0       37.0403   251       51.2486       Cuts: 8  9005946   17.38%
  50093     0       37.0404   261       51.2486       Cuts: 7  9006274   17.38%

Repeating presolve.
Tried aggregator 2 times.
MIP Presolve eliminated 26 rows and 114 columns.
MIP Presolve modified 6000 coefficients.
Aggregator did 13 substitutions.
Reduced MIP has 2792 rows, 5735 columns, and 88218 nonzeros.
Reduced MIP has 5710 binaries, 0 generals, 0 SOSs, and 0 indicators.
Presolve time = 0.07 sec. (143.12 ticks)
Tried aggregator 1 time.
MIP Presolve eliminated 122 rows and 229 columns.
MIP Presolve modified 5 coefficients.
Reduced MIP has 2670 rows, 5506 columns, and 83956 nonzeros.
Reduced MIP has 5481 binaries, 0 generals, 0 SOSs, and 0 indicators.
Presolve time = 0.03 sec. (72.39 ticks)
Tried aggregator 1 time.
Reduced MIP has 2670 rows, 5506 columns, and 83956 nonzeros.
Reduced MIP has 5481 binaries, 0 generals, 0 SOSs, and 0 indicators.
Presolve time = 0.04 sec. (68.18 ticks)
Represolve time = 0.50 sec. (1076.99 ticks)
  50093     0       37.0406   261       51.2486      Cuts: 15  9021071   17.38%
  50093     0       37.0408   286       51.2486      Cuts: 10  9021331   17.38%
  50093     0       37.0456   251       51.2486      Cuts: 16  9022788   17.38%
  50093     0       37.0466   263       51.2486      Cuts: 14  9023117   17.38%
  50093     0       37.0476   266       51.2486       Cuts: 6  9023603   17.38%
  50093     0       37.0484   260       51.2486       Cuts: 9  9023881   17.38%
  50093     0       37.0485   263       51.2486       Cuts: 7  9023946   17.38%
  50093     0       37.0489   284       51.2486   ZeroHalf: 7  9024234   17.38%
  50093     2       37.0489   272       51.2486       42.3428  9024234   17.38%
  50116    21       40.9590    44       51.2486       42.3428  9050214   17.38%
  50309   112       44.6194    50       51.2486       42.3428  9149964   17.38%
  50791   340       41.1910   135       51.2486       42.3428  9314574   17.38%
  51340   643       48.0391    33       51.2486       42.3428  9512475   17.38%
  52006   929       41.0595   142       51.2486       42.3428  9663762   17.38%
Elapsed time = 187.68 sec. (227588.44 ticks, tree = 2.17 MB, solutions = 12)
  52661  1449       44.4579    88       51.2486       42.3428  9905682   17.38%
  53439  1765       42.4475   160       51.2486       42.3428 10063029   17.38%
  54480  2186        cutoff             51.2486       42.3428 10223428   17.38%
  55884  3093       47.1842   122       51.2486       42.3428 10518120   17.38%
  57129  3714       47.5806    42       51.2486       42.3428 10810057   17.38%
* 58307+ 4512                           51.2486       42.3428            17.38%
  58519  4675       43.6160   103       51.2486       42.3428 11146876   17.38%
  59631  5568       41.5801    82       51.2486       42.3428 11408576   17.38%
  60422  6263       48.7557    74       51.2486       42.3428 11700826   17.38%
  61364  6818       40.3940   148       51.2486       42.3428 12058587   17.38%
  62501  7533       49.2107    49       51.2486       42.3428 12463640   17.38%
Elapsed time = 229.35 sec. (265772.83 ticks, tree = 23.02 MB, solutions = 12)
  63726  8296       40.4238   110       51.2486       42.3428 12810845   17.38%
  65207  9275       48.5850    34       51.2486       42.3428 13230008   17.38%
  66352  9917       44.6415    63       51.2486       42.3428 13517394   17.38%
  67343 10409       45.6485   145       51.2486       42.3428 13721354   17.38%
  69231 11120       42.0349    84       51.2486       42.3428 13966538   17.38%
* 69505+11476                           51.0282       42.3428            17.02%
  70886 12908        cutoff             51.0282       42.3428 14657415   17.02%
  71978 13171       41.1181   122       51.0282       42.3428 14764056   17.02%
  73988 14360       41.4170   130       51.0282       42.3428 15166550   17.02%
  75829 15005        cutoff             51.0282       42.3428 15440148   17.02%
* 76385+15569                           51.0282       42.3428            17.02%
  77518 15894       41.8106    96       51.0282       42.3428 15816661   17.02%
Elapsed time = 269.70 sec. (303945.41 ticks, tree = 49.49 MB, solutions = 13)
  78521 16944       41.5572    65       51.0282       42.3428 16324998   17.02%
  79923 17500        cutoff             51.0282       42.3428 16572105   17.02%
  81793 18697       49.4707   112       51.0282       42.3428 17031409   17.02%
  84045 19708       41.9112    78       51.0282       42.3428 17488861   17.02%
* 86113+20582                           49.7405       42.3428            14.87%
  86257 20733       48.0426    55       49.7405       42.3428 17869340   14.87%
  87511 19152       41.7801    95       49.7405       42.3428 18204746   14.87%
  89928 19435       41.9237    97       49.7405       42.3428 18338049   14.87%
* 92317+20238                           49.7405       42.3428            14.87%
  92693 20545       49.4554    67       49.7405       42.3428 18782236   14.87%
  95278 21682        cutoff             49.7405       42.3428 19233328   14.87%
  97706 22516        cutoff             49.7405       42.3428 19602691   14.87%
Elapsed time = 311.13 sec. (342140.99 ticks, tree = 70.06 MB, solutions = 14)
 100083 23274       42.1242   130       49.7405       42.3428 20020059   14.87%
 102387 23826       48.0277   161       49.7405       42.3428 20358905   14.87%
 103839 24448       42.2576   125       49.7405       42.3428 20697680   14.87%
 105553 25186       43.0897   163       49.7405       42.3428 21085605   14.87%
 108256 25556       48.6324    41       49.7405       42.3428 21204135   14.87%
 110919 27009       42.3342   123       49.7405       42.3428 21730389   14.87%
 113526 27681       42.4275   101       49.7405       42.3428 22012616   14.87%
 115843 28426       43.1012    83       49.7405       42.3428 22404991   14.87%
 117432 29346       42.4579   107       49.7405       42.3428 22791210   14.87%
 118239 30094       46.6851    90       49.7405       42.3428 23190275   14.87%
Elapsed time = 351.51 sec. (380324.03 ticks, tree = 93.68 MB, solutions = 14)
 119918 30234       42.5527    57       49.7405       42.3428 23283157   14.87%
 121473 31487       42.4841    80       49.7405       42.3969 23856445   14.76%
 123482 31653       42.5757   191       49.7405       42.4433 23937700   14.67%
 125794 32785        cutoff             49.7405       42.4530 24482554   14.65%
 127986 33281       42.6050   145       49.7405       42.4579 24678556   14.64%
 130172 34656       42.6424    84       49.7405       42.4591 25330830   14.64%
 132808 35832       44.9745   109       49.7405       42.4607 25915731   14.64%
 135325 36087       42.8113   117       49.7405       42.4782 26023488   14.60%
 136985 37123       42.7719   169       49.7405       42.5638 26450250   14.43%
 139278 37878       46.2280    85       49.7405       42.6080 26757385   14.34%
Elapsed time = 392.33 sec. (418505.73 ticks, tree = 119.28 MB, solutions = 14)
 142459 38707        cutoff             49.7405       42.6430 27231380   14.27%
 145419 39564       42.8434   218       49.7405       42.6697 27563566   14.22%
 148084 40244       46.9795   106       49.7405       42.6822 27917788   14.19%
 150811 40920       42.9948    77       49.7405       42.7225 28289168   14.11%
 153230 41832       43.0350    73       49.7405       42.7599 28727235   14.03%
 155695 42876       43.0014    74       49.7405       42.7901 29295056   13.97%
 158001 43583       43.2373    99       49.7405       42.8293 29611031   13.89%
 158895 44353       51.0593   118       49.7405       42.8734 30023088   13.81%
 159973 44697        cutoff             49.7405       42.9075 30202586   13.74%
 162408 44747    infeasible             49.7405       42.9556 30233367   13.64%
Elapsed time = 432.58 sec. (456668.12 ticks, tree = 141.42 MB, solutions = 14)
 165132 46171       44.2279   168       49.7405       42.9863 30740791   13.58%
 168229 46438        cutoff             49.7405       43.0061 30876314   13.54%
 171142 48022       43.1688    52       49.7405       43.0233 31518150   13.50%
 174157 48442       45.3275    78       49.7405       43.0473 31657553   13.46%
 177215 49723       43.2019   174       49.7405       43.0628 32223753   13.43%
 179880 50735       49.1003    59       49.7405       43.0970 32629877   13.36%
 181940 51360       43.2955   175       49.7405       43.1276 32852733   13.29%
 184821 52108       43.4505   224       49.7405       43.1659 33184656   13.22%
 187855 52925       46.1596   108       49.7405       43.2034 33561942   13.14%
 191048 53494        cutoff             49.7405       43.2406 33794172   13.07%
Elapsed time = 472.85 sec. (494825.32 ticks, tree = 170.59 MB, solutions = 14)
 194223 54780       49.0320   106       49.7405       43.2728 34247284   13.00%
 197228 56117       43.5263    69       49.7405       43.3049 34790632   12.94%
 200101 57260       43.8399    96       49.7405       43.3297 35316132   12.89%
 202849 57954        cutoff             49.7405       43.3711 35666747   12.81%
 205598 58509        cutoff             49.7405       43.3971 35968683   12.75%
 207707 59754       45.2400   100       49.7405       43.4347 36621391   12.68%
 209669 59904       43.6702   164       49.7405       43.4701 36707412   12.61%
 212372 60516       43.7064    64       49.7405       43.4769 37074328   12.59%
 215159 61134       43.9800   125       49.7405       43.5506 37390918   12.44%
 218063 61904        cutoff             49.7405       43.5784 37794223   12.39%
Elapsed time = 513.55 sec. (532985.98 ticks, tree = 198.29 MB, solutions = 14)
 220771 63284        cutoff             49.7405       43.5823 38395295   12.38%
 223652 63551       43.7820   119       49.7405       43.5869 38549774   12.37%
 226296 63942       47.7121   147       49.7405       43.5946 38779019   12.36%
 229224 65314       43.8390   137       49.7405       43.6082 39391343   12.33%
 232104 66214       43.8700   134       49.7405       43.6845 39827908   12.18%
 234354 67240        cutoff             49.7405       43.7223 40273504   12.10%
 236922 67982       45.9692   172       49.7405       43.7621 40642754   12.02%
 240269 68633       47.0473    40       49.7405       43.7900 40903039   11.96%
 243394 69425       44.2717   252       49.7405       43.8241 41215892   11.89%
 246489 70184        cutoff             49.7405       43.8467 41552538   11.85%
Elapsed time = 554.10 sec. (571146.30 ticks, tree = 228.39 MB, solutions = 14)
 249526 71164       44.0200    87       49.7405       43.8702 41917109   11.80%
 252682 72049       45.7661    92       49.7405       43.8934 42442948   11.76%
 255816 73223        cutoff             49.7405       43.9168 42941359   11.71%
 259161 73310       44.1798    68       49.7405       43.9519 43008412   11.64%
 262363 74532       48.8463    91       49.7405       43.9745 43478646   11.59%
 265196 75742       47.6750   157       49.7405       44.0002 44022140   11.54%
 267328 76114        cutoff             49.7405       44.0275 44237895   11.49%
 270182 76719       44.2124    97       49.7405       44.0552 44483913   11.43%
 273393 77253        cutoff             49.7405       44.0853 44734839   11.37%
 276710 78570       44.3934    66       49.7405       44.1239 45468862   11.29%
Elapsed time = 595.34 sec. (609299.48 ticks, tree = 256.50 MB, solutions = 14)
 280011 79355        cutoff             49.7405       44.1558 45822309   11.23%
 283338 79897        cutoff             49.7405       44.1792 46094495   11.18%
 286694 80669        cutoff             49.7405       44.1974 46554573   11.14%
 290216 80780        cutoff             49.7405       44.2301 46596409   11.08%
 293685 81983        cutoff             49.7405       44.2591 47151314   11.02%
 297207 82667        cutoff             49.7405       44.2745 47471995   10.99%
 300820 83573       49.5860    97       49.7405       44.3133 47889445   10.91%
 303436 84101        cutoff             49.7405       44.3557 48223115   10.83%
 306056 85238        cutoff             49.7405       44.3922 48688298   10.75%
 309525 85723       44.9004    72       49.7405       44.4213 48949875   10.69%
Elapsed time = 636.68 sec. (647453.46 ticks, tree = 280.78 MB, solutions = 14)
 312835 86076        cutoff             49.7405       44.4521 49130499   10.63%
 316123 86756       44.6957    98       49.7405       44.4855 49550278   10.56%
 319500 88570       48.3740   123       49.7405       44.5110 50326352   10.51%
 322724 89059       44.7412   101       49.7405       44.5405 50576711   10.45%
 326098 89797       45.1861   104       49.7405       44.5770 51021876   10.38%
 329447 90685        cutoff             49.7405       44.6099 51543323   10.31%
 332715 91010        cutoff             49.7405       44.6381 51736716   10.26%
 336262 91878        cutoff             49.7405       44.6588 52159657   10.22%
 339078 92373       44.9557   136       49.7405       44.6832 52442357   10.17%
 341447 93246        cutoff             49.7405       44.7187 52925948   10.10%
Elapsed time = 677.67 sec. (685611.49 ticks, tree = 306.04 MB, solutions = 14)
 344906 93609       44.8949    81       49.7405       44.7573 53119969   10.02%
 348378 94555       44.9271    70       49.7405       44.7863 53527558    9.96%
 351728 95583        cutoff             49.7405       44.8102 54024334    9.91%
 355244 95777       44.9526    80       49.7405       44.8394 54103342    9.85%
 358687 96738       48.3231   156       49.7405       44.8559 54542649    9.82%
 361984 97348       46.7428   130       49.7405       44.8686 54799847    9.79%
 365538 98419     2716.4388   134       49.7405       44.8927 55233003    9.75%
 368978 99363       47.4006   134       49.7405       44.9221 55665402    9.69%
 372302 100063        cutoff             49.7405       44.9502 55965585    9.63%
 375792 101063        cutoff             49.7405       44.9743 56490345    9.58%
Elapsed time = 718.45 sec. (723769.15 ticks, tree = 332.62 MB, solutions = 14)
 379058 101838       45.1726   155       49.7405       45.0028 56907704    9.52%
 381412 102476       45.1630   170       49.7405       45.0279 57223753    9.47%
 384265 102794       45.2169    50       49.7405       45.0557 57427979    9.42%
 387553 103285       49.2551   117       49.7405       45.0907 57724807    9.35%
 390747 105400       47.6983    77       49.7405       45.1203 58554060    9.29%
 393902 105867       45.2514   150       49.7405       45.1479 58806568    9.23%
 397260 106866       45.3808   124       49.7405       45.1738 59264777    9.18%
 400605 107286       45.4444    66       49.7405       45.1833 59577225    9.16%
 404149 107700    infeasible             49.7405       45.1998 59873501    9.13%
 407749 108856        cutoff             49.7405       45.2148 60611973    9.10%
Elapsed time = 760.48 sec. (761937.25 ticks, tree = 358.99 MB, solutions = 14)
 411517 109149        cutoff             49.7405       45.2240 60793954    9.08%
 415129 109651        cutoff             49.7405       45.2412 61063709    9.05%
 418383 110214       45.4199   124       49.7405       45.2683 61419936    8.99%
 420772 111064       45.4281    98       49.7405       45.2931 61957280    8.94%
 424306 111255       45.4484    67       49.7405       45.3163 62113363    8.89%
 428193 111773       45.5008   105       49.7405       45.3491 62390151    8.83%
 432125 112360       45.5360    76       49.7405       45.3789 62793955    8.77%
 435928 113086       48.1363   243       49.7405       45.3990 63255472    8.73%
 439849 113554        cutoff             49.7405       45.4253 63675321    8.68%
 443881 113868       45.6653   118       49.7405       45.4410 63819906    8.64%
Elapsed time = 801.94 sec. (800096.87 ticks, tree = 376.68 MB, solutions = 14)
 448068 114532       45.6078    87       49.7405       45.4655 64199711    8.59%
 452016 115106        cutoff             49.7405       45.4951 64595236    8.54%
 456290 115421       45.7968    69       49.7405       45.5194 64870674    8.49%
 460533 115907       45.7108    91       49.7405       45.5489 65293519    8.43%
 464600 116642       45.6268   150       49.7405       45.5764 65889530    8.37%
 468480 116966        cutoff             49.7405       45.6059 66100461    8.31%
 471946 117665       45.8264    94       49.7405       45.6387 66582629    8.25%
 474717 118177       45.9949   154       49.7405       45.6734 66939594    8.18%
 478519 118374       46.7046    84       49.7405       45.7048 67232117    8.11%
 482647 118559       45.8939   147       49.7405       45.7431 67383551    8.04%
Elapsed time = 843.92 sec. (838250.27 ticks, tree = 393.82 MB, solutions = 14)
 486529 119160       45.9326   249       49.7405       45.7673 67783674    7.99%
 490565 119629        cutoff             49.7405       45.7673 68087303    7.99%
 494295 120153       46.3361   132       49.7405       45.7673 68437078    7.99%
 497915 120542       48.9476    62       49.7405       45.7754 68802631    7.97%
 501993 121528       45.9583   104       49.7405       45.8430 69384119    7.84%
 505855 121685        cutoff             49.7405       45.8802 69490818    7.76%
 509853 122473        cutoff             49.7405       45.9144 70158027    7.69%
 513747 122783       46.0854    81       49.7405       45.9411 70346402    7.64%
 518036 122946       46.1839    88       49.7405       45.9686 70588564    7.58%
 522296 123500        cutoff             49.7405       45.9881 71126290    7.54%
Elapsed time = 886.46 sec. (876407.22 ticks, tree = 411.79 MB, solutions = 14)
 526081 123909        cutoff             49.7405       46.0143 71450181    7.49%
 528914 123981       46.2005    43       49.7405       46.0378 71600028    7.44%
 532588 124163       49.7254    49       49.7405       46.0641 72047667    7.39%
 536522 124675       46.1888   100       49.7405       46.0887 72492662    7.34%
 540525 124896       46.2711    89       49.7405       46.1192 72692531    7.28%
 544703 125518       46.2685    78       49.7405       46.1429 73198021    7.23%
 548738 125636       46.3328    69       49.7405       46.1744 73346482    7.17%
 552931 126053       46.3285    84       49.7405       46.1957 73816304    7.13%
 557199 126276        cutoff             49.7405       46.2173 74105582    7.08%
 561571 126775        cutoff             49.7405       46.2425 74580053    7.03%
Elapsed time = 927.73 sec. (914564.40 ticks, tree = 424.21 MB, solutions = 14)
 565694 126867        cutoff             49.7405       46.2659 74714964    6.99%
 570003 127459       46.4499    64       49.7405       46.2913 75252310    6.93%
 574513 127803        cutoff             49.7405       46.3194 75679939    6.88%
 578888 127935       46.5298   131       49.7405       46.3496 75834441    6.82%
 582920 128159        cutoff             49.7405       46.3752 76229765    6.77%
 586879 128430    infeasible             49.7405       46.4075 76418324    6.70%
 589994 128834        cutoff             49.7405       46.4327 76975251    6.65%
 593488 128777       46.6114    90       49.7405       46.4601 77128546    6.59%
 597897 128804        cutoff             49.7405       46.4886 77433574    6.54%
 602102 129073        cutoff             49.7405       46.5144 77908776    6.49%
Elapsed time = 969.56 sec. (952722.17 ticks, tree = 433.38 MB, solutions = 14)
 606113 129346        cutoff             49.7405       46.5356 78201596    6.44%
 610150 129534        cutoff             49.7405       46.5626 78451183    6.39%
 614209 129948       46.7395   124       49.7405       46.5847 78965783    6.34%
 618524 130495        cutoff             49.7405       46.6077 79456913    6.30%
 622813 130684       47.2870    85       49.7405       46.6287 79606752    6.26%
 627293 130913       46.8023    59       49.7405       46.6570 79859894    6.20%
 631677 131554        cutoff             49.7405       46.6837 80497649    6.15%
 636157 131858       46.8169   118       49.7405       46.7048 80812312    6.10%
 640707 131951       46.8882    82       49.7405       46.7256 80848551    6.06%
 645322 132297       46.9193    82       49.7405       46.7485 81246378    6.02%
Elapsed time = 1011.66 sec. (990876.60 ticks, tree = 445.75 MB, solutions = 14)
 650082 132828       47.0153    70       49.7405       46.7733 81730988    5.97%
 654130 133198        cutoff             49.7405       46.8019 82002157    5.91%
 657488 133374        cutoff             49.7405       46.8273 82214458    5.86%
 661624 133512       47.1067   116       49.7405       46.8547 82553015    5.80%
 666155 133611    infeasible             49.7405       46.8818 82683106    5.75%
 670480 134031       47.0203   140       49.7405       46.9111 83146984    5.69%
 675166 134421       47.2688   187       49.7405       46.9314 83563640    5.65%
 679996 134654       47.3831   135       49.7405       46.9500 83906083    5.61%
 684474 134849        cutoff             49.7405       46.9720 84138336    5.57%
 688899 134954       47.1259    80       49.7405       46.9917 84610418    5.53%
Elapsed time = 1053.57 sec. (1029035.13 ticks, tree = 459.50 MB, solutions = 14)
 693589 135108       48.1732    83       49.7405       47.0130 84990437    5.48%
 697837 135255       47.1879    43       49.7405       47.0365 85242897    5.44%
 702068 135424       47.2459    97       49.7405       47.0597 85498383    5.39%
 706234 135627        cutoff             49.7405       47.0921 85990043    5.32%
 710879 135870       47.2718    97       49.7405       47.1166 86255539    5.28%
 715268 136263       47.3749    79       49.7405       47.1382 86777519    5.23%
 719206 136380        cutoff             49.7405       47.1598 87066536    5.19%
 723346 136706       47.3640   106       49.7405       47.1859 87579549    5.14%
 726436 136808       47.7633   140       49.7405       47.2072 87740845    5.09%
 730439 136845       47.3583    32       49.7405       47.2283 87917603    5.05%
Elapsed time = 1095.61 sec. (1067188.56 ticks, tree = 467.16 MB, solutions = 14)
 735093 136837       47.3913    70       49.7405       47.2521 88157876    5.00%
 739732 137140       48.5783   123       49.7405       47.2688 88647990    4.97%
 744622 137186        cutoff             49.7405       47.2858 88975216    4.94%
 749295 137280       47.4403    81       49.7405       47.3053 89396725    4.90%
 753879 137206        cutoff             49.7405       47.3262 89556331    4.85%
 758679 137344       47.6494    65       49.7405       47.3422 89899320    4.82%
 763695 137714       47.6679    81       49.7405       47.3585 90389298    4.79%
 768612 137798       49.5201   194       49.7405       47.3859 90698542    4.73%
 773547 137922       47.5233    88       49.7405       47.4094 90915948    4.69%
 778479 138001       47.8274   181       49.7405       47.4330 91233426    4.64%
Elapsed time = 1137.22 sec. (1105341.09 ticks, tree = 472.62 MB, solutions = 14)
 783688 138097       47.5357    50       49.7405       47.4481 91733840    4.61%
 788816 138034       48.9400    67       49.7405       47.4664 91823074    4.57%
 794045 138016       48.6967    99       49.7405       47.4862 92094776    4.53%
 799291 137635       47.6766    89       49.7405       47.5086 92572904    4.49%
 803915 137378        cutoff             49.7405       47.5327 92921920    4.44%
 807665 137114        cutoff             49.7405       47.5572 93318799    4.39%
 812136 136846       49.2730   129       49.7405       47.5822 93502124    4.34%
 817357 136739       47.7482    35       49.7405       47.5989 93652387    4.31%
 822404 136550       48.6710    58       49.7405       47.6226 94048812    4.26%
 827224 136423        cutoff             49.7405       47.6444 94217208    4.21%
Elapsed time = 1179.44 sec. (1143494.61 ticks, tree = 468.62 MB, solutions = 14)
 832186 136235        cutoff             49.7405       47.6691 94840365    4.16%
 836894 136138        cutoff             49.7405       47.6851 95283358    4.13%
 841658 136128        cutoff             49.7405       47.7010 95352736    4.10%
 846692 135870        cutoff             49.7405       47.7204 95831340    4.06%
 851946 135535       47.8802   138       49.7405       47.7435 96074178    4.01%
 857095 135099        cutoff             49.7405       47.7643 96612273    3.97%
 862414 134944        cutoff             49.7405       47.7795 96874793    3.94%
 867858 134924       47.9286    62       49.7405       47.7991 97163064    3.90%
 873231 134807        cutoff             49.7405       47.8175 97296358    3.87%
 878637 134302       47.9832    85       49.7405       47.8390 97707723    3.82%
Elapsed time = 1222.13 sec. (1181649.60 ticks, tree = 462.74 MB, solutions = 14)
 884126 133782       48.0101    29       49.7405       47.8611 98001484    3.78%
 888988 132595        cutoff             49.7405       47.8824 98529271    3.74%
 892927 131633       49.5519   215       49.7405       47.9030 98788684    3.69%
 898228 131605        cutoff             49.7405       47.9198 98805696    3.66%
 903671 130904        cutoff             49.7405       47.9392 99141203    3.62%
 908896 130194       48.1091    72       49.7405       47.9646 99485665    3.57%
 911169 129319        cutoff             49.7405       47.9917 99803658    3.52%
 913487 128925    infeasible             49.7405       48.0164 99947379    3.47%
 918537 128198        cutoff             49.7405       48.0388 1.00e+08    3.42%
 924182 127856       48.1936    63       49.7405       48.0548 1.00e+08    3.39%
Elapsed time = 1262.60 sec. (1219805.31 ticks, tree = 441.77 MB, solutions = 14)
 929348 127001       48.2378    66       49.7405       48.0697 1.01e+08    3.36%
 931534 125379        cutoff             49.7405       48.0973 1.01e+08    3.30%
 934736 124879        cutoff             49.7405       48.1148 1.01e+08    3.27%
 940188 124238        cutoff             49.7405       48.1273 1.01e+08    3.24%
 946082 122936       48.2839    85       49.7405       48.1434 1.02e+08    3.21%
 950355 122766        cutoff             49.7405       48.1715 1.02e+08    3.15%
 952152 121190       48.3177    86       49.7405       48.2037 1.02e+08    3.09%
 954772 120995       48.3212    59       49.7405       48.2182 1.02e+08    3.06%
 960304 120513        cutoff             49.7405       48.2279 1.02e+08    3.04%
 965918 120374        cutoff             49.7405       48.2437 1.02e+08    3.01%
Elapsed time = 1303.18 sec. (1257967.16 ticks, tree = 416.96 MB, solutions = 14)
 971232 119911       49.0644   190       49.7405       48.2754 1.03e+08    2.95%
 973762 118195        cutoff             49.7405       48.2988 1.03e+08    2.90%
 975953 118047        cutoff             49.7405       48.3157 1.03e+08    2.86%
 980987 117258       48.4384    85       49.7405       48.3262 1.03e+08    2.84%
 987176 115555        cutoff             49.7405       48.3417 1.04e+08    2.81%
 993035 114882        cutoff             49.7405       48.3573 1.04e+08    2.78%
 995714 114186        cutoff             49.7405       48.3783 1.04e+08    2.74%
 997558 113448        cutoff             49.7405       48.3974 1.05e+08    2.70%
 1002265 113280        cutoff             49.7405       48.4124 1.05e+08    2.67%
 1008083 112711       48.5375    69       49.7405       48.4283 1.05e+08    2.64%
Elapsed time = 1343.41 sec. (1296126.79 ticks, tree = 391.42 MB, solutions = 14)
 1013993 111086        cutoff             49.7405       48.4530 1.05e+08    2.59%
 1017754 109759        cutoff             49.7405       48.4753 1.06e+08    2.54%
 1019329 109094       48.5838    55       49.7405       48.4893 1.06e+08    2.52%
 1022675 108283        cutoff             49.7405       48.5000 1.06e+08    2.49%
 1028865 107579       49.4895   268       49.7405       48.5024 1.06e+08    2.49%
 1035123 106498        cutoff             49.7405       48.5191 1.06e+08    2.46%
 1038751 105537       49.0964    90       49.7405       48.5457 1.06e+08    2.40%
 1040575 103356        cutoff             49.7405       48.5767 1.07e+08    2.34%
 1044040 102944        cutoff             49.7405       48.5919 1.07e+08    2.31%
 1050580 101971       48.7077    74       49.7405       48.6092 1.07e+08    2.27%
Elapsed time = 1384.26 sec. (1334278.67 ticks, tree = 354.81 MB, solutions = 14)
 1056998 101084       48.7409    28       49.7405       48.6259 1.07e+08    2.24%
 1060447 98386       48.7700    52       49.7405       48.6470 1.07e+08    2.20%
 1062477 97824        cutoff             49.7405       48.6703 1.08e+08    2.15%
 1065893 96362        cutoff             49.7405       48.6835 1.08e+08    2.12%
 1072620 95143       48.8304    54       49.7405       48.7002 1.08e+08    2.09%
 1077826 93208       48.8457    53       49.7405       48.7407 1.08e+08    2.01%
 1079998 91048        cutoff             49.7405       48.7559 1.08e+08    1.98%
 1083028 90414        cutoff             49.7405       48.7732 1.08e+08    1.94%
 1089691 88941        cutoff             49.7405       48.7955 1.08e+08    1.90%
 1094218 86465        cutoff             49.7405       48.8187 1.09e+08    1.85%
Elapsed time = 1423.52 sec. (1372435.66 ticks, tree = 301.35 MB, solutions = 14)
 1096184 85398        cutoff             49.7405       48.8422 1.09e+08    1.81%
 1098670 84691        cutoff             49.7405       48.8636 1.09e+08    1.76%
 1104815 83526        cutoff             49.7405       48.8751 1.09e+08    1.74%
 1111250 81387       49.1659    87       49.7405       48.9080 1.09e+08    1.67%
*1112483 79884      integral     0       49.6607       48.9080 1.09e+08    1.52%
 1115208 71641        cutoff             49.6607       48.9297 1.10e+08    1.47%
 1120904 70594       49.0390    42       49.6607       48.9486 1.10e+08    1.43%
 1127513 69343        cutoff             49.6607       48.9753 1.10e+08    1.38%
 1130231 67373       49.0390    33       49.6607       48.9997 1.10e+08    1.33%
 1134112 66173        cutoff             49.6607       49.0132 1.10e+08    1.30%
Elapsed time = 1459.20 sec. (1408191.11 ticks, tree = 229.94 MB, solutions = 15)
 1141722 64358        cutoff             49.6607       49.0288 1.10e+08    1.27%
 1149717 61625        cutoff             49.6607       49.0507 1.11e+08    1.23%
 1157580 58522        cutoff             49.6607       49.0983 1.11e+08    1.13%
 1165686 53933        cutoff             49.6607       49.1455 1.11e+08    1.04%
 1173949 51410        cutoff             49.6607       49.1923 1.11e+08    0.94%
 1182385 47166        cutoff             49.6607       49.2335 1.12e+08    0.86%
 1191049 42299        cutoff             49.6607       49.2824 1.12e+08    0.76%
 1199925 38049        cutoff             49.6607       49.3263 1.12e+08    0.67%
 1208439 34548       49.4094    59       49.6607       49.3594 1.12e+08    0.61%
 1217804 29546    infeasible             49.6607       49.4117 1.13e+08    0.50%
Elapsed time = 1505.94 sec. (1446343.83 ticks, tree = 99.39 MB, solutions = 15)
 1227748 25163       49.4799    63       49.6607       49.4412 1.13e+08    0.44%
 1236726 20787       49.5048    30       49.6607       49.4596 1.13e+08    0.40%
 1246852 14482       49.5593    61       49.6607       49.5423 1.13e+08    0.24%
 1256862  8645        cutoff             49.6607       49.5788 1.14e+08    0.16%
 1268136  6014       49.6259    24       49.6607       49.6189 1.14e+08    0.08%

Clique cuts applied:  2
Cover cuts applied:  8
Implied bound cuts applied:  6
Flow cuts applied:  2
Mixed integer rounding cuts applied:  16
Zero-half cuts applied:  45
Lift and project cuts applied:  1
Gomory fractional cuts applied:  3

Root node processing (before b&c):
  Real time             =    2.94 sec. (4877.23 ticks)
Parallel b&c, 20 threads:
  Real time             = 1533.13 sec. (1463243.17 ticks)
  Sync time (average)   =  422.77 sec.
  Wait time (average)   =    0.12 sec.
                          ------------
Total (root+branch&cut) = 1536.08 sec. (1468120.40 ticks)
Feasible solution found!
Truck nodes:
Stage 1 at customer 0 with arrival time is: 0
Stage 1 at customer 0 with departure time is: 0
Stage 2 at customer 10 with arrival time is: 1.69544
Stage 2 at customer 10 with departure time is: 1.69544
Stage 3 at customer 4 with arrival time is: 5.40532
Stage 3 at customer 4 with departure time is: 9.74345
Stage 4 at customer 5 with arrival time is: 17.4407
Stage 4 at customer 5 with departure time is: 19.4407
Stage 5 at customer 7 with arrival time is: 19.7374
Stage 5 at customer 7 with departure time is: 19.7422
Stage 6 at customer 9 with arrival time is: 27.5935
Stage 6 at customer 9 with departure time is: 29.5935
Stage 7 at customer 1 with arrival time is: 32.5198
Stage 7 at customer 1 with departure time is: 32.5198
Stage 8 at customer 11 with arrival time is: 41.0961
Stage 8 at customer 11 with departure time is: 43.0961
Stage 9 at customer 13 with arrival time is: 48.6607
Stage 9 at customer 13 with departure time is: 49.6607
Truck arcs:
Arc 1 connecting 0 and 10 with cost 1.69544 
Arc 2 connecting 10 and 4 with cost 3.70988 
Arc 3 connecting 4 and 5 with cost 7.69723 
Arc 4 connecting 5 and 7 with cost 0.296772 
Arc 5 connecting 7 and 9 with cost 7.85137 
Arc 6 connecting 9 and 1 with cost 2.92627 
Arc 7 connecting 1 and 11 with cost 8.57633 
Arc 8 connecting 11 and 13 with cost 5.5646 
Drone served customers
Drone flies from stage 1 to stage 3
Drone flies from stage 3 to stage 4
Drone flies from stage 4 to stage 6
Drone flies from stage 6 to stage 8
Drone flies from stage 8 to stage 9
Drone flies from stage 6 to stage 8 to serve customer 2
Drone flies from stage 3 to stage 4 to serve customer 3
Drone flies from stage 4 to stage 6 to serve customer 6
Drone flies from stage 1 to stage 3 to serve customer 8
Drone flies from stage 8 to stage 9 to serve customer 12
1
Customer 2 served by drone.
Y_val: 1
W_val: 1
Drone fly from 9 at stage 6 to serve 2 and then fly back to 11 at stage 8. 
Truck travel time from stage 6 to 8 is: 11.5026
Start arc cost: 6.76692, end arc cost: 4.27544. Total drone travel time: 11.0424
Drone arrival time: 40.6359
Truck arrival time: 41.0961
Truck departure time = max(d/a, t/a) plus (sl/sr): 43.0961
1
Customer 3 served by drone.
Y_val: 1
W_val: 1
Drone fly from 4 at stage 3 to serve 3 and then fly back to 5 at stage 4. 
Truck travel time from stage 3 to 4 is: 7.69723
Start arc cost: 2.9959, end arc cost: 3.63236. Total drone travel time: 6.62826
Drone arrival time: 16.3717
Truck arrival time: 17.4407
Truck departure time = max(d/a, t/a) plus (sl/sr): 19.4407
1
Customer 6 served by drone.
Y_val: 1
W_val: 1
Drone fly from 5 at stage 4 to serve 6 and then fly back to 9 at stage 6. 
Truck travel time from stage 4 to 6 is: 8.14814
Start arc cost: 4.41084, end arc cost: 3.74201. Total drone travel time: 8.15285
Drone arrival time: 27.5935
Truck arrival time: 27.5935
Truck departure time = max(d/a, t/a) plus (sl/sr): 29.5935
1
Customer 8 served by drone.
Y_val: 1
W_val: 1
Drone fly from 0 at stage 1 to serve 8 and then fly back to 4 at stage 3. 
Truck travel time from stage 1 to 3 is: 5.40532
Start arc cost: 3.40431, end arc cost: 4.33914. Total drone travel time: 7.74345
Drone arrival time: 7.74345
Truck arrival time: 5.40532
Truck departure time = max(d/a, t/a) plus (sl/sr): 9.74345
1
Customer 12 served by drone.
Y_val: 1
W_val: 1
Drone fly from 11 at stage 8 to serve 12 and then fly back to 13 at stage 9. 
Truck travel time from stage 8 to 9 is: 5.5646
Start arc cost: 2.07525, end arc cost: 3.02215. Total drone travel time: 5.0974
Drone arrival time: 48.1935
Truck arrival time: 48.6607
Truck departure time = max(d/a, t/a) plus (sl/sr): 49.6607
Done!
-------------------------Re-calculated objective-----------------------
49.6607
------------------------------------------------------------------------
Solve time: 1536.08
OBJECTIVE VALUE: 49.6607, NUMBER OF SORTIES: 5.
In write mode
