Instance name: /home/cuong/CLionProjects/uMV-FSTSP/rand_generated_instances/v60
Write arg val: 1

drone speed: 1 miles/minute
uav non-eligible customer: 12 14 
Travel time is in self-calculate mode. tau/tau_prime provided from instance file will be disregarded.
Printing tau:
0 7.05128 15.7571 12.1286 13.8575 15.8958 9.51841 19.9129 15.8304 20.211 3.85884 14.1015 10.6065 0 
7.05128 0 18.5942 11.3673 9.68504 13.1962 9.1783 24.1798 18.8831 17.3898 10.8221 17.1048 6.5357 7.05128 
15.7571 18.5942 0 9.21651 15.2539 12.6994 9.9818 6.71564 0.607763 14.514 14.3792 1.65851 14.8935 15.7571 
12.1286 11.3673 9.21651 0 6.06724 4.70011 2.62359 15.8646 9.72618 8.51798 13.2324 8.33374 6.01804 12.1286 
13.8575 9.68504 15.2539 6.06724 0 4.22093 6.52705 21.9265 15.7773 7.89037 16.3303 14.3991 3.34999 13.8575 
15.8958 13.1962 12.6994 4.70011 4.22093 0 6.74238 19.3903 13.2811 4.35037 17.5742 12.2357 6.68686 15.8958 
9.51841 9.1783 9.9818 2.62359 6.52705 6.74238 0 16.2948 10.3902 10.8858 10.8426 8.74147 5.03727 9.51841 
19.9129 24.1798 6.71564 15.8646 21.9265 19.3903 16.2948 0 6.16229 20.8669 17.4122 7.58932 21.3149 19.9129 
15.8304 18.8831 0.607763 9.72618 15.7773 13.2811 10.3902 6.16229 0 15.1218 14.3081 1.79221 15.3379 15.8304 
20.211 17.3898 14.514 8.51798 7.89037 4.35037 10.8858 20.8669 15.1218 0 21.7099 14.5186 10.8549 20.211 
3.85884 10.8221 14.3792 13.2324 16.3303 17.5742 10.8426 17.4122 14.3081 21.7099 0 12.7523 13.3248 3.85884 
14.1015 17.1048 1.65851 8.33374 14.3991 12.2357 8.74147 7.58932 1.79221 14.5186 12.7523 0 13.7397 14.1015 
10.6065 6.5357 14.8935 6.01804 3.34999 6.68686 5.03727 21.3149 15.3379 10.8549 13.3248 13.7397 0 10.6065 
0 0 0 0 0 0 0 0 0 0 0 0 0 0 
Printing tau_prime:
0 1.76282 3.93928 3.03216 3.46436 3.97396 2.3796 4.97822 3.9576 5.05276 0.96471 3.52538 2.65163 0 
1.76282 0 4.64854 2.84182 2.42126 3.29904 2.29457 6.04495 4.72079 4.34745 2.70553 4.2762 1.63392 1.76282 
3.93928 4.64854 0 2.30413 3.81346 3.17486 2.49545 1.67891 0.151941 3.62851 3.5948 0.414627 3.72337 3.93928 
3.03216 2.84182 2.30413 0 1.51681 1.17503 0.655898 3.96615 2.43155 2.1295 3.30811 2.08344 1.50451 3.03216 
3.46436 2.42126 3.81346 1.51681 0 1.05523 1.63176 5.48163 3.94433 1.97259 4.08257 3.59978 0.837498 3.46436 
3.97396 3.29904 3.17486 1.17503 1.05523 0 1.6856 4.84758 3.32027 1.08759 4.39354 3.05894 1.67172 3.97396 
2.3796 2.29457 2.49545 0.655898 1.63176 1.6856 0 4.07369 2.59755 2.72144 2.71066 2.18537 1.25932 2.3796 
4.97822 6.04495 1.67891 3.96615 5.48163 4.84758 4.07369 0 1.54057 5.21671 4.35306 1.89733 5.32873 4.97822 
3.9576 4.72079 0.151941 2.43155 3.94433 3.32027 2.59755 1.54057 0 3.78044 3.57702 0.448051 3.83447 3.9576 
5.05276 4.34745 3.62851 2.1295 1.97259 1.08759 2.72144 5.21671 3.78044 0 5.42746 3.62965 2.71373 5.05276 
0.96471 2.70553 3.5948 3.30811 4.08257 4.39354 2.71066 4.35306 3.57702 5.42746 0 3.18806 3.33121 0.96471 
3.52538 4.2762 0.414627 2.08344 3.59978 3.05894 2.18537 1.89733 0.448051 3.62965 3.18806 0 3.43494 3.52538 
2.65163 1.63392 3.72337 1.50451 0.837498 1.67172 1.25932 5.32873 3.83447 2.71373 3.33121 3.43494 0 2.65163 
0 0 0 0 0 0 0 0 0 0 0 0 0 0 
Printing number of nodes: 13

Warning:  Output names have been modified due to duplicate names or characters invalid in LP format.
Version identifier: 22.1.1.0 | 2022-11-28 | 9160aff4d
CPXPARAM_Emphasis_MIP                            2
CPXPARAM_MIP_Tolerances_Integrality              0
Tried aggregator 2 times.
MIP Presolve eliminated 11520 rows and 1719 columns.
MIP Presolve modified 6650 coefficients.
Aggregator did 28 substitutions.
Reduced MIP has 2778 rows, 6094 columns, and 77388 nonzeros.
Reduced MIP has 6069 binaries, 0 generals, 0 SOSs, and 0 indicators.
Presolve time = 0.07 sec. (151.24 ticks)
Found incumbent of value 19641.399588 after 0.13 sec. (272.48 ticks)
Probing time = 0.01 sec. (10.17 ticks)
Cover probing fixed 2 vars, tightened 1 bounds.
Tried aggregator 2 times.
Detecting symmetries...
MIP Presolve eliminated 21 rows and 2 columns.
MIP Presolve modified 172 coefficients.
Aggregator did 2 substitutions.
Reduced MIP has 2755 rows, 6090 columns, and 77353 nonzeros.
Reduced MIP has 6065 binaries, 0 generals, 0 SOSs, and 0 indicators.
Presolve time = 0.04 sec. (89.00 ticks)
Probing time = 0.01 sec. (9.24 ticks)
Clique table members: 30782.
MIP emphasis: optimality.
MIP search method: dynamic search.
Parallel mode: deterministic, using up to 20 threads.
Root relaxation solution time = 0.25 sec. (576.80 ticks)

        Nodes                                         Cuts/
   Node  Left     Objective  IInf  Best Integer    Best Bound    ItCnt     Gap

*     0+    0                        19641.3996        3.8588            99.98%
      0     0       43.3256   257    19641.3996       43.3256       21   99.78%
*     0+    0                           71.3709       43.3256            39.30%
      0     0       47.0793   260       71.3709      Cuts: 33     1339   34.04%
      0     0       47.2075   249       71.3709  ZeroHalf: 11     2312   33.86%
*     0+    0                           71.1339       47.2075            33.64%
      0     0       47.3637   231       71.1339   ZeroHalf: 8     4980   33.42%
*     0+    0                           64.7693       47.3637            26.87%
*     0+    0                           63.1913       47.3637            25.05%
*     0+    0                           61.5779       47.3637            23.08%
      0     0  -1.00000e+75     0       61.5779       47.3637     4980   23.08%
      0     0       47.4360   210       61.5779  ZeroHalf: 31     5784   22.97%
      0     0       47.6475   171       61.5779  ZeroHalf: 15     9662   22.62%
Detecting symmetries...
      0     0       47.6601   263       61.5779      Cuts: 23    12066   22.60%
*     0+    0                           55.2064       47.6601            13.67%
      0     0       47.7054   254       55.2064   ZeroHalf: 5    16226   13.59%
*     0+    0                           54.2362       47.7054            12.04%
      0     0       47.7140   316       54.2362  ZeroHalf: 13    19302   12.03%
      0     0       47.7206   325       54.2362   ZeroHalf: 6    19919   12.01%
*     0+    0                           53.9173       47.7206            11.49%
*     0+    0                           52.7532       47.7206             9.54%
*     0+    0                           51.6183       48.3861             6.26%
Detecting symmetries...

Repeating presolve.
Tried aggregator 2 times.
MIP Presolve eliminated 468 rows and 1828 columns.
MIP Presolve modified 341 coefficients.
Aggregator did 42 substitutions.
Reduced MIP has 2245 rows, 4220 columns, and 55925 nonzeros.
Reduced MIP has 4195 binaries, 0 generals, 0 SOSs, and 0 indicators.
Presolve time = 0.03 sec. (70.53 ticks)
Probing time = 0.01 sec. (8.37 ticks)
Tried aggregator 2 times.
Detecting symmetries...
MIP Presolve eliminated 13 rows and 0 columns.
MIP Presolve modified 7 coefficients.
Aggregator did 2 substitutions.
Reduced MIP has 2230 rows, 4218 columns, and 55908 nonzeros.
Reduced MIP has 4193 binaries, 0 generals, 0 SOSs, and 0 indicators.
Presolve time = 0.03 sec. (49.63 ticks)
Represolve time = 0.10 sec. (165.20 ticks)
Probing time = 0.00 sec. (8.45 ticks)
Clique table members: 25871.
MIP emphasis: optimality.
MIP search method: dynamic search.
Parallel mode: deterministic, using up to 20 threads.
Root relaxation solution time = 0.39 sec. (505.93 ticks)

        Nodes                                         Cuts/
   Node  Left     Objective  IInf  Best Integer    Best Bound    ItCnt     Gap

*     0+    0                           51.6183       49.0000             5.07%
      0     0       47.7206   310       51.6183       49.0000    19952    5.07%
      0     0       47.7736   258       51.6183   ZeroHalf: 3    21737    5.07%
      0     0       47.7934   279       51.6183  ZeroHalf: 11    23442    5.07%
      0     0       47.8068   260       51.6183       Cuts: 7    27445    5.07%
*     0+    0                           51.4241       49.0000             4.71%
      0     0       47.8140   278       51.4241      Cuts: 15    27850    4.71%
Detecting symmetries...
      0     2       47.8140   218       51.4241       49.0000    27850    4.71%
Elapsed time = 7.81 sec. (12451.97 ticks, tree = 0.02 MB, solutions = 12)
     98    25       51.3489   141       51.4241       49.0000    35113    4.71%
    476   108       49.0000    89       51.4241       49.0000    75588    4.71%
   1087    19       51.0867    16       51.4241       49.0000   123111    4.71%
   1282    14       51.2116    34       51.4241       49.0000   147504    4.71%
   1326     9        cutoff             51.4241       49.0000   155955    4.71%
   1339     6       51.2026    39       51.4241       49.0000   161469    4.71%
   1345     5       51.2026    39       51.4241       49.0000   162582    4.71%
   1388     8        cutoff             51.4241       49.0000   167242    4.71%
   1445     8        cutoff             51.4241       49.0000   176099    4.71%
   1992    18        cutoff             51.4241       49.0000   218349    4.71%
Elapsed time = 10.26 sec. (15684.24 ticks, tree = 0.21 MB, solutions = 12)
   3245     9       49.4100   242       51.4241       49.3072   278651    4.12%
   3378     8       50.5150   204       51.4241       50.5144   297136    1.77%

Implied bound cuts applied:  20
Zero-half cuts applied:  30
Lift and project cuts applied:  1
Gomory fractional cuts applied:  2

Root node processing (before b&c):
  Real time             =    7.69 sec. (12365.89 ticks)
Parallel b&c, 20 threads:
  Real time             =    4.04 sec. (5638.73 ticks)
  Sync time (average)   =    2.80 sec.
  Wait time (average)   =    0.00 sec.
                          ------------
Total (root+branch&cut) =   11.74 sec. (18004.62 ticks)
Feasible solution found!
Truck nodes:
Stage 1 at customer 0 with arrival time is: 0
Stage 1 at customer 0 with departure time is: 0
Stage 2 at customer 1 with arrival time is: 7.05128
Stage 2 at customer 1 with departure time is: 9.05128
Stage 3 at customer 12 with arrival time is: 15.587
Stage 3 at customer 12 with departure time is: 15.587
Stage 4 at customer 4 with arrival time is: 18.937
Stage 4 at customer 4 with departure time is: 20.937
Stage 5 at customer 5 with arrival time is: 25.1579
Stage 5 at customer 5 with departure time is: 27.1579
Stage 6 at customer 3 with arrival time is: 31.858
Stage 6 at customer 3 with departure time is: 34.6369
Stage 7 at customer 6 with arrival time is: 37.2605
Stage 7 at customer 6 with departure time is: 40.9057
Stage 8 at customer 13 with arrival time is: 50.4241
Stage 8 at customer 13 with departure time is: 51.4241
Truck arcs:
Arc 1 connecting 0 and 1 with cost 7.05128 
Arc 2 connecting 1 and 12 with cost 6.5357 
Arc 3 connecting 12 and 4 with cost 3.34999 
Arc 4 connecting 4 and 5 with cost 4.22093 
Arc 5 connecting 5 and 3 with cost 4.70011 
Arc 6 connecting 3 and 6 with cost 2.62359 
Arc 7 connecting 6 and 13 with cost 9.51841 
Drone served customers
Drone flies from stage 1 to stage 2
Drone flies from stage 2 to stage 4
Drone flies from stage 4 to stage 5
Drone flies from stage 5 to stage 6
Drone flies from stage 6 to stage 7
Drone flies from stage 7 to stage 8
Drone flies from stage 5 to stage 6 to serve customer 2
Drone flies from stage 7 to stage 8 to serve customer 7
Drone flies from stage 2 to stage 4 to serve customer 8
Drone flies from stage 4 to stage 5 to serve customer 9
Drone flies from stage 1 to stage 2 to serve customer 10
Drone flies from stage 6 to stage 7 to serve customer 11
1
Customer 2 served by drone.
Y_val: 1
W_val: 1
Drone fly from 5 at stage 5 to serve 2 and then fly back to 3 at stage 6. 
Truck travel time from stage 5 to 6 is: 4.70011
Start arc cost: 3.17486, end arc cost: 2.30413. Total drone travel time: 5.47899
Drone arrival time: 32.6369
Truck arrival time: 31.858
Truck departure time = max(d/a, t/a) plus (sl/sr): 34.6369
1
Customer 7 served by drone.
Y_val: 1
W_val: 1
Drone fly from 6 at stage 7 to serve 7 and then fly back to 13 at stage 8. 
Truck travel time from stage 7 to 8 is: 9.51841
Start arc cost: 4.07369, end arc cost: 4.97822. Total drone travel time: 9.05191
Drone arrival time: 49.9576
Truck arrival time: 50.4241
Truck departure time = max(d/a, t/a) plus (sl/sr): 51.4241
1
Customer 8 served by drone.
Y_val: 1
W_val: 1
Drone fly from 1 at stage 2 to serve 8 and then fly back to 4 at stage 4. 
Truck travel time from stage 2 to 4 is: 9.88569
Start arc cost: 4.72079, end arc cost: 3.94433. Total drone travel time: 8.66511
Drone arrival time: 17.7164
Truck arrival time: 18.937
Truck departure time = max(d/a, t/a) plus (sl/sr): 20.937
1
Customer 9 served by drone.
Y_val: 1
W_val: 1
Drone fly from 4 at stage 4 to serve 9 and then fly back to 5 at stage 5. 
Truck travel time from stage 4 to 5 is: 4.22093
Start arc cost: 1.97259, end arc cost: 1.08759. Total drone travel time: 3.06018
Drone arrival time: 23.9972
Truck arrival time: 25.1579
Truck departure time = max(d/a, t/a) plus (sl/sr): 27.1579
1
Customer 10 served by drone.
Y_val: 1
W_val: 1
Drone fly from 0 at stage 1 to serve 10 and then fly back to 1 at stage 2. 
Truck travel time from stage 1 to 2 is: 7.05128
Start arc cost: 0.96471, end arc cost: 2.70553. Total drone travel time: 3.67024
Drone arrival time: 3.67024
Truck arrival time: 7.05128
Truck departure time = max(d/a, t/a) plus (sl/sr): 9.05128
1
Customer 11 served by drone.
Y_val: 1
W_val: 1
Drone fly from 3 at stage 6 to serve 11 and then fly back to 6 at stage 7. 
Truck travel time from stage 6 to 7 is: 2.62359
Start arc cost: 2.08344, end arc cost: 2.18537. Total drone travel time: 4.2688
Drone arrival time: 38.9057
Truck arrival time: 37.2605
Truck departure time = max(d/a, t/a) plus (sl/sr): 40.9057
Done!
-------------------------Re-calculated objective-----------------------
51.4241
------------------------------------------------------------------------
Solve time: 11.741
OBJECTIVE VALUE: 51.4241, NUMBER OF SORTIES: 6.
In write mode
