Instance name: /home/cuong/CLionProjects/uMV-FSTSP/rand_generated_instances/v74
Write arg val: 1

drone speed: 1 miles/minute
uav non-eligible customer: 4 7 10 11 14 
Travel time is in self-calculate mode. tau/tau_prime provided from instance file will be disregarded.
Printing tau:
0 4.6245 5.48059 21.2267 15.9612 13.698 12.9784 16.6597 3.67063 11.4454 14.43 10.4133 13.5857 0 
4.6245 0 0.856091 21.7141 17.7365 12.8259 16.0678 17.2859 7.86916 11.9595 18.7114 9.16828 14.668 4.6245 
5.48059 0.856091 0 21.9122 18.177 12.8436 16.7187 17.5353 8.69439 12.247 19.5217 9.17976 15.0183 5.48059 
21.2267 21.7141 21.9122 0 7.17692 9.65877 12.9155 4.56709 19.242 9.87303 19.9191 13.0208 7.74789 21.2267 
15.9612 17.7365 18.177 7.17692 0 9.33451 5.73975 4.35294 13.2517 6.54065 12.7878 11.0418 3.66908 15.9612 
13.698 12.8259 12.8436 9.65877 9.33451 0 12.3923 6.14337 13.1316 4.05984 19.0316 3.66446 5.85229 13.698 
12.9784 16.0678 16.7187 12.9155 5.73975 12.3923 0 9.52423 9.55907 8.43323 7.1936 12.4298 7.01479 12.9784 
16.6597 17.2859 17.5353 4.56709 4.35294 6.14337 9.52423 0 14.7398 5.3528 16.7176 8.97508 3.26964 16.6597 
3.67063 7.86916 8.69439 19.242 13.2517 13.1316 9.55907 14.7398 0 9.99296 10.8608 10.5004 11.4967 3.67063 
11.4454 11.9595 12.247 9.87303 6.54065 4.05984 8.43323 5.3528 9.99296 0 14.9718 4.52849 2.93906 11.4454 
14.43 18.7114 19.5217 19.9191 12.7878 19.0316 7.1936 16.7176 10.8608 14.9718 0 18.2193 14.1004 14.43 
10.4133 9.16828 9.17976 13.0208 11.0418 3.66446 12.4298 8.97508 10.5004 4.52849 18.2193 0 7.38592 10.4133 
13.5857 14.668 15.0183 7.74789 3.66908 5.85229 7.01479 3.26964 11.4967 2.93906 14.1004 7.38592 0 13.5857 
0 0 0 0 0 0 0 0 0 0 0 0 0 0 
Printing tau_prime:
0 1.15612 1.37015 5.30667 3.99029 3.42451 3.24459 4.16492 0.917658 2.86134 3.6075 2.60332 3.39643 0 
1.15612 0 0.214023 5.42854 4.43412 3.20648 4.01696 4.32147 1.96729 2.98987 4.67785 2.29207 3.66701 1.15612 
1.37015 0.214023 0 5.47805 4.54425 3.21091 4.17969 4.38382 2.1736 3.06174 4.88042 2.29494 3.75459 1.37015 
5.30667 5.42854 5.47805 0 1.79423 2.41469 3.22887 1.14177 4.81049 2.46826 4.97978 3.2552 1.93697 5.30667 
3.99029 4.43412 4.54425 1.79423 0 2.33363 1.43494 1.08824 3.31293 1.63516 3.19694 2.76044 0.917269 3.99029 
3.42451 3.20648 3.21091 2.41469 2.33363 0 3.09807 1.53584 3.28289 1.01496 4.7579 0.916116 1.46307 3.42451 
3.24459 4.01696 4.17969 3.22887 1.43494 3.09807 0 2.38106 2.38977 2.10831 1.7984 3.10745 1.7537 3.24459 
4.16492 4.32147 4.38382 1.14177 1.08824 1.53584 2.38106 0 3.68495 1.3382 4.1794 2.24377 0.81741 4.16492 
0.917658 1.96729 2.1736 4.81049 3.31293 3.28289 2.38977 3.68495 0 2.49824 2.71521 2.62509 2.87418 0.917658 
2.86134 2.98987 3.06174 2.46826 1.63516 1.01496 2.10831 1.3382 2.49824 0 3.74295 1.13212 0.734765 2.86134 
3.6075 4.67785 4.88042 4.97978 3.19694 4.7579 1.7984 4.1794 2.71521 3.74295 0 4.55481 3.5251 3.6075 
2.60332 2.29207 2.29494 3.2552 2.76044 0.916116 3.10745 2.24377 2.62509 1.13212 4.55481 0 1.84648 2.60332 
3.39643 3.66701 3.75459 1.93697 0.917269 1.46307 1.7537 0.81741 2.87418 0.734765 3.5251 1.84648 0 3.39643 
0 0 0 0 0 0 0 0 0 0 0 0 0 0 
Printing number of nodes: 13

Warning:  Output names have been modified due to duplicate names or characters invalid in LP format.
Version identifier: 22.1.1.0 | 2022-11-28 | 9160aff4d
CPXPARAM_Emphasis_MIP                            2
CPXPARAM_MIP_Tolerances_Integrality              0
Tried aggregator 2 times.
MIP Presolve eliminated 12003 rows and 2847 columns.
MIP Presolve modified 5042 coefficients.
Aggregator did 28 substitutions.
Reduced MIP has 2298 rows, 4966 columns, and 59186 nonzeros.
Reduced MIP has 4941 binaries, 0 generals, 0 SOSs, and 0 indicators.
Presolve time = 0.06 sec. (120.92 ticks)
Probing time = 0.01 sec. (8.50 ticks)
Cover probing fixed 1 vars, tightened 0 bounds.
Tried aggregator 2 times.
Detecting symmetries...
MIP Presolve eliminated 21 rows and 1 columns.
MIP Presolve modified 167 coefficients.
Aggregator did 2 substitutions.
Reduced MIP has 2275 rows, 4963 columns, and 59156 nonzeros.
Reduced MIP has 4938 binaries, 0 generals, 0 SOSs, and 0 indicators.
Presolve time = 0.03 sec. (55.41 ticks)
Probing time = 0.01 sec. (7.92 ticks)
Clique table members: 23949.
MIP emphasis: optimality.
MIP search method: dynamic search.
Parallel mode: deterministic, using up to 20 threads.
Root relaxation solution time = 0.45 sec. (879.02 ticks)

        Nodes                                         Cuts/
   Node  Left     Objective  IInf  Best Integer    Best Bound    ItCnt     Gap

      0     0       52.5621   290                     52.5621     7188         
*     0+    0                        18720.3483       52.5621            99.72%
      0     0       54.6023   232    18720.3483      Cuts: 65     7611   99.71%
      0     0       56.0975   198    18720.3483  ZeroHalf: 17     7999   99.70%
*     0+    0                          109.8060       56.0975            48.91%
      0     0       56.3580   249      109.8060   ZeroHalf: 6     8373   48.67%
*     0+    0                           87.3043       56.3580            35.45%
*     0+    0                           83.3940       56.3580            32.42%
*     0+    0                           78.1993       56.3580            27.93%
      0     0  -1.00000e+75     0       78.1993       56.3580     8373   27.93%
*     0+    0                           59.9682       56.3580             6.02%
      0     0       56.5054   245       59.9682   ZeroHalf: 8     9767    5.77%
Detecting symmetries...

Repeating presolve.
Tried aggregator 2 times.
MIP Presolve eliminated 143 rows and 1375 columns.
MIP Presolve modified 309 coefficients.
Aggregator did 40 substitutions.
Reduced MIP has 2092 rows, 3548 columns, and 48599 nonzeros.
Reduced MIP has 3523 binaries, 0 generals, 0 SOSs, and 0 indicators.
Presolve time = 0.03 sec. (65.77 ticks)
Probing time = 0.01 sec. (8.10 ticks)
Tried aggregator 2 times.
Detecting symmetries...
MIP Presolve eliminated 13 rows and 0 columns.
MIP Presolve modified 7 coefficients.
Aggregator did 2 substitutions.
Reduced MIP has 2077 rows, 3546 columns, and 48582 nonzeros.
Reduced MIP has 3521 binaries, 0 generals, 0 SOSs, and 0 indicators.
Presolve time = 0.02 sec. (45.92 ticks)
Represolve time = 0.09 sec. (158.26 ticks)
Probing time = 0.01 sec. (8.04 ticks)
Clique table members: 19623.
MIP emphasis: optimality.
MIP search method: dynamic search.
Parallel mode: deterministic, using up to 20 threads.
Root relaxation solution time = 0.32 sec. (616.59 ticks)

        Nodes                                         Cuts/
   Node  Left     Objective  IInf  Best Integer    Best Bound    ItCnt     Gap

*     0+    0                           59.9682       56.5054             5.77%
      0     0       56.5054   287       59.9682       56.5054     9794    5.77%
      0     0       56.7246   207       59.9682      Cuts: 11     9977    5.14%
      0     0       57.0810   250       59.9682      Cuts: 10    12228    4.81%
      0     0       57.2730   237       59.9682      Cuts: 29    12550    4.49%
      0     0       57.3789   261       59.9682      Cuts: 13    12709    4.32%
      0     0       57.4295   214       59.9682      Cuts: 12    13484    4.23%
      0     0       57.6185   208       59.9682      Cuts: 23    14659    3.92%
      0     0       57.7704   247       59.9682      Cuts: 20    15277    3.66%
      0     0       57.9513   254       59.9682      Cuts: 38    16647    3.36%
      0     0        cutoff             59.9682       59.9682    19038    0.00%
Elapsed time = 3.12 sec. (5607.25 ticks, tree = 0.01 MB, solutions = 6)

Implied bound cuts applied:  16
Mixed integer rounding cuts applied:  1
Zero-half cuts applied:  32
Gomory fractional cuts applied:  1

Root node processing (before b&c):
  Real time             =    3.13 sec. (5607.90 ticks)
Parallel b&c, 20 threads:
  Real time             =    0.00 sec. (0.00 ticks)
  Sync time (average)   =    0.00 sec.
  Wait time (average)   =    0.00 sec.
                          ------------
Total (root+branch&cut) =    3.13 sec. (5607.90 ticks)
Feasible solution found!
Truck nodes:
Stage 1 at customer 0 with arrival time is: 0
Stage 1 at customer 0 with departure time is: 0
Stage 2 at customer 8 with arrival time is: 3.67063
Stage 2 at customer 8 with departure time is: 3.67063
Stage 3 at customer 10 with arrival time is: 14.5315
Stage 3 at customer 10 with departure time is: 15.5315
Stage 4 at customer 6 with arrival time is: 22.7251
Stage 4 at customer 6 with departure time is: 23.7251
Stage 5 at customer 4 with arrival time is: 29.4648
Stage 5 at customer 4 with departure time is: 30.4648
Stage 6 at customer 7 with arrival time is: 34.8178
Stage 6 at customer 7 with departure time is: 35.8178
Stage 7 at customer 12 with arrival time is: 39.0874
Stage 7 at customer 12 with departure time is: 39.0874
Stage 8 at customer 9 with arrival time is: 42.0265
Stage 8 at customer 9 with departure time is: 42.0265
Stage 9 at customer 11 with arrival time is: 46.555
Stage 9 at customer 11 with departure time is: 48.555
Stage 10 at customer 13 with arrival time is: 58.9682
Stage 10 at customer 13 with departure time is: 59.9682
Truck arcs:
Arc 1 connecting 0 and 8 with cost 3.67063 
Arc 2 connecting 8 and 10 with cost 10.8608 
Arc 3 connecting 10 and 6 with cost 7.1936 
Arc 4 connecting 6 and 4 with cost 5.73975 
Arc 5 connecting 4 and 7 with cost 4.35294 
Arc 6 connecting 7 and 12 with cost 3.26964 
Arc 7 connecting 12 and 9 with cost 2.93906 
Arc 8 connecting 9 and 11 with cost 4.52849 
Arc 9 connecting 11 and 13 with cost 10.4133 
Drone served customers
Drone flies from stage 1 to stage 3
Drone flies from stage 4 to stage 5
Drone flies from stage 6 to stage 9
Drone flies from stage 9 to stage 10
Drone flies from stage 6 to stage 9 to serve customer 1
Drone flies from stage 1 to stage 3 to serve customer 2
Drone flies from stage 4 to stage 5 to serve customer 3
Drone flies from stage 9 to stage 10 to serve customer 5
1
Customer 1 served by drone.
Y_val: 1
W_val: 1
Drone fly from 7 at stage 6 to serve 1 and then fly back to 11 at stage 9. 
Truck travel time from stage 6 to 9 is: 10.7372
Start arc cost: 4.32147, end arc cost: 2.29207. Total drone travel time: 6.61354
Drone arrival time: 42.4313
Truck arrival time: 46.555
Truck departure time = max(d/a, t/a) plus (sl/sr): 48.555
1
Customer 2 served by drone.
Y_val: 1
W_val: 1
Drone fly from 0 at stage 1 to serve 2 and then fly back to 10 at stage 3. 
Truck travel time from stage 1 to 3 is: 14.5315
Start arc cost: 1.37015, end arc cost: 4.88042. Total drone travel time: 6.25057
Drone arrival time: 6.25057
Truck arrival time: 14.5315
Truck departure time = max(d/a, t/a) plus (sl/sr): 15.5315
1
Customer 3 served by drone.
Y_val: 1
W_val: 1
Drone fly from 6 at stage 4 to serve 3 and then fly back to 4 at stage 5. 
Truck travel time from stage 4 to 5 is: 5.73975
Start arc cost: 3.22887, end arc cost: 1.79423. Total drone travel time: 5.0231
Drone arrival time: 28.7482
Truck arrival time: 29.4648
Truck departure time = max(d/a, t/a) plus (sl/sr): 30.4648
1
Customer 5 served by drone.
Y_val: 1
W_val: 1
Drone fly from 11 at stage 9 to serve 5 and then fly back to 13 at stage 10. 
Truck travel time from stage 9 to 10 is: 10.4133
Start arc cost: 0.916116, end arc cost: 3.42451. Total drone travel time: 4.34062
Drone arrival time: 52.8956
Truck arrival time: 58.9682
Truck departure time = max(d/a, t/a) plus (sl/sr): 59.9682
Done!
-------------------------Re-calculated objective-----------------------
59.9682
------------------------------------------------------------------------
Solve time: 3.132
OBJECTIVE VALUE: 59.9682, NUMBER OF SORTIES: 4.
In write mode
