Instance name: /home/cuong/CLionProjects/uMV-FSTSP/rand_generated_instances/v76
Write arg val: 1

drone speed: 1 miles/minute
uav non-eligible customer: 2 11 14 
Travel time is in self-calculate mode. tau/tau_prime provided from instance file will be disregarded.
Printing tau:
0 17.7143 9.59268 16.1994 16.2399 22.5469 7.56111 14.5212 8.28166 11.2825 7.56662 6.99934 13.2788 0 
17.7143 0 10.2013 9.86643 12.5837 23.0404 20.5232 17.157 9.45115 23.8576 24.9837 15.8293 16.8889 17.7143 
9.59268 10.2013 0 14.2482 15.8871 25.4094 15.4564 17.5149 4.82423 19.3711 17.1163 5.65337 16.5936 9.59268 
16.1994 9.86643 14.2482 0 2.76719 13.1758 15.0098 8.10418 10.0086 17.2221 21.6413 18.3643 8.30378 16.1994 
16.2399 12.5837 15.8871 2.76719 0 10.5095 13.7558 5.64678 11.2952 15.4535 20.8483 19.4071 6.10519 16.2399 
22.5469 23.0404 25.4094 13.1758 10.5095 0 16.6434 8.19224 20.5898 15.6959 24.0527 27.7009 9.36406 22.5469 
7.56111 20.5232 15.4564 15.0098 13.7558 16.6434 0 9.67427 11.9669 3.93194 7.56086 14.4172 8.50553 7.56111 
14.5212 17.157 17.5149 8.10418 5.64678 8.19224 9.67427 0 12.7045 10.3736 17.2142 19.5133 1.25643 14.5212 
8.28166 9.45115 4.82423 10.0086 11.2952 20.5898 11.9669 12.7045 0 15.7178 15.5572 8.38005 11.814 8.28166 
11.2825 23.8576 19.3711 17.2221 15.4535 15.6959 3.93194 10.3736 15.7178 0 8.92443 18.2374 9.48357 11.2825 
7.56662 24.9837 17.1163 21.6413 20.8483 24.0527 7.56086 17.2142 15.5572 8.92443 0 13.5129 16.0212 7.56662 
6.99934 15.8293 5.65337 18.3643 19.4071 27.7009 14.4172 19.5133 8.38005 18.2374 13.5129 0 18.3821 6.99934 
13.2788 16.8889 16.5936 8.30378 6.10519 9.36406 8.50553 1.25643 11.814 9.48357 16.0212 18.3821 0 13.2788 
0 0 0 0 0 0 0 0 0 0 0 0 0 0 
Printing tau_prime:
0 4.42857 2.39817 4.04984 4.05997 5.63671 1.89028 3.63029 2.07041 2.82061 1.89165 1.74984 3.31971 0 
4.42857 0 2.55033 2.46661 3.14593 5.76009 5.13081 4.28924 2.36279 5.9644 6.24592 3.95733 4.22224 4.42857 
2.39817 2.55033 0 3.56205 3.97178 6.35235 3.86411 4.37873 1.20606 4.84277 4.27906 1.41334 4.14841 2.39817 
4.04984 2.46661 3.56205 0 0.691797 3.29396 3.75245 2.02605 2.50214 4.30552 5.41034 4.59106 2.07595 4.04984 
4.05997 3.14593 3.97178 0.691797 0 2.62737 3.43895 1.4117 2.8238 3.86336 5.21208 4.85178 1.5263 4.05997 
5.63671 5.76009 6.35235 3.29396 2.62737 0 4.16085 2.04806 5.14744 3.92398 6.01318 6.92523 2.34102 5.63671 
1.89028 5.13081 3.86411 3.75245 3.43895 4.16085 0 2.41857 2.99172 0.982986 1.89022 3.60431 2.12638 1.89028 
3.63029 4.28924 4.37873 2.02605 1.4117 2.04806 2.41857 0 3.17613 2.59339 4.30354 4.87833 0.314108 3.63029 
2.07041 2.36279 1.20606 2.50214 2.8238 5.14744 2.99172 3.17613 0 3.92944 3.88931 2.09501 2.95349 2.07041 
2.82061 5.9644 4.84277 4.30552 3.86336 3.92398 0.982986 2.59339 3.92944 0 2.23111 4.55935 2.37089 2.82061 
1.89165 6.24592 4.27906 5.41034 5.21208 6.01318 1.89022 4.30354 3.88931 2.23111 0 3.37822 4.00531 1.89165 
1.74984 3.95733 1.41334 4.59106 4.85178 6.92523 3.60431 4.87833 2.09501 4.55935 3.37822 0 4.59551 1.74984 
3.31971 4.22224 4.14841 2.07595 1.5263 2.34102 2.12638 0.314108 2.95349 2.37089 4.00531 4.59551 0 3.31971 
0 0 0 0 0 0 0 0 0 0 0 0 0 0 
Printing number of nodes: 13

Warning:  Output names have been modified due to duplicate names or characters invalid in LP format.
Version identifier: 22.1.1.0 | 2022-11-28 | 9160aff4d
CPXPARAM_Emphasis_MIP                            2
CPXPARAM_MIP_Tolerances_Integrality              0
Tried aggregator 2 times.
MIP Presolve eliminated 11681 rows and 2095 columns.
MIP Presolve modified 6124 coefficients.
Aggregator did 28 substitutions.
Reduced MIP has 2618 rows, 5718 columns, and 71320 nonzeros.
Reduced MIP has 5693 binaries, 0 generals, 0 SOSs, and 0 indicators.
Presolve time = 0.07 sec. (140.98 ticks)
Probing time = 0.01 sec. (9.71 ticks)
Cover probing fixed 1 vars, tightened 0 bounds.
Tried aggregator 2 times.
Detecting symmetries...
MIP Presolve eliminated 21 rows and 1 columns.
MIP Presolve modified 172 coefficients.
Aggregator did 2 substitutions.
Reduced MIP has 2595 rows, 5715 columns, and 71290 nonzeros.
Reduced MIP has 5690 binaries, 0 generals, 0 SOSs, and 0 indicators.
Presolve time = 0.04 sec. (78.08 ticks)
Probing time = 0.01 sec. (8.86 ticks)
Clique table members: 28506.
MIP emphasis: optimality.
MIP search method: dynamic search.
Parallel mode: deterministic, using up to 20 threads.
Root relaxation solution time = 0.33 sec. (558.53 ticks)

        Nodes                                         Cuts/
   Node  Left     Objective  IInf  Best Integer    Best Bound    ItCnt     Gap

      0     0       45.2806   181                     45.2806       20         
*     0+    0                        23350.0251       45.2806            99.81%
      0     0       48.4115   237    23350.0251      Cuts: 17     2713   99.79%
      0     0       49.5235   213    23350.0251      Cuts: 17     7368   99.79%
      0     0       50.1050   196    23350.0251      Cuts: 13     8310   99.79%
*     0+    0                          121.8814       50.1050            58.89%
*     0+    0                           91.1118       50.1050            45.01%
*     0+    0                           83.8540       50.1050            40.25%
*     0+    0                           72.9010       50.1050            31.27%
      0     0  -1.00000e+75     0       72.9010       50.1050     8310   31.27%
*     0+    0                           69.8605       50.1050            28.28%
      0     0       50.5455   265       69.8605      Cuts: 21    10866   27.65%
      0     0       51.1218   325       69.8605      Cuts: 26    15333   26.82%
Detecting symmetries...
*     0+    0                           64.0096       51.1218            20.13%
      0     0       51.2034   385       64.0096      Cuts: 16    18573   20.01%
      0     0       51.3426   373       64.0096  ZeroHalf: 12    19440   19.79%
*     0+    0                           62.7214       51.3426            18.14%
      0     0       51.4587   394       62.7214      Cuts: 12    20382   17.96%
*     0+    0                           62.2270       51.4587            17.30%
      0     0       51.4859   397       62.2270  ZeroHalf: 12    25747   17.26%
*     0+    0                           61.5458       51.4859            16.35%
      0     0       51.7714   406       61.5458   ZeroHalf: 5    28261   15.88%
      0     0       51.8183   338       61.5458       Cuts: 9    32857   15.81%
      0     0       52.1796   385       61.5458      Cuts: 12    34335   15.22%
      0     0       52.2966   380       61.5458  ZeroHalf: 13    35534   10.67%
      0     0       52.2968   395       61.5458  ZeroHalf: 11    35857   10.67%
*     0+    0                           60.4273       54.9798             9.02%
*     0+    0                           60.2750       56.3706             6.48%
      0     0  -1.00000e+75     0       60.2750       56.3706    35857    6.48%
Detecting symmetries...
      0     2       52.2968   395       60.2750       56.3706    35857    6.48%
Elapsed time = 7.49 sec. (12874.01 ticks, tree = 0.02 MB, solutions = 12)
      2     3       53.4156   316       60.2750       56.3706    39340    6.48%
      3     3       54.4198   272       60.2750       56.3706    42935    6.48%
*   112+   22                           60.1861       56.3706             6.34%
    192    32       58.1745   304       60.1861       56.3706    51934    6.34%
    896    58        cutoff             60.1861       56.3706    83592    6.34%
   1579    44       57.9374   165       60.1861       56.3706   120108    6.34%
   1923    26       59.0081   293       60.1861       56.3706   150725    6.34%
*  2632+   87                           59.5236       56.3706             5.30%
   2764   171        cutoff             59.5236       56.3706   197436    5.30%
*  3201    97      integral     0       59.4347       56.3706   207562    5.16%
   3676    36       58.8704    24       59.4347       56.3706   223146    5.16%
   3907    16       58.8704    51       59.4347       56.3706   242618    5.16%
   4484    22        cutoff             59.4347       57.1577   285337    3.83%
Elapsed time = 10.89 sec. (17386.82 ticks, tree = 0.05 MB, solutions = 15)

Clique cuts applied:  1
Implied bound cuts applied:  19
Mixed integer rounding cuts applied:  1
Zero-half cuts applied:  35
Gomory fractional cuts applied:  3

Root node processing (before b&c):
  Real time             =    7.32 sec. (12490.32 ticks)
Parallel b&c, 20 threads:
  Real time             =    4.19 sec. (5782.79 ticks)
  Sync time (average)   =    2.72 sec.
  Wait time (average)   =    0.00 sec.
                          ------------
Total (root+branch&cut) =   11.51 sec. (18273.12 ticks)
Feasible solution found!
Truck nodes:
Stage 1 at customer 0 with arrival time is: 0
Stage 1 at customer 0 with departure time is: 0
Stage 2 at customer 12 with arrival time is: 13.2788
Stage 2 at customer 12 with departure time is: 14.2788
Stage 3 at customer 7 with arrival time is: 15.5353
Stage 3 at customer 7 with departure time is: 16.5353
Stage 4 at customer 4 with arrival time is: 22.1821
Stage 4 at customer 4 with departure time is: 23.1821
Stage 5 at customer 3 with arrival time is: 25.9492
Stage 5 at customer 3 with departure time is: 26.9492
Stage 6 at customer 8 with arrival time is: 36.9578
Stage 6 at customer 8 with departure time is: 38.9578
Stage 7 at customer 2 with arrival time is: 43.782
Stage 7 at customer 2 with departure time is: 43.782
Stage 8 at customer 11 with arrival time is: 49.4354
Stage 8 at customer 11 with departure time is: 51.4354
Stage 9 at customer 13 with arrival time is: 58.4347
Stage 9 at customer 13 with departure time is: 59.4347
Truck arcs:
Arc 1 connecting 0 and 12 with cost 13.2788 
Arc 2 connecting 12 and 7 with cost 1.25643 
Arc 3 connecting 7 and 4 with cost 5.64678 
Arc 4 connecting 4 and 3 with cost 2.76719 
Arc 5 connecting 3 and 8 with cost 10.0086 
Arc 6 connecting 8 and 2 with cost 4.82423 
Arc 7 connecting 2 and 11 with cost 5.65337 
Arc 8 connecting 11 and 13 with cost 6.99934 
Drone served customers
Drone flies from stage 1 to stage 2
Drone flies from stage 3 to stage 4
Drone flies from stage 5 to stage 6
Drone flies from stage 6 to stage 8
Drone flies from stage 8 to stage 9
Drone flies from stage 1 to stage 2 to serve customer 1
Drone flies from stage 3 to stage 4 to serve customer 5
Drone flies from stage 5 to stage 6 to serve customer 6
Drone flies from stage 6 to stage 8 to serve customer 9
Drone flies from stage 8 to stage 9 to serve customer 10
1
Customer 1 served by drone.
Y_val: 1
W_val: 1
Drone fly from 0 at stage 1 to serve 1 and then fly back to 12 at stage 2. 
Truck travel time from stage 1 to 2 is: 13.2788
Start arc cost: 4.42857, end arc cost: 4.22224. Total drone travel time: 8.6508
Drone arrival time: 8.6508
Truck arrival time: 13.2788
Truck departure time = max(d/a, t/a) plus (sl/sr): 14.2788
1
Customer 5 served by drone.
Y_val: 1
W_val: 1
Drone fly from 7 at stage 3 to serve 5 and then fly back to 4 at stage 4. 
Truck travel time from stage 3 to 4 is: 5.64678
Start arc cost: 2.04806, end arc cost: 2.62737. Total drone travel time: 4.67543
Drone arrival time: 21.2107
Truck arrival time: 22.1821
Truck departure time = max(d/a, t/a) plus (sl/sr): 23.1821
1
Customer 6 served by drone.
Y_val: 1
W_val: 1
Drone fly from 3 at stage 5 to serve 6 and then fly back to 8 at stage 6. 
Truck travel time from stage 5 to 6 is: 10.0086
Start arc cost: 3.75245, end arc cost: 2.99172. Total drone travel time: 6.74417
Drone arrival time: 33.6934
Truck arrival time: 36.9578
Truck departure time = max(d/a, t/a) plus (sl/sr): 38.9578
1
Customer 9 served by drone.
Y_val: 1
W_val: 1
Drone fly from 8 at stage 6 to serve 9 and then fly back to 11 at stage 8. 
Truck travel time from stage 6 to 8 is: 10.4776
Start arc cost: 3.92944, end arc cost: 4.55935. Total drone travel time: 8.48879
Drone arrival time: 47.4466
Truck arrival time: 49.4354
Truck departure time = max(d/a, t/a) plus (sl/sr): 51.4354
1
Customer 10 served by drone.
Y_val: 1
W_val: 1
Drone fly from 11 at stage 8 to serve 10 and then fly back to 13 at stage 9. 
Truck travel time from stage 8 to 9 is: 6.99934
Start arc cost: 3.37822, end arc cost: 1.89165. Total drone travel time: 5.26987
Drone arrival time: 56.7053
Truck arrival time: 58.4347
Truck departure time = max(d/a, t/a) plus (sl/sr): 59.4347
Done!
-------------------------Re-calculated objective-----------------------
59.4347
------------------------------------------------------------------------
Solve time: 11.527
OBJECTIVE VALUE: 59.4347, NUMBER OF SORTIES: 5.
In write mode
