Instance name: /home/cuong/CLionProjects/uMV-FSTSP/rand_generated_instances/v18
Write arg val: 1

drone speed: 1 miles/minute
uav non-eligible customer: 6 8 12 
Printing tau:
0 12.3669 7.4427 8.98702 16.1863 13.4042 18.705 6.6984 6.25401 12.1982 22.0363 0 
12.3669 0 4.92419 3.37986 3.81946 7.41217 12.713 7.68953 7.94554 2.29675 16.0443 12.3669 
7.4427 4.92419 0 1.54432 8.74365 7.51769 12.8186 7.58401 7.84002 4.75548 16.1498 7.4427 
8.98702 3.37986 1.54432 0 7.19932 6.94361 12.2445 8.15809 8.4141 3.21116 15.5757 8.98702 
16.1863 3.81946 8.74365 7.19932 0 10.9576 16.2585 9.48794 9.93233 3.98816 19.5897 16.1863 
13.4042 7.41217 7.51769 6.94361 10.9576 0 8.14413 15.1017 15.3577 9.70892 8.67979 13.4042 
18.705 12.713 12.8186 12.2445 16.2585 8.14413 0 20.4026 20.6586 15.0098 16.8239 18.705 
6.6984 7.68953 7.58401 8.15809 9.48794 15.1017 20.4026 0 0.444391 5.49978 23.7338 6.6984 
6.25401 7.94554 7.84002 8.4141 9.93233 15.3577 20.6586 0.444391 0 5.94417 23.9898 6.25401 
12.1982 2.29675 4.75548 3.21116 3.98816 9.70892 15.0098 5.49978 5.94417 0 18.341 12.1982 
22.0363 16.0443 16.1498 15.5757 19.5897 8.67979 16.8239 23.7338 23.9898 18.341 0 22.0363 
0 0 0 0 0 0 0 0 0 0 0 0 
Printing tau_prime:
0 4.85855 3.35493 3.91321 5.78774 5.48252 8.68905 2.44311 2.31649 4.50625 7.79724 0 
4.85855 0 1.74136 1.20639 1.8425 3.07864 4.669 3.37751 3.54434 0.814212 7.35674 4.85855 
3.35493 1.74136 0 0.582506 3.32198 2.66085 5.43758 2.69423 2.80354 1.85122 6.42388 3.35493 
3.91321 1.20639 0.582506 0 2.91424 2.49073 4.97853 2.99567 3.12783 1.49827 6.51936 3.91321 
5.78774 1.8425 3.32198 2.91424 0 4.87918 5.7489 3.6605 3.84077 1.47753 9.18636 5.78774 
5.48252 3.07864 2.66085 2.49073 4.87918 0 3.43559 5.35336 5.4571 3.76885 4.32799 5.48252 
8.68905 4.669 5.43758 4.97853 5.7489 3.43559 0 7.91906 8.06703 5.46927 6.06363 8.68905 
2.44311 3.37751 2.69423 2.99567 3.6605 5.35336 7.91906 0 0.181323 2.72327 8.80886 2.44311 
2.31649 3.54434 2.80354 3.12783 3.84077 5.4571 8.06703 0.181323 0 2.89918 8.84905 2.31649 
4.50625 0.814212 1.85122 1.49827 1.47753 3.76885 5.46927 2.72327 2.89918 0 7.96481 4.50625 
7.79724 7.35674 6.42388 6.51936 9.18636 4.32799 6.06363 8.80886 8.84905 7.96481 0 7.79724 
0 0 0 0 0 0 0 0 0 0 0 0 
Printing number of nodes: 11

Version identifier: 22.1.1.0 | 2022-11-28 | 9160aff4d
CPXPARAM_ClockType                               0
CPXPARAM_Emphasis_MIP                            2
CPXPARAM_MIP_Tolerances_Integrality              0
Tried aggregator 2 times.
MIP Presolve eliminated 879 rows and 552 columns.
MIP Presolve modified 1870 coefficients.
Aggregator did 2 substitutions.
Reduced MIP has 5393 rows, 1161 columns, and 152963 nonzeros.
Reduced MIP has 1153 binaries, 0 generals, 0 SOSs, and 0 indicators.
Presolve time = 0.06 sec. (195.82 ticks)
Found incumbent of value 141.478710 after 0.12 sec. (320.37 ticks)
Probing fixed 135 vars, tightened 0 bounds.
Probing changed sense of 32 constraints.
Probing time = 0.04 sec. (49.10 ticks)
Tried aggregator 1 time.
MIP Presolve eliminated 48 rows and 167 columns.
MIP Presolve modified 50 coefficients.
Reduced MIP has 5345 rows, 994 columns, and 152151 nonzeros.
Reduced MIP has 986 binaries, 0 generals, 0 SOSs, and 0 indicators.
Presolve time = 0.06 sec. (169.47 ticks)
Probing time = 0.01 sec. (13.99 ticks)
Tried aggregator 1 time.
Detecting symmetries...
Reduced MIP has 5345 rows, 994 columns, and 152151 nonzeros.
Reduced MIP has 986 binaries, 0 generals, 0 SOSs, and 0 indicators.
Presolve time = 0.03 sec. (82.80 ticks)
Probing time = 0.01 sec. (13.65 ticks)
Clique table members: 75259.
MIP emphasis: optimality.
MIP search method: dynamic search.
Parallel mode: deterministic, using up to 20 threads.
Root relaxation solution time = 0.05 sec. (94.88 ticks)

        Nodes                                         Cuts/
   Node  Left     Objective  IInf  Best Integer    Best Bound    ItCnt     Gap

*     0+    0                          141.4787      -10.0000           107.07%
      0     0       53.4395    63      141.4787       53.4395      668   62.23%
*     0+    0                           54.1468       53.4395             1.31%
*     0+    0                           53.4395       53.4395             0.00%
      0     0        cutoff             53.4395       53.4395      668    0.00%
Elapsed time = 0.48 sec. (1095.39 ticks, tree = 0.01 MB, solutions = 3)

Root node processing (before b&c):
  Real time             =    0.48 sec. (1095.93 ticks)
Parallel b&c, 20 threads:
  Real time             =    0.00 sec. (0.00 ticks)
  Sync time (average)   =    0.00 sec.
  Wait time (average)   =    0.00 sec.
                          ------------
Total (root+branch&cut) =    0.48 sec. (1095.93 ticks)
Truck arcs:
0 8
1 6
2 11
3 2
6 3
7 9
8 7
9 1
53.4395
In write mode
