Instance name: /home/cuong/CLionProjects/uMV-FSTSP/rand_generated_instances/v24
Write arg val: 1

drone speed: 1 miles/minute
uav non-eligible customer: 3 6 12 
Printing tau:
0 4.83966 6.41902 4.04616 10.8691 10.677 13.3192 9.19787 16.6508 27.1126 8.84812 0 
4.83966 0 1.67387 8.88582 6.02945 5.83739 12.1112 4.35821 11.8111 22.2729 9.80011 4.83966 
6.41902 1.67387 0 10.4652 4.45008 7.12598 10.4373 2.77884 10.2318 20.6935 11.474 6.41902 
4.04616 8.88582 10.4652 0 14.9153 14.7232 17.3653 13.244 20.697 31.1587 10.7459 4.04616 
10.8691 6.02945 4.45008 14.9153 0 3.13535 14.428 6.65658 13.8136 16.2435 7.48335 10.8691 
10.677 5.83739 7.12598 14.7232 3.13535 0 17.5633 9.79194 16.949 16.4355 4.348 10.677 
13.3192 12.1112 10.4373 17.3653 14.428 17.5633 0 7.77137 3.33162 14.4052 21.9113 13.3192 
9.19787 4.35821 2.77884 13.244 6.65658 9.79194 7.77137 0 7.45293 17.9147 14.1399 9.19787 
16.6508 11.8111 10.2318 20.697 13.8136 16.949 3.33162 7.45293 0 13.7909 21.297 16.6508 
27.1126 22.2729 20.6935 31.1587 16.2435 16.4355 14.4052 17.9147 13.7909 0 20.4128 27.1126 
8.84812 9.80011 11.474 10.7459 7.48335 4.348 21.9113 14.1399 21.297 20.4128 0 8.84812 
0 0 0 0 0 0 0 0 0 0 0 0 
Printing tau_prime:
0 1.74387 2.45201 1.49928 3.87298 4.0965 6.5959 3.75173 7.35037 9.59747 3.92389 0 
1.74387 0 0.813652 3.23829 2.28368 2.82402 5.22713 2.17451 5.82754 7.91632 3.52672 1.74387 
2.45201 0.813652 0 3.94799 2.1133 2.93493 4.42366 1.36149 5.01474 7.44955 4.05788 2.45201 
1.49928 3.23829 3.94799 0 5.27345 5.32929 7.96067 5.22558 8.77891 11.0163 4.64908 1.49928 
3.87298 2.28368 2.1133 5.27345 0 1.11059 5.17408 2.4265 5.29439 5.74293 3.0287 3.87298 
4.0965 2.82402 2.93493 5.32929 1.11059 0 6.27944 3.50125 6.35368 5.91714 2.08339 4.0965 
6.5959 5.22713 4.42366 7.96067 5.17408 6.27944 0 3.11005 1.19776 7.0513 8.09261 6.5959 
3.75173 2.17451 1.36149 5.22558 2.4265 3.50125 3.11005 0 3.65325 6.75411 5.07664 3.75173 
7.35037 5.82754 5.01474 8.77891 5.29439 6.35368 1.19776 3.65325 0 6.12001 8.31103 7.35037 
9.59747 7.91632 7.44955 11.0163 5.74293 5.91714 7.0513 6.75411 6.12001 0 7.68949 9.59747 
3.92389 3.52672 4.05788 4.64908 3.0287 2.08339 8.09261 5.07664 8.31103 7.68949 0 3.92389 
0 0 0 0 0 0 0 0 0 0 0 0 
Printing number of nodes: 11

Version identifier: 22.1.1.0 | 2022-11-28 | 9160aff4d
CPXPARAM_ClockType                               0
CPXPARAM_Emphasis_MIP                            2
CPXPARAM_MIP_Tolerances_Integrality              0
Tried aggregator 2 times.
MIP Presolve eliminated 884 rows and 590 columns.
MIP Presolve modified 1897 coefficients.
Aggregator did 2 substitutions.
Reduced MIP has 5388 rows, 1123 columns, and 152767 nonzeros.
Reduced MIP has 1115 binaries, 0 generals, 0 SOSs, and 0 indicators.
Presolve time = 0.07 sec. (196.52 ticks)
Found incumbent of value 150.915150 after 0.12 sec. (308.95 ticks)
Probing fixed 119 vars, tightened 0 bounds.
Probing changed sense of 32 constraints.
Probing time = 0.04 sec. (45.23 ticks)
Tried aggregator 1 time.
MIP Presolve eliminated 47 rows and 151 columns.
MIP Presolve modified 74 coefficients.
Reduced MIP has 5341 rows, 972 columns, and 152030 nonzeros.
Reduced MIP has 964 binaries, 0 generals, 0 SOSs, and 0 indicators.
Presolve time = 0.07 sec. (175.61 ticks)
Probing time = 0.02 sec. (14.22 ticks)
Tried aggregator 1 time.
Detecting symmetries...
Reduced MIP has 5341 rows, 972 columns, and 152030 nonzeros.
Reduced MIP has 964 binaries, 0 generals, 0 SOSs, and 0 indicators.
Presolve time = 0.03 sec. (82.82 ticks)
Probing time = 0.01 sec. (14.12 ticks)
Clique table members: 75856.
MIP emphasis: optimality.
MIP search method: dynamic search.
Parallel mode: deterministic, using up to 20 threads.
Root relaxation solution time = 0.07 sec. (112.15 ticks)

        Nodes                                         Cuts/
   Node  Left     Objective  IInf  Best Integer    Best Bound    ItCnt     Gap

*     0+    0                          150.9152        0.0923            99.94%
*     0+    0                          100.9303        0.0923            99.91%
      0     0       47.4752    73      100.9303       47.4752      874   52.96%
*     0+    0                           65.6689       47.4752            27.71%
      0     0       47.4752    86       65.6689      Cuts: 51     1408   27.71%
*     0+    0                           58.6758       47.4752            19.09%
      0     0       47.6262   116       58.6758      Cuts: 45     1605   18.83%
      0     0       47.6600   115       58.6758  ZeroHalf: 11     1655   18.77%
*     0+    0                           54.5493       47.6600            12.63%
      0     0  -1.00000e+75     0       54.5493       47.6600     1655   12.63%
      0     0       47.6769   127       54.5493      Cuts: 10     1704   12.60%
      0     0       47.6833   115       54.5493   ZeroHalf: 3     1721   12.59%
Detecting symmetries...
      0     0       47.6933   110       54.5493   ZeroHalf: 6     1731   12.57%
      0     0       47.7025   110       54.5493       Cuts: 6     1750   12.55%
*     0+    0                           54.1671       47.7025            11.93%
      0     0  -1.00000e+75     0       54.1671       47.7025     1750   11.93%
Detecting symmetries...
      0     2       47.7025   110       54.1671       47.7025     1750   11.93%
Elapsed time = 1.09 sec. (2356.13 ticks, tree = 0.02 MB, solutions = 6)
      3     4       48.4884    51       54.1671       47.7025     2255   11.93%
*     7+    3                           53.6135       47.7025            11.03%
*     8+    1                           51.7668       47.7025             7.85%
*    25+    9                           51.1479       47.7190             6.70%
     58    21       50.5326    78       51.1479       47.7190     7292    6.70%
*   114    33      integral     0       50.6290       48.1318    12624    4.93%
    197    29       48.7704    62       50.6290       48.1318    11582    4.93%
    313    12       49.0672    59       50.6290       48.4884    22444    4.23%
    485    12       48.5916    91       50.6290       48.4884    32298    4.23%

Clique cuts applied:  15
Cover cuts applied:  8
Implied bound cuts applied:  12
Flow cuts applied:  1
Mixed integer rounding cuts applied:  2
Zero-half cuts applied:  20
Lift and project cuts applied:  3
Gomory fractional cuts applied:  4

Root node processing (before b&c):
  Real time             =    1.05 sec. (2297.31 ticks)
Parallel b&c, 20 threads:
  Real time             =    1.37 sec. (1389.43 ticks)
  Sync time (average)   =    0.92 sec.
  Wait time (average)   =    0.00 sec.
                          ------------
Total (root+branch&cut) =    2.42 sec. (3686.74 ticks)
Truck arcs:
0 3
1 2
2 7
3 1
6 11
7 8
8 6
50.629
In write mode
