Instance name: /home/cuong/CLionProjects/uMV-FSTSP/rand_generated_instances/v28
Write arg val: 1

drone speed: 1 miles/minute
uav non-eligible customer: 8 10 12 
Printing tau:
0 8.55235 7.73295 7.7174 2.80708 12.2641 10.8508 11.2131 14.7576 6.09949 13.1708 0 
8.55235 0 0.819404 5.92798 5.74527 3.71172 13.4964 2.66077 14.6057 2.45286 21.7231 8.55235 
7.73295 0.819404 0 6.12828 4.92586 4.53113 12.677 3.48018 13.7863 1.63346 20.9037 7.73295 
7.7174 5.92798 6.12828 0 4.91032 8.07053 15.9825 4.93936 19.8893 4.54709 20.8882 7.7174 
2.80708 5.74527 4.92586 4.91032 0 9.45699 12.6915 8.40604 16.5983 3.29241 15.9778 2.80708 
12.2641 3.71172 4.53113 8.07053 9.45699 0 17.2082 3.13118 18.3174 6.16458 25.4348 12.2641 
10.8508 13.4964 12.677 15.9825 12.6915 17.2082 0 16.1572 3.90681 11.4354 8.22665 10.8508 
11.2131 2.66077 3.48018 4.93936 8.40604 3.13118 16.1572 0 17.2665 5.11363 24.3839 11.2131 
14.7576 14.6057 13.7863 19.8893 16.5983 18.3174 3.90681 17.2665 0 15.3422 11.2276 14.7576 
6.09949 2.45286 1.63346 4.54709 3.29241 6.16458 11.4354 5.11363 15.3422 0 19.2702 6.09949 
13.1708 21.7231 20.9037 20.8882 15.9778 25.4348 8.22665 24.3839 11.2276 19.2702 0 13.1708 
0 0 0 0 0 0 0 0 0 0 0 0 
Printing tau_prime:
0 3.03679 2.75662 3.27667 1.1868 4.45876 4.2158 3.96502 5.63948 2.16638 4.82091 0 
3.03679 0 0.298232 2.11654 2.235 1.51523 5.95029 1.00356 7.14358 0.995199 7.74085 3.03679 
2.75662 0.298232 0 2.16668 2.00979 1.74297 5.67685 1.30025 6.88684 0.803765 7.44465 2.75662 
3.27667 2.11654 2.16668 0 2.08992 3.27501 7.20897 2.13943 8.55291 1.70637 7.99484 3.27667 
1.1868 2.235 2.00979 2.08992 0 3.74631 5.25779 3.02858 6.65217 1.24588 5.9596 1.1868 
4.45876 1.51523 1.74297 3.27501 3.74631 0 6.69627 1.16773 7.70724 2.5104 8.995 4.45876 
4.2158 5.95029 5.67685 7.20897 5.25779 6.69627 0 6.91924 1.43587 5.6206 3.89346 4.2158 
3.96502 1.00356 1.30025 2.13943 3.02858 1.16773 6.91924 0 8.07491 1.81325 8.72087 3.96502 
5.63948 7.14358 6.88684 8.55291 6.65217 7.70724 1.43587 8.07491 0 6.91986 4.69996 5.63948 
2.16638 0.995199 0.803765 1.70637 1.24588 2.5104 5.6206 1.81325 6.91986 0 6.96663 2.16638 
4.82091 7.74085 7.44465 7.99484 5.9596 8.995 3.89346 8.72087 4.69996 6.96663 0 4.82091 
0 0 0 0 0 0 0 0 0 0 0 0 
Printing number of nodes: 11

Version identifier: 22.1.1.0 | 2022-11-28 | 9160aff4d
CPXPARAM_ClockType                               0
CPXPARAM_Emphasis_MIP                            2
CPXPARAM_MIP_Tolerances_Integrality              0
Tried aggregator 2 times.
MIP Presolve eliminated 881 rows and 565 columns.
MIP Presolve modified 1778 coefficients.
Aggregator did 2 substitutions.
Reduced MIP has 5391 rows, 1148 columns, and 152881 nonzeros.
Reduced MIP has 1140 binaries, 0 generals, 0 SOSs, and 0 indicators.
Presolve time = 0.07 sec. (195.94 ticks)
Found incumbent of value 111.896250 after 0.12 sec. (306.51 ticks)
Probing fixed 138 vars, tightened 0 bounds.
Probing changed sense of 32 constraints.
Probing time = 0.04 sec. (45.78 ticks)
Tried aggregator 1 time.
MIP Presolve eliminated 48 rows and 170 columns.
MIP Presolve modified 36 coefficients.
Reduced MIP has 5343 rows, 978 columns, and 152055 nonzeros.
Reduced MIP has 970 binaries, 0 generals, 0 SOSs, and 0 indicators.
Presolve time = 0.06 sec. (172.43 ticks)
Probing time = 0.01 sec. (13.96 ticks)
Tried aggregator 1 time.
Detecting symmetries...
Reduced MIP has 5343 rows, 978 columns, and 152055 nonzeros.
Reduced MIP has 970 binaries, 0 generals, 0 SOSs, and 0 indicators.
Presolve time = 0.03 sec. (82.86 ticks)
Probing time = 0.01 sec. (13.82 ticks)
Clique table members: 76550.
MIP emphasis: optimality.
MIP search method: dynamic search.
Parallel mode: deterministic, using up to 20 threads.
Root relaxation solution time = 0.15 sec. (219.00 ticks)

        Nodes                                         Cuts/
   Node  Left     Objective  IInf  Best Integer    Best Bound    ItCnt     Gap

*     0+    0                          111.8962      -10.0000           108.94%
      0     0       52.7311   122      111.8962       52.7311      942   52.88%
*     0+    0                           63.9590       52.7311            17.55%
      0     0       52.8092   147       63.9590      Cuts: 71     1628   17.43%
      0     0       53.4623    59       63.9590      Cuts: 28     2219   16.41%
*     0+    0                           57.6488       53.4623             7.26%
*     0+    0                           55.7458       53.4623             4.10%
      0     0       53.4623    70       55.7458       Cuts: 8     2328    4.10%
*     0+    0                           54.9662       53.4623             2.74%
*     0+    0                           53.4623       53.4623             0.00%
      0     0  -1.00000e+75     0       53.4623       53.4623     2328    0.00%
      0     0        cutoff             53.4623       53.4623     2328    0.00%
Elapsed time = 0.97 sec. (2074.22 ticks, tree = 0.01 MB, solutions = 6)

GUB cover cuts applied:  1
Clique cuts applied:  10
Implied bound cuts applied:  2
Mixed integer rounding cuts applied:  4
Zero-half cuts applied:  9
Gomory fractional cuts applied:  2

Root node processing (before b&c):
  Real time             =    0.97 sec. (2074.80 ticks)
Parallel b&c, 20 threads:
  Real time             =    0.00 sec. (0.00 ticks)
  Sync time (average)   =    0.00 sec.
  Wait time (average)   =    0.00 sec.
                          ------------
Total (root+branch&cut) =    0.97 sec. (2074.80 ticks)
Truck arcs:
0 4
1 8
2 1
4 9
6 10
8 6
9 2
10 11
53.4623
In write mode
