Instance name: /home/cuong/CLionProjects/uMV-FSTSP/rand_generated_instances/v33
Write arg val: 1

drone speed: 1 miles/minute
uav non-eligible customer: 12 
Printing tau:
0 8.5839 11.3218 11.7737 4.93891 16.1332 11.3903 13.3027 14.9526 2.8901 4.17715 0 
8.5839 0 2.73789 3.18982 13.5228 20.147 19.4905 17.3165 18.5495 11.474 12.761 8.5839 
11.3218 2.73789 0 0.451931 16.2607 18.3288 22.2284 15.4983 16.7314 14.2119 15.4989 11.3218 
11.7737 3.18982 0.451931 0 16.7126 18.7072 22.6803 15.8767 17.1098 14.6638 15.9509 11.7737 
4.93891 13.5228 16.2607 16.7126 0 18.4642 13.7214 15.6337 19.8915 3.87558 3.4668 4.93891 
16.1332 20.147 18.3288 18.7072 18.4642 0 21.7957 4.11711 4.06347 14.5887 15.0662 16.1332 
11.3903 19.4905 22.2284 22.6803 13.7214 21.7957 0 17.6786 25.8591 9.84579 10.2546 11.3903 
13.3027 17.3165 15.4983 15.8767 15.6337 4.11711 17.6786 0 8.18058 11.7582 12.1669 13.3027 
14.9526 18.5495 16.7314 17.1098 19.8915 4.06347 25.8591 8.18058 0 17.8427 19.1297 14.9526 
2.8901 11.474 14.2119 14.6638 3.87558 14.5887 9.84579 11.7582 17.8427 0 1.28705 2.8901 
4.17715 12.761 15.4989 15.9509 3.4668 15.0662 10.2546 12.1669 19.1297 1.28705 0 4.17715 
0 0 0 0 0 0 0 0 0 0 0 0 
Printing tau_prime:
0 3.35026 4.07744 4.26096 1.93089 6.8816 5.57553 5.27756 7.37281 1.15856 1.53046 0 
3.35026 0 1.16199 1.23733 4.81791 7.1695 8.78326 6.15572 6.93402 4.5076 4.86521 3.35026 
4.07744 1.16199 0 0.208389 5.74923 6.48202 9.21058 5.71073 6.05312 5.19575 5.60485 4.07744 
4.26096 1.23733 0.208389 0 5.90943 6.62138 9.41673 5.88523 6.15274 5.38505 5.79 4.26096 
1.93089 4.81791 5.74923 5.90943 0 8.59836 5.29019 6.90615 9.22063 1.54991 1.25494 1.93089 
6.8816 7.1695 6.48202 6.62138 8.59836 0 7.88627 1.76643 1.54368 7.09485 7.51594 6.8816 
5.57553 8.78326 9.21058 9.41673 5.29019 7.88627 0 6.28678 9.20997 4.48892 4.33649 5.57553 
5.27756 6.15572 5.71073 5.88523 6.90615 1.76643 6.28678 0 2.92494 5.38064 5.78704 5.27756 
7.37281 6.93402 6.05312 6.15274 9.22063 1.54368 9.20997 2.92494 0 7.80331 8.25762 7.37281 
1.15856 4.5076 5.19575 5.38505 1.54991 7.09485 4.48892 5.38064 7.80331 0 0.47744 1.15856 
1.53046 4.86521 5.60485 5.79 1.25494 7.51594 4.33649 5.78704 8.25762 0.47744 0 1.53046 
0 0 0 0 0 0 0 0 0 0 0 0 
Printing number of nodes: 11

Version identifier: 22.1.1.0 | 2022-11-28 | 9160aff4d
CPXPARAM_ClockType                               0
CPXPARAM_Emphasis_MIP                            2
CPXPARAM_MIP_Tolerances_Integrality              0
Tried aggregator 1 time.
MIP Presolve eliminated 262 rows and 369 columns.
MIP Presolve modified 2137 coefficients.
Reduced MIP has 5724 rows, 1346 columns, and 167696 nonzeros.
Reduced MIP has 1336 binaries, 0 generals, 0 SOSs, and 0 indicators.
Presolve time = 0.09 sec. (284.67 ticks)
Found incumbent of value 179.073510 after 0.15 sec. (407.86 ticks)
Probing fixed 134 vars, tightened 0 bounds.
Probing time = 0.04 sec. (58.97 ticks)
Tried aggregator 1 time.
Detecting symmetries...
MIP Presolve eliminated 9 rows and 134 columns.
MIP Presolve modified 84 coefficients.
Reduced MIP has 5715 rows, 1212 columns, and 167046 nonzeros.
Reduced MIP has 1202 binaries, 0 generals, 0 SOSs, and 0 indicators.
Presolve time = 0.06 sec. (174.24 ticks)
Probing time = 0.01 sec. (14.93 ticks)
Clique table members: 83611.
MIP emphasis: optimality.
MIP search method: dynamic search.
Parallel mode: deterministic, using up to 20 threads.
Root relaxation solution time = 0.21 sec. (249.71 ticks)

        Nodes                                         Cuts/
   Node  Left     Objective  IInf  Best Integer    Best Bound    ItCnt     Gap

*     0+    0                          179.0735      -10.0000           105.58%
*     0+    0                          117.9123      -10.0000           108.48%
      0     0       38.6601   146      117.9123       38.6601     1055   67.21%
*     0+    0                           71.2214       38.6601            45.72%
      0     0       39.5021   183       71.2214      Cuts: 54     1787   44.54%
      0     0       39.6613   205       71.2214      Cuts: 15     2243   44.31%
      0     0       39.6881   205       71.2214      Cuts: 14     2323   44.28%
*     0+    0                           66.1003       39.6881            39.96%
      0     0  -1.00000e+75     0       66.1003       39.6881     2323   39.96%
      0     0       39.8166   192       66.1003      Cuts: 15     2497   39.76%
      0     0       39.8393   237       66.1003       Cuts: 4     2555   39.73%
Detecting symmetries...
      0     0       39.8696   218       66.1003       Cuts: 6     2635   39.68%
      0     0       39.9196   227       66.1003       Cuts: 5     2755   39.61%
      0     0       39.9303   202       66.1003       Cuts: 2     2794   39.23%
      0     0       39.9304   201       66.1003    MIRcuts: 1     2797   39.23%
*     0+    0                           64.0716       40.1717            37.30%
Detecting symmetries...
      0     2       39.9304   201       64.0716       40.1717     2797   37.30%
Elapsed time = 2.12 sec. (4234.71 ticks, tree = 0.02 MB, solutions = 5)
      1     3       48.9809   205       64.0716       40.1717     3836   37.30%
      2     4       56.4817    50       64.0716       40.1717     4417   37.30%
*    10+   10                           56.4817       40.1717            28.88%
*    11+    2                           56.4082       40.1717            28.78%
     23    11        cutoff             56.4082       40.1717     6017   28.78%
     84    14       52.3112   258       56.4082       41.1350    11708   27.08%
*   141    72      integral     0       55.1674       42.9274    19331   22.19%
    209    73        cutoff             55.1674       42.9423    23934   22.16%
    451   110       47.2055   120       55.1674       42.9423    35149   22.16%
*   501+  103                           52.7463       42.9423            18.59%
    684   121        cutoff             52.7463       42.9423    50693   18.59%
    963   135       51.3559   141       52.7463       42.9423    76141   18.59%
*  1075+  134                           52.2060       42.9423            17.74%
   1210   122        cutoff             52.2060       42.9423    99332   17.74%
   2023    20       51.0680    47       52.2060       48.3487   163124    7.39%
Elapsed time = 6.08 sec. (7572.80 ticks, tree = 0.03 MB, solutions = 20)

Clique cuts applied:  9
Cover cuts applied:  36
Implied bound cuts applied:  28
Flow cuts applied:  4
Mixed integer rounding cuts applied:  14
Zero-half cuts applied:  23
Gomory fractional cuts applied:  2

Root node processing (before b&c):
  Real time             =    1.88 sec. (4184.50 ticks)
Parallel b&c, 20 threads:
  Real time             =    4.31 sec. (3665.96 ticks)
  Sync time (average)   =    2.03 sec.
  Wait time (average)   =    0.00 sec.
                          ------------
Total (root+branch&cut) =    6.19 sec. (7850.46 ticks)
Truck arcs:
0 1
1 3
2 7
3 2
7 10
9 11
10 9
52.206
In write mode
