Instance name: /home/cuong/CLionProjects/uMV-FSTSP/rand_generated_instances/v42
Write arg val: 1

drone speed: 1 miles/minute
uav non-eligible customer: 12 
Printing tau:
0 8.36504 9.78491 10.8147 11.7227 3.42636 13.5457 13.8613 20.8425 25.8458 31.641 0 
8.36504 0 10.5648 14.4439 15.3519 4.93868 17.1749 19.3101 24.4717 29.4749 35.2702 8.36504 
9.78491 10.5648 0 5.71309 4.78719 8.67965 7.67584 20.73 13.9069 18.9102 24.7054 9.78491 
10.8147 14.4439 5.71309 0 1.16891 12.5588 2.73097 15.0169 10.0277 15.031 20.8262 10.8147 
11.7227 15.3519 4.78719 1.16891 0 13.4668 3.13166 16.1858 9.11973 14.123 19.9182 11.7227 
3.42636 4.93868 8.67965 12.5588 13.4668 0 15.2898 15.6054 22.5866 27.5898 33.3851 3.42636 
13.5457 17.1749 7.67584 2.73097 3.13166 15.2898 0 13.0541 7.29676 12.3 18.0953 13.5457 
13.8613 19.3101 20.73 15.0169 16.1858 15.6054 13.0541 0 20.1156 18.9176 17.7797 13.8613 
20.8425 24.4717 13.9069 10.0277 9.11973 22.5866 7.29676 20.1156 0 5.00328 10.7985 20.8425 
25.8458 29.4749 18.9102 15.031 14.123 27.5898 12.3 18.9176 5.00328 0 5.79523 25.8458 
31.641 35.2702 24.7054 20.8262 19.9182 33.3851 18.0953 17.7797 10.7985 5.79523 0 31.641 
0 0 0 0 0 0 0 0 0 0 0 0 
Printing tau_prime:
0 3.22384 4.24038 4.08562 4.53994 1.35931 4.84683 6.24428 8.05069 9.56271 11.3112 0 
3.22384 0 3.76879 5.32751 5.53899 1.86896 6.46253 9.21137 8.65673 10.4219 12.5359 3.22384 
4.24038 3.76879 0 2.4415 2.33363 3.80407 3.58142 7.72736 4.92163 6.7164 8.91551 4.24038 
4.08562 5.32751 2.4415 0 0.52331 4.44608 1.18904 5.41742 3.97733 5.49029 7.36689 4.08562 
4.53994 5.53899 2.33363 0.52331 0 4.80427 1.28114 5.77227 3.51093 5.08579 7.04446 4.53994 
1.35931 1.86896 3.80407 4.44608 4.80427 0 5.42579 7.50054 8.23976 9.88602 11.8124 1.35931 
4.84683 6.46253 3.58142 1.18904 1.28114 5.42579 0 4.61667 3.59005 4.81756 6.4645 4.84683 
6.24428 9.21137 7.72736 5.41742 5.77227 7.50054 4.61667 0 7.52808 7.91756 8.38067 6.24428 
8.05069 8.65673 4.92163 3.97733 3.51093 8.23976 3.59005 7.52808 0 1.81893 4.1278 8.05069 
9.56271 10.4219 6.7164 5.49029 5.08579 9.88602 4.81756 7.91756 1.81893 0 2.3475 9.56271 
11.3112 12.5359 8.91551 7.36689 7.04446 11.8124 6.4645 8.38067 4.1278 2.3475 0 11.3112 
0 0 0 0 0 0 0 0 0 0 0 0 
Printing number of nodes: 11

Version identifier: 22.1.1.0 | 2022-11-28 | 9160aff4d
CPXPARAM_ClockType                               0
CPXPARAM_Emphasis_MIP                            2
CPXPARAM_MIP_Tolerances_Integrality              0
Tried aggregator 1 time.
MIP Presolve eliminated 274 rows and 498 columns.
MIP Presolve modified 1893 coefficients.
Reduced MIP has 5712 rows, 1217 columns, and 167080 nonzeros.
Reduced MIP has 1207 binaries, 0 generals, 0 SOSs, and 0 indicators.
Presolve time = 0.06 sec. (162.60 ticks)
Found incumbent of value 196.880060 after 0.12 sec. (285.41 ticks)
Probing fixed 139 vars, tightened 0 bounds.
Probing time = 0.04 sec. (51.86 ticks)
Tried aggregator 1 time.
MIP Presolve eliminated 9 rows and 139 columns.
MIP Presolve modified 94 coefficients.
Reduced MIP has 5703 rows, 1078 columns, and 166401 nonzeros.
Reduced MIP has 1068 binaries, 0 generals, 0 SOSs, and 0 indicators.
Presolve time = 0.05 sec. (155.84 ticks)
Probing time = 0.02 sec. (14.69 ticks)
Tried aggregator 1 time.
Detecting symmetries...
Reduced MIP has 5703 rows, 1078 columns, and 166401 nonzeros.
Reduced MIP has 1068 binaries, 0 generals, 0 SOSs, and 0 indicators.
Presolve time = 0.04 sec. (92.03 ticks)
Probing time = 0.01 sec. (14.48 ticks)
Clique table members: 84487.
MIP emphasis: optimality.
MIP search method: dynamic search.
Parallel mode: deterministic, using up to 20 threads.
Root relaxation solution time = 0.20 sec. (247.09 ticks)

        Nodes                                         Cuts/
   Node  Left     Objective  IInf  Best Integer    Best Bound    ItCnt     Gap

*     0+    0                          196.8801      -10.0000           105.08%
*     0+    0                          130.1777      -10.0000           107.68%
      0     0       44.7772   158      130.1777       44.7772     1074   65.60%
*     0+    0                           73.1958       44.7772            38.83%
      0     0       46.2683   186       73.1958      Cuts: 86     2267   36.79%
*     0+    0                           69.8515       46.2683            33.76%
      0     0       46.4043   202       69.8515      Cuts: 16     2429   33.57%
      0     0       46.5610   214       69.8515      Cuts: 20     2639   33.34%
      0     0       46.6865   210       69.8515      Cuts: 12     2822   33.16%
      0     0       46.8207   204       69.8515      Cuts: 17     2971   32.97%
Detecting symmetries...
      0     0       46.8772   209       69.8515      Cuts: 12     3033   32.89%
      0     0       46.9285   219       69.8515       Cuts: 9     3136   32.82%
      0     0       46.9945   224       69.8515      Cuts: 12     3227   32.72%
      0     0       47.0240   224       69.8515      Cuts: 11     3286   32.68%
      0     0       47.0365   233       69.8515      Cuts: 11     3321   32.66%
      0     0       47.0599   243       69.8515       Cuts: 7     3369   32.63%
      0     0       47.0720   245       69.8515       Cuts: 8     3397   32.61%
      0     0       47.0908   236       69.8515   ZeroHalf: 1     3431   32.58%
      0     0       47.0989   237       69.8515       Cuts: 5     3468   32.57%
      0     0       47.1477   225       69.8515       Cuts: 6     3557   32.50%
      0     0       47.1861   256       69.8515      Cuts: 14     3662   32.45%
*     0+    0                           66.3440       47.1861            28.88%
      0     0       47.1929   259       66.3440       Cuts: 5     3695   28.87%
      0     0       47.1973   256       66.3440   ZeroHalf: 3     3716   28.86%
*     0+    0                           64.1557       47.1973            26.43%
Detecting symmetries...
      0     2       47.2707   239       64.1557       47.4395     3716   26.06%
Elapsed time = 2.17 sec. (4402.18 ticks, tree = 0.02 MB, solutions = 6)
      2     3       47.6241   211       64.1557       47.4395     4021   26.06%
      7     3        cutoff             64.1557       47.6241     4537   25.77%
*    18+    2                           62.1634       47.6690            23.32%
     24    19       60.6914    38       62.1634       47.6690     7871   23.32%
*    26+    5                           57.1509       47.6690            16.59%
     89    31       53.5473    81       57.1509       49.0336    17587   14.20%
    174    69       54.1769   228       57.1509       49.5204    31351   13.35%
*   240+   90                           55.9079       49.5204            11.43%
    315   121       52.7508    99       55.9079       49.5204    47975   11.43%
    574   148       55.3610   194       55.9079       50.1709    67144   10.26%
*   637   152      integral     0       55.3223       50.1709    61047    9.31%
*   730   141      integral     0       53.8554       50.1709    69692    6.84%
    853    42        cutoff             53.8554       50.3552    82700    6.50%

Clique cuts applied:  11
Cover cuts applied:  11
Implied bound cuts applied:  28
Flow cuts applied:  1
Mixed integer rounding cuts applied:  5
Zero-half cuts applied:  40
Gomory fractional cuts applied:  3

Root node processing (before b&c):
  Real time             =    2.13 sec. (4329.83 ticks)
Parallel b&c, 20 threads:
  Real time             =    2.47 sec. (2569.17 ticks)
  Sync time (average)   =    1.28 sec.
  Wait time (average)   =    0.00 sec.
                          ------------
Total (root+branch&cut) =    4.60 sec. (6899.00 ticks)
Truck arcs:
0 5
2 4
3 11
4 8
5 2
6 3
8 6
53.8554
In write mode
