Instance name: /home/cuong/CLionProjects/uMV-FSTSP/rand_generated_instances/v46
Write arg val: 1

drone speed: 1 miles/minute
uav non-eligible customer: 8 12 
Printing tau:
0 10.6801 12.4747 9.35397 6.16591 12.5714 8.30462 14.2074 7.91253 9.22767 7.76267 0 
10.6801 0 11.0984 6.99595 4.51416 13.9476 9.74351 15.5836 11.7271 17.5916 18.4427 10.6801 
12.4747 11.0984 0 4.10249 8.5263 25.046 4.85363 26.6821 6.8372 21.7023 20.1287 12.4747 
9.35397 6.99595 4.10249 0 4.42381 20.9436 8.41741 22.5796 10.401 17.5999 17.1166 9.35397 
6.16591 4.51416 8.5263 4.42381 0 16.5197 5.22935 18.1558 7.21292 13.176 13.9286 6.16591 
12.5714 13.9476 25.046 20.9436 16.5197 0 20.876 7.47593 20.4839 10.8036 11.6548 12.5714 
8.30462 9.74351 4.85363 8.41741 5.22935 20.876 0 22.512 1.98357 17.5323 15.9586 8.30462 
14.2074 15.5836 26.6821 22.5796 18.1558 7.47593 22.512 0 22.1199 18.2795 19.1307 14.2074 
7.91253 11.7271 6.8372 10.401 7.21292 20.4839 1.98357 22.1199 0 17.1402 15.5665 7.91253 
9.22767 17.5916 21.7023 17.5999 13.176 10.8036 17.5323 18.2795 17.1402 0 1.5737 9.22767 
7.76267 18.4427 20.1287 17.1166 13.9286 11.6548 15.9586 19.1307 15.5665 1.5737 0 7.76267 
0 0 0 0 0 0 0 0 0 0 0 0 
Printing tau_prime:
0 3.8072 4.86241 4.43833 2.58863 4.65279 2.95474 6.43313 2.82189 4.07613 3.85426 0 
3.8072 0 4.28786 2.51749 1.8369 5.48421 4.22697 5.51501 4.74668 7.26212 7.26016 3.8072 
4.86241 4.28786 0 1.92129 3.01743 8.88051 2.26239 9.63746 2.90604 8.89048 8.57936 4.86241 
4.43833 2.51749 1.92129 0 1.92788 7.65233 2.9761 8.01478 3.68089 8.47291 8.29018 4.43833 
2.58863 1.8369 3.01743 1.92788 0 5.89568 2.40632 6.67733 2.90991 6.56342 6.40917 2.58863 
4.65279 5.48421 8.88051 7.65233 5.89568 0 7.45438 2.70569 7.4497 3.99841 4.47233 4.65279 
2.95474 4.22697 2.26239 2.9761 2.40632 7.45438 0 8.77215 0.714866 6.79129 6.42605 2.95474 
6.43313 5.51501 9.63746 8.01478 6.67733 2.70569 8.77215 0 8.96816 6.69831 7.14957 6.43313 
2.82189 4.74668 2.90604 3.68089 2.90991 7.4497 0.714866 8.96816 0 6.40487 5.99392 2.82189 
4.07613 7.26212 8.89048 8.47291 6.56342 3.99841 6.79129 6.69831 6.40487 0 0.632552 4.07613 
3.85426 7.26016 8.57936 8.29018 6.40917 4.47233 6.42605 7.14957 5.99392 0.632552 0 3.85426 
0 0 0 0 0 0 0 0 0 0 0 0 
Printing number of nodes: 11

Version identifier: 22.1.1.0 | 2022-11-28 | 9160aff4d
CPXPARAM_ClockType                               0
CPXPARAM_Emphasis_MIP                            2
CPXPARAM_MIP_Tolerances_Integrality              0
Tried aggregator 2 times.
MIP Presolve eliminated 449 rows and 517 columns.
MIP Presolve modified 1913 coefficients.
Aggregator did 2 substitutions.
Reduced MIP has 5679 rows, 1196 columns, and 164618 nonzeros.
Reduced MIP has 1187 binaries, 0 generals, 0 SOSs, and 0 indicators.
Presolve time = 0.07 sec. (204.62 ticks)
Found incumbent of value 176.303560 after 0.12 sec. (326.80 ticks)
Probing fixed 130 vars, tightened 0 bounds.
Probing changed sense of 18 constraints.
Probing time = 0.04 sec. (50.26 ticks)
Tried aggregator 1 time.
MIP Presolve eliminated 31 rows and 148 columns.
MIP Presolve modified 42 coefficients.
Reduced MIP has 5648 rows, 1048 columns, and 163908 nonzeros.
Reduced MIP has 1039 binaries, 0 generals, 0 SOSs, and 0 indicators.
Presolve time = 0.07 sec. (184.30 ticks)
Probing time = 0.01 sec. (14.73 ticks)
Tried aggregator 1 time.
Detecting symmetries...
Reduced MIP has 5648 rows, 1048 columns, and 163908 nonzeros.
Reduced MIP has 1039 binaries, 0 generals, 0 SOSs, and 0 indicators.
Presolve time = 0.03 sec. (89.18 ticks)
Probing time = 0.01 sec. (14.33 ticks)
Clique table members: 81843.
MIP emphasis: optimality.
MIP search method: dynamic search.
Parallel mode: deterministic, using up to 20 threads.
Root relaxation solution time = 0.20 sec. (258.04 ticks)

        Nodes                                         Cuts/
   Node  Left     Objective  IInf  Best Integer    Best Bound    ItCnt     Gap

*     0+    0                          176.3036        3.0321            98.28%
      0     0       43.4050   140      176.3036       43.4050     2174   75.38%
*     0+    0                           79.5779       43.4050            45.46%
*     0+    0                           70.9897       43.4050            38.86%
      0     0       43.7758   148       70.9897      Cuts: 28     2984   38.33%
*     0+    0                           65.4913       43.7758            33.16%
      0     0       43.8912    91       65.4913      Cuts: 15     3113   32.98%
      0     0       43.9087   149       65.4913      Cuts: 18     3188   32.95%
*     0+    0                           51.7884       43.9087            15.22%
      0     0  -1.00000e+75     0       51.7884       43.9087     3188   15.22%
      0     0       43.9452   156       51.7884       Cuts: 8     3264   15.14%
      0     0       43.9767   152       51.7884      Cuts: 10     3298   15.08%
Detecting symmetries...
      0     0       44.1204   171       51.7884       Cuts: 4     3360   14.81%
      0     0       44.1230   171       51.7884    MIRcuts: 3     3371   14.80%
      0     0       44.1916   169       51.7884       Cuts: 5     3413   14.67%
      0     0       44.2403   173       51.7884   ZeroHalf: 4     3461   14.57%
      0     0       44.2479   182       51.7884       Cuts: 6     3477   14.56%
      0     0       44.2510   186       51.7884   ZeroHalf: 1     3498   14.55%
*     0+    0                           50.7884       44.2510            12.87%
Detecting symmetries...
      0     2       44.2510   184       50.7884       46.1936     3498    9.05%
Elapsed time = 1.90 sec. (3929.29 ticks, tree = 0.02 MB, solutions = 6)
     20     7       47.7894   248       50.7884       46.1936     5629    9.05%
*   167+   19                           50.6637       48.0398             5.18%
    201    21       49.2953    93       50.6637       48.6411    14578    3.99%
    282    10       50.4101    90       50.6637       48.9560    23353    3.37%

Clique cuts applied:  3
Cover cuts applied:  1
Implied bound cuts applied:  11
Flow cuts applied:  1
Mixed integer rounding cuts applied:  2
Zero-half cuts applied:  19
Gomory fractional cuts applied:  3

Root node processing (before b&c):
  Real time             =    1.87 sec. (3889.67 ticks)
Parallel b&c, 20 threads:
  Real time             =    0.83 sec. (789.72 ticks)
  Sync time (average)   =    0.57 sec.
  Wait time (average)   =    0.00 sec.
                          ------------
Total (root+branch&cut) =    2.69 sec. (4679.38 ticks)
Truck arcs:
0 10
4 6
6 8
8 11
9 4
10 9
50.6637
In write mode
