Instance name: /home/cuong/CLionProjects/uMV-FSTSP/rand_generated_instances/v50
Write arg val: 1

drone speed: 1 miles/minute
uav non-eligible customer: 3 12 
Printing tau:
0 4.12145 10.98 3.72193 4.46793 12.2419 7.80533 22.3861 8.26245 6.02638 4.49597 0 
4.12145 0 11.0698 1.62669 8.58938 12.1521 11.9268 22.2963 12.3839 6.11625 1.21479 4.12145 
10.98 11.0698 0 12.6965 7.76539 23.2219 7.93926 33.3661 14.7717 4.9536 9.85506 10.98 
3.72193 1.62669 12.6965 0 8.18986 10.5254 11.5273 20.6696 11.9844 7.74294 2.84148 3.72193 
4.46793 8.58938 7.76539 8.18986 0 15.4565 3.33741 25.6007 7.00632 3.81986 8.9639 4.46793 
12.2419 12.1521 23.2219 10.5254 15.4565 0 15.8808 10.1442 9.05449 18.2683 13.3669 12.2419 
7.80533 11.9268 7.93926 11.5273 3.33741 15.8808 0 26.025 7.43055 7.15727 12.3013 7.80533 
22.3861 22.2963 33.3661 20.6696 25.6007 10.1442 26.025 0 18.5944 28.4125 23.5111 22.3861 
8.26245 12.3839 14.7717 11.9844 7.00632 9.05449 7.43055 18.5944 0 9.81811 12.7584 8.26245 
6.02638 6.11625 4.9536 7.74294 3.81986 18.2683 7.15727 28.4125 9.81811 0 5.14404 6.02638 
4.49597 1.21479 9.85506 2.84148 8.9639 13.3669 12.3013 23.5111 12.7584 5.14404 0 4.49597 
0 0 0 0 0 0 0 0 0 0 0 0 
Printing tau_prime:
0 1.4575 3.8823 1.44911 1.94602 4.33723 3.04476 7.95651 3.21413 2.14293 1.63857 0 
1.4575 0 4.15996 0.592215 3.25378 4.45474 4.41802 8.20374 4.5698 2.74219 0.44944 1.4575 
3.8823 4.15996 0 4.66471 3.19136 8.21349 3.82303 11.8282 6.00731 1.77305 3.81034 3.8823 
1.44911 0.592215 4.66471 0 3.3799 3.86277 4.49386 7.61203 4.30017 3.14345 1.04122 1.44911 
1.94602 3.25378 3.19136 3.3799 0 5.77247 1.18945 9.0835 2.81707 1.67696 3.25419 1.94602 
4.33723 4.45474 8.21349 3.86277 5.77247 0 6.38468 3.74984 4.37878 6.47886 4.90398 4.33723 
3.04476 4.41802 3.82303 4.49386 1.18945 6.38468 0 9.40454 2.63206 2.66756 4.43906 3.04476 
7.95651 8.20374 11.8282 7.61203 9.0835 3.74984 9.40454 0 6.9034 10.0624 8.65311 7.95651 
3.21413 4.5698 6.00731 4.30017 2.81707 4.37878 2.63206 6.9034 0 4.39281 4.83413 3.21413 
2.14293 2.74219 1.77305 3.14345 1.67696 6.47886 2.66756 10.0624 4.39281 0 2.51211 2.14293 
1.63857 0.44944 3.81034 1.04122 3.25419 4.90398 4.43906 8.65311 4.83413 2.51211 0 1.63857 
0 0 0 0 0 0 0 0 0 0 0 0 
Printing number of nodes: 11

Version identifier: 22.1.1.0 | 2022-11-28 | 9160aff4d
CPXPARAM_ClockType                               0
CPXPARAM_Emphasis_MIP                            2
CPXPARAM_MIP_Tolerances_Integrality              0
Tried aggregator 2 times.
MIP Presolve eliminated 448 rows and 498 columns.
MIP Presolve modified 2157 coefficients.
Aggregator did 3 substitutions.
Reduced MIP has 5679 rows, 1214 columns, and 164670 nonzeros.
Reduced MIP has 1205 binaries, 0 generals, 0 SOSs, and 0 indicators.
Presolve time = 0.10 sec. (385.13 ticks)
Found incumbent of value 135.758210 after 0.16 sec. (501.76 ticks)
Probing fixed 122 vars, tightened 0 bounds.
Probing changed sense of 18 constraints.
Probing time = 0.07 sec. (51.58 ticks)
Tried aggregator 2 times.
MIP Presolve eliminated 29 rows and 141 columns.
MIP Presolve modified 58 coefficients.
Aggregator did 1 substitutions.
Reduced MIP has 5649 rows, 1072 columns, and 163983 nonzeros.
Reduced MIP has 1063 binaries, 0 generals, 0 SOSs, and 0 indicators.
Presolve time = 0.07 sec. (184.64 ticks)
Probing time = 0.01 sec. (14.77 ticks)
Tried aggregator 1 time.
Detecting symmetries...
Reduced MIP has 5649 rows, 1072 columns, and 163983 nonzeros.
Reduced MIP has 1063 binaries, 0 generals, 0 SOSs, and 0 indicators.
Presolve time = 0.03 sec. (89.73 ticks)
Probing time = 0.01 sec. (14.52 ticks)
Clique table members: 82403.
MIP emphasis: optimality.
MIP search method: dynamic search.
Parallel mode: deterministic, using up to 20 threads.
Root relaxation solution time = 0.15 sec. (225.09 ticks)

        Nodes                                         Cuts/
   Node  Left     Objective  IInf  Best Integer    Best Bound    ItCnt     Gap

*     0+    0                          135.7582       -1.5561           101.15%
      0     0       36.1428    81      135.7582       36.1428     1835   73.38%
*     0+    0                           56.5675       36.1428            36.11%
      0     0       36.3468   133       56.5675      Cuts: 32     1970   35.75%
      0     0       36.3493   127       56.5675       Cuts: 7     2004   35.74%
*     0+    0                           51.0344       36.3493            28.77%
      0     0       36.3523   129       51.0344       Cuts: 2     2027   28.77%
      0     0       36.3562   136       51.0344       Cuts: 9     2054   28.76%
      0     0       36.4014   134       51.0344      Cuts: 11     2187   28.67%
Detecting symmetries...
      0     0       36.4088   145       51.0344       Cuts: 2     2213   28.66%
      0     0       36.4091   149       51.0344       Cuts: 2     2231   28.66%
      0     0       36.4091   150       51.0344    MIRcuts: 1     2232   28.66%
*     0+    0                           46.5987       36.4091            21.87%
Detecting symmetries...
      0     2       36.4091   150       46.5987       36.4091     2232   21.87%
Elapsed time = 1.28 sec. (2769.77 ticks, tree = 0.02 MB, solutions = 4)
      6     8       45.3916    45       46.5987       36.4091     3453   21.87%
*    76+   18                           45.5507       36.4197            20.05%
    116    43       46.3893   101       45.5507       36.4229     8813   20.04%
*   207    20      integral     0       45.3916       36.4363    20416   19.73%
    218    25       37.4057    44       45.3916       36.4363    20472   19.73%
*   243+   10                           40.8697       36.4363            10.85%
    345    37       39.0284    75       40.8697       36.4363    27749   10.85%
*   622+   98                           40.1042       37.4056             6.73%
    681    81       40.0834    10       40.1042       37.4056    50762    6.73%
    907    13       39.1007    38       40.1042       37.4057    65328    6.73%
    921     7       39.1741   185       40.1042       38.7795    68860    3.30%

Cover cuts applied:  11
Implied bound cuts applied:  10
Flow cuts applied:  2
Mixed integer rounding cuts applied:  1
Zero-half cuts applied:  16
Gomory fractional cuts applied:  3

Root node processing (before b&c):
  Real time             =    1.24 sec. (2742.87 ticks)
Parallel b&c, 20 threads:
  Real time             =    1.98 sec. (1795.80 ticks)
  Sync time (average)   =    0.99 sec.
  Wait time (average)   =    0.00 sec.
                          ------------
Total (root+branch&cut) =    3.22 sec. (4538.67 ticks)
Truck arcs:
0 4
1 3
2 9
3 11
4 6
6 2
9 10
10 1
40.1042
In write mode
