Instance name: /home/cuong/CLionProjects/uMV-FSTSP/rand_generated_instances/v54
Write arg val: 1

drone speed: 1 miles/minute
uav non-eligible customer: 7 9 12 
Printing tau:
0 7.07955 1.7005 5.864 1.6301 6.88411 5.78564 14.169 18.2088 4.80831 9.40487 0 
7.07955 0 8.78005 7.24583 8.70965 2.21666 2.14553 16.3515 25.2883 6.99084 16.2904 7.07955 
1.7005 8.78005 0 6.02592 1.7682 8.58461 7.48614 14.0071 16.5083 4.64639 9.24295 1.7005 
5.864 7.24583 6.02592 0 4.25772 7.05038 5.95191 20.033 18.0425 10.6723 15.2689 5.864 
1.6301 8.70965 1.7682 4.25772 0 8.5142 7.41573 15.7753 16.5787 6.41459 11.0111 1.6301 
6.88411 2.21666 8.58461 7.05038 8.5142 0 1.09847 14.1349 25.0929 5.54141 16.095 6.88411 
5.78564 2.14553 7.48614 5.95191 7.41573 1.09847 0 14.206 23.9944 4.84531 14.9965 5.78564 
14.169 16.3515 14.0071 20.033 15.7753 14.1349 14.206 0 11.3129 9.3607 4.76415 14.169 
18.2088 25.2883 16.5083 18.0425 16.5787 25.0929 23.9944 11.3129 0 19.5515 8.99787 18.2088 
4.80831 6.99084 4.64639 10.6723 6.41459 5.54141 4.84531 9.3607 19.5515 0 10.5536 4.80831 
9.40487 16.2904 9.24295 15.2689 11.0111 16.095 14.9965 4.76415 8.99787 10.5536 0 9.40487 
0 0 0 0 0 0 0 0 0 0 0 0 
Printing tau_prime:
0 2.61924 0.603938 2.07407 0.809116 2.43393 2.04557 5.57129 7.32331 1.76503 4.65419 0 
2.61924 0 3.21298 2.87348 3.08606 0.786749 0.885827 7.60498 9.90486 3.19733 7.06794 2.61924 
0.603938 3.21298 0 2.19845 0.625648 3.03545 2.64768 5.28193 6.77163 1.96373 4.21067 0.603938 
2.07407 2.87348 2.19845 0 1.59181 3.24992 2.94489 7.47169 8.46466 3.81076 6.27439 2.07407 
0.809116 3.08606 0.625648 1.59181 0 3.06559 2.67992 5.87993 7.12952 2.49961 4.72644 0.809116 
2.43393 0.786749 3.03545 3.24992 3.06559 0 0.389181 6.97928 9.52935 2.58602 6.58464 2.43393 
2.04557 0.885827 2.64768 2.94489 2.67992 0.389181 0 6.73268 9.17845 2.32424 6.26543 2.04557 
5.57129 7.60498 5.28193 7.47169 5.87993 6.97928 6.73268 0 4.27832 4.40875 1.87271 5.57129 
7.32331 9.90486 6.77163 8.46466 7.12952 9.52935 9.17845 4.27832 0 7.1407 3.18554 7.32331 
1.76503 3.19733 1.96373 3.81076 2.49961 2.58602 2.32424 4.40875 7.1407 0 4.06981 1.76503 
4.65419 7.06794 4.21067 6.27439 4.72644 6.58464 6.26543 1.87271 3.18554 4.06981 0 4.65419 
0 0 0 0 0 0 0 0 0 0 0 0 
Printing number of nodes: 11

Version identifier: 22.1.1.0 | 2022-11-28 | 9160aff4d
CPXPARAM_ClockType                               0
CPXPARAM_Emphasis_MIP                            2
CPXPARAM_MIP_Tolerances_Integrality              0
Tried aggregator 2 times.
MIP Presolve eliminated 877 rows and 531 columns.
MIP Presolve modified 1820 coefficients.
Aggregator did 2 substitutions.
Reduced MIP has 5395 rows, 1182 columns, and 153066 nonzeros.
Reduced MIP has 1174 binaries, 0 generals, 0 SOSs, and 0 indicators.
Presolve time = 0.06 sec. (169.21 ticks)
Found incumbent of value 139.826160 after 0.12 sec. (278.30 ticks)
Probing fixed 138 vars, tightened 0 bounds.
Probing changed sense of 32 constraints.
Probing time = 0.04 sec. (49.20 ticks)
Tried aggregator 1 time.
MIP Presolve eliminated 48 rows and 170 columns.
MIP Presolve modified 44 coefficients.
Reduced MIP has 5347 rows, 1012 columns, and 152237 nonzeros.
Reduced MIP has 1004 binaries, 0 generals, 0 SOSs, and 0 indicators.
Presolve time = 0.06 sec. (171.92 ticks)
Probing time = 0.01 sec. (14.21 ticks)
Tried aggregator 1 time.
Detecting symmetries...
Reduced MIP has 5347 rows, 1012 columns, and 152237 nonzeros.
Reduced MIP has 1004 binaries, 0 generals, 0 SOSs, and 0 indicators.
Presolve time = 0.03 sec. (83.42 ticks)
Probing time = 0.01 sec. (13.85 ticks)
Clique table members: 75524.
MIP emphasis: optimality.
MIP search method: dynamic search.
Parallel mode: deterministic, using up to 20 threads.
Root relaxation solution time = 0.07 sec. (119.51 ticks)

        Nodes                                         Cuts/
   Node  Left     Objective  IInf  Best Integer    Best Bound    ItCnt     Gap

*     0+    0                          139.8262      -10.0000           107.15%
*     0+    0                           92.4009      -10.0000           110.82%
      0     0       40.5744    69       92.4009       40.5744      973   56.09%
*     0+    0                           52.2860       40.5744            22.40%
*     0+    0                           50.2881       40.5744            19.32%
      0     0       40.5744    92       50.2881      Cuts: 32     1171   19.32%
*     0+    0                           47.6468       40.5744            14.84%
      0     0       40.5744    87       47.6468   ZeroHalf: 1     1454   14.84%
      0     0       40.5744    86       47.6468       Cuts: 9     1596   14.84%
*     0+    0                           47.4643       40.5744            14.52%
*     0+    0                           46.8763       40.5744            13.44%
      0     0  -1.00000e+75     0       46.8763       40.5744     1596   13.44%
Detecting symmetries...
      0     2       40.5744    78       46.8763       40.5744     1596   13.44%
Elapsed time = 1.02 sec. (2146.24 ticks, tree = 0.02 MB, solutions = 7)
      6     7       41.7916    67       46.8763       40.5744     3231   13.44%
*    25+   12                           45.3099       40.5744            10.45%
     63    24        cutoff             45.3099       40.5744    11228   10.45%
*    89    29      integral     0       44.1916       40.5744    12983    8.19%
    280    20        cutoff             44.1916       40.5744    16833    8.19%
    448    10        cutoff             44.1916       40.5744    34860    8.19%
    553     6        cutoff             44.1916       42.1129    40525    4.70%

Implied bound cuts applied:  1
Flow cuts applied:  1
Mixed integer rounding cuts applied:  5
Zero-half cuts applied:  10

Root node processing (before b&c):
  Real time             =    0.99 sec. (2129.26 ticks)
Parallel b&c, 20 threads:
  Real time             =    1.37 sec. (1305.16 ticks)
  Sync time (average)   =    0.86 sec.
  Wait time (average)   =    0.00 sec.
                          ------------
Total (root+branch&cut) =    2.36 sec. (3434.42 ticks)
Truck arcs:
0 4
2 10
4 2
5 6
6 11
7 9
9 5
10 7
44.1916
In write mode
