Instance name: /home/cuong/CLionProjects/uMV-FSTSP/rand_generated_instances/v57
Write arg val: 1

drone speed: 1 miles/minute
uav non-eligible customer: 4 5 12 
Printing tau:
0 11.4896 5.9685 3.66939 3.82651 9.31123 22.0385 9.66106 22.807 22.316 14.0276 0 
11.4896 0 12.3048 10.1799 7.66305 12.0425 19.8711 15.6037 34.2965 16.3734 17.6212 11.4896 
5.9685 12.3048 0 2.29911 5.51625 3.34273 16.07 15.6296 21.9917 16.3475 8.05906 5.9685 
3.66939 10.1799 2.29911 0 3.21715 5.64184 18.3691 13.3305 24.1167 18.6466 10.3582 3.66939 
3.82651 7.66305 5.51625 3.21715 0 8.85898 21.5862 10.1133 26.6335 21.8638 13.5753 3.82651 
9.31123 12.0425 3.34273 5.64184 8.85898 0 12.7272 18.9723 22.254 13.0048 5.57864 9.31123 
22.0385 19.8711 16.07 18.3691 21.5862 12.7272 0 31.6995 19.2491 4.27236 8.0109 22.0385 
9.66106 15.6037 15.6296 13.3305 10.1133 18.9723 31.6995 0 19.2347 31.9771 23.6886 9.66106 
22.807 34.2965 21.9917 24.1167 26.6335 22.254 19.2491 19.2347 0 19.5267 16.6754 22.807 
22.316 16.3734 16.3475 18.6466 21.8638 13.0048 4.27236 31.9771 19.5267 0 8.28848 22.316 
14.0276 17.6212 8.05906 10.3582 13.5753 5.57864 8.0109 23.6886 16.6754 8.28848 0 14.0276 
0 0 0 0 0 0 0 0 0 0 0 0 
Printing tau_prime:
0 4.57335 2.12978 1.37748 1.36229 3.29782 8.33624 3.64173 8.12357 8.02255 5.41259 0 
4.57335 0 4.35041 3.68777 3.33291 4.42111 9.04113 7.66758 12.1768 7.99539 6.85449 4.57335 
2.12978 4.35041 0 1.10686 2.54889 1.18547 6.27985 5.6112 7.85608 5.89589 3.41343 2.12978 
1.37748 3.68777 1.10686 0 1.44415 2.10059 7.34287 5.01915 8.5322 6.86532 4.50922 1.37748 
1.36229 3.33291 2.54889 1.44415 0 3.49395 8.76784 4.43032 9.45254 8.22344 5.95245 1.36229 
3.29782 4.42111 1.18547 2.10059 3.49395 0 5.28286 6.79213 8.19891 4.7667 2.58275 3.29782 
8.33624 9.04113 6.27985 7.34287 8.76784 5.28286 0 11.3357 8.50459 1.51369 2.94187 8.33624 
3.64173 7.66758 5.6112 5.01915 4.43032 6.79213 11.3357 0 8.1008 11.3072 8.42393 3.64173 
8.12357 12.1768 7.85608 8.5322 9.45254 8.19891 8.50459 8.1008 0 9.55838 7.10956 8.12357 
8.02255 7.99539 5.89589 6.86532 8.22344 4.7667 1.51369 11.3072 9.55838 0 3.0164 8.02255 
5.41259 6.85449 3.41343 4.50922 5.95245 2.58275 2.94187 8.42393 7.10956 3.0164 0 5.41259 
0 0 0 0 0 0 0 0 0 0 0 0 
Printing number of nodes: 11

Version identifier: 22.1.1.0 | 2022-11-28 | 9160aff4d
CPXPARAM_ClockType                               0
CPXPARAM_Emphasis_MIP                            2
CPXPARAM_MIP_Tolerances_Integrality              0
Tried aggregator 2 times.
MIP Presolve eliminated 902 rows and 745 columns.
MIP Presolve modified 1522 coefficients.
Aggregator did 3 substitutions.
Reduced MIP has 5369 rows, 967 columns, and 151972 nonzeros.
Reduced MIP has 959 binaries, 0 generals, 0 SOSs, and 0 indicators.
Presolve time = 0.07 sec. (196.38 ticks)
Found incumbent of value 195.097010 after 0.12 sec. (308.03 ticks)
Probing fixed 103 vars, tightened 0 bounds.
Probing changed sense of 32 constraints.
Probing time = 0.03 sec. (41.94 ticks)
Tried aggregator 1 time.
MIP Presolve eliminated 59 rows and 140 columns.
MIP Presolve modified 113 coefficients.
Reduced MIP has 5310 rows, 827 columns, and 151271 nonzeros.
Reduced MIP has 819 binaries, 0 generals, 0 SOSs, and 0 indicators.
Presolve time = 0.07 sec. (179.74 ticks)
Probing time = 0.01 sec. (13.91 ticks)
Tried aggregator 1 time.
Detecting symmetries...
Reduced MIP has 5310 rows, 827 columns, and 151271 nonzeros.
Reduced MIP has 819 binaries, 0 generals, 0 SOSs, and 0 indicators.
Presolve time = 0.03 sec. (82.02 ticks)
Probing time = 0.09 sec. (14.13 ticks)
Clique table members: 77275.
MIP emphasis: optimality.
MIP search method: dynamic search.
Parallel mode: deterministic, using up to 20 threads.
Root relaxation solution time = 0.13 sec. (161.14 ticks)

        Nodes                                         Cuts/
   Node  Left     Objective  IInf  Best Integer    Best Bound    ItCnt     Gap

*     0+    0                          195.0970       -0.6612           100.34%
*     0+    0                          150.4779       -0.6612           100.44%
      0     0       44.5893   101      150.4779       44.5893     1377   70.37%
*     0+    0                           74.9939       44.5893            40.54%
      0     0       47.0251   124       74.9939      Cuts: 53     1873   37.29%
*     0+    0                           72.3369       47.0251            34.99%
      0     0       47.4096   119       72.3369      Cuts: 24     1962   34.46%
*     0+    0                           63.2959       47.4096            25.10%
      0     0       47.6800   135       63.2959      Cuts: 32     2075   24.67%
*     0+    0                           56.1289       47.6800            15.05%
      0     0       47.6938   130       56.1289       Cuts: 8     2100   15.03%
      0     0       47.6941   140       56.1289       Cuts: 4     2115   15.03%
Detecting symmetries...
      0     0       47.6970   140       56.1289       Cuts: 5     2159   15.02%
      0     0       47.6970   142       56.1289       Cuts: 2     2174   15.02%
Detecting symmetries...
      0     2       47.6970   142       56.1289       47.6970     2174   15.02%
Elapsed time = 1.27 sec. (2542.59 ticks, tree = 0.02 MB, solutions = 6)
*    18+    7                           55.8298       48.1599            13.74%
     20    14       50.3754   209       55.8298       48.1599     4192   13.74%
*    78+   16                           55.8298       48.1599            13.74%
*   145+   79                           54.7095       49.9194             8.76%
    162    92        cutoff             54.7095       49.9194    13936    8.76%
    466    56        cutoff             54.7095       50.5861    29690    7.54%
    684    38        cutoff             54.7095       53.9175    48100    1.45%
    896    57        cutoff             54.7095       54.4511    59741    0.47%
   1117    16        cutoff             54.7095       54.4511    77990    0.47%
   1153     6       54.6319    90       54.7095       54.4512    86346    0.47%

Clique cuts applied:  23
Cover cuts applied:  38
Implied bound cuts applied:  25
Flow cuts applied:  2
Mixed integer rounding cuts applied:  8
Zero-half cuts applied:  15
Gomory fractional cuts applied:  4

Root node processing (before b&c):
  Real time             =    1.24 sec. (2514.02 ticks)
Parallel b&c, 20 threads:
  Real time             =    2.29 sec. (1794.99 ticks)
  Sync time (average)   =    1.15 sec.
  Wait time (average)   =    0.00 sec.
                          ------------
Total (root+branch&cut) =    3.54 sec. (4309.01 ticks)
Truck arcs:
0 3
1 4
2 10
3 2
4 11
5 1
10 5
54.7095
In write mode
