Instance name: /home/cuong/CLionProjects/uMV-FSTSP/rand_generated_instances/v62
Write arg val: 1

drone speed: 1 miles/minute
uav non-eligible customer: 12 
Printing tau:
0 4.29531 8.56026 0.711361 14.2981 3.18202 10.4068 9.45662 15.2946 13.1974 9.51893 0 
4.29531 0 4.82969 4.89163 10.5675 2.90466 14.1374 8.37542 19.0252 14.4961 13.2495 4.29531 
8.56026 4.82969 0 9.27162 6.80447 5.711 18.9671 11.1818 23.8548 19.3258 18.0792 8.56026 
0.711361 4.89163 9.27162 0 15.0094 3.89338 9.69544 10.168 14.5832 13.7938 8.80757 0.711361 
14.2981 10.5675 6.80447 15.0094 0 11.116 24.7049 4.84144 29.5926 25.0636 23.817 14.2981 
3.18202 2.90466 5.711 3.89338 11.116 0 13.5888 6.27461 18.4766 13.9475 12.7009 3.18202 
10.4068 14.1374 18.9671 9.69544 24.7049 13.5888 0 19.8634 4.88778 4.48155 13.3598 10.4068 
9.45662 8.37542 11.1818 10.168 4.84144 6.27461 19.8634 0 24.7512 20.2222 18.9756 9.45662 
15.2946 19.0252 23.8548 14.5832 29.5926 18.4766 4.88778 24.7512 0 8.2712 9.57019 15.2946 
13.1974 14.4961 19.3258 13.7938 25.0636 13.9475 4.48155 20.2222 8.2712 0 17.8414 13.1974 
9.51893 13.2495 18.0792 8.80757 23.817 12.7009 13.3598 18.9756 9.57019 17.8414 0 9.51893 
0 0 0 0 0 0 0 0 0 0 0 0 
Printing tau_prime:
0 2.01143 3.93242 0.328181 5.05622 1.22776 4.79933 3.64134 5.68102 6.02152 3.7446 0 
2.01143 0 1.97489 2.3361 3.99463 1.04511 5.23697 3.58705 6.73011 6.01441 5.65088 2.01143 
3.93242 1.97489 0 4.2606 3.14689 2.77356 6.73011 3.96603 8.46896 7.16454 7.62247 3.93242 
0.328181 2.3361 4.2606 0 5.31603 1.54541 4.75288 3.80008 5.51327 6.03484 3.42704 0.328181 
5.05622 3.99463 3.14689 5.31603 0 3.94908 9.22771 2.3076 10.5898 9.9662 8.59988 5.05622 
1.22776 1.04511 2.77356 1.54541 3.94908 0 5.45797 2.94321 6.65099 6.46079 4.97155 1.22776 
4.79933 5.23697 6.73011 4.75288 9.22771 5.45797 0 8.35384 2.18666 1.58954 4.73384 4.79933 
3.64134 3.58705 3.96603 3.80008 2.3076 2.94321 8.35384 0 9.3122 9.40378 6.71183 3.64134 
5.68102 6.73011 8.46896 5.51327 10.5898 6.65099 2.18666 9.3122 0 3.33401 3.95201 5.68102 
6.02152 6.01441 7.16454 6.03484 9.9662 6.46079 1.58954 9.40378 3.33401 0 6.32326 6.02152 
3.7446 5.65088 7.62247 3.42704 8.59988 4.97155 4.73384 6.71183 3.95201 6.32326 0 3.7446 
0 0 0 0 0 0 0 0 0 0 0 0 
Printing number of nodes: 11

Version identifier: 22.1.1.0 | 2022-11-28 | 9160aff4d
CPXPARAM_ClockType                               0
CPXPARAM_Emphasis_MIP                            2
CPXPARAM_MIP_Tolerances_Integrality              0
Tried aggregator 1 time.
MIP Presolve eliminated 263 rows and 400 columns.
MIP Presolve modified 1948 coefficients.
Reduced MIP has 5723 rows, 1315 columns, and 167594 nonzeros.
Reduced MIP has 1305 binaries, 0 generals, 0 SOSs, and 0 indicators.
Presolve time = 0.09 sec. (249.99 ticks)
Found incumbent of value 158.918570 after 0.14 sec. (374.35 ticks)
Probing fixed 135 vars, tightened 0 bounds.
Probing time = 0.12 sec. (55.16 ticks)
Tried aggregator 1 time.
MIP Presolve eliminated 12 rows and 135 columns.
MIP Presolve modified 142 coefficients.
Reduced MIP has 5711 rows, 1180 columns, and 166893 nonzeros.
Reduced MIP has 1170 binaries, 0 generals, 0 SOSs, and 0 indicators.
Presolve time = 0.04 sec. (128.02 ticks)
Probing time = 0.02 sec. (14.96 ticks)
Tried aggregator 1 time.
Detecting symmetries...
Reduced MIP has 5711 rows, 1180 columns, and 166893 nonzeros.
Reduced MIP has 1170 binaries, 0 generals, 0 SOSs, and 0 indicators.
Presolve time = 0.04 sec. (92.78 ticks)
Probing time = 0.01 sec. (14.83 ticks)
Clique table members: 83208.
MIP emphasis: optimality.
MIP search method: dynamic search.
Parallel mode: deterministic, using up to 20 threads.
Root relaxation solution time = 0.23 sec. (274.19 ticks)

        Nodes                                         Cuts/
   Node  Left     Objective  IInf  Best Integer    Best Bound    ItCnt     Gap

*     0+    0                          158.9186      -10.0000           106.29%
*     0+    0                          138.3569      -10.0000           107.23%
      0     0       38.8319   166      138.3569       38.8319     1251   71.93%
*     0+    0                           66.6470       38.8319            41.73%
      0     0       39.5845   179       66.6470      Cuts: 55     2824   40.61%
*     0+    0                           55.2045       39.5845            28.29%
      0     0       41.0404   198       55.2045      Cuts: 27     3269   25.66%
      0     0       41.2001   219       55.2045      Cuts: 20     3431   25.37%
      0     0       41.2489   221       55.2045      Cuts: 10     3564   25.28%
      0     0       41.2907   213       55.2045      Cuts: 11     3677   25.20%
Detecting symmetries...
      0     0       41.3020   215       55.2045       Cuts: 5     3717   25.18%
      0     0       41.3156   224       55.2045       Cuts: 4     3757   25.16%
      0     0       41.3156   224       55.2045    MIRcuts: 1     3758   25.16%
      0     0       41.3219   222       55.2045   Impl Bds: 1     3782   25.15%
      0     0       41.4288   215       55.2045       Cuts: 3     3911   24.95%
      0     0       41.4788   220       55.2045       Cuts: 3     4028   24.86%
      0     0       41.4823   220       55.2045       Cuts: 3     4059   24.86%
Detecting symmetries...
      0     2       41.4823   220       55.2045       41.4823     4059   24.86%
Elapsed time = 2.67 sec. (5899.08 ticks, tree = 0.02 MB, solutions = 4)
      6     4        cutoff             55.2045       41.4863     4978   24.85%
*    12+    1                           53.8515       41.4863            22.96%
     87    31       48.9443    59       53.8515       42.0129     8583   21.98%
    496   157        cutoff             53.8515       42.8806    24941   20.37%
*   593+  171                           50.7566       42.8806            15.52%
    632   192       51.5299    23       50.7566       42.8806    33833   15.52%
    848   186       48.5333   229       50.7566       42.8806    50764   15.52%
   1147   301       47.7497    72       50.7566       42.8806    67095   15.52%
   1435   433       47.9978   194       50.7566       44.8183    83929   11.70%
   1705   478       49.8035   148       50.7566       45.4073    96563   10.54%
   2086   606       47.7195   195       50.7566       45.9168   123758    9.54%
   3600   724       49.8524   153       50.7566       49.4744   212779    2.53%
Elapsed time = 7.57 sec. (9036.72 ticks, tree = 0.61 MB, solutions = 8)
   5297    16       50.6719    34       50.7566       50.6719   288872    0.17%

Clique cuts applied:  1
Cover cuts applied:  4
Implied bound cuts applied:  80
Flow cuts applied:  1
Mixed integer rounding cuts applied:  4
Zero-half cuts applied:  31
Gomory fractional cuts applied:  7

Root node processing (before b&c):
  Real time             =    2.63 sec. (5827.74 ticks)
Parallel b&c, 20 threads:
  Real time             =    7.02 sec. (4267.77 ticks)
  Sync time (average)   =    3.04 sec.
  Wait time (average)   =    0.00 sec.
                          ------------
Total (root+branch&cut) =    9.64 sec. (10095.50 ticks)
Truck arcs:
0 3
1 9
3 5
5 1
6 11
9 6
50.7566
In write mode
