Instance name: /home/cuong/CLionProjects/uMV-FSTSP/rand_generated_instances/v64
Write arg val: 1

drone speed: 1 miles/minute
uav non-eligible customer: 1 2 12 
Printing tau:
0 8.75443 1.54575 3.38384 9.34914 18.9408 21.5952 11.1261 22.1016 6.19113 7.43445 0 
8.75443 0 7.70775 8.8206 0.594712 13.8421 16.1584 2.37172 16.6649 12.3406 8.89775 8.75443 
1.54575 7.70775 0 2.17043 8.30246 20.4866 23.1409 10.0795 23.6474 7.73688 8.98021 1.54575 
3.38384 8.8206 2.17043 0 8.2372 22.3247 24.979 7.90904 25.4855 9.57496 10.8183 3.38384 
9.34914 0.594712 8.30246 8.2372 0 14.4368 16.7418 1.77701 17.2483 12.9353 9.49247 9.34914 
18.9408 13.8421 20.4866 22.3247 14.4368 0 9.41231 16.2138 6.07726 12.7497 11.5064 18.9408 
21.5952 16.1584 23.1409 24.979 16.7418 9.41231 0 18.26 3.33506 15.4041 14.1607 21.5952 
11.1261 2.37172 10.0795 7.90904 1.77701 16.2138 18.26 0 18.7664 14.7123 11.2695 11.1261 
22.1016 16.6649 23.6474 25.4855 17.2483 6.07726 3.33506 18.7664 0 15.9105 14.6672 22.1016 
6.19113 12.3406 7.73688 9.57496 12.9353 12.7497 15.4041 14.7123 15.9105 0 3.44284 6.19113 
7.43445 8.89775 8.98021 10.8183 9.49247 11.5064 14.1607 11.2695 14.6672 3.44284 0 7.43445 
0 0 0 0 0 0 0 0 0 0 0 0 
Printing tau_prime:
0 3.64346 0.660008 1.65076 3.72427 6.93396 7.78664 4.10662 7.82194 2.52959 2.62897 0 
3.64346 0 3.67704 3.68213 0.294543 6.83706 5.92365 1.12036 6.5001 4.3712 3.22414 3.64346 
0.660008 3.67704 0 1.00557 3.70607 7.56083 8.26323 3.95947 8.36064 3.18831 3.20274 0.660008 
1.65076 3.68213 1.00557 0 3.63065 8.4214 8.84009 3.6691 9.04482 4.15278 4.00512 1.65076 
3.72427 0.294543 3.70607 3.63065 0 7.1316 6.17995 0.826331 6.77666 4.59771 3.47795 3.72427 
6.93396 6.83706 7.56083 8.4214 7.1316 0 3.45755 7.95631 2.42187 4.53885 4.42779 6.93396 
7.78664 5.92365 8.26323 8.84009 6.17995 3.45755 0 6.88919 1.19264 6.12236 5.24987 7.78664 
4.10662 1.12036 3.95947 3.6691 0.826331 7.95631 6.88919 0 7.54096 5.29869 4.23977 4.10662 
7.82194 6.5001 8.36064 9.04482 6.77666 2.42187 1.19264 7.54096 0 5.85322 5.20108 7.82194 
2.52959 4.3712 3.18831 4.15278 4.59771 4.53885 6.12236 5.29869 5.85322 0 1.29417 2.52959 
2.62897 3.22414 3.20274 4.00512 3.47795 4.42779 5.24987 4.23977 5.20108 1.29417 0 2.62897 
0 0 0 0 0 0 0 0 0 0 0 0 
Printing number of nodes: 11

Version identifier: 22.1.1.0 | 2022-11-28 | 9160aff4d
CPXPARAM_ClockType                               0
CPXPARAM_Emphasis_MIP                            2
CPXPARAM_MIP_Tolerances_Integrality              0
Tried aggregator 2 times.
MIP Presolve eliminated 883 rows and 587 columns.
MIP Presolve modified 1580 coefficients.
Aggregator did 2 substitutions.
Reduced MIP has 5389 rows, 1126 columns, and 152810 nonzeros.
Reduced MIP has 1118 binaries, 0 generals, 0 SOSs, and 0 indicators.
Presolve time = 0.07 sec. (197.20 ticks)
Found incumbent of value 171.174422 after 0.13 sec. (308.85 ticks)
Probing fixed 124 vars, tightened 0 bounds.
Probing changed sense of 32 constraints.
Probing time = 0.07 sec. (45.53 ticks)
Tried aggregator 1 time.
MIP Presolve eliminated 48 rows and 156 columns.
MIP Presolve modified 52 coefficients.
Reduced MIP has 5341 rows, 970 columns, and 152044 nonzeros.
Reduced MIP has 962 binaries, 0 generals, 0 SOSs, and 0 indicators.
Presolve time = 0.07 sec. (170.27 ticks)
Probing time = 0.01 sec. (14.37 ticks)
Tried aggregator 1 time.
Detecting symmetries...
Reduced MIP has 5341 rows, 970 columns, and 152044 nonzeros.
Reduced MIP has 962 binaries, 0 generals, 0 SOSs, and 0 indicators.
Presolve time = 0.03 sec. (83.31 ticks)
Probing time = 0.01 sec. (14.17 ticks)
Clique table members: 75545.
MIP emphasis: optimality.
MIP search method: dynamic search.
Parallel mode: deterministic, using up to 20 threads.
Root relaxation solution time = 0.13 sec. (185.88 ticks)

        Nodes                                         Cuts/
   Node  Left     Objective  IInf  Best Integer    Best Bound    ItCnt     Gap

*     0+    0                          171.1744      -10.0000           105.84%
      0     0       37.5204   117      171.1744       37.5204     1386   78.08%
*     0+    0                           45.0250       37.5204            16.67%
      0     0       38.1106   118       45.0250      Cuts: 51     1569   15.36%
*     0+    0                           43.3747       38.1106            12.14%
      0     0       38.3891   133       43.3747      Cuts: 16     1754   11.49%
      0     0       38.3891   136       43.3747   ZeroHalf: 4     1769   11.49%
*     0+    0                           42.0599       38.3891             8.73%
      0     0       38.3962   130       42.0599       Cuts: 3     1818    7.40%
      0     0       38.4251   131       42.0599      Cuts: 13     1895    7.40%
Detecting symmetries...
Detecting symmetries...
      0     2       38.4251   130       42.0599       40.5636     1895    3.56%
Elapsed time = 1.87 sec. (4037.56 ticks, tree = 0.02 MB, solutions = 4)
*     3+    2                           41.8573       40.5636             3.09%
     17     5       40.5753    84       41.8573       40.5636     2768    3.09%
    181     5       39.3154   215       41.8573       40.5636     8165    3.09%
    287    10        cutoff             41.8573       40.5730    12267    3.07%
    408     7       41.8309    53       41.8573       41.7430    17465    0.27%

Clique cuts applied:  2
Flow cuts applied:  2
Mixed integer rounding cuts applied:  1
Zero-half cuts applied:  12
Gomory fractional cuts applied:  4

Root node processing (before b&c):
  Real time             =    1.85 sec. (4011.37 ticks)
Parallel b&c, 20 threads:
  Real time             =    0.84 sec. (1010.03 ticks)
  Sync time (average)   =    0.65 sec.
  Wait time (average)   =    0.00 sec.
                          ------------
Total (root+branch&cut) =    2.69 sec. (5021.40 ticks)
Truck arcs:
0 9
1 4
2 11
3 2
4 7
7 3
9 10
10 1
41.8573
In write mode
