Instance name: /home/cuong/CLionProjects/uMV-FSTSP/rand_generated_instances/v65
Write arg val: 1

drone speed: 1 miles/minute
uav non-eligible customer: 1 12 
Printing tau:
0 13.2934 3.89692 11.8326 10.6796 8.47867 15.4387 1.74827 9.9523 15.0966 10.4437 0 
13.2934 0 9.71948 1.46082 5.16516 7.66341 28.7321 13.6644 23.2457 28.39 2.84963 13.2934 
3.89692 9.71948 0 8.25865 7.10572 12.3756 19.0126 5.64519 13.5262 18.6705 7.52718 3.89692 
11.8326 1.46082 8.25865 0 3.8562 6.94751 27.2712 12.2036 21.7848 26.9292 2.09911 11.8326 
10.6796 5.16516 7.10572 3.8562 0 10.8037 26.1183 11.0507 20.6319 25.7763 5.95531 10.6796 
8.47867 7.66341 12.3756 6.94751 10.8037 0 21.0687 6.7304 15.5823 20.7266 4.84841 8.47867 
15.4387 28.7321 19.0126 27.2712 26.1183 21.0687 0 15.0676 9.22924 7.62859 25.8824 15.4387 
1.74827 13.6644 5.64519 12.2036 11.0507 6.7304 15.0676 0 9.58124 14.7256 10.8148 1.74827 
9.9523 23.2457 13.5262 21.7848 20.6319 15.5823 9.22924 9.58124 0 5.14435 20.396 9.9523 
15.0966 28.39 18.6705 26.9292 25.7763 20.7266 7.62859 14.7256 5.14435 0 25.5404 15.0966 
10.4437 2.84963 7.52718 2.09911 5.95531 4.84841 25.8824 10.8148 20.396 25.5404 0 10.4437 
0 0 0 0 0 0 0 0 0 0 0 0 
Printing tau_prime:
0 4.80599 1.86945 4.21832 3.86426 3.59834 5.71642 0.631875 3.85101 5.43017 3.90913 0 
4.80599 0 4.18114 0.693486 2.04666 3.3638 10.5116 4.84651 8.2377 10.0374 1.04551 4.80599 
1.86945 4.18114 0 3.49409 2.57299 4.4354 6.72959 2.43492 5.61513 7.01592 3.603 1.86945 
4.21832 0.693486 3.49409 0 1.423 3.29279 9.89848 4.31531 7.76983 9.53191 0.889876 4.21832 
3.86426 2.04666 2.57299 1.423 0 4.21633 9.27568 4.16397 7.67512 9.29346 2.10717 3.86426 
3.59834 3.3638 4.4354 3.29279 4.21633 0 8.80543 3.18808 5.6924 7.59562 2.41556 3.59834 
5.71642 10.5116 6.72959 9.89848 9.27568 8.80543 0 5.80893 3.79604 2.69982 9.62429 5.71642 
0.631875 4.84651 2.43492 4.31531 4.16397 3.18808 5.80893 0 3.51733 5.2202 3.88107 0.631875 
3.85101 8.2377 5.61513 7.76983 7.67512 5.6924 3.79604 3.51733 0 1.90481 7.21658 3.85101 
5.43017 10.0374 7.01592 9.53191 9.29346 7.59562 2.69982 5.2202 1.90481 0 9.03437 5.43017 
3.90913 1.04551 3.603 0.889876 2.10717 2.41556 9.62429 3.88107 7.21658 9.03437 0 3.90913 
0 0 0 0 0 0 0 0 0 0 0 0 
Printing number of nodes: 11

Version identifier: 22.1.1.0 | 2022-11-28 | 9160aff4d
CPXPARAM_ClockType                               0
CPXPARAM_Emphasis_MIP                            2
CPXPARAM_MIP_Tolerances_Integrality              0
Tried aggregator 2 times.
MIP Presolve eliminated 458 rows and 587 columns.
MIP Presolve modified 1709 coefficients.
Aggregator did 2 substitutions.
Reduced MIP has 5670 rows, 1126 columns, and 164255 nonzeros.
Reduced MIP has 1117 binaries, 0 generals, 0 SOSs, and 0 indicators.
Presolve time = 0.08 sec. (282.31 ticks)
Found incumbent of value 179.186830 after 0.14 sec. (401.23 ticks)
Probing fixed 118 vars, tightened 0 bounds.
Probing changed sense of 18 constraints.
Probing time = 0.04 sec. (47.26 ticks)
Tried aggregator 1 time.
MIP Presolve eliminated 31 rows and 136 columns.
MIP Presolve modified 32 coefficients.
Reduced MIP has 5639 rows, 990 columns, and 163592 nonzeros.
Reduced MIP has 981 binaries, 0 generals, 0 SOSs, and 0 indicators.
Presolve time = 0.05 sec. (128.76 ticks)
Probing time = 0.01 sec. (14.32 ticks)
Tried aggregator 1 time.
Detecting symmetries...
Reduced MIP has 5639 rows, 990 columns, and 163592 nonzeros.
Reduced MIP has 981 binaries, 0 generals, 0 SOSs, and 0 indicators.
Presolve time = 0.03 sec. (89.05 ticks)
Probing time = 0.01 sec. (14.09 ticks)
Clique table members: 83458.
MIP emphasis: optimality.
MIP search method: dynamic search.
Parallel mode: deterministic, using up to 20 threads.
Root relaxation solution time = 0.12 sec. (181.98 ticks)

        Nodes                                         Cuts/
   Node  Left     Objective  IInf  Best Integer    Best Bound    ItCnt     Gap

*     0+    0                          179.1868      -10.0000           105.58%
      0     0       37.4456    72      179.1868       37.4456     1516   79.10%
*     0+    0                           68.3905       37.4456            45.25%
      0     0       37.4456    79       68.3905      Cuts: 21     1550   45.25%
*     0+    0                           43.8725       37.4456            14.65%
      0     0       37.4572    86       43.8725      Cuts: 10     1730   14.62%
      0     0       37.4578    92       43.8725      Cuts: 16     1744   14.62%
*     0+    0                           43.2197       37.4578            13.33%
Detecting symmetries...
      0     2       37.4578    89       43.2197       37.4593     1744   13.33%
Elapsed time = 1.15 sec. (2485.09 ticks, tree = 0.02 MB, solutions = 4)
    152    13       43.0640    45       43.2197       37.4964     7074   13.24%
    492    88        cutoff             43.2197       38.0369    26773   11.99%
    861    26        cutoff             43.2197       42.3536    48326    2.00%

Implied bound cuts applied:  1
Mixed integer rounding cuts applied:  2
Zero-half cuts applied:  13
Gomory fractional cuts applied:  9

Root node processing (before b&c):
  Real time             =    1.12 sec. (2467.05 ticks)
Parallel b&c, 20 threads:
  Real time             =    1.13 sec. (953.47 ticks)
  Sync time (average)   =    0.60 sec.
  Wait time (average)   =    0.00 sec.
                          ------------
Total (root+branch&cut) =    2.25 sec. (3420.52 ticks)
Truck arcs:
0 7
1 3
2 11
3 4
4 2
5 10
7 5
10 1
43.2197
In write mode
