Instance name: /home/cuong/CLionProjects/uMV-FSTSP/rand_generated_instances/v69
Write arg val: 1

drone speed: 1 miles/minute
uav non-eligible customer: 4 12 
Printing tau:
0 3.9661 6.69227 5.62345 8.59958 26.2082 9.93145 3.55935 7.34244 15.9419 16.6757 0 
3.9661 0 6.75171 5.46012 10.0401 22.2421 6.6601 7.52544 3.37634 14.5014 12.7096 3.9661 
6.69227 6.75171 0 10.9346 5.58143 19.516 3.23918 10.2516 8.81681 21.2531 9.98348 6.69227 
5.62345 5.46012 10.9346 0 14.223 27.7023 11.4255 8.88124 8.83646 11.7484 18.1698 5.62345 
8.59958 10.0401 5.58143 14.223 0 25.0974 8.82061 5.34179 12.1052 24.5415 15.5649 8.59958 
26.2082 22.2421 19.516 27.7023 25.0974 0 16.2768 29.7676 18.8658 18.2889 9.5325 26.2082 
9.93145 6.6601 3.23918 11.4255 8.82061 16.2768 0 13.4908 8.7252 21.1615 6.74429 9.93145 
3.55935 7.52544 10.2516 8.88124 5.34179 29.7676 13.4908 0 10.9018 19.1997 20.2351 3.55935 
7.34244 3.37634 8.81681 8.83646 12.1052 18.8658 8.7252 10.9018 0 12.4363 9.33331 7.34244 
15.9419 14.5014 21.2531 11.7484 24.5415 18.2889 21.1615 19.1997 12.4363 0 21.1545 15.9419 
16.6757 12.7096 9.98348 18.1698 15.5649 9.5325 6.74429 20.2351 9.33331 21.1545 0 16.6757 
0 0 0 0 0 0 0 0 0 0 0 0 
Printing tau_prime:
0 1.49186 3.02066 2.05716 3.06567 9.30309 3.9667 1.70595 2.87665 6.70165 6.17709 0 
1.49186 0 2.57433 2.43181 3.69047 7.97699 3.16114 3.13661 1.3993 5.58829 5.07197 1.49186 
3.02066 2.57433 0 4.82935 2.29036 6.97907 1.14568 3.69648 3.12568 7.6189 3.52986 3.02066 
2.05716 2.43181 4.82935 0 5.11224 10.1916 5.56902 3.22378 3.21263 5.52829 7.47964 2.05716 
3.06567 3.69047 2.29036 5.11224 0 9.14449 3.33968 2.50862 4.81364 9.25938 5.63181 3.06567 
9.30309 7.97699 6.97907 10.1916 9.14449 0 5.84364 10.5294 6.98366 8.58056 3.51923 9.30309 
3.9667 3.16114 1.14568 5.56902 3.33968 5.84364 0 4.81988 3.21777 7.48257 2.38447 3.9667 
1.70595 3.13661 3.69648 3.22378 2.50862 10.5294 4.81988 0 4.53587 8.36248 7.18749 1.70595 
2.87665 1.3993 3.12568 3.21263 4.81364 6.98366 3.21777 4.53587 0 4.51581 4.51551 2.87665 
6.70165 5.58829 7.6189 5.52829 9.25938 8.58056 7.48257 8.36248 4.51581 0 7.81622 6.70165 
6.17709 5.07197 3.52986 7.47964 5.63181 3.51923 2.38447 7.18749 4.51551 7.81622 0 6.17709 
0 0 0 0 0 0 0 0 0 0 0 0 
Printing number of nodes: 11

Version identifier: 22.1.1.0 | 2022-11-28 | 9160aff4d
CPXPARAM_ClockType                               0
CPXPARAM_Emphasis_MIP                            2
CPXPARAM_MIP_Tolerances_Integrality              0
Tried aggregator 2 times.
MIP Presolve eliminated 454 rows and 539 columns.
MIP Presolve modified 2126 coefficients.
Aggregator did 2 substitutions.
Reduced MIP has 5674 rows, 1174 columns, and 164449 nonzeros.
Reduced MIP has 1165 binaries, 0 generals, 0 SOSs, and 0 indicators.
Presolve time = 0.09 sec. (303.76 ticks)
Found incumbent of value 158.654200 after 0.14 sec. (419.95 ticks)
Probing fixed 126 vars, tightened 0 bounds.
Probing changed sense of 18 constraints.
Probing time = 0.04 sec. (49.48 ticks)
Tried aggregator 1 time.
MIP Presolve eliminated 30 rows and 144 columns.
Reduced MIP has 5644 rows, 1030 columns, and 163752 nonzeros.
Reduced MIP has 1021 binaries, 0 generals, 0 SOSs, and 0 indicators.
Presolve time = 0.05 sec. (129.60 ticks)
Probing time = 0.12 sec. (14.74 ticks)
Tried aggregator 1 time.
Detecting symmetries...
Reduced MIP has 5644 rows, 1030 columns, and 163752 nonzeros.
Reduced MIP has 1021 binaries, 0 generals, 0 SOSs, and 0 indicators.
Presolve time = 0.03 sec. (89.34 ticks)
Probing time = 0.01 sec. (14.72 ticks)
Clique table members: 82248.
MIP emphasis: optimality.
MIP search method: dynamic search.
Parallel mode: deterministic, using up to 20 threads.
Root relaxation solution time = 0.15 sec. (213.22 ticks)

        Nodes                                         Cuts/
   Node  Left     Objective  IInf  Best Integer    Best Bound    ItCnt     Gap

*     0+    0                          158.6542      -10.0000           106.30%
      0     0       40.2953    94      158.6542       40.2953     1727   74.60%
*     0+    0                           58.8058       40.2953            31.48%
      0     0       40.6362   140       58.8058      Cuts: 60     2055   30.90%
      0     0       40.7706   130       58.8058      Cuts: 20     2196   30.67%
      0     0       40.8106   137       58.8058       Cuts: 9     2248   30.60%
*     0+    0                           48.7604       40.8106            16.30%
*     0+    0                           48.0400       40.8106            15.05%
      0     0  -1.00000e+75     0       48.0400       40.8106     2248   15.05%
      0     0       40.8550   129       48.0400       Cuts: 4     2277   14.96%
      0     0       40.8564   131       48.0400       Cuts: 2     2284   14.95%
Detecting symmetries...
      0     0       40.8597   134       48.0400       Cuts: 2     2304   14.90%
      0     0       40.8616   134       48.0400       Cuts: 3     2316   14.90%
*     0+    0                           47.6566       40.8810            14.22%
*     0+    0                           46.6566       40.8810            12.38%
      0     0  -1.00000e+75     0       46.6566       40.8810     2316   12.38%
Detecting symmetries...
      0     2       40.8616   134       46.6566       40.8810     2316   12.38%
Elapsed time = 1.34 sec. (2696.32 ticks, tree = 0.02 MB, solutions = 6)
*    28+   10                           46.1418       40.8810            11.40%
     43    13       46.1418    18       46.1418       40.8810     4001   11.40%
*    45+    2                           45.7065       40.8810            10.56%
    126    28       43.3713   184       45.7065       42.6653    10474    6.65%
    323    15        cutoff             45.7065       42.8886    21555    6.17%
    430     8        cutoff             45.7065       44.3565    27831    2.95%

Cover cuts applied:  2
Implied bound cuts applied:  2
Flow cuts applied:  4
Mixed integer rounding cuts applied:  2
Zero-half cuts applied:  15
Lift and project cuts applied:  1
Gomory fractional cuts applied:  5

Root node processing (before b&c):
  Real time             =    1.31 sec. (2667.73 ticks)
Parallel b&c, 20 threads:
  Real time             =    1.25 sec. (1071.09 ticks)
  Sync time (average)   =    0.88 sec.
  Wait time (average)   =    0.00 sec.
                          ------------
Total (root+branch&cut) =    2.55 sec. (3738.82 ticks)
Truck arcs:
0 1
1 8
2 4
4 7
6 2
7 11
8 6
45.7065
In write mode
