Instance name: /home/cuong/CLionProjects/uMV-FSTSP/rand_generated_instances/v81
Write arg val: 1

drone speed: 1 miles/minute
uav non-eligible customer: 5 12 
Printing tau:
0 1.40263 2.07419 10.071 7.78471 20.6858 18.9631 7.5136 12.6081 13.0015 17.2288 0 
1.40263 0 1.28037 11.4737 9.18734 21.6502 19.9275 8.478 14.0107 14.4041 18.6314 1.40263 
2.07419 1.28037 0 12.1452 9.8589 20.3698 18.6471 7.19763 14.6823 15.0757 19.3029 2.07419 
10.071 11.4737 12.1452 0 2.98042 18.6559 16.9332 11.988 2.53703 2.93042 12.2907 10.071 
7.78471 9.18734 9.8589 2.98042 0 21.6363 19.9136 9.7017 5.44984 5.21676 15.2711 7.78471 
20.6858 21.6502 20.3698 18.6559 21.6363 0 17.3945 13.1955 16.1865 19.848 6.36522 20.6858 
18.9631 19.9275 18.6471 16.9332 19.9136 17.3945 0 11.4495 18.7241 19.1175 23.3447 18.9631 
7.5136 8.478 7.19763 11.988 9.7017 13.1955 11.4495 0 14.5251 14.9185 19.1457 7.5136 
12.6081 14.0107 14.6823 2.53703 5.44984 16.1865 18.7241 14.5251 0 3.66157 9.82124 12.6081 
13.0015 14.4041 15.0757 2.93042 5.21676 19.848 19.1175 14.9185 3.66157 0 13.4828 13.0015 
17.2288 18.6314 19.3029 12.2907 15.2711 6.36522 23.3447 19.1457 9.82124 13.4828 0 17.2288 
0 0 0 0 0 0 0 0 0 0 0 0 
Printing tau_prime:
0 0.601815 0.741798 3.63226 2.77275 8.32998 7.04454 2.74156 4.73296 4.60625 7.92077 0 
0.601815 0 0.511168 4.19242 3.24822 8.87091 7.23983 3.00294 5.31687 5.13232 8.52027 0.601815 
0.741798 0.511168 0 4.33654 3.51429 8.61123 6.74585 2.54535 5.39756 5.33324 8.43159 0.741798 
3.63226 4.19242 4.33654 0 1.32808 6.60965 8.28215 4.66079 1.25173 1.11851 5.02858 3.63226 
2.77275 3.24822 3.51429 1.32808 0 7.74868 8.58619 4.55197 2.57307 1.94976 6.34819 2.77275 
8.32998 8.87091 8.61123 6.60965 7.74868 0 6.17998 6.59194 5.74205 7.04373 3.08061 8.32998 
7.04454 7.23983 6.74585 8.28215 8.58619 6.17998 0 4.31165 8.36504 9.314 8.41524 7.04454 
2.74156 3.00294 2.54535 4.66079 4.55197 6.59194 4.31165 0 5.2448 5.77848 7.18414 2.74156 
4.73296 5.31687 5.39756 1.25173 2.57307 5.74205 8.36504 5.2448 0 1.30201 3.83744 4.73296 
4.60625 5.13232 5.33324 1.11851 1.94976 7.04373 9.314 5.77848 1.30201 0 4.9957 4.60625 
7.92077 8.52027 8.43159 5.02858 6.34819 3.08061 8.41524 7.18414 3.83744 4.9957 0 7.92077 
0 0 0 0 0 0 0 0 0 0 0 0 
Printing number of nodes: 11

Version identifier: 22.1.1.0 | 2022-11-28 | 9160aff4d
CPXPARAM_ClockType                               0
CPXPARAM_Emphasis_MIP                            2
CPXPARAM_MIP_Tolerances_Integrality              0
Tried aggregator 1 time.
MIP Presolve eliminated 450 rows and 532 columns.
MIP Presolve modified 1968 coefficients.
Reduced MIP has 5680 rows, 1183 columns, and 164534 nonzeros.
Reduced MIP has 1174 binaries, 0 generals, 0 SOSs, and 0 indicators.
Presolve time = 0.06 sec. (160.79 ticks)
Found incumbent of value 168.341170 after 0.12 sec. (279.62 ticks)
Probing fixed 123 vars, tightened 0 bounds.
Probing changed sense of 18 constraints.
Probing time = 0.04 sec. (50.22 ticks)
Tried aggregator 1 time.
MIP Presolve eliminated 30 rows and 141 columns.
MIP Presolve modified 38 coefficients.
Reduced MIP has 5650 rows, 1042 columns, and 163851 nonzeros.
Reduced MIP has 1033 binaries, 0 generals, 0 SOSs, and 0 indicators.
Presolve time = 0.07 sec. (184.06 ticks)
Probing time = 0.01 sec. (14.79 ticks)
Tried aggregator 1 time.
Detecting symmetries...
Reduced MIP has 5650 rows, 1042 columns, and 163851 nonzeros.
Reduced MIP has 1033 binaries, 0 generals, 0 SOSs, and 0 indicators.
Presolve time = 0.04 sec. (89.26 ticks)
Probing time = 0.01 sec. (14.71 ticks)
Clique table members: 82217.
MIP emphasis: optimality.
MIP search method: dynamic search.
Parallel mode: deterministic, using up to 20 threads.
Root relaxation solution time = 0.17 sec. (241.32 ticks)

        Nodes                                         Cuts/
   Node  Left     Objective  IInf  Best Integer    Best Bound    ItCnt     Gap

*     0+    0                          168.3412       -9.0000           105.35%
      0     0       55.0486   115      168.3412       55.0486     2067   67.30%
*     0+    0                           55.5647       55.0486             0.93%
      0     0        cutoff             55.5647       55.5647     2945    0.00%
Elapsed time = 0.80 sec. (1684.63 ticks, tree = 0.01 MB, solutions = 2)

Clique cuts applied:  2
Flow cuts applied:  1
Mixed integer rounding cuts applied:  4
Zero-half cuts applied:  9
Lift and project cuts applied:  2
Gomory fractional cuts applied:  30

Root node processing (before b&c):
  Real time             =    0.80 sec. (1685.25 ticks)
Parallel b&c, 20 threads:
  Real time             =    0.00 sec. (0.00 ticks)
  Sync time (average)   =    0.00 sec.
  Wait time (average)   =    0.00 sec.
                          ------------
Total (root+branch&cut) =    0.80 sec. (1685.25 ticks)
Truck arcs:
0 4
1 11
2 1
3 8
4 3
5 7
7 2
8 10
10 5
55.5647
In write mode
