Instance name: /home/cuong/CLionProjects/uMV-FSTSP/rand_generated_instances/v86
Write arg val: 1

drone speed: 1 miles/minute
uav non-eligible customer: 12 
Printing tau:
0 4.85536 9.50788 5.7479 7.0007 5.52949 8.02712 12.8274 6.77994 13.1462 13.6533 0 
4.85536 0 10.4264 2.78561 6.05097 1.37334 9.30297 11.9089 2.19153 14.0648 18.5086 4.85536 
9.50788 10.4264 0 7.6408 4.37544 11.7998 12.2399 22.3353 8.23488 6.75583 21.4456 9.50788 
5.7479 2.78561 7.6408 0 3.26536 4.15895 10.1955 14.6945 1.03203 11.2792 19.4012 5.7479 
7.0007 6.05097 4.37544 3.26536 0 7.42431 11.4483 17.9599 3.85944 8.01381 20.654 7.0007 
5.52949 1.37334 11.7998 4.15895 7.42431 0 10.319 10.5355 3.56487 15.4381 19.1828 5.52949 
8.02712 9.30297 12.2399 10.1955 11.4483 10.319 0 20.8545 11.2275 5.48409 12.5127 8.02712 
12.8274 11.9089 22.3353 14.6945 17.9599 10.5355 20.8545 0 14.1004 25.9737 18.1389 12.8274 
6.77994 2.19153 8.23488 1.03203 3.85944 3.56487 11.2275 14.1004 0 11.8732 20.4332 6.77994 
13.1462 14.0648 6.75583 11.2792 8.01381 15.4381 5.48409 25.9737 11.8732 0 17.6318 13.1462 
13.6533 18.5086 21.4456 19.4012 20.654 19.1828 12.5127 18.1389 20.4332 17.6318 0 13.6533 
0 0 0 0 0 0 0 0 0 0 0 0 
Printing tau_prime:
0 1.74708 4.34626 2.13671 3.06903 2.11625 3.24453 4.80447 2.43896 4.66232 5.081 0 
1.74708 0 3.82975 1.03418 2.26982 0.540893 4.56303 4.21246 1.03119 5.15269 6.66421 1.74708 
4.34626 3.82975 0 2.79646 1.57207 4.24786 4.35902 7.98279 2.93339 2.71291 9.05353 4.34626 
2.13671 1.03418 2.79646 0 1.23653 1.47244 4.21151 5.21443 0.421015 4.3217 7.21771 2.13671 
3.06903 2.26982 1.57207 1.23653 0 2.67593 4.17497 6.41173 1.36675 3.53187 8.05523 3.06903 
2.11625 0.540893 4.24786 1.47244 2.67593 0 5.07474 3.74312 1.33566 5.68466 6.82634 2.11625 
3.24453 4.56303 4.35902 4.21151 4.17497 5.07474 0 8.02117 4.63244 2.65237 5.49218 3.24453 
4.80447 4.21246 7.98279 5.21443 6.41173 3.74312 8.02117 0 5.05082 9.26369 7.05873 4.80447 
2.43896 1.03119 2.93339 0.421015 1.36675 1.33566 4.63244 5.05082 0 4.66317 7.50565 2.43896 
4.66232 5.15269 2.71291 4.3217 3.53187 5.68466 2.65237 9.26369 4.66317 0 8.11381 4.66232 
5.081 6.66421 9.05353 7.21771 8.05523 6.82634 5.49218 7.05873 7.50565 8.11381 0 5.081 
0 0 0 0 0 0 0 0 0 0 0 0 
Printing number of nodes: 11

Version identifier: 22.1.1.0 | 2022-11-28 | 9160aff4d
CPXPARAM_ClockType                               0
CPXPARAM_Emphasis_MIP                            2
CPXPARAM_MIP_Tolerances_Integrality              0
Tried aggregator 1 time.
MIP Presolve eliminated 260 rows and 358 columns.
MIP Presolve modified 2366 coefficients.
Reduced MIP has 5726 rows, 1357 columns, and 167762 nonzeros.
Reduced MIP has 1347 binaries, 0 generals, 0 SOSs, and 0 indicators.
Presolve time = 0.06 sec. (163.09 ticks)
Found incumbent of value 129.487490 after 0.13 sec. (289.64 ticks)
Probing fixed 145 vars, tightened 0 bounds.
Probing time = 0.11 sec. (57.60 ticks)
Tried aggregator 1 time.
MIP Presolve eliminated 9 rows and 145 columns.
MIP Presolve modified 80 coefficients.
Reduced MIP has 5717 rows, 1212 columns, and 167063 nonzeros.
Reduced MIP has 1202 binaries, 0 generals, 0 SOSs, and 0 indicators.
Presolve time = 0.05 sec. (151.24 ticks)
Probing time = 0.03 sec. (15.02 ticks)
Tried aggregator 1 time.
Detecting symmetries...
Reduced MIP has 5717 rows, 1212 columns, and 167063 nonzeros.
Reduced MIP has 1202 binaries, 0 generals, 0 SOSs, and 0 indicators.
Presolve time = 0.04 sec. (92.31 ticks)
Probing time = 0.02 sec. (14.83 ticks)
Clique table members: 83617.
MIP emphasis: optimality.
MIP search method: dynamic search.
Parallel mode: deterministic, using up to 20 threads.
Root relaxation solution time = 0.18 sec. (258.72 ticks)

        Nodes                                         Cuts/
   Node  Left     Objective  IInf  Best Integer    Best Bound    ItCnt     Gap

*     0+    0                          129.4875      -10.0000           107.72%
*     0+    0                          122.0444      -10.0000           108.19%
      0     0       34.2687   102      122.0444       34.2687     2035   71.92%
*     0+    0                           98.2164       34.2687            65.11%
      0     0       34.6772   129       98.2164      Cuts: 56     2223   64.69%
      0     0       34.7547   135       98.2164      Cuts: 14     2318   64.61%
      0     0       34.7925   147       98.2164      Cuts: 14     2388   64.58%
*     0+    0                           50.1625       34.7925            30.64%
      0     0  -1.00000e+75     0       50.1625       34.7925     2388   30.64%
      0     0       34.7936   152       50.1625       Cuts: 2     2400   30.64%
      0     0       34.7976   154       50.1625       Cuts: 2     2423   30.63%
Detecting symmetries...
      0     0       34.9654   143       50.1625      Cuts: 11     2525   30.30%
      0     0       35.0066   146       50.1625       Cuts: 7     2600   30.21%
*     0+    0                           46.7354       35.0066            25.10%
*     0+    0                           45.6394       35.0066            23.30%
      0     0  -1.00000e+75     0       45.6394       35.0066     2600   23.30%
      0     0       35.0089   156       45.6394       Cuts: 3     2612   23.29%
*     0+    0                           44.7488       35.0089            21.77%
*     0+    0                           44.3412       36.5404            17.59%
      0     0  -1.00000e+75     0       44.3412       36.5404     2612   17.59%
Detecting symmetries...
      0     2       35.0089   151       44.3412       36.5404     2612   17.59%
Elapsed time = 1.83 sec. (3578.67 ticks, tree = 0.02 MB, solutions = 8)
      1     3       35.9127   121       44.3412       36.5404     3433   17.59%
*     2+    1                           44.0520       36.5404            17.05%
     14    14       39.8693   107       44.0520       36.5404     5691   17.05%
*    29+    9                           44.0309       36.5404            17.01%
*    38+   15                           43.5803       36.5404            16.15%
*    58+   10                           42.2389       36.5404            13.49%
*    59+    9                           39.9168       36.5404             8.46%
    100    17        cutoff             39.9168       36.5404    17110    8.46%
    262    16        cutoff             39.9168       37.5102    24795    6.03%

Implied bound cuts applied:  9
Flow cuts applied:  1
Mixed integer rounding cuts applied:  4
Zero-half cuts applied:  15
Gomory fractional cuts applied:  2

Root node processing (before b&c):
  Real time             =    1.80 sec. (3546.39 ticks)
Parallel b&c, 20 threads:
  Real time             =    1.10 sec. (1234.62 ticks)
  Sync time (average)   =    0.74 sec.
  Wait time (average)   =    0.00 sec.
                          ------------
Total (root+branch&cut) =    2.90 sec. (4781.02 ticks)
Truck arcs:
0 5
1 8
3 4
4 9
5 1
6 11
8 3
9 6
39.9168
In write mode
