Instance name: /home/cuong/CLionProjects/uMV-FSTSP/rand_generated_instances/v87
Write arg val: 1

drone speed: 1 miles/minute
uav non-eligible customer: 12 
Printing tau:
0 3.77789 7.88507 6.83147 4.20889 24.5122 14.6754 26.9022 10.0112 5.55371 8.0832 0 
3.77789 0 4.10718 3.05358 6.8896 28.2901 18.4533 30.6801 13.7891 8.60973 6.28424 3.77789 
7.88507 4.10718 0 1.63635 10.9968 32.3973 22.5605 34.7873 17.8963 12.7169 3.14786 7.88507 
6.83147 3.05358 1.63635 0 9.94317 31.3437 21.5069 33.7337 16.8427 11.6633 4.78421 6.83147 
4.20889 6.8896 10.9968 9.94317 0 21.4005 11.5637 23.7905 6.89952 1.72013 11.1949 4.20889 
24.5122 28.2901 32.3973 31.3437 21.4005 0 10.2179 2.67031 14.501 19.6804 32.5954 24.5122 
14.6754 18.4533 22.5605 21.5069 11.5637 10.2179 0 12.2267 6.17332 9.84361 22.7586 14.6754 
26.9022 30.6801 34.7873 33.7337 23.7905 2.67031 12.2267 0 16.891 22.0704 34.9854 26.9022 
10.0112 13.7891 17.8963 16.8427 6.89952 14.501 6.17332 16.891 0 5.17939 18.0944 10.0112 
5.55371 8.60973 12.7169 11.6633 1.72013 19.6804 9.84361 22.0704 5.17939 0 12.915 5.55371 
8.0832 6.28424 3.14786 4.78421 11.1949 32.5954 22.7586 34.9854 18.0944 12.915 0 8.0832 
0 0 0 0 0 0 0 0 0 0 0 0 
Printing tau_prime:
0 1.81381 2.7903 2.51379 1.85059 8.68382 6.02488 9.51951 3.6472 2.60265 3.02599 0 
1.81381 0 1.82708 1.20283 2.44978 10.1588 6.77745 10.879 4.88755 3.13181 2.69322 1.81381 
2.7903 1.82708 0 0.688088 4.1222 11.4737 8.50235 12.3022 6.37296 4.86004 1.11514 2.7903 
2.51379 1.20283 0.688088 0 3.60339 11.1516 7.96331 11.9305 5.9576 4.31378 1.74841 2.51379 
1.85059 2.44978 4.1222 3.60339 0 7.83596 4.38103 8.48208 2.51405 0.771962 4.67223 1.85059 
8.68382 10.1588 11.4737 11.1516 7.83596 0 5.01458 1.26701 5.32256 7.39821 11.5328 8.68382 
6.02488 6.77745 8.50235 7.96331 4.38103 5.01458 0 5.08011 2.73553 3.64959 9.01133 6.02488 
9.51951 10.879 12.3022 11.9305 8.48208 1.26701 5.08011 0 5.99159 7.95936 12.4469 9.51951 
3.6472 4.88755 6.37296 5.9576 2.51405 5.32256 2.73553 5.99159 0 2.12786 6.6663 3.6472 
2.60265 3.13181 4.86004 4.31378 0.771962 7.39821 3.64959 7.95936 2.12786 0 5.44066 2.60265 
3.02599 2.69322 1.11514 1.74841 4.67223 11.5328 9.01133 12.4469 6.6663 5.44066 0 3.02599 
0 0 0 0 0 0 0 0 0 0 0 0 
Printing number of nodes: 11

Version identifier: 22.1.1.0 | 2022-11-28 | 9160aff4d
CPXPARAM_ClockType                               0
CPXPARAM_Emphasis_MIP                            2
CPXPARAM_MIP_Tolerances_Integrality              0
Tried aggregator 1 time.
MIP Presolve eliminated 277 rows and 523 columns.
MIP Presolve modified 1934 coefficients.
Reduced MIP has 5709 rows, 1192 columns, and 166917 nonzeros.
Reduced MIP has 1182 binaries, 0 generals, 0 SOSs, and 0 indicators.
Presolve time = 0.08 sec. (255.07 ticks)
Probing fixed 130 vars, tightened 0 bounds.
Probing time = 0.04 sec. (51.52 ticks)
Tried aggregator 1 time.
MIP Presolve eliminated 11 rows and 130 columns.
MIP Presolve modified 59 coefficients.
Reduced MIP has 5698 rows, 1062 columns, and 166274 nonzeros.
Reduced MIP has 1052 binaries, 0 generals, 0 SOSs, and 0 indicators.
Presolve time = 0.04 sec. (125.06 ticks)
Probing time = 0.01 sec. (14.67 ticks)
Tried aggregator 1 time.
Detecting symmetries...
Reduced MIP has 5698 rows, 1062 columns, and 166274 nonzeros.
Reduced MIP has 1052 binaries, 0 generals, 0 SOSs, and 0 indicators.
Presolve time = 0.03 sec. (91.53 ticks)
Probing time = 0.01 sec. (14.41 ticks)
Clique table members: 85001.
MIP emphasis: optimality.
MIP search method: dynamic search.
Parallel mode: deterministic, using up to 20 threads.
Root relaxation solution time = 0.23 sec. (269.43 ticks)

        Nodes                                         Cuts/
   Node  Left     Objective  IInf  Best Integer    Best Bound    ItCnt     Gap

*     0+    0                          106.3783      -10.0000           109.40%
      0     0       40.9384   182      106.3783       40.9384     1237   61.52%
*     0+    0                           71.1044       40.9384            42.43%
      0     0       42.6489   202       71.1044      Cuts: 74     2003   40.02%
      0     0       42.7435   175       71.1044      Cuts: 14     2129   39.89%
      0     0       42.7670   185       71.1044      Cuts: 11     2207   39.85%
*     0+    0                           70.2785       42.7670            39.15%
      0     0       42.7922   221       70.2785       Cuts: 9     2274   39.11%
      0     0       42.8328   192       70.2785       Cuts: 6     2329   39.05%
Detecting symmetries...
      0     0       42.8397   190       70.2785       Cuts: 8     2357   39.04%
      0     0       42.8570   216       70.2785       Cuts: 7     2411   39.02%
      0     0       42.8584   223       70.2785       Cuts: 2     2424   39.02%
*     0+    0                           63.0854       42.8584            32.06%
      0     0       42.8740   223       63.0854       Cuts: 5     2482   32.04%
      0     0       42.8797   208       63.0854       Cuts: 3     2503   32.03%
      0     0       42.9550   235       63.0854       Cuts: 5     2611   31.91%
      0     0       43.0131   231       63.0854      Cuts: 10     2669   31.82%
      0     0       43.0199   228       63.0854      Cuts: 12     2719   31.81%
      0     0       43.0251   145       63.0854       Cuts: 7     2745   31.80%
      0     0       43.0279   236       63.0854       Cuts: 3     2772   31.79%
*     0+    0                           58.8199       43.0279            26.85%
Detecting symmetries...
      0     2       43.0279   236       58.8199       43.0279     2772   26.85%
Elapsed time = 2.31 sec. (5323.93 ticks, tree = 0.02 MB, solutions = 5)
*     2+    1                           57.7547       43.0289            25.50%
*     2+    1                           57.5540       43.0289            25.24%
      2     3       43.1823   133       57.5540       43.0289     2887   25.24%
     30    19       47.1738   132       57.5540       43.7693     5938   23.95%
*    51+    7                           57.4880       43.7693            23.86%
*    57+    9                           54.7820       43.7693            20.10%
*   107    39      integral     0       54.2807       43.7767     8206   19.35%
*   124+   50                           53.9348       43.7767            18.83%
*   159    57      integral     0       52.2129       43.7767    11425   16.16%
    186    60       45.1430    92       52.2129       43.7779    14143   16.15%
    314    79       45.8147    41       52.2129       43.7897    25141   16.13%
    560   220       51.8733    43       52.2129       43.7897    44333   16.13%
*   579   172      integral     0       51.5229       43.7897    39825   15.01%
    786   249       45.0816   247       51.5229       43.7897    55368   15.01%
*   872   352      integral     0       50.9167       43.7897    67926   14.00%
   1046   419       49.8371   166       50.9167       43.7897    84636   14.00%
*  1145+  419                           50.7244       43.7897            13.67%
   1277   536        cutoff             50.7244       43.7897   105536   13.67%
   1572   585       49.4400    40       50.7244       44.7213   114822   11.83%
   2231   925       46.6878    78       50.7244       46.5933   180068    8.14%
Elapsed time = 6.22 sec. (8538.75 ticks, tree = 0.78 MB, solutions = 22)
   3414  1287        cutoff             50.7244       47.9302   266498    5.51%
   4674  1018       49.8986   155       50.7244       49.0846   333290    3.23%

Clique cuts applied:  22
Cover cuts applied:  120
Implied bound cuts applied:  35
Mixed integer rounding cuts applied:  6
Zero-half cuts applied:  29
Gomory fractional cuts applied:  1

Root node processing (before b&c):
  Real time             =    2.26 sec. (5272.78 ticks)
Parallel b&c, 20 threads:
  Real time             =    7.93 sec. (5832.25 ticks)
  Sync time (average)   =    3.22 sec.
  Wait time (average)   =    0.00 sec.
                          ------------
Total (root+branch&cut) =   10.19 sec. (11105.03 ticks)
Truck arcs:
0 3
1 4
2 10
3 2
4 9
8 11
9 8
10 1
50.7244
In write mode
