Instance name: /home/cuong/CLionProjects/uMV-FSTSP/rand_generated_instances/v91
Write arg val: 1

drone speed: 1 miles/minute
uav non-eligible customer: 12 
Printing tau:
0 4.97967 7.67525 5.05434 8.06049 13.0481 10.2996 11.112 13.3898 8.5606 8.77628 0 
4.97967 0 9.02228 2.52967 4.03881 18.0278 15.2793 8.90587 8.41016 6.3545 10.9824 4.97967 
7.67525 9.02228 0 6.49261 4.98347 20.7233 17.9748 17.9282 6.01469 15.3768 1.96011 7.67525 
5.05434 2.52967 6.49261 0 3.00615 18.1024 15.3539 11.4355 8.33549 8.88416 8.45272 5.05434 
8.06049 4.03881 4.98347 3.00615 0 21.1086 18.3601 12.9447 5.32934 10.3933 6.94358 8.06049 
13.0481 18.0278 20.7233 18.1024 21.1086 0 2.74849 18.13 26.4379 15.5786 21.0338 13.0481 
10.2996 15.2793 17.9748 15.3539 18.3601 2.74849 0 19.5655 23.6894 17.0141 18.2853 10.2996 
11.112 8.90587 17.9282 11.4355 12.9447 18.13 19.5655 0 11.9135 3.65115 19.8883 11.112 
13.3898 8.41016 6.01469 8.33549 5.32934 26.4379 23.6894 11.9135 0 13.7879 7.9748 13.3898 
8.5606 6.3545 15.3768 8.88416 10.3933 15.5786 17.0141 3.65115 13.7879 0 17.3369 8.5606 
8.77628 10.9824 1.96011 8.45272 6.94358 21.0338 18.2853 19.8883 7.9748 17.3369 0 8.77628 
0 0 0 0 0 0 0 0 0 0 0 0 
Printing tau_prime:
0 1.92562 3.62922 1.79064 2.92255 5.23814 4.71094 4.09357 4.74249 3.0299 4.19516 0 
1.92562 0 3.32918 0.894762 1.79595 7.15965 6.58677 3.20733 3.15785 2.94321 4.02569 1.92562 
3.62922 3.32918 0 2.47546 1.76718 7.32715 6.38138 6.52854 2.93328 6.14027 0.701643 3.62922 
1.79064 0.894762 2.47546 0 1.18924 6.8238 6.14247 4.09292 2.95188 3.6854 3.1631 1.79064 
2.92255 1.79595 1.76718 1.18924 0 7.68488 6.90044 4.88206 1.91916 4.73772 2.45507 2.92255 
5.23814 7.15965 7.32715 6.8238 7.68488 0 1.0963 8.61992 9.60214 7.09503 7.46252 5.23814 
4.71094 6.58677 6.38138 6.14247 6.90044 1.0963 0 8.4149 8.80158 6.95989 6.46585 4.71094 
4.09357 3.20733 6.52854 4.09292 4.88206 8.61992 8.4149 0 5.53042 1.57482 7.22791 4.09357 
4.74249 3.15785 2.93328 2.95188 1.91916 9.60214 8.80158 5.53042 0 5.89231 3.40591 4.74249 
3.0299 2.94321 6.14027 3.6854 4.73772 7.09503 6.95989 1.57482 5.89231 0 6.80859 3.0299 
4.19516 4.02569 0.701643 3.1631 2.45507 7.46252 6.46585 7.22791 3.40591 6.80859 0 4.19516 
0 0 0 0 0 0 0 0 0 0 0 0 
Printing number of nodes: 11

Version identifier: 22.1.1.0 | 2022-11-28 | 9160aff4d
CPXPARAM_ClockType                               0
CPXPARAM_Emphasis_MIP                            2
CPXPARAM_MIP_Tolerances_Integrality              0
Tried aggregator 1 time.
MIP Presolve eliminated 257 rows and 329 columns.
MIP Presolve modified 2355 coefficients.
Reduced MIP has 5729 rows, 1386 columns, and 167901 nonzeros.
Reduced MIP has 1376 binaries, 0 generals, 0 SOSs, and 0 indicators.
Presolve time = 0.09 sec. (246.29 ticks)
Found incumbent of value 145.643920 after 0.15 sec. (369.78 ticks)
Probing fixed 158 vars, tightened 0 bounds.
Probing time = 0.06 sec. (58.38 ticks)
Tried aggregator 1 time.
MIP Presolve eliminated 10 rows and 158 columns.
MIP Presolve modified 68 coefficients.
Reduced MIP has 5719 rows, 1228 columns, and 167147 nonzeros.
Reduced MIP has 1218 binaries, 0 generals, 0 SOSs, and 0 indicators.
Presolve time = 0.05 sec. (160.35 ticks)
Probing time = 0.01 sec. (15.11 ticks)
Tried aggregator 1 time.
Detecting symmetries...
Reduced MIP has 5719 rows, 1228 columns, and 167147 nonzeros.
Reduced MIP has 1218 binaries, 0 generals, 0 SOSs, and 0 indicators.
Presolve time = 0.04 sec. (92.41 ticks)
Probing time = 0.01 sec. (15.08 ticks)
Clique table members: 82166.
MIP emphasis: optimality.
MIP search method: dynamic search.
Parallel mode: deterministic, using up to 20 threads.
Root relaxation solution time = 0.26 sec. (315.10 ticks)

        Nodes                                         Cuts/
   Node  Left     Objective  IInf  Best Integer    Best Bound    ItCnt     Gap

*     0+    0                          145.6439      -10.0000           106.87%
*     0+    0                          118.7379      -10.0000           108.42%
      0     0       38.9430   149      118.7379       38.9430     1518   67.20%
*     0+    0                           64.4394       38.9430            39.57%
      0     0       39.4243   198       64.4394      Cuts: 61     2578   38.82%
      0     0       40.7391   134       64.4394      Cuts: 12     2908   36.78%
      0     0       40.8504   138       64.4394      Cuts: 14     3043   36.61%
*     0+    0                           62.1018       40.8504            34.22%
*     0+    0                           60.2369       40.8504            32.18%
      0     0  -1.00000e+75     0       60.2369       40.8504     3043   32.18%
      0     0       40.8764   142       60.2369      Cuts: 10     3072   32.14%
      0     0       40.9725   147       60.2369       Cuts: 8     3154   31.98%
Detecting symmetries...
*     0+    0                           46.0803       40.9725            11.08%
      0     0       40.9773   149       46.0803       Cuts: 5     3182   11.07%
      0     0       40.9802   147       46.0803       Cuts: 5     3205   11.07%
      0     0       40.9822   152       46.0803       Cuts: 2     3236   11.06%
      0     0       40.9822   143       46.0803    MIRcuts: 1     3243   11.06%
      0     0       40.9822   146       46.0803    MIRcuts: 2     3248   11.06%
Detecting symmetries...
      0     2       40.9822   146       46.0803       40.9822     3248   11.06%
Elapsed time = 2.49 sec. (5426.72 ticks, tree = 0.02 MB, solutions = 6)
      9     6       42.1771    97       46.0803       40.9822     4123   11.06%
*   169+   25                           45.7159       41.1353            10.02%
    195    25        cutoff             45.7159       41.1486    14908    9.99%
    387    58        cutoff             45.7159       41.7166    32680    8.75%
    581    68       43.7028    61       45.7159       41.7166    40043    8.75%
    919    20        cutoff             45.7159       41.7166    65868    8.75%
   1044    21       44.7021   134       45.7159       41.7166    73626    8.75%
   1063     9       42.4288   214       45.7159       42.3035    78098    7.46%
   1148    17       45.1608   259       45.7159       43.0632    80022    5.80%

Clique cuts applied:  1
Cover cuts applied:  1
Implied bound cuts applied:  10
Flow cuts applied:  1
Mixed integer rounding cuts applied:  5
Zero-half cuts applied:  23
Gomory fractional cuts applied:  3

Root node processing (before b&c):
  Real time             =    2.42 sec. (5311.33 ticks)
Parallel b&c, 20 threads:
  Real time             =    2.14 sec. (2191.90 ticks)
  Sync time (average)   =    1.21 sec.
  Wait time (average)   =    0.00 sec.
                          ------------
Total (root+branch&cut) =    4.56 sec. (7503.23 ticks)
Truck arcs:
0 10
1 11
2 8
3 1
4 3
8 4
10 2
45.7159
In write mode
