Instance name: /mnt/c/Users/ORG/CLionProjects/uMV-FSTSP/Murray_Chu_2015_test_data/FSTSP/FSTSP_10_customer_problems/20140810T123440v9

drone speed: 0.6 miles/minute
uav non-eligible customer: 4 5 
Printing number of nodes: 11

Gurobi Optimizer version 11.0.0 build v11.0.0rc2 (linux64 - "Ubuntu 22.04.3 LTS")

CPU model: 13th Gen Intel(R) Core(TM) i5-13500, instruction set [SSE2|AVX|AVX2]
Thread count: 10 physical cores, 20 logical processors, using up to 20 threads

Optimize a model with 44651 rows, 1957 columns and 1837624 nonzeros
Model fingerprint: 0xd0d6bb34
Variable types: 11 continuous, 1946 integer (1814 binary)
Coefficient statistics:
  Matrix range     [9e-01, 2e+01]
  Objective range  [1e+00, 2e+01]
  Bounds range     [1e+00, 1e+00]
  RHS range        [1e+00, 9e+00]
Found heuristic solution: objective 159.2244739
Presolve removed 26615 rows and 823 columns
Presolve time: 2.53s
Presolved: 18036 rows, 1134 columns, 641506 nonzeros
Variable types: 8 continuous, 1126 integer (1126 binary)
Found heuristic solution: objective 122.1772671
Root relaxation presolved: 18036 rows, 1134 columns, 641506 nonzeros


Root relaxation: objective 4.230015e+01, 1012 iterations, 0.51 seconds (0.91 work units)

    Nodes    |    Current Node    |     Objective Bounds      |     Work
 Expl Unexpl |  Obj  Depth IntInf | Incumbent    BestBd   Gap | It/Node Time

     0     0   42.30015    0   80  122.17727   42.30015  65.4%     -    3s
H    0     0                      53.9121890   42.30015  21.5%     -    3s
H    0     0                      49.6004502   42.30015  14.7%     -    3s
     0     0   42.30934    0   93   49.60045   42.30934  14.7%     -    4s
H    0     0                      49.2897749   42.30934  14.2%     -    4s
H    0     0                      48.4041900   42.30934  12.6%     -    4s
H    0     0                      46.9921729   42.36163  9.85%     -    4s
     0     0   42.45849    0  116   46.99217   42.45849  9.65%     -    5s
     0     0   42.46333    0  113   46.99217   42.46333  9.64%     -    5s
     0     0   42.46333    0  128   46.99217   42.46333  9.64%     -    6s
     0     0   42.46333    0  128   46.99217   42.46333  9.64%     -    6s
     0     0   42.46802    0  122   46.99217   42.46802  9.63%     -    6s
     0     0   42.47082    0  129   46.99217   42.47082  9.62%     -    6s
     0     0   42.47656    0  128   46.99217   42.47656  9.61%     -    7s
     0     0   42.52507    0  126   46.99217   42.52507  9.51%     -    7s
H    0     0                      44.7075818   42.52507  4.88%     -    7s
     0     0   42.53313    0  130   44.70758   42.53313  4.86%     -    7s
     0     0   42.53313    0   88   44.70758   42.53313  4.86%     -    8s
H    0     0                      42.8810020   42.53313  0.81%     -    9s
     0     0   42.53313    0  119   42.88100   42.53313  0.81%     -    9s
     0     0   42.53313    0   57   42.88100   42.53313  0.81%     -    9s
H    0     0                      42.5331324   42.53313  0.00%     -    9s

Explored 1 nodes (5690 simplex iterations) in 9.56 seconds (14.49 work units)
Thread count was 20 (of 20 available processors)

Solution count 10: 42.5331 42.881 44.7076 ... 159.224

Optimal solution found (tolerance 1.00e-04)
Best objective 4.253313238391e+01, best bound 4.253313238391e+01, gap 0.0000%
Truck arcs: 
0 5 7.16529
1 8 2.95098
4 10 4.31275
5 6 7.0349
6 1 3.41898
8 4 5.54215
10 11 5.10809
Theta:
Theta_2 = 1
Theta_3 = 1
Theta_7 = 1
Theta_9 = 1
Drone arcs:
0 7
2 6
3 11
5 2
6 9
7 5
8 3
9 8
Gamma:
gamma_2_5_6= 1
gamma_3_4_10= 1
gamma_3_8_4= 1
gamma_3_10_11= 1
gamma_7_0_5= 1
gamma_9_1_8= 1
gamma_9_6_1= 1
Sigma:
Sigma_1 = 0
Sigma_2 = 0
Sigma_3 = 0
Sigma_4 = 0
Sigma_5 = 0
Sigma_6 = 0
Sigma_7 = 0
Sigma_8 = 0
Sigma_9 = 0
Sigma_10 = 0
Sigma_11 = 0
middle of 2 sortie are: 
middle of 3 sortie are: 4 10 
middle of 7 sortie are: 
middle of 9 sortie are: 1 
Objective: 42.5331
Number of sorties: 4
