Instance name: /mnt/c/Users/ORG/CLionProjects/uMV-FSTSP/Murray_Chu_2015_test_data/FSTSP/FSTSP_10_customer_problems/20140810T123440v7

drone speed: 0.4 miles/minute
uav non-eligible customer: 4 5 
Printing number of nodes: 11

Gurobi Optimizer version 11.0.0 build v11.0.0rc2 (linux64 - "Ubuntu 22.04.3 LTS")

CPU model: 13th Gen Intel(R) Core(TM) i5-13500, instruction set [SSE2|AVX|AVX2]
Thread count: 10 physical cores, 20 logical processors, using up to 20 threads

Optimize a model with 44651 rows, 1957 columns and 1837624 nonzeros
Model fingerprint: 0xa06775d6
Variable types: 11 continuous, 1946 integer (1814 binary)
Coefficient statistics:
  Matrix range     [1e+00, 2e+01]
  Objective range  [1e+00, 2e+01]
  Bounds range     [1e+00, 1e+00]
  RHS range        [1e+00, 9e+00]
Found heuristic solution: objective 162.6501055
Presolve removed 28165 rows and 877 columns
Presolve time: 2.38s
Presolved: 16486 rows, 1080 columns, 565149 nonzeros
Variable types: 8 continuous, 1072 integer (1072 binary)
Found heuristic solution: objective 139.9800034
Root relaxation presolved: 16486 rows, 1080 columns, 565149 nonzeros


Root relaxation: objective 4.920430e+01, 615 iterations, 0.29 seconds (0.53 work units)

    Nodes    |    Current Node    |     Objective Bounds      |     Work
 Expl Unexpl |  Obj  Depth IntInf | Incumbent    BestBd   Gap | It/Node Time

     0     0   49.20430    0   53  139.98000   49.20430  64.8%     -    3s
H    0     0                     101.5422956   49.20430  51.5%     -    3s
H    0     0                      90.4299263   49.20430  45.6%     -    3s
H    0     0                      55.1768499   49.20430  10.8%     -    3s
     0     0   49.20430    0   82   55.17685   49.20430  10.8%     -    3s
H    0     0                      54.7052770   49.20430  10.1%     -    4s
H    0     0                      50.6873408   49.20430  2.93%     -    4s
     0     0   49.20430    0   57   50.68734   49.20430  2.93%     -    4s
H    0     0                      49.8998569   49.20430  1.39%     -    4s
     0     0   49.20430    0   52   49.89986   49.20430  1.39%     -    4s
     0     0   49.20621    0   75   49.89986   49.20621  1.39%     -    4s
     0     0   49.20621    0   51   49.89986   49.20621  1.39%     -    5s
     0     0   49.29638    0   83   49.89986   49.29638  1.21%     -    5s
     0     0   49.53832    0   79   49.89986   49.53832  0.72%     -    5s
     0     0   49.76430    0   33   49.89986   49.76430  0.27%     -    5s
     0     0   49.79063    0   74   49.89986   49.79063  0.22%     -    5s

Cutting planes:
  Gomory: 2
  Clique: 1
  MIR: 9
  StrongCG: 1
  Zero half: 14
  RLT: 17

Explored 1 nodes (5367 simplex iterations) in 5.72 seconds (9.42 work units)
Thread count was 20 (of 20 available processors)

Solution count 8: 49.8999 50.6873 54.7053 ... 162.65

Optimal solution found (tolerance 1.00e-04)
Best objective 4.989985686544e+01, best bound 4.989985686544e+01, gap 0.0000%
Truck arcs: 
0 6 4.72699
1 8 2.95098
2 11 5.99218
4 10 4.31275
5 7 1.61466
6 1 3.41898
7 2 6.42059
8 4 5.54215
10 5 11.4906
Theta:
Theta_3 = 1
Theta_9 = 1
Drone arcs:
0 9
3 7
4 3
9 4
Gamma:
gamma_3_4_10= 1
gamma_3_5_7= 1
gamma_3_10_5= 1
gamma_9_0_6= 1
gamma_9_1_8= 1
gamma_9_6_1= 1
gamma_9_8_4= 1
Sigma:
Sigma_1 = 0
Sigma_2 = 0
Sigma_3 = 0.430015
Sigma_4 = 0
Sigma_5 = 0
Sigma_6 = 0
Sigma_7 = 0
Sigma_8 = 0
Sigma_9 = 0
Sigma_10 = 0
Sigma_11 = 0
middle of 3 sortie are: 5 10 
middle of 9 sortie are: 1 6 8 
Objective: 49.8999
Number of sorties: 2
