Instance name: /mnt/c/Users/ORG/CLionProjects/uMV-FSTSP/Murray_Chu_2015_test_data/FSTSP/FSTSP_10_customer_problems/20140810T123437v11

drone speed: 0.6 miles/minute
uav non-eligible customer: 10 
Printing number of nodes: 11

Gurobi Optimizer version 11.0.0 build v11.0.0rc2 (linux64 - "Ubuntu 22.04.3 LTS")

CPU model: 13th Gen Intel(R) Core(TM) i5-13500, instruction set [SSE2|AVX|AVX2]
Thread count: 10 physical cores, 20 logical processors, using up to 20 threads

Optimize a model with 44485 rows, 1957 columns and 1837894 nonzeros
Model fingerprint: 0x7e07e8ed
Variable types: 11 continuous, 1946 integer (1814 binary)
Coefficient statistics:
  Matrix range     [4e-01, 2e+01]
  Objective range  [8e-01, 2e+01]
  Bounds range     [1e+00, 1e+00]
  RHS range        [1e+00, 9e+00]
Found heuristic solution: objective 161.5525321
Presolve removed 24366 rows and 701 columns
Presolve time: 2.64s
Presolved: 20119 rows, 1256 columns, 710750 nonzeros
Variable types: 9 continuous, 1247 integer (1247 binary)
Found heuristic solution: objective 148.4361113
Root relaxation presolved: 20119 rows, 1256 columns, 710750 nonzeros


Root relaxation: objective 3.762837e+01, 4391 iterations, 2.24 seconds (4.99 work units)

    Nodes    |    Current Node    |     Objective Bounds      |     Work
 Expl Unexpl |  Obj  Depth IntInf | Incumbent    BestBd   Gap | It/Node Time

     0     0   37.62837    0  157  148.43611   37.62837  74.7%     -    5s
H    0     0                     120.8961600   37.62837  68.9%     -    5s
H    0     0                      88.3977472   37.62837  57.4%     -    5s
H    0     0                      79.8528324   37.62837  52.9%     -    5s
H    0     0                      63.1252285   37.62837  40.4%     -    5s
     0     0   38.64093    0  173   63.12523   38.64093  38.8%     -    6s
H    0     0                      56.8180718   38.73170  31.8%     -    6s
     0     0   39.09689    0  172   56.81807   39.09689  31.2%     -    6s
     0     0   39.33070    0  170   56.81807   39.33070  30.8%     -    7s
     0     0   39.33070    0  185   56.81807   39.33070  30.8%     -    7s
H    0     0                      54.3013333   39.33070  27.6%     -    7s
H    0     0                      49.7513140   39.33070  20.9%     -    7s
     0     0   39.34943    0  189   49.75131   39.34943  20.9%     -    7s
     0     0   39.44881    0  194   49.75131   39.44881  20.7%     -    8s
     0     0   39.44881    0  197   49.75131   39.44881  20.7%     -    8s
     0     0   39.44881    0  202   49.75131   39.44881  20.7%     -    8s
     0     0   39.44881    0  206   49.75131   39.44881  20.7%     -    8s
     0     0   39.55327    0  217   49.75131   39.55327  20.5%     -    9s
H    0     0                      49.1556521   39.61309  19.4%     -    9s
     0     0   39.61309    0  223   49.15565   39.61309  19.4%     -    9s
H    0     0                      45.4430479   39.61309  12.8%     -    9s
     0     0   39.61309    0  213   45.44305   39.61309  12.8%     -    9s
     0     0   39.61309    0  215   45.44305   39.61309  12.8%     -    9s
     0     0   39.70234    0  233   45.44305   39.70234  12.6%     -   10s
     0     0   39.71111    0  243   45.44305   39.71111  12.6%     -   10s
     0     0   39.76901    0  231   45.44305   39.76901  12.5%     -   11s
H    0     0                      43.8958341   39.77860  9.38%     -   11s
     0     0   39.77860    0  238   43.89583   39.77860  9.38%     -   11s
     0     0   39.77860    0  237   43.89583   39.77860  9.38%     -   11s
     0     0   39.77860    0  237   43.89583   39.77860  9.38%     -   11s
     0     0   39.77860    0  238   43.89583   39.77860  9.38%     -   11s
     0     0   40.32762    0  227   43.89583   40.32762  8.13%     -   12s
     0     0   40.32762    0  224   43.89583   40.32762  8.13%     -   12s
     0     0   40.32762    0  239   43.89583   40.32762  8.13%     -   12s
     0     0   40.32775    0  224   43.89583   40.32775  8.13%     -   13s
     0     0   40.32775    0  225   43.89583   40.32775  8.13%     -   13s
     0     0   40.32775    0  234   43.89583   40.32775  8.13%     -   13s
     0     0   40.32775    0  232   43.89583   40.32775  8.13%     -   13s
     0     0   40.32775    0  234   43.89583   40.32775  8.13%     -   13s
     0     0   40.32775    0  232   43.89583   40.32775  8.13%     -   14s
     0     0   40.56813    0  233   43.89583   40.56813  7.58%     -   14s
     0     0   40.70872    0  234   43.89583   40.70872  7.26%     -   15s
     0     0   40.81959    0  231   43.89583   40.81959  7.01%     -   16s
     0     0   40.81959    0  231   43.89583   40.81959  7.01%     -   16s
     0     0   40.81959    0  161   43.89583   40.81959  7.01%     -   20s
     0     0   40.81959    0  188   43.89583   40.81959  7.01%     -   22s
     0     0   40.81959    0  203   43.89583   40.81959  7.01%     -   22s
     0     0   40.81959    0  201   43.89583   40.81959  7.01%     -   22s
     0     0   40.81959    0  224   43.89583   40.81959  7.01%     -   23s
     0     0   40.81959    0  227   43.89583   40.81959  7.01%     -   23s
     0     0   40.81959    0  215   43.89583   40.81959  7.01%     -   23s
     0     0   40.81959    0  232   43.89583   40.81959  7.01%     -   23s
     0     0   40.81959    0  231   43.89583   40.81959  7.01%     -   23s
     0     0   40.81959    0  241   43.89583   40.81959  7.01%     -   24s
     0     0   40.81959    0  240   43.89583   40.81959  7.01%     -   24s
     0     0   40.81959    0  245   43.89583   40.81959  7.01%     -   24s
     0     0   40.81959    0  247   43.89583   40.81959  7.01%     -   25s
     0     0   40.81959    0  246   43.89583   40.81959  7.01%     -   25s
     0     0   40.88059    0  245   43.89583   40.88059  6.87%     -   26s
     0     2   40.88059    0  245   43.89583   40.88059  6.87%     -   27s
    15    18   42.23112    4  167   43.89583   40.88059  6.87%   345   31s
H   40    26                      43.4830479   41.56251  4.42%   225   33s
   128    10   42.94007    6   30   43.48305   42.89583  1.35%   112   35s
H  129    10                      42.8958341   42.89583  0.00%   111   35s

Cutting planes:
  Gomory: 2
  Cover: 10
  MIR: 13
  StrongCG: 1
  GUB cover: 1
  Zero half: 6
  RLT: 63

Explored 138 nodes (26454 simplex iterations) in 35.42 seconds (59.38 work units)
Thread count was 20 (of 20 available processors)

Solution count 10: 42.8958 43.483 43.8958 ... 79.8528

Optimal solution found (tolerance 1.00e-04)
Best objective 4.289583414006e+01, best bound 4.289583414006e+01, gap 0.0000%
Truck arcs: 
0 10 6.43835
2 9 6.13892
4 2 4.55136
5 6 0.955922
6 8 5.60229
7 5 0.777831
8 4 1.94864
9 11 1.31706
10 7 12.1655
Theta:
Theta_1 = 1
Theta_3 = 1
Drone arcs:
0 3
1 9
3 7
6 1
Gamma:
gamma_1_2_9= 1
gamma_1_4_2= 1
gamma_1_6_8= 1
gamma_1_8_4= 1
gamma_3_0_10= 1
gamma_3_10_7= 1
Sigma:
Sigma_1 = 0
Sigma_2 = 0
Sigma_3 = 0
Sigma_4 = 0
Sigma_5 = 0
Sigma_6 = 0
Sigma_7 = 0
Sigma_8 = 0
Sigma_9 = 0
Sigma_10 = 0
Sigma_11 = 0
middle of 1 sortie are: 2 4 8 
middle of 3 sortie are: 10 
Objective: 42.8958
Number of sorties: 2
