Instance name: /mnt/c/Users/ORG/CLionProjects/uMV-FSTSP/Murray_Chu_2015_test_data/FSTSP/FSTSP_10_customer_problems/20140810T123437v5

drone speed: 0.4 miles/minute
uav non-eligible customer: 10 
Printing number of nodes: 11

Gurobi Optimizer version 11.0.0 build v11.0.0rc2 (linux64 - "Ubuntu 22.04.3 LTS")

CPU model: 13th Gen Intel(R) Core(TM) i5-13500, instruction set [SSE2|AVX|AVX2]
Thread count: 10 physical cores, 20 logical processors, using up to 20 threads

Optimize a model with 44485 rows, 1957 columns and 1837894 nonzeros
Model fingerprint: 0xac29b882
Variable types: 11 continuous, 1946 integer (1814 binary)
Coefficient statistics:
  Matrix range     [6e-01, 2e+01]
  Objective range  [8e-01, 2e+01]
  Bounds range     [1e+00, 1e+00]
  RHS range        [1e+00, 9e+00]
Found heuristic solution: objective 153.3902504
Presolve removed 25514 rows and 772 columns
Presolve time: 3.19s
Presolved: 18971 rows, 1185 columns, 639155 nonzeros
Variable types: 9 continuous, 1176 integer (1176 binary)
Found heuristic solution: objective 140.2738296
Root relaxation presolved: 18971 rows, 1185 columns, 639155 nonzeros


Root simplex log...

Iteration    Objective       Primal Inf.    Dual Inf.      Time
    3581    4.0032346e+01   2.722997e+03   0.000000e+00      5s
    4127    4.0078982e+01   0.000000e+00   0.000000e+00      5s

Root relaxation: objective 4.007898e+01, 4127 iterations, 1.96 seconds (4.69 work units)

    Nodes    |    Current Node    |     Objective Bounds      |     Work
 Expl Unexpl |  Obj  Depth IntInf | Incumbent    BestBd   Gap | It/Node Time

     0     0   40.07898    0  144  140.27383   40.07898  71.4%     -    5s
H    0     0                     131.6853247   40.07898  69.6%     -    5s
H    0     0                      97.0736023   40.07898  58.7%     -    5s
H    0     0                      60.6148608   40.07898  33.9%     -    5s
     0     0   40.73585    0  104   60.61486   40.73585  32.8%     -    6s
     0     0   40.89613    0  152   60.61486   40.89613  32.5%     -    7s
     0     0   40.96641    0  155   60.61486   40.96641  32.4%     -    8s
     0     0   41.08614    0  187   60.61486   41.08614  32.2%     -    9s
     0     0   41.10317    0  191   60.61486   41.10317  32.2%     -    9s
     0     0   41.11751    0  217   60.61486   41.11751  32.2%     -    9s
     0     0   41.12500    0  171   60.61486   41.12500  32.2%     -    9s
     0     0   41.22495    0  222   60.61486   41.22495  32.0%     -   10s
H    0     0                      60.0191989   41.23393  31.3%     -   10s
H    0     0                      57.7651105   41.24798  28.6%     -   10s
     0     0   41.24798    0  227   57.76511   41.24798  28.6%     -   10s
     0     0   41.26280    0  213   57.76511   41.26280  28.6%     -   10s
     0     0   41.26294    0  215   57.76511   41.26294  28.6%     -   10s
     0     0   41.26397    0  219   57.76511   41.26397  28.6%     -   10s
     0     0   41.26455    0  228   57.76511   41.26455  28.6%     -   10s
     0     0   41.26497    0  232   57.76511   41.26497  28.6%     -   10s
     0     0   41.26520    0  228   57.76511   41.26520  28.6%     -   10s
     0     0   41.44436    0  248   57.76511   41.44436  28.3%     -   11s
H    0     0                      57.2525791   41.44436  27.6%     -   11s
     0     0   41.46585    0  252   57.25258   41.46585  27.6%     -   11s
     0     0   41.46585    0  244   57.25258   41.46585  27.6%     -   11s
H    0     0                      56.8153361   41.46585  27.0%     -   12s
     0     0   41.59262    0  238   56.81534   41.59262  26.8%     -   12s
     0     0   41.59262    0  239   56.81534   41.59262  26.8%     -   12s
     0     0   41.59262    0  246   56.81534   41.59262  26.8%     -   12s
H    0     0                      52.4445171   41.64003  20.6%     -   12s
     0     0   41.64003    0  244   52.44452   41.64003  20.6%     -   13s
     0     2   41.64131    0  244   52.44452   41.64131  20.6%     -   14s
     1     4   41.64131    1  196   52.44452   41.64131  20.6%   278   15s
    25    30   45.75730    5   65   52.44452   42.10071  19.7%   352   20s
    75    65   47.24905    8  135   52.44452   42.10071  19.7%   244   26s
H  112    74                      50.9909836   42.10071  17.4%   200   28s
   121    72   47.57479   11  118   50.99098   42.10071  17.4%   192   30s
   239   103     cutoff   20        50.99098   44.08954  13.5%   144   35s
H  272   108                      50.5709238   44.08964  12.8%   138   37s
   315   111 infeasible    7        50.57092   44.41976  12.2%   132   40s
   455   113     cutoff   19        50.57092   46.50562  8.04%   115   45s
   696    92   48.63980   11  128   50.57092   47.65579  5.76%  95.8   50s
  1012     3   49.67486   12  133   50.57092   49.39857  2.32%  79.4   55s

Cutting planes:
  Cover: 29
  Clique: 2
  MIR: 14
  Zero half: 25
  RLT: 84

Explored 1063 nodes (88502 simplex iterations) in 55.33 seconds (71.97 work units)
Thread count was 20 (of 20 available processors)

Solution count 10: 50.5709 50.991 52.4445 ... 131.685

Optimal solution found (tolerance 1.00e-04)
Best objective 5.057092377900e+01, best bound 5.057092377900e+01, gap 0.0000%
Truck arcs: 
0 10 7.27469
1 7 7.04774
4 8 1.94864
5 6 0.955922
6 1 8.18583
6 11 5.19269
7 5 0.777831
8 6 5.60229
10 4 8.38296
Theta:
Theta_2 = 1
Theta_3 = 1
Theta_9 = 1
Drone arcs:
0 9
2 11
3 7
4 2
5 3
9 4
Gamma:
gamma_2_4_8= 1
gamma_2_6_11= 1
gamma_2_8_6= 1
gamma_3_1_7= 1
gamma_3_5_6= 1
gamma_3_6_1= 1
gamma_9_0_10= 1
gamma_9_10_4= 1
Sigma:
Sigma_1 = 0
Sigma_2 = 0
Sigma_3 = 0.202329
Sigma_4 = 0
Sigma_5 = 0
Sigma_6 = 0
Sigma_7 = 0
Sigma_8 = 0
Sigma_9 = 0
Sigma_10 = 0
Sigma_11 = 0
middle of 2 sortie are: 6 8 
middle of 3 sortie are: 1 6 
middle of 9 sortie are: 10 
Objective: 50.5709
Number of sorties: 3
