Instance name: /mnt/c/Users/ORG/CLionProjects/uMV-FSTSP/Murray_Chu_2015_test_data/FSTSP/FSTSP_10_customer_problems/20140810T123437v3

drone speed: 0.2 miles/minute
uav non-eligible customer: 10 
Printing number of nodes: 11

Gurobi Optimizer version 11.0.0 build v11.0.0rc2 (linux64 - "Ubuntu 22.04.3 LTS")

CPU model: 13th Gen Intel(R) Core(TM) i5-13500, instruction set [SSE2|AVX|AVX2]
Thread count: 10 physical cores, 20 logical processors, using up to 20 threads

Optimize a model with 44485 rows, 1957 columns and 1837894 nonzeros
Model fingerprint: 0xf973fc2b
Variable types: 11 continuous, 1946 integer (1814 binary)
Coefficient statistics:
  Matrix range     [8e-01, 3e+01]
  Objective range  [8e-01, 2e+01]
  Bounds range     [1e+00, 1e+00]
  RHS range        [1e+00, 9e+00]
Found heuristic solution: objective 161.5525321
Presolve removed 37533 rows and 1177 columns
Presolve time: 2.87s
Presolved: 6952 rows, 780 columns, 173420 nonzeros
Variable types: 8 continuous, 772 integer (772 binary)
Found heuristic solution: objective 148.4361113

Root relaxation: objective 5.355233e+01, 1698 iterations, 0.41 seconds (0.85 work units)

    Nodes    |    Current Node    |     Objective Bounds      |     Work
 Expl Unexpl |  Obj  Depth IntInf | Incumbent    BestBd   Gap | It/Node Time

     0     0   53.55233    0  165  148.43611   53.55233  63.9%     -    3s
H    0     0                     125.1613991   53.55233  57.2%     -    3s
H    0     0                      73.2430207   53.55233  26.9%     -    3s
H    0     0                      54.6640397   53.55233  2.03%     -    3s
     0     0   53.78970    0  154   54.66404   53.78970  1.60%     -    3s
     0     0   53.83353    0   41   54.66404   53.83353  1.52%     -    3s
     0     0   53.93860    0   36   54.66404   53.93860  1.33%     -    3s

Cutting planes:
  Gomory: 8
  Cover: 1
  MIR: 1
  StrongCG: 1
  GUB cover: 1
  Zero half: 19
  RLT: 2

Explored 1 nodes (2216 simplex iterations) in 3.98 seconds (6.46 work units)
Thread count was 20 (of 20 available processors)

Solution count 6: 54.664 54.664 73.243 ... 161.553

Optimal solution found (tolerance 1.00e-04)
Best objective 5.466403971045e+01, best bound 5.466403971045e+01, gap 0.0000%
Truck arcs: 
0 10 6.43835
1 7 7.04774
2 9 6.13892
3 1 3.93636
4 2 4.55136
5 6 0.955922
6 8 5.60229
7 5 0.777831
8 4 1.94864
9 11 1.31706
10 3 15.9496
Theta:
Drone arcs:
Gamma:
Sigma:
Sigma_1 = 0
Sigma_2 = 0
Sigma_3 = 0
Sigma_4 = 0
Sigma_5 = 0
Sigma_6 = -0
Sigma_7 = -0
Sigma_8 = -0
Sigma_9 = -0
Sigma_10 = 0
Sigma_11 = 0
Objective: 54.664
Number of sorties: 0
