Instance name: /home/cuong/CLionProjects/uMV-FSTSP/rand_generated_instances/v1
Write arg val: 1

drone speed: 1 miles/minute
uav non-eligible customer: 6 14 
Printing tau:
0 14.5217 15.4812 7.70654 10.0265 5.82655 7.01534 4.75511 10.8039 12.8402 7.12204 10.2823 12.2976 0 
14.5217 0 12.2981 12.166 4.49519 8.69513 7.50634 14.474 3.7178 9.65711 7.39964 4.65207 9.27429 14.5217 
15.4812 12.2981 0 7.77463 15.8685 11.3384 11.1342 10.7261 14.5907 2.64094 15.4337 16.9501 3.18356 15.4812 
7.70654 12.166 7.77463 0 8.09387 3.56373 4.65962 2.95143 8.44816 5.13369 7.65907 9.17549 4.59107 7.70654 
10.0265 4.49519 15.8685 8.09387 0 4.53014 4.73429 9.97882 1.27785 13.2276 2.90445 1.08162 12.6849 10.0265 
5.82655 8.69513 11.3384 3.56373 4.53014 0 1.18879 5.77887 4.97733 8.69743 4.09534 5.61176 8.15481 5.82655 
7.01534 7.50634 11.1342 4.65962 4.73429 1.18879 0 6.96766 3.78854 8.49328 4.29949 5.81591 7.95065 7.01534 
4.75511 14.474 10.7261 2.95143 9.97882 5.77887 6.96766 0 10.7562 8.08512 7.07436 10.2346 7.5425 4.75511 
10.8039 3.7178 14.5907 8.44816 1.27785 4.97733 3.78854 10.7562 0 11.9497 3.68184 2.35947 11.4071 10.8039 
12.8402 9.65711 2.64094 5.13369 13.2276 8.69743 8.49328 8.08512 11.9497 0 12.7928 14.3092 0.542623 12.8402 
7.12204 7.39964 15.4337 7.65907 2.90445 4.09534 4.29949 7.07436 3.68184 12.7928 0 3.16028 12.2501 7.12204 
10.2823 4.65207 16.9501 9.17549 1.08162 5.61176 5.81591 10.2346 2.35947 14.3092 3.16028 0 13.7666 10.2823 
12.2976 9.27429 3.18356 4.59107 12.6849 8.15481 7.95065 7.5425 11.4071 0.542623 12.2501 13.7666 0 12.2976 
0 0 0 0 0 0 0 0 0 0 0 0 0 0 
Printing tau_prime:
0 7.00811 7.94351 3.79883 4.73006 3.37018 3.89047 2.24169 5.11027 6.58131 3.35744 4.89634 6.30284 0 
7.00811 0 6.88214 6.11868 2.70616 4.12382 3.5808 6.86323 2.05902 6.23602 3.78849 2.967 6.12982 7.00811 
7.94351 6.88214 0 4.18789 7.64753 5.35918 5.25148 5.93851 7.15085 1.36232 7.27886 8.17135 1.64077 7.94351 
3.79883 6.11868 4.18789 0 5.25677 2.34506 2.70797 1.76623 5.11706 2.83319 4.25256 5.71588 2.55776 3.79883 
4.73006 2.70616 7.64753 5.25677 0 2.91211 2.64493 5.29195 0.705098 6.59345 1.38443 0.523948 6.39005 4.73006 
3.37018 4.12382 5.35918 2.34506 2.91211 0 0.568607 2.73943 2.80283 4.10324 2.02485 3.37789 3.85389 3.37018 
3.89047 3.5808 5.25148 2.70797 2.64493 0.568607 0 3.29022 2.41753 4.06859 2.02742 3.14459 3.83952 3.89047 
2.24169 6.86323 5.93851 1.76623 5.29195 2.73943 3.29022 0 5.38787 4.592 4.00579 5.64677 4.3186 2.24169 
5.11027 2.05902 7.15085 5.11706 0.705098 2.80283 2.41753 5.38787 0 6.16676 1.78055 1.13912 5.98138 5.11027 
6.58131 6.23602 1.36232 2.83319 6.59345 4.10324 4.06859 4.592 6.16676 0 6.07999 7.11503 0.27847 6.58131 
3.35744 3.78849 7.27886 4.25256 1.38443 2.02485 2.02742 4.00579 1.78055 6.07999 0 1.6524 5.842 3.35744 
4.89634 2.967 8.17135 5.71588 0.523948 3.37789 3.14459 5.64677 1.13912 7.11503 1.6524 0 6.91004 4.89634 
6.30284 6.12982 1.64077 2.55776 6.39005 3.85389 3.83952 4.3186 5.98138 0.27847 5.842 6.91004 0 6.30284 
0 0 0 0 0 0 0 0 0 0 0 0 0 0 
Printing number of nodes: 13

Version identifier: 22.1.1.0 | 2022-11-28 | 9160aff4d
CPXPARAM_ClockType                               0
CPXPARAM_Emphasis_MIP                            2
CPXPARAM_MIP_Tolerances_Integrality              0
Tried aggregator 2 times.
MIP Presolve eliminated 604 rows and 418 columns.
MIP Presolve modified 3771 coefficients.
Aggregator did 2 substitutions.
Reduced MIP has 25382 rows, 2309 columns, and 1080834 nonzeros.
Reduced MIP has 2298 binaries, 0 generals, 0 SOSs, and 0 indicators.
Presolve time = 0.42 sec. (1086.56 ticks)
Probing fixed 263 vars, tightened 0 bounds.
Probing changed sense of 22 constraints.
Probing time = 0.36 sec. (532.36 ticks)
Tried aggregator 1 time.
MIP Presolve eliminated 37 rows and 285 columns.
MIP Presolve modified 24 coefficients.
Reduced MIP has 25345 rows, 2024 columns, and 1079453 nonzeros.
Reduced MIP has 2013 binaries, 0 generals, 0 SOSs, and 0 indicators.
Presolve time = 0.33 sec. (727.73 ticks)
Probing time = 0.03 sec. (37.55 ticks)
Tried aggregator 1 time.
Detecting symmetries...
Reduced MIP has 25345 rows, 2024 columns, and 1079453 nonzeros.
Reduced MIP has 2013 binaries, 0 generals, 0 SOSs, and 0 indicators.
Presolve time = 0.26 sec. (522.23 ticks)
Probing time = 0.10 sec. (35.21 ticks)
Clique table members: 532448.
MIP emphasis: optimality.
MIP search method: dynamic search.
Parallel mode: deterministic, using up to 20 threads.
Root relaxation solution time = 3.03 sec. (1039.57 ticks)

        Nodes                                         Cuts/
   Node  Left     Objective  IInf  Best Integer    Best Bound    ItCnt     Gap

*     0+    0                         2067.2754       -3.8674           100.19%
      0     0       36.6139    98     2067.2754       36.6139     4098   98.23%
*     0+    0                           56.4220       36.6139            35.11%
      0     0       37.3315   171       56.4220      Cuts: 56     5306   33.84%
      0     0       37.3407   179       56.4220      Cuts: 22     5558   33.82%
*     0+    0                           47.9489       37.3407            22.12%
      0     0       37.3488   185       47.9489      Cuts: 18     5948   22.11%
      0     0       37.3520   194       47.9489      Cuts: 18     6065   22.10%
      0     0       37.3564   186       47.9489      Cuts: 10     6188   22.09%
*     0+    0                           47.7974       37.3564            21.84%
Detecting symmetries...
      0     0       37.3591   202       47.7974      Cuts: 11     6324   21.84%
*     0+    0                           45.2093       37.3591            17.36%
      0     0       37.3592   195       45.2093      Cuts: 11     6396   17.36%
      0     0       37.3596   204       45.2093       Cuts: 4     6418   17.36%
      0     0       37.3596   196       45.2093       Cuts: 2     6437   17.36%
*     0+    0                           43.8438       37.3596            14.79%
*     0+    0                           43.4386       37.3596            13.99%
Detecting symmetries...
      0     2       37.3596   194       43.4386       37.3596     6437   13.99%
Elapsed time = 17.74 sec. (26436.93 ticks, tree = 0.02 MB, solutions = 7)
      1     3       37.3702   175       43.4386       37.3596     6910   13.99%
      4     5       42.1568    28       43.4386       37.3596     7785   13.99%
*     7     4      integral     0       42.1568       37.3596     8089   11.38%
      7     4       42.1568     0       42.1568       37.3596     8089   11.38%
      9     7       42.1568    14       42.1568       37.3596     8700   11.38%
     12     5       37.3738   164       42.1568       37.3706     9424   11.35%
     13     3        cutoff             42.1568       37.3706     9431   11.35%
     16     7       42.1568    25       42.1568       37.3706     8385   11.35%
     18     7       38.2515   132       42.1568       37.3767    10480   11.34%
     22     9       40.8276   265       42.1568       37.3767    12486   11.34%
*   169    35      integral     0       41.9550       38.0597    25990    9.28%
    191    40       42.1234    86       41.9550       38.0597    27177    9.28%
Elapsed time = 27.34 sec. (30606.50 ticks, tree = 0.06 MB, solutions = 9)
    311    64       41.0731   147       41.9550       38.2425    39641    8.85%
    570   119       41.6993    85       41.9550       38.5086    55134    8.21%
    810   201       41.3753    85       41.9550       38.5086    77096    8.21%
   1060   250       41.2536   102       41.9550       40.1779    98314    4.24%
*  1113+  234                           41.4221       40.1779             3.00%
   1323    54       40.7256   154       41.4221       40.1779   118998    3.00%
   1458    25       40.7771    57       41.4221       40.7256   129859    1.68%
   1543    15        cutoff             41.4221       40.7256   150164    1.68%
   1586    14       40.8245    18       41.4221       40.7610   153115    1.60%

Clique cuts applied:  6
Cover cuts applied:  5
Implied bound cuts applied:  2
Flow cuts applied:  2
Mixed integer rounding cuts applied:  5
Zero-half cuts applied:  26
Lift and project cuts applied:  1
Gomory fractional cuts applied:  5

Root node processing (before b&c):
  Real time             =   17.62 sec. (26186.55 ticks)
Parallel b&c, 20 threads:
  Real time             =   44.06 sec. (12883.03 ticks)
  Sync time (average)   =   17.12 sec.
  Wait time (average)   =    0.00 sec.
                          ------------
Total (root+branch&cut) =   61.67 sec. (39069.58 ticks)
Truck arcs:
0 7
1 8
3 5
4 11
5 6
6 1
7 3
8 4
10 13
11 10
customer 2 is served by drone
start of this sortie: 5
end of this sortie: 8

customer 9 is served by drone
start of this sortie: 0
end of this sortie: 5

customer 12 is served by drone
start of this sortie: 8
end of this sortie: 13

41.4221
In write mode
