Instance name: /home/cuong/CLionProjects/uMV-FSTSP/rand_generated_instances/v12
Write arg val: 1

drone speed: 1 miles/minute
uav non-eligible customer: 5 14 
Printing tau:
0 15.5575 4.45475 9.21626 3.53677 15.6723 7.38115 2.91069 5.97973 13.9681 12.0442 6.08484 6.63827 0 
15.5575 0 11.1027 6.62583 12.0207 0.577171 8.17631 12.6468 11.4181 4.34175 3.51328 12.0027 8.91919 15.5575 
4.45475 11.1027 0 11.0026 2.53156 11.2175 2.9264 3.4283 7.76605 9.51332 7.88351 4.29852 2.18352 4.45475 
9.21626 6.62583 11.0026 0 8.47102 7.13751 9.52087 7.57428 4.79232 5.03645 3.11906 15.3011 11.3569 9.21626 
3.53677 12.0207 2.53156 8.47102 0 12.1355 3.84438 0.896741 5.23449 10.4313 8.5074 6.83007 3.10149 3.53677 
15.6723 0.577171 11.2175 7.13751 12.1355 0 8.29114 12.7616 11.533 4.91892 4.01845 12.1175 9.03402 15.6723 
7.38115 8.17631 2.9264 9.52087 3.84438 8.29114 0 4.47046 6.28434 7.30228 6.4018 5.78022 1.83601 7.38115 
2.91069 12.6468 3.4283 7.57428 0.896741 12.7616 4.47046 0 4.33775 11.0574 9.13348 7.72681 3.7826 2.91069 
5.97973 11.4181 7.76605 4.79232 5.23449 11.533 6.28434 4.33775 0 9.82877 7.90486 12.0646 8.12035 5.97973 
13.9681 4.34175 9.51332 5.03645 10.4313 4.91892 7.30228 11.0574 9.82877 0 1.9239 13.0825 9.13829 13.9681 
12.0442 3.51328 7.88351 3.11906 8.5074 4.01845 6.4018 9.13348 7.90486 1.9239 0 12.182 8.23782 12.0442 
6.08484 12.0027 4.29852 15.3011 6.83007 12.1175 5.78022 7.72681 12.0646 13.0825 12.182 0 3.94421 6.08484 
6.63827 8.91919 2.18352 11.3569 3.10149 9.03402 1.83601 3.7826 8.12035 9.13829 8.23782 3.94421 0 6.63827 
0 0 0 0 0 0 0 0 0 0 0 0 0 0 
Printing tau_prime:
0 7.43996 2.26253 6.05004 1.70386 7.45269 3.48247 1.57538 3.42835 7.3647 6.36375 3.32204 3.28799 0 
7.43996 0 5.63725 4.39544 5.73774 0.277413 4.09923 5.98087 5.60599 2.17955 2.31831 6.99944 4.77397 7.43996 
2.26253 5.63725 0 5.59958 1.26942 5.59309 1.54627 1.77246 3.66397 6.10395 5.15858 2.07028 1.04278 2.26253 
6.05004 4.39544 5.59958 0 4.73433 4.62795 4.5473 4.56122 2.72606 2.59435 2.0772 7.64539 5.46175 6.05004 
1.70386 5.73774 1.26942 4.73433 0 5.75517 1.87862 0.515562 2.48386 5.73304 4.73801 3.21974 1.99708 1.70386 
7.45269 0.277413 5.59309 4.62795 5.75517 0 4.06676 6.01939 5.73928 2.45403 2.55217 6.88764 4.70027 7.45269 
3.48247 4.09923 1.54627 4.5473 1.87862 4.06676 0 2.29851 3.33342 4.63587 3.73354 3.26776 0.933669 3.48247 
1.57538 5.98087 1.77246 4.56122 0.515562 6.01939 2.29851 0 2.12528 5.79174 4.79049 3.65509 2.50346 1.57538 
3.42835 5.60599 3.66397 2.72606 2.48386 5.73928 3.33342 2.12528 0 4.65811 3.7268 5.69396 4.00513 3.42835 
7.3647 2.17955 6.10395 2.59435 5.73304 2.45403 4.63587 5.79174 4.65811 0 1.00136 7.88231 5.52237 7.3647 
6.36375 2.31831 5.15858 2.0772 4.73801 2.55217 3.73354 4.79049 3.7268 1.00136 0 6.99955 4.64484 6.36375 
3.32204 6.99944 2.07028 7.64539 3.21974 6.88764 3.26776 3.65509 5.69396 7.88231 6.99955 0 2.36007 3.32204 
3.28799 4.77397 1.04278 5.46175 1.99708 4.70027 0.933669 2.50346 4.00513 5.52237 4.64484 2.36007 0 3.28799 
0 0 0 0 0 0 0 0 0 0 0 0 0 0 
Printing number of nodes: 13

Version identifier: 22.1.1.0 | 2022-11-28 | 9160aff4d
CPXPARAM_ClockType                               0
CPXPARAM_Emphasis_MIP                            2
CPXPARAM_MIP_Tolerances_Integrality              0
Tried aggregator 2 times.
MIP Presolve eliminated 604 rows and 418 columns.
MIP Presolve modified 3614 coefficients.
Aggregator did 2 substitutions.
Reduced MIP has 25382 rows, 2309 columns, and 1080891 nonzeros.
Reduced MIP has 2298 binaries, 0 generals, 0 SOSs, and 0 indicators.
Presolve time = 0.41 sec. (959.25 ticks)
Found incumbent of value 84.992671 after 0.81 sec. (1734.26 ticks)
Probing fixed 263 vars, tightened 0 bounds.
Probing changed sense of 22 constraints.
Probing time = 0.29 sec. (523.10 ticks)
Tried aggregator 1 time.
MIP Presolve eliminated 37 rows and 285 columns.
MIP Presolve modified 120 coefficients.
Reduced MIP has 25345 rows, 2024 columns, and 1079497 nonzeros.
Reduced MIP has 2013 binaries, 0 generals, 0 SOSs, and 0 indicators.
Presolve time = 0.32 sec. (728.56 ticks)
Probing time = 0.03 sec. (36.05 ticks)
Tried aggregator 1 time.
Detecting symmetries...
Reduced MIP has 25345 rows, 2024 columns, and 1079497 nonzeros.
Reduced MIP has 2013 binaries, 0 generals, 0 SOSs, and 0 indicators.
Presolve time = 0.24 sec. (521.80 ticks)
Probing time = 0.02 sec. (33.89 ticks)
Clique table members: 533548.
MIP emphasis: optimality.
MIP search method: dynamic search.
Parallel mode: deterministic, using up to 20 threads.
Root relaxation solution time = 0.59 sec. (403.02 ticks)

        Nodes                                         Cuts/
   Node  Left     Objective  IInf  Best Integer    Best Bound    ItCnt     Gap

*     0+    0                           84.9927      -12.0000           114.12%
      0     0       39.6312    48       84.9927       39.6312     1243   53.37%
*     0+    0                           67.4275       39.6312            41.22%
*     0+    0                           39.8266       39.6312             0.49%
*     0+    0                           39.6312       39.6312             0.00%
      0     0        cutoff             39.6312       39.6312     1243    0.00%
Elapsed time = 3.81 sec. (7405.07 ticks, tree = 0.01 MB, solutions = 4)

Root node processing (before b&c):
  Real time             =    3.82 sec. (7408.33 ticks)
Parallel b&c, 20 threads:
  Real time             =    0.00 sec. (0.00 ticks)
  Sync time (average)   =    0.00 sec.
  Wait time (average)   =    0.00 sec.
                          ------------
Total (root+branch&cut) =    3.82 sec. (7408.33 ticks)
Truck arcs:
0 8
1 5
2 4
3 10
4 7
5 6
6 12
7 13
8 3
10 1
12 2
customer 9 is served by drone
start of this sortie: 0
end of this sortie: 3

customer 11 is served by drone
start of this sortie: 2
end of this sortie: 13

39.6312
In write mode
