Instance name: /home/cuong/CLionProjects/uMV-FSTSP/rand_generated_instances/v18
Write arg val: 1

drone speed: 1 miles/minute
uav non-eligible customer: 1 2 6 14 
Printing tau:
0 12.0621 6.31959 11.8338 4.5598 3.23795 11.2376 11.8502 7.66963 6.81946 11.7898 13.6482 0.889225 0 
12.0621 0 5.78988 10.5099 7.50226 8.82411 8.4283 1.65554 11.7237 6.43229 10.4886 10.1051 11.1728 12.0621 
6.31959 5.78988 0 5.51421 1.75979 3.08164 4.91798 5.53061 5.93378 0.64241 5.47025 7.32857 5.43036 6.31959 
11.8338 10.5099 5.51421 0 7.27399 8.59584 2.08163 8.85439 10.7232 5.01433 0.0439519 1.81436 10.9446 11.8338 
4.5598 7.50226 1.75979 7.27399 0 1.32185 6.67777 7.2904 7.0423 2.25966 7.23004 9.08836 3.67057 4.5598 
3.23795 8.82411 3.08164 8.59584 1.32185 0 7.99962 8.61225 7.16652 3.58151 8.55189 10.4102 2.34872 3.23795 
11.2376 8.4283 4.91798 2.08163 6.67777 7.99962 0 6.77277 10.127 4.41811 2.06031 2.41059 10.3483 11.2376 
11.8502 1.65554 5.53061 8.85439 7.2904 8.61225 6.77277 0 10.7396 5.03074 8.83308 8.44957 10.961 11.8502 
7.66963 11.7237 5.93378 10.7232 7.0423 7.16652 10.127 10.7396 0 5.70889 10.6793 12.5376 8.04018 7.66963 
6.81946 6.43229 0.64241 5.01433 2.25966 3.58151 4.41811 5.03074 5.70889 0 4.97038 6.8287 5.93023 6.81946 
11.7898 10.4886 5.47025 0.0439519 7.23004 8.55189 2.06031 8.83308 10.6793 4.97038 0 1.85832 10.9006 11.7898 
13.6482 10.1051 7.32857 1.81436 9.08836 10.4102 2.41059 8.44957 12.5376 6.8287 1.85832 0 12.7589 13.6482 
0.889225 11.1728 5.43036 10.9446 3.67057 2.34872 10.3483 10.961 8.04018 5.93023 10.9006 12.7589 0 0.889225 
0 0 0 0 0 0 0 0 0 0 0 0 0 0 
Printing tau_prime:
0 5.99867 3.08942 6.35465 2.16976 1.5447 5.68462 5.69951 3.6532 3.40461 6.33165 7.0378 0.454124 0 
5.99867 0 3.84415 4.9556 4.16864 4.6817 3.9921 0.786791 7.56276 3.91178 4.94604 4.82191 5.54577 5.99867 
3.08942 3.84415 0 3.42167 0.980438 1.56462 2.63092 3.2551 3.72211 0.383713 3.3994 4.00913 2.74573 3.08942 
6.35465 4.9556 3.42167 0 4.39402 4.92892 1.02075 4.17401 5.08725 3.0467 0.0230277 0.876331 6.08064 6.35465 
2.16976 4.16864 0.980438 4.39402 0 0.625871 3.60962 3.72098 3.69658 1.34757 4.37157 4.98922 1.79313 2.16976 
1.5447 4.6817 1.56462 4.92892 0.625871 0 4.1894 4.28408 3.52404 1.90574 4.90617 5.56082 1.18132 1.5447 
5.68462 3.9921 2.63092 1.02075 3.60962 4.1894 0 3.20575 5.0203 2.2854 1.00553 1.38425 5.36659 5.68462 
5.69951 0.786791 3.2551 4.17401 3.72098 4.28408 3.20575 0 6.93953 3.27026 4.16405 4.07234 5.25474 5.69951 
3.6532 7.56276 3.72211 5.08725 3.69658 3.52404 5.0203 6.93953 0 3.66939 5.06781 5.95932 3.79161 3.6532 
3.40461 3.91178 0.383713 3.0467 1.34757 1.90574 2.2854 3.27026 3.66939 0 3.02429 3.65516 3.08125 3.40461 
6.33165 4.94604 3.3994 0.0230277 4.37157 4.90617 1.00553 4.16405 5.06781 3.02429 0 0.894479 6.05774 6.33165 
7.0378 4.82191 4.00913 0.876331 4.98922 5.56082 1.38425 4.07234 5.95932 3.65516 0.894479 0 6.73346 7.0378 
0.454124 5.54577 2.74573 6.08064 1.79313 1.18132 5.36659 5.25474 3.79161 3.08125 6.05774 6.73346 0 0.454124 
0 0 0 0 0 0 0 0 0 0 0 0 0 0 
Printing number of nodes: 13

Version identifier: 22.1.1.0 | 2022-11-28 | 9160aff4d
CPXPARAM_ClockType                               0
CPXPARAM_Emphasis_MIP                            2
CPXPARAM_MIP_Tolerances_Integrality              0
Tried aggregator 2 times.
MIP Presolve eliminated 3649 rows and 791 columns.
MIP Presolve modified 2787 coefficients.
Aggregator did 2 substitutions.
Reduced MIP has 22729 rows, 1936 columns, and 934496 nonzeros.
Reduced MIP has 1927 binaries, 0 generals, 0 SOSs, and 0 indicators.
Presolve time = 0.38 sec. (869.81 ticks)
Found incumbent of value 94.965320 after 0.73 sec. (1544.03 ticks)
Probing fixed 216 vars, tightened 0 bounds.
Probing changed sense of 54 constraints.
Probing time = 0.22 sec. (391.22 ticks)
Tried aggregator 1 time.
MIP Presolve eliminated 75 rows and 270 columns.
MIP Presolve modified 48 coefficients.
Reduced MIP has 22654 rows, 1666 columns, and 933177 nonzeros.
Reduced MIP has 1657 binaries, 0 generals, 0 SOSs, and 0 indicators.
Presolve time = 0.27 sec. (634.77 ticks)
Probing time = 0.03 sec. (31.80 ticks)
Tried aggregator 1 time.
Detecting symmetries...
Reduced MIP has 22654 rows, 1666 columns, and 933177 nonzeros.
Reduced MIP has 1657 binaries, 0 generals, 0 SOSs, and 0 indicators.
Presolve time = 0.20 sec. (448.46 ticks)
Probing time = 0.02 sec. (31.98 ticks)
Clique table members: 464793.
MIP emphasis: optimality.
MIP search method: dynamic search.
Parallel mode: deterministic, using up to 20 threads.
Root relaxation solution time = 0.70 sec. (423.61 ticks)

        Nodes                                         Cuts/
   Node  Left     Objective  IInf  Best Integer    Best Bound    ItCnt     Gap

*     0+    0                           94.9653      -12.0000           112.64%
      0     0       37.4532    58       94.9653       37.4532     1529   60.56%
*     0+    0                           41.3925       37.4532             9.52%
*     0+    0                           38.5089       37.4532             2.74%
*     0+    0                           37.4532       37.4532             0.00%
      0     0        cutoff             37.4532       37.4532     1529    0.00%
Elapsed time = 3.78 sec. (7123.33 ticks, tree = 0.01 MB, solutions = 4)

Root node processing (before b&c):
  Real time             =    3.78 sec. (7126.16 ticks)
Parallel b&c, 20 threads:
  Real time             =    0.00 sec. (0.00 ticks)
  Sync time (average)   =    0.00 sec.
  Wait time (average)   =    0.00 sec.
                          ------------
Total (root+branch&cut) =    3.78 sec. (7126.16 ticks)
Truck arcs:
0 9
1 2
2 4
3 6
4 5
5 12
6 7
7 1
9 10
10 3
12 13
customer 8 is served by drone
start of this sortie: 0
end of this sortie: 6

customer 11 is served by drone
start of this sortie: 1
end of this sortie: 13

37.4532
In write mode
