Instance name: /home/cuong/CLionProjects/uMV-FSTSP/rand_generated_instances/v19
Write arg val: 1

drone speed: 1 miles/minute
uav non-eligible customer: 14 
Printing tau:
0 5.61486 7.89117 8.46948 12.9377 5.97795 4.03558 6.37332 7.02051 6.83457 5.6886 8.48437 4.26784 0 
5.61486 0 2.71804 14.0843 9.43463 11.4596 3.60781 8.93897 12.6354 7.03334 8.14536 7.17754 3.02169 5.61486 
7.89117 2.71804 0 11.3663 6.71659 13.8691 6.01732 6.22093 9.91733 4.31531 5.42732 4.4595 5.4312 7.89117 
8.46948 14.0843 11.3663 0 6.90779 12.0079 12.5051 5.14536 5.87638 7.05099 5.93897 6.9068 12.7373 8.46948 
12.9377 9.43463 6.71659 6.90779 0 18.9157 11.0639 6.56441 12.7842 6.10316 7.24913 4.45336 10.4778 12.9377 
5.97795 11.4596 13.8691 12.0079 18.9157 0 8.80109 12.3513 6.13151 12.8125 11.6665 14.4623 9.03335 5.97795 
4.03558 3.60781 6.01732 12.5051 11.0639 8.80109 0 7.35969 11.0561 5.45407 6.56608 6.61051 0.586114 4.03558 
6.37332 8.93897 6.22093 5.14536 6.56441 12.3513 7.35969 0 6.21976 1.90563 0.793608 2.11105 7.59196 6.37332 
7.02051 12.6354 9.91733 5.87638 12.7842 6.13151 11.0561 6.21976 0 6.681 5.53503 8.3308 11.2884 7.02051 
6.83457 7.03334 4.31531 7.05099 6.10316 12.8125 5.45407 1.90563 6.681 0 1.14597 1.6498 5.68633 6.83457 
5.6886 8.14536 5.42732 5.93897 7.24913 11.6665 6.56608 0.793608 5.53503 1.14597 0 2.79577 6.79835 5.6886 
8.48437 7.17754 4.4595 6.9068 4.45336 14.4623 6.61051 2.11105 8.3308 1.6498 2.79577 0 6.0244 8.48437 
4.26784 3.02169 5.4312 12.7373 10.4778 9.03335 0.586114 7.59196 11.2884 5.68633 6.79835 6.0244 0 4.26784 
0 0 0 0 0 0 0 0 0 0 0 0 0 0 
Printing tau_prime:
0 3.69911 3.96266 4.90107 6.35917 3.60388 2.09747 3.38851 3.31029 3.29051 2.93499 4.06684 2.32216 0 
3.69911 0 1.71227 6.64445 5.66873 7.28887 1.85654 4.23478 6.46428 3.37633 3.841 3.66767 1.55956 3.69911 
3.96266 1.71227 0 5.42949 3.96037 7.4694 2.88694 3.0186 5.92966 2.09435 2.76113 2.12074 2.64061 3.96266 
4.90107 6.64445 5.42949 0 3.92534 5.92375 6.21199 2.43094 2.85312 3.34544 2.80428 3.45537 6.23581 4.90107 
6.35917 5.66873 3.96037 3.92534 0 8.92807 6.39645 3.1033 6.21252 3.09174 3.4709 2.35357 6.23953 6.35917 
3.60388 7.28887 7.4694 5.92375 8.92807 0 5.55997 5.86196 3.0797 6.24256 5.59967 6.98278 5.82714 3.60388 
2.09747 1.85654 2.88694 6.21199 6.39645 5.55997 0 4.0664 5.2746 3.47549 3.57975 4.08355 0.2972 2.09747 
3.38851 4.23478 3.0186 2.43094 3.1033 5.86196 4.0664 0 3.41073 0.924261 0.494111 1.29608 4.02636 3.38851 
3.31029 6.46428 5.92966 2.85312 6.21252 3.0797 5.2746 3.41073 0 4.11011 3.35979 4.69492 5.43132 3.31029 
3.29051 3.37633 2.09435 3.34544 3.09174 6.24256 3.47549 0.924261 4.11011 0 0.752748 0.780688 3.38203 3.29051 
2.93499 3.841 2.76113 2.80428 3.4709 5.59967 3.57975 0.494111 3.35979 0.752748 0 1.39467 3.54782 2.93499 
4.06684 3.66767 2.12074 3.45537 2.35357 6.98278 4.08355 1.29608 4.69492 0.780688 1.39467 0 3.95217 4.06684 
2.32216 1.55956 2.64061 6.23581 6.23953 5.82714 0.2972 4.02636 5.43132 3.38203 3.54782 3.95217 0 2.32216 
0 0 0 0 0 0 0 0 0 0 0 0 0 0 
Printing number of nodes: 13

Version identifier: 22.1.1.0 | 2022-11-28 | 9160aff4d
CPXPARAM_ClockType                               0
CPXPARAM_Emphasis_MIP                            2
CPXPARAM_MIP_Tolerances_Integrality              0
Tried aggregator 1 time.
MIP Presolve eliminated 362 rows and 238 columns.
MIP Presolve modified 4462 coefficients.
Reduced MIP has 25430 rows, 2491 columns, and 1093066 nonzeros.
Reduced MIP has 2479 binaries, 0 generals, 0 SOSs, and 0 indicators.
Presolve time = 0.33 sec. (729.36 ticks)
Found incumbent of value 103.429068 after 0.76 sec. (1575.97 ticks)
Probing fixed 283 vars, tightened 0 bounds.
Probing time = 0.39 sec. (555.60 ticks)
Tried aggregator 1 time.
MIP Presolve eliminated 14 rows and 283 columns.
MIP Presolve modified 94 coefficients.
Reduced MIP has 25416 rows, 2208 columns, and 1091644 nonzeros.
Reduced MIP has 2196 binaries, 0 generals, 0 SOSs, and 0 indicators.
Presolve time = 0.26 sec. (675.92 ticks)
Probing time = 0.03 sec. (36.52 ticks)
Tried aggregator 1 time.
Detecting symmetries...
Reduced MIP has 25416 rows, 2208 columns, and 1091644 nonzeros.
Reduced MIP has 2196 binaries, 0 generals, 0 SOSs, and 0 indicators.
Presolve time = 0.25 sec. (539.29 ticks)
Probing time = 0.03 sec. (36.62 ticks)
Clique table members: 539645.
MIP emphasis: optimality.
MIP search method: dynamic search.
Parallel mode: deterministic, using up to 20 threads.
Root relaxation solution time = 1.98 sec. (970.38 ticks)

        Nodes                                         Cuts/
   Node  Left     Objective  IInf  Best Integer    Best Bound    ItCnt     Gap

*     0+    0                          103.4291      -12.0000           111.60%
*     0+    0                           88.8182      -12.0000           113.51%
      0     0       31.9302    98       88.8182       31.9302       18   64.05%
*     0+    0                           69.2110       31.9302            53.87%
      0     0       32.2503   124       69.2110      Cuts: 24      743   53.40%
      0     0       32.2909   128       69.2110      Cuts: 13     1000   53.34%
      0     0       32.2944   134       69.2110       Cuts: 9     1217   53.34%
*     0+    0                           45.4090       32.2944            28.88%
      0     0  -1.00000e+75     0       45.4090       32.2944     1217   28.88%
      0     0       32.3384   132       45.4090      Cuts: 15     1469   28.78%
      0     0       32.3614   139       45.4090      Cuts: 14     1559   28.73%
Detecting symmetries...
*     0+    0                           43.4742       32.3614            25.56%
      0     0       32.3614   137       43.4742   ZeroHalf: 2     1566   25.56%
      0     0       32.3618   137       43.4742   ZeroHalf: 7     1582   25.56%
*     0+    0                           40.2087       32.3618            19.52%
Detecting symmetries...
      0     2       32.3618   137       40.2087       32.3618     1582   19.52%
Elapsed time = 11.48 sec. (16877.98 ticks, tree = 0.02 MB, solutions = 6)
      2     3       32.3709   138       40.2087       32.3618     1633   19.52%
      8     8       32.8311   227       40.2087       32.3750     2051   19.48%
     16    10       32.9491   327       40.2087       32.4045     3132   19.41%
     23    16       32.9536   343       40.2087       32.4364     4677   19.33%
     29    25       36.6117   256       40.2087       32.6097     8105   18.90%
*    31+   12                           40.1326       32.6097            18.74%
     35    18       33.9999   120       40.1326       32.6097     6005   18.74%
     45    30       34.4905   319       40.1326       32.6097     9928   18.74%
     55    32       33.3689   307       40.1326       32.7726    12448   18.34%
     67    53       33.3360   290       40.1326       32.7726    16154   18.34%
*    91+   17                           39.1387       32.8237            16.13%
    174    95       33.4855   139       39.1387       32.8237    25089   16.13%
Elapsed time = 30.60 sec. (20345.39 ticks, tree = 2.66 MB, solutions = 9)
*   175   111      integral     0       38.7255       32.8237    29232   15.24%
*   228   122      integral     0       36.6506       32.8237    34430   10.44%
    337   162       34.5154   194       36.6506       32.8290    47146   10.43%
    589   259       36.0877   256       36.6506       32.8290    70040   10.43%
    802   276        cutoff             36.6506       32.9479    78318   10.10%
   1015   355       35.3531   260       36.6506       33.1781    97989    9.47%
   1310   442        cutoff             36.6506       33.1986   119034    9.42%
   1562   496       35.1302    94       36.6506       33.1986   129033    9.42%
   1797   578        cutoff             36.6506       33.1986   146590    9.42%
   2067   671       34.6430   313       36.6506       33.6963   169248    8.06%
   2378   697        cutoff             36.6506       34.1992   191704    6.69%
   2714   713       34.3985   127       36.6506       34.3989   198472    6.14%
Elapsed time = 96.54 sec. (29912.79 ticks, tree = 1.99 MB, solutions = 11)
   3056   690        cutoff             36.6506       34.4658   221165    5.96%
   3358   686       35.8565   164       36.6506       34.7867   231723    5.09%
   3758   690       36.4623   194       36.6506       35.6477   250512    2.74%
   4208   640        cutoff             36.6506       35.9565   270509    1.89%
   4704   527       36.5679    76       36.6506       36.2628   279959    1.06%
   5029   356        cutoff             36.6506       36.3490   293365    0.82%
*  5169   342      integral     0       36.4941       36.4305   294533    0.17%
   5245   342        cutoff             36.4941       36.4380   297820    0.15%

Clique cuts applied:  1
Cover cuts applied:  1
Mixed integer rounding cuts applied:  1
Zero-half cuts applied:  17
Gomory fractional cuts applied:  14

Root node processing (before b&c):
  Real time             =   11.23 sec. (16688.35 ticks)
Parallel b&c, 20 threads:
  Real time             =  126.47 sec. (20312.05 ticks)
  Sync time (average)   =   38.16 sec.
  Wait time (average)   =    0.00 sec.
                          ------------
Total (root+branch&cut) =  137.70 sec. (37000.40 ticks)
Truck arcs:
0 6
1 2
2 4
4 11
6 12
7 13
9 10
10 7
11 9
12 1
customer 3 is served by drone
start of this sortie: 0
end of this sortie: 2

customer 5 is served by drone
start of this sortie: 2
end of this sortie: 10

customer 8 is served by drone
start of this sortie: 10
end of this sortie: 13

36.4941
In write mode
