Instance name: /home/cuong/CLionProjects/uMV-FSTSP/rand_generated_instances/v20
Write arg val: 1

drone speed: 1 miles/minute
uav non-eligible customer: 3 4 7 14 
Printing tau:
0 6.78334 3.91694 5.32555 9.33213 9.1912 6.5721 15.1853 3.3824 10.2851 2.67733 8.00263 7.20428 0 
6.78334 0 5.36306 12.1089 6.06359 11.6461 9.68309 11.9168 6.39037 7.01654 6.82209 4.73409 2.79889 6.78334 
3.91694 5.36306 0 9.24249 11.4267 11.2857 8.66662 17.2798 1.02731 12.3796 4.77185 10.0971 3.28734 3.91694 
5.32555 12.1089 9.24249 0 11.4808 5.35696 2.73786 11.3511 8.70795 7.54054 5.28679 8.36697 12.5298 5.32555 
9.33213 6.06359 11.4267 11.4808 0 11.018 9.05501 5.85317 12.454 3.94026 6.6548 3.11383 8.86248 9.33213 
9.1912 11.6461 11.2857 5.35696 11.018 0 2.6191 5.9941 12.313 7.07776 6.51387 7.90419 12.067 9.1912 
6.5721 9.68309 8.66662 2.73786 9.05501 2.6191 0 8.6132 9.69393 5.11475 3.89477 5.94118 10.104 6.5721 
15.1853 11.9168 17.2798 11.3511 5.85317 5.9941 8.6132 0 18.3071 4.90022 12.508 7.18267 14.7156 15.1853 
3.3824 6.39037 1.02731 8.70795 12.454 12.313 9.69393 18.3071 0 13.4069 5.79916 11.1245 3.82188 3.3824 
10.2851 7.01654 12.3796 7.54054 3.94026 7.07776 5.11475 4.90022 13.4069 0 7.60775 2.28245 9.81543 10.2851 
2.67733 6.82209 4.77185 5.28679 6.6548 6.51387 3.89477 12.508 5.79916 7.60775 0 5.3253 7.24304 2.67733 
8.00263 4.73409 10.0971 8.36697 3.11383 7.90419 5.94118 7.18267 11.1245 2.28245 5.3253 0 7.53298 8.00263 
7.20428 2.79889 3.28734 12.5298 8.86248 12.067 10.104 14.7156 3.82188 9.81543 7.24304 7.53298 0 7.20428 
0 0 0 0 0 0 0 0 0 0 0 0 0 0 
Printing tau_prime:
0 3.54955 2.09388 3.09347 5.26995 4.90181 3.38628 7.16033 2.16982 4.95959 1.26224 4.03574 3.40334 0 
3.54955 0 2.86661 5.71441 2.8737 6.15918 4.823 6.38383 3.4125 3.94691 3.22802 2.84463 1.33425 3.54955 
2.09388 2.86661 0 5.17631 5.48895 6.74044 5.19781 8.31747 0.545914 5.89069 2.92188 4.7777 1.96534 2.09388 
3.09347 5.71441 5.17631 0 6.00066 2.5347 1.72436 5.98265 5.25389 4.67792 2.55119 4.4066 6.11587 3.09347 
5.26995 2.8737 5.48895 6.00066 0 5.19437 4.46246 3.88599 6.01461 1.911 4.28569 1.59607 4.20698 5.26995 
4.90181 6.15918 6.74044 2.5347 5.19437 0 1.54295 3.74486 6.9856 3.3761 3.82104 3.76796 7.01869 4.90181 
3.38628 4.823 5.19781 1.72436 4.46246 1.54295 0 4.33978 5.44544 2.97944 2.27813 2.88074 5.5644 3.38628 
7.16033 6.38383 8.31747 5.98265 3.88599 3.74486 4.33978 0 8.74761 2.47154 5.89917 3.61575 7.65251 7.16033 
2.16982 3.4125 0.545914 5.25389 6.01461 6.9856 5.44544 8.74761 0 6.34399 3.17401 5.24658 2.47232 2.16982 
4.95959 3.94691 5.89069 4.67792 1.911 3.3761 2.97944 2.47154 6.34399 0 3.74039 1.14432 5.1905 4.95959 
1.26224 3.22802 2.92188 2.55119 4.28569 3.82104 2.27813 5.89917 3.17401 3.74039 0 2.90005 3.56949 1.26224 
4.03574 2.84463 4.7777 4.4066 1.59607 3.76796 2.88074 3.61575 5.24658 1.14432 2.90005 0 4.05723 4.03574 
3.40334 1.33425 1.96534 6.11587 4.20698 7.01869 5.5644 7.65251 2.47232 5.1905 3.56949 4.05723 0 3.40334 
0 0 0 0 0 0 0 0 0 0 0 0 0 0 
Printing number of nodes: 13

Version identifier: 22.1.1.0 | 2022-11-28 | 9160aff4d
CPXPARAM_ClockType                               0
CPXPARAM_Emphasis_MIP                            2
CPXPARAM_MIP_Tolerances_Integrality              0
Tried aggregator 2 times.
MIP Presolve eliminated 3651 rows and 792 columns.
MIP Presolve modified 3085 coefficients.
Aggregator did 2 substitutions.
Reduced MIP has 22727 rows, 1935 columns, and 934395 nonzeros.
Reduced MIP has 1926 binaries, 0 generals, 0 SOSs, and 0 indicators.
Presolve time = 0.50 sec. (1511.56 ticks)
Found incumbent of value 84.140930 after 0.82 sec. (2148.29 ticks)
Probing fixed 215 vars, tightened 0 bounds.
Probing changed sense of 54 constraints.
Probing time = 0.22 sec. (395.19 ticks)
Tried aggregator 1 time.
MIP Presolve eliminated 75 rows and 269 columns.
MIP Presolve modified 54 coefficients.
Reduced MIP has 22652 rows, 1666 columns, and 933078 nonzeros.
Reduced MIP has 1657 binaries, 0 generals, 0 SOSs, and 0 indicators.
Presolve time = 0.37 sec. (869.92 ticks)
Probing time = 0.03 sec. (32.56 ticks)
Tried aggregator 1 time.
Detecting symmetries...
Reduced MIP has 22652 rows, 1666 columns, and 933078 nonzeros.
Reduced MIP has 1657 binaries, 0 generals, 0 SOSs, and 0 indicators.
Presolve time = 0.21 sec. (446.95 ticks)
Probing time = 0.02 sec. (32.76 ticks)
Clique table members: 460637.
MIP emphasis: optimality.
MIP search method: dynamic search.
Parallel mode: deterministic, using up to 20 threads.
Root relaxation solution time = 1.01 sec. (513.84 ticks)

        Nodes                                         Cuts/
   Node  Left     Objective  IInf  Best Integer    Best Bound    ItCnt     Gap

*     0+    0                           84.1409      -10.3489           112.30%
      0     0       42.6462    86       84.1409       42.6462     1827   49.32%
*     0+    0                           59.7996       42.6462            28.68%
*     0+    0                           46.0601       42.6462             7.41%
Detecting symmetries...

Repeating presolve.
Tried aggregator 1 time.
MIP Presolve eliminated 1730 rows and 672 columns.
MIP Presolve modified 18539 coefficients.
Reduced MIP has 20915 rows, 994 columns, and 504013 nonzeros.
Reduced MIP has 985 binaries, 0 generals, 0 SOSs, and 0 indicators.
Presolve time = 0.89 sec. (4839.66 ticks)
Probing time = 0.09 sec. (22.92 ticks)
Tried aggregator 1 time.
Detecting symmetries...
MIP Presolve eliminated 60 rows and 0 columns.
MIP Presolve modified 53 coefficients.
Reduced MIP has 20853 rows, 994 columns, and 503438 nonzeros.
Reduced MIP has 985 binaries, 0 generals, 0 SOSs, and 0 indicators.
Presolve time = 0.22 sec. (827.83 ticks)
Represolve time = 1.25 sec. (5761.85 ticks)
Probing time = 0.02 sec. (23.12 ticks)
Clique table members: 139087.
MIP emphasis: optimality.
MIP search method: dynamic search.
Parallel mode: deterministic, using up to 20 threads.
Root relaxation solution time = 0.16 sec. (187.13 ticks)

        Nodes                                         Cuts/
   Node  Left     Objective  IInf  Best Integer    Best Bound    ItCnt     Gap

*     0+    0                           46.0601       42.6462             7.41%
      0     0       42.6462    86       46.0601       42.6462     2694    7.41%
      0     0       42.6462    92       46.0601   ZeroHalf: 2     2975    7.41%
      0     0       42.6462    78       46.0601    GUBcuts: 1     2989    7.41%
      0     0       42.6462   103       46.0601      Cuts: 12     3342    7.41%
*     0+    0                           45.7320       42.6462             6.75%
Detecting symmetries...
      0     2       42.6462    97       45.7320       42.6462     3342    6.75%
Elapsed time = 8.88 sec. (18104.60 ticks, tree = 0.02 MB, solutions = 4)
      1     3       42.6462    70       45.7320       42.6462     3981    6.75%
      6     5       42.6462    65       45.7320       42.6462     4442    6.75%
     16    15       43.3052    37       45.7320       42.6462     7379    6.75%
     32    16       42.7651    84       45.7320       42.6462     7830    6.75%
     42    36        cutoff             45.7320       42.6462    14655    6.75%
*    43+   19                           45.1505       42.6462             5.55%
     89    39       43.5996   183       45.1505       42.6462    17312    5.55%
    187    41        cutoff             45.1505       42.6462    18285    5.55%
*   256    63      integral     0       44.7296       42.6462    24552    4.66%
*   313    80      integral     0       43.8736       42.6462    29355    2.80%
*   320    77      integral     0       43.8736       42.6462    32912    2.80%
*   431    33      integral     0       43.7551       42.6462    39149    2.53%
*   562    23      integral     0       43.6335       42.6462    50601    2.26%
    683    23       43.3052    37       43.6335       42.6462    62924    2.26%
Elapsed time = 17.92 sec. (21216.88 ticks, tree = 0.02 MB, solutions = 11)
    937    19       43.3052    51       43.6335       43.3052    83769    0.75%

GUB cover cuts applied:  2
Cover cuts applied:  68
Mixed integer rounding cuts applied:  4
Zero-half cuts applied:  10

Root node processing (before b&c):
  Real time             =    8.69 sec. (18063.37 ticks)
Parallel b&c, 20 threads:
  Real time             =   11.56 sec. (4512.54 ticks)
  Sync time (average)   =    5.15 sec.
  Wait time (average)   =    0.00 sec.
                          ------------
Total (root+branch&cut) =   20.25 sec. (22575.92 ticks)
Truck arcs:
0 10
3 13
4 9
5 6
6 3
7 5
9 7
10 11
11 4
customer 1 is served by drone
start of this sortie: 11
end of this sortie: 9

customer 2 is served by drone
start of this sortie: 6
end of this sortie: 13

customer 8 is served by drone
start of this sortie: 0
end of this sortie: 11

customer 12 is served by drone
start of this sortie: 9
end of this sortie: 6

43.6335
In write mode
