Instance name: /home/cuong/CLionProjects/uMV-FSTSP/rand_generated_instances/v23
Write arg val: 1

drone speed: 1 miles/minute
uav non-eligible customer: 4 5 6 7 14 
Printing tau:
0 14.4778 7.72423 6.74736 5.07605 3.52878 8.49169 7.01418 4.31107 15.0365 18.1882 11.1934 16.3146 0 
14.4778 0 6.94466 12.2178 10.417 10.949 7.05855 7.79561 15.9402 7.15077 7.12726 4.84158 7.91703 14.4778 
7.72423 6.94466 0 5.46424 9.27424 4.19545 12.6899 0.850954 9.18662 7.31229 10.464 3.46918 8.59034 7.72423 
6.74736 12.2178 5.46424 0 11.8234 6.14175 15.2391 4.75419 3.72238 12.7765 15.9283 8.93342 14.0546 6.74736 
5.07605 10.417 9.27424 11.8234 0 5.68167 3.41564 10.1252 9.38712 10.9757 14.1274 7.17117 12.2537 5.07605 
3.52878 10.949 4.19545 6.14175 5.68167 0 9.09731 4.44353 4.99117 11.5077 14.6595 7.66463 12.7858 3.52878 
8.49169 7.05855 12.6899 15.2391 3.41564 9.09731 0 13.5408 12.8028 12.896 12.8725 10.5868 13.6623 8.49169 
7.01418 7.79561 0.850954 4.75419 10.1252 4.44353 13.5408 0 8.47657 8.02233 11.1741 4.17923 9.30039 7.01418 
4.31107 15.9402 9.18662 3.72238 9.38712 4.99117 12.8028 8.47657 0 16.4989 19.6506 12.6558 17.777 4.31107 
15.0365 7.15077 7.31229 12.7765 10.9757 11.5077 12.896 8.02233 16.4989 0 3.15174 3.8431 1.27806 15.0365 
18.1882 7.12726 10.464 15.9283 14.1274 14.6595 12.8725 11.1741 19.6506 3.15174 0 6.99484 1.87368 18.1882 
11.1934 4.84158 3.46918 8.93342 7.17117 7.66463 10.5868 4.17923 12.6558 3.8431 6.99484 0 5.12116 11.1934 
16.3146 7.91703 8.59034 14.0546 12.2537 12.7858 13.6623 9.30039 17.777 1.27806 1.87368 5.12116 0 16.3146 
0 0 0 0 0 0 0 0 0 0 0 0 0 0 
Printing tau_prime:
0 6.94663 4.1443 3.35442 3.06437 1.6878 5.31569 4.07411 2.146 7.38609 8.81922 5.36826 8.06777 0 
6.94663 0 4.56653 7.29396 5.03191 5.3979 4.29032 5.08762 8.21786 3.38118 3.78785 2.75795 3.83125 6.94663 
4.1443 4.56653 0 2.84239 4.70064 2.60377 5.9838 0.52245 4.33094 3.44841 4.93354 1.91242 4.07539 4.1443 
3.35442 7.29396 2.84239 0 5.63789 2.95638 7.5843 2.37984 2.09717 6.12335 7.59108 4.74809 6.66696 3.35442 
3.06437 5.03191 4.70064 5.63789 0 2.69008 2.25811 4.97196 5.13428 6.83687 8.0141 4.76793 7.5299 3.06437 
1.6878 5.3979 2.60377 2.95638 2.69008 0 4.66421 2.6622 2.93038 5.71271 7.13601 3.68074 6.39992 1.6878 
5.31569 4.29032 5.9838 7.5843 2.25811 4.66421 0 6.38607 7.34536 7.06052 7.91162 5.29832 7.68525 5.31569 
4.07411 5.08762 0.52245 2.37984 4.97196 2.6622 6.38607 0 4.01101 3.79396 5.27692 2.41257 4.38462 4.07411 
2.146 8.21786 4.33094 2.09717 5.13428 2.93038 7.34536 4.01101 0 7.77778 9.26346 6.05676 8.38993 2.146 
7.38609 3.38118 3.44841 6.12335 6.83687 5.71271 7.06052 3.79396 7.77778 0 1.48578 2.11354 0.702471 7.38609 
8.81922 3.78785 4.93354 7.59108 8.0141 7.13601 7.91162 5.27692 9.26346 1.48578 0 3.46898 0.958518 8.81922 
5.36826 2.75795 1.91242 4.74809 4.76793 3.68074 5.29832 2.41257 6.05676 2.11354 3.46898 0 2.81601 5.36826 
8.06777 3.83125 4.07539 6.66696 7.5299 6.39992 7.68525 4.38462 8.38993 0.702471 0.958518 2.81601 0 8.06777 
0 0 0 0 0 0 0 0 0 0 0 0 0 0 
Printing number of nodes: 13

Version identifier: 22.1.1.0 | 2022-11-28 | 9160aff4d
CPXPARAM_ClockType                               0
CPXPARAM_Emphasis_MIP                            2
CPXPARAM_MIP_Tolerances_Integrality              0
Tried aggregator 2 times.
MIP Presolve eliminated 5687 rows and 1005 columns.
MIP Presolve modified 2921 coefficients.
Aggregator did 2 substitutions.
Reduced MIP has 20887 rows, 1722 columns, and 843037 nonzeros.
Reduced MIP has 1714 binaries, 0 generals, 0 SOSs, and 0 indicators.
Presolve time = 0.38 sec. (911.50 ticks)
Found incumbent of value 118.226540 after 0.68 sec. (1489.85 ticks)
Probing fixed 180 vars, tightened 0 bounds.
Probing changed sense of 64 constraints.
Probing time = 0.26 sec. (319.23 ticks)
Tried aggregator 1 time.
MIP Presolve eliminated 88 rows and 244 columns.
MIP Presolve modified 50 coefficients.
Reduced MIP has 20799 rows, 1478 columns, and 841844 nonzeros.
Reduced MIP has 1470 binaries, 0 generals, 0 SOSs, and 0 indicators.
Presolve time = 0.34 sec. (786.34 ticks)
Probing time = 0.02 sec. (29.60 ticks)
Tried aggregator 1 time.
Detecting symmetries...
Reduced MIP has 20799 rows, 1478 columns, and 841844 nonzeros.
Reduced MIP has 1470 binaries, 0 generals, 0 SOSs, and 0 indicators.
Presolve time = 0.18 sec. (400.49 ticks)
Probing time = 0.02 sec. (31.43 ticks)
Clique table members: 403124.
MIP emphasis: optimality.
MIP search method: dynamic search.
Parallel mode: deterministic, using up to 20 threads.
Root relaxation solution time = 0.56 sec. (368.38 ticks)

        Nodes                                         Cuts/
   Node  Left     Objective  IInf  Best Integer    Best Bound    ItCnt     Gap

*     0+    0                          118.2265       -2.4724           102.09%
      0     0       41.6843    89      118.2265       41.6843     1673   64.74%
*     0+    0                           52.4778       41.6843            20.57%
      0     0       41.6843    89       52.4778       Cuts: 8     2099   20.57%
      0     0       41.6843    93       52.4778       Cuts: 4     2542   20.57%
*     0+    0                           49.0882       41.6843            15.08%
*     0+    0                           44.9648       41.6843             7.30%
Detecting symmetries...

Repeating presolve.
Tried aggregator 1 time.
MIP Presolve eliminated 4313 rows and 670 columns.
MIP Presolve modified 27143 coefficients.
Reduced MIP has 16474 rows, 808 columns, and 326711 nonzeros.
Reduced MIP has 800 binaries, 0 generals, 0 SOSs, and 0 indicators.
Presolve time = 0.88 sec. (4687.03 ticks)
Probing fixed 19 vars, tightened 0 bounds.
Probing changed sense of 5 constraints.
Probing time = 0.05 sec. (77.27 ticks)
Cover probing fixed 1 vars, tightened 0 bounds.
Tried aggregator 1 time.
MIP Presolve eliminated 57 rows and 42 columns.
MIP Presolve modified 3441 coefficients.
Reduced MIP has 16417 rows, 766 columns, and 323392 nonzeros.
Reduced MIP has 758 binaries, 0 generals, 0 SOSs, and 0 indicators.
Presolve time = 0.12 sec. (416.77 ticks)
Probing time = 0.02 sec. (20.94 ticks)
Tried aggregator 1 time.
Detecting symmetries...
MIP Presolve eliminated 2 rows and 1 columns.
MIP Presolve modified 2 coefficients.
Reduced MIP has 16415 rows, 765 columns, and 323385 nonzeros.
Reduced MIP has 757 binaries, 0 generals, 0 SOSs, and 0 indicators.
Presolve time = 0.08 sec. (172.26 ticks)
Represolve time = 1.21 sec. (5468.96 ticks)
Probing time = 0.02 sec. (20.24 ticks)
Clique table members: 112179.
MIP emphasis: optimality.
MIP search method: dynamic search.
Parallel mode: deterministic, using up to 20 threads.
Root relaxation solution time = 0.13 sec. (152.57 ticks)

        Nodes                                         Cuts/
   Node  Left     Objective  IInf  Best Integer    Best Bound    ItCnt     Gap

*     0+    0                           44.9648       41.7992             7.04%
      0     0       41.6843    74       44.9648       41.7992     3404    7.04%
      0     0       41.6843    89       44.9648       Cuts: 8     3686    7.04%
      0     0       41.6843    85       44.9648      Cuts: 13     4061    6.56%
      0     0       41.6843    90       44.9648      Cuts: 18     4303    6.56%
Detecting symmetries...
      0     2       41.6843    85       44.9648       42.4808     4303    5.52%
Elapsed time = 8.74 sec. (18536.50 ticks, tree = 0.02 MB, solutions = 4)
      3     4       42.6356    79       44.9648       42.4808     4797    5.52%
     14     4       42.2648   204       44.9648       42.4808     6588    5.52%
     29     7       42.9083   110       44.9648       42.4808     7271    5.52%
     55     5        cutoff             44.9648       42.7692     9423    4.88%
     72     2        cutoff             44.9648       43.1271    10384    4.09%

Cover cuts applied:  3
Implied bound cuts applied:  5
Flow cuts applied:  1
Zero-half cuts applied:  10
Lift and project cuts applied:  5
Gomory fractional cuts applied:  4

Root node processing (before b&c):
  Real time             =    8.70 sec. (18495.15 ticks)
Parallel b&c, 20 threads:
  Real time             =    1.02 sec. (1403.24 ticks)
  Sync time (average)   =    0.77 sec.
  Wait time (average)   =    0.00 sec.
                          ------------
Total (root+branch&cut) =    9.72 sec. (19898.39 ticks)
Truck arcs:
0 4
1 10
2 7
4 6
5 13
6 1
7 5
9 11
10 12
11 2
12 9
customer 3 is served by drone
start of this sortie: 2
end of this sortie: 13

customer 8 is served by drone
start of this sortie: 0
end of this sortie: 1

44.9648
In write mode
