Instance name: /home/cuong/CLionProjects/uMV-FSTSP/rand_generated_instances/v35
Write arg val: 1

drone speed: 1 miles/minute
uav non-eligible customer: 3 6 12 14 
Printing tau:
0 6.87187 4.75138 6.5767 5.30284 4.74279 6.80214 12.5696 5.55892 2.47565 5.30997 2.86095 6.46275 0 
6.87187 0 11.6232 4.335 12.1747 10.2371 4.57904 5.69769 5.46618 5.17889 9.05984 9.73282 12.7067 6.87187 
4.75138 11.6232 0 7.28824 2.76704 9.49417 11.5535 17.3209 10.3103 6.44436 4.09364 4.02142 7.67909 4.75138 
6.5767 4.335 7.28824 0 7.8397 10.5698 4.91176 10.0327 5.79891 4.10105 4.72483 9.38179 13.0395 6.5767 
5.30284 12.1747 2.76704 7.8397 0 10.0456 12.105 17.8724 10.8618 6.99582 3.11487 6.78846 10.4461 5.30284 
4.74279 10.2371 9.49417 10.5698 10.0456 0 5.65807 7.82676 4.77093 6.46878 9.3031 7.60374 3.45765 4.74279 
6.80214 4.57904 11.5535 4.91176 12.105 5.65807 0 5.76741 1.24322 5.10916 8.99011 9.66309 8.12769 6.80214 
12.5696 5.69769 17.3209 10.0327 17.8724 7.82676 5.76741 0 7.01063 10.8766 14.7575 15.4305 11.2844 12.5696 
5.55892 5.46618 10.3103 5.79891 10.8618 4.77093 1.24322 7.01063 0 3.86594 7.74689 8.41988 7.24055 5.55892 
2.47565 5.17889 6.44436 4.10105 6.99582 6.46878 5.10916 10.8766 3.86594 0 3.88095 5.28073 8.9384 2.47565 
5.30997 9.05984 4.09364 4.72483 3.11487 9.3031 8.99011 14.7575 7.74689 3.88095 0 8.11506 11.7727 5.30997 
2.86095 9.73282 4.02142 9.38179 6.78846 7.60374 9.66309 15.4305 8.41988 5.28073 8.11506 0 4.1461 2.86095 
6.46275 12.7067 7.67909 13.0395 10.4461 3.45765 8.12769 11.2844 7.24055 8.9384 11.7727 4.1461 0 6.46275 
0 0 0 0 0 0 0 0 0 0 0 0 0 0 
Printing tau_prime:
0 4.37695 2.31205 3.32294 3.1265 2.92268 3.30122 6.00578 2.64603 1.41382 2.70731 1.88877 3.10622 0 
4.37695 0 5.96987 2.04955 5.83731 4.92908 2.15883 3.32725 2.65007 3.01924 4.29348 6.26478 6.5434 4.37695 
2.31205 5.96987 0 4.2649 1.33005 5.10507 5.45048 8.17527 4.86472 3.09536 2.27689 2.09473 4.60454 2.31205 
3.32294 2.04955 4.2649 0 3.89262 5.09002 3.06659 5.18313 3.08257 1.97376 2.30597 5.10238 6.17511 3.32294 
3.1265 5.83731 1.33005 3.89262 0 6.04684 5.81006 8.47286 5.33862 3.37358 1.59599 3.40085 5.82186 3.1265 
2.92268 4.92908 5.10507 5.09002 6.04684 0 2.83841 4.66949 2.28171 3.37133 5.46876 3.62793 2.00302 2.92268 
3.30122 2.15883 5.45048 3.06659 5.81006 2.83841 0 2.72575 0.71997 2.43861 4.57307 5.019 4.63073 3.30122 
6.00578 3.32725 8.17527 5.18313 8.47286 4.66949 2.72575 0 3.36121 5.13069 7.12163 7.62957 6.67141 6.00578 
2.64603 2.65007 4.86472 3.08257 5.33862 2.28171 0.71997 3.36121 0 1.99043 4.23097 4.31358 3.96346 2.64603 
1.41382 3.01924 3.09536 1.97376 3.37358 3.37133 2.43861 5.13069 1.99043 0 2.26545 3.28716 4.21799 1.41382 
2.70731 4.29348 2.27689 2.30597 1.59599 5.46876 4.57307 7.12163 4.23097 2.26545 0 3.83861 5.78618 2.70731 
1.88877 6.26478 2.09473 5.10238 3.40085 3.62793 5.019 7.62957 4.31358 3.28716 3.83861 0 2.60634 1.88877 
3.10622 6.5434 4.60454 6.17511 5.82186 2.00302 4.63073 6.67141 3.96346 4.21799 5.78618 2.60634 0 3.10622 
0 0 0 0 0 0 0 0 0 0 0 0 0 0 
Printing number of nodes: 13

Version identifier: 22.1.1.0 | 2022-11-28 | 9160aff4d
CPXPARAM_ClockType                               0
CPXPARAM_Emphasis_MIP                            2
CPXPARAM_MIP_Tolerances_Integrality              0
Tried aggregator 2 times.
MIP Presolve eliminated 3651 rows and 797 columns.
MIP Presolve modified 3365 coefficients.
Aggregator did 2 substitutions.
Reduced MIP has 22727 rows, 1930 columns, and 934416 nonzeros.
Reduced MIP has 1921 binaries, 0 generals, 0 SOSs, and 0 indicators.
Presolve time = 0.48 sec. (1354.60 ticks)
Found incumbent of value 102.270010 after 0.80 sec. (1992.97 ticks)
Probing fixed 210 vars, tightened 0 bounds.
Probing changed sense of 54 constraints.
Probing time = 0.22 sec. (392.57 ticks)
Tried aggregator 1 time.
MIP Presolve eliminated 75 rows and 264 columns.
MIP Presolve modified 26 coefficients.
Reduced MIP has 22652 rows, 1666 columns, and 933123 nonzeros.
Reduced MIP has 1657 binaries, 0 generals, 0 SOSs, and 0 indicators.
Presolve time = 0.37 sec. (871.12 ticks)
Probing time = 0.03 sec. (33.72 ticks)
Tried aggregator 1 time.
Detecting symmetries...
Reduced MIP has 22652 rows, 1666 columns, and 933123 nonzeros.
Reduced MIP has 1657 binaries, 0 generals, 0 SOSs, and 0 indicators.
Presolve time = 0.21 sec. (447.04 ticks)
Probing time = 0.02 sec. (32.99 ticks)
Clique table members: 462946.
MIP emphasis: optimality.
MIP search method: dynamic search.
Parallel mode: deterministic, using up to 20 threads.
Root relaxation solution time = 0.63 sec. (405.57 ticks)

        Nodes                                         Cuts/
   Node  Left     Objective  IInf  Best Integer    Best Bound    ItCnt     Gap

*     0+    0                          102.2700      -12.0000           111.73%
      0     0       36.9673    88      102.2700       36.9673     1326   63.85%
*     0+    0                           45.5412       36.9673            18.83%
      0     0       36.9673   101       45.5412   ZeroHalf: 2     1491   18.83%
*     0+    0                           44.0358       36.9673            16.05%
      0     0       36.9673    78       44.0358       Cuts: 3     1732   16.05%
      0     0       36.9673    83       44.0358       Cuts: 4     1989   16.05%
*     0+    0                           43.0079       36.9673            14.05%
      0     0  -1.00000e+75     0       43.0079       36.9673     1989   14.05%
Detecting symmetries...

Repeating presolve.
Tried aggregator 1 time.
MIP Presolve eliminated 739 rows and 481 columns.
MIP Presolve modified 3310 coefficients.
Reduced MIP has 21901 rows, 1185 columns, and 598839 nonzeros.
Reduced MIP has 1176 binaries, 0 generals, 0 SOSs, and 0 indicators.
Presolve time = 0.71 sec. (3162.06 ticks)
Probing fixed 2 vars, tightened 0 bounds.
Probing time = 0.04 sec. (52.57 ticks)
Tried aggregator 1 time.
Detecting symmetries...
MIP Presolve eliminated 853 rows and 3 columns.
MIP Presolve modified 2192 coefficients.
Reduced MIP has 21047 rows, 1182 columns, and 566414 nonzeros.
Reduced MIP has 1173 binaries, 0 generals, 0 SOSs, and 0 indicators.
Presolve time = 0.45 sec. (1960.59 ticks)
Represolve time = 1.27 sec. (5268.13 ticks)
Probing time = 0.02 sec. (24.36 ticks)
Clique table members: 214334.
MIP emphasis: optimality.
MIP search method: dynamic search.
Parallel mode: deterministic, using up to 20 threads.
Root relaxation solution time = 0.21 sec. (213.64 ticks)

        Nodes                                         Cuts/
   Node  Left     Objective  IInf  Best Integer    Best Bound    ItCnt     Gap

*     0+    0                           43.0079       36.9673            14.05%
      0     0       36.9673    79       43.0079       36.9673     2750   14.05%
      0     0       36.9673    96       43.0079       Cuts: 6     3001   14.05%
      0     0       36.9673   100       43.0079      Cuts: 11     3263   14.05%
*     0+    0                           41.4621       36.9673            10.84%
Detecting symmetries...
      0     2       36.9673   100       41.4621       37.0139     3263   10.73%
Elapsed time = 7.76 sec. (16138.95 ticks, tree = 0.02 MB, solutions = 5)
      1     3       36.9673    81       41.4621       37.0139     4138   10.73%
      2     4       36.9986   108       41.4621       37.0139     4819   10.73%
      4     5       38.0431   231       41.4621       37.0139     5381   10.73%
*     7+    5                           39.4720       37.0139             6.23%
      7     6       37.1770   116       39.4720       37.0139     6502    6.23%
     20    13       37.7200   204       39.4720       37.0139    10193    6.23%
*    37+   13                           39.4120       37.0912             5.89%
     62    26        cutoff             39.4120       37.0912    13966    5.89%
    124    26       38.9696    37       39.4120       37.1184    15626    5.82%
    199    32        cutoff             39.4120       37.1184    23754    5.82%
    231    29       38.9696    49       39.4120       37.1184    25406    5.82%
    470    14        cutoff             39.4120       38.5644    47219    2.15%
Elapsed time = 15.59 sec. (19465.30 ticks, tree = 0.03 MB, solutions = 7)

Cover cuts applied:  1
Implied bound cuts applied:  1
Flow cuts applied:  1
Mixed integer rounding cuts applied:  4
Zero-half cuts applied:  10
Gomory fractional cuts applied:  2

Root node processing (before b&c):
  Real time             =    7.69 sec. (16092.49 ticks)
Parallel b&c, 20 threads:
  Real time             =    8.18 sec. (3711.31 ticks)
  Sync time (average)   =    4.29 sec.
  Wait time (average)   =    0.00 sec.
                          ------------
Total (root+branch&cut) =   15.88 sec. (19803.81 ticks)
Truck arcs:
0 9
1 6
3 1
5 12
6 8
8 5
9 3
11 13
12 11
customer 2 is served by drone
start of this sortie: 12
end of this sortie: 13

customer 4 is served by drone
start of this sortie: 0
end of this sortie: 3

customer 7 is served by drone
start of this sortie: 6
end of this sortie: 12

customer 10 is served by drone
start of this sortie: 3
end of this sortie: 6

39.412
In write mode
