Instance name: /home/cuong/CLionProjects/uMV-FSTSP/rand_generated_instances/v4
Write arg val: 1

drone speed: 1 miles/minute
uav non-eligible customer: 1 6 7 11 14 
Printing tau:
0 11.7391 3.28174 6.33948 11.0237 11.8592 12.2801 12.9522 14.7193 1.95321 6.64663 7.29525 9.34042 0 
11.7391 0 8.45733 16.119 6.7698 6.85761 7.27848 7.95059 9.71769 12.4393 12.3046 19.0343 3.234 11.7391 
3.28174 8.45733 0 7.95704 12.6412 13.4767 13.8976 14.5697 16.3368 3.98199 8.26419 10.577 9.85314 3.28174 
6.33948 16.119 7.95704 0 9.34923 13.3287 12.99 9.83548 8.37978 4.38628 3.81445 2.91529 13.7204 6.33948 
11.0237 6.7698 12.6412 9.34923 0 3.9795 3.64074 1.9285 3.69559 9.07046 5.53477 12.2645 4.37116 11.0237 
11.8592 6.85761 13.4767 13.3287 3.9795 0 0.420874 3.49324 5.13493 9.90598 9.51427 16.244 3.62361 11.8592 
12.2801 7.27848 13.8976 12.99 3.64074 0.420874 0 3.15449 4.79618 10.3269 9.17551 15.9053 4.04448 12.2801 
12.9522 7.95059 14.5697 9.83548 1.9285 3.49324 3.15449 0 1.76709 10.999 6.30554 12.7508 4.71659 12.9522 
14.7193 9.71769 16.3368 8.37978 3.69559 5.13493 4.79618 1.76709 0 12.7661 8.07264 11.1091 6.48368 14.7193 
1.95321 12.4393 3.98199 4.38628 9.07046 9.90598 10.3269 10.999 12.7661 0 4.69342 6.59499 10.0407 1.95321 
6.64663 12.3046 8.26419 3.81445 5.53477 9.51427 9.17551 6.30554 8.07264 4.69342 0 6.72974 9.90593 6.64663 
7.29525 19.0343 10.577 2.91529 12.2645 16.244 15.9053 12.7508 11.1091 6.59499 6.72974 0 16.6357 7.29525 
9.34042 3.234 9.85314 13.7204 4.37116 3.62361 4.04448 4.71659 6.48368 10.0407 9.90593 16.6357 0 9.34042 
0 0 0 0 0 0 0 0 0 0 0 0 0 0 
Printing tau_prime:
0 6.01519 1.72474 3.63236 5.70019 7.0035 7.07 6.62523 7.16786 0.978136 3.14457 4.55529 5.87023 0 
6.01519 0 5.0627 7.62471 4.27124 3.49007 3.73474 4.77714 5.91125 6.03746 5.85204 8.99492 1.89809 6.01519 
1.72474 5.0627 0 5.20718 6.012 6.89183 7.0164 6.94426 7.70534 2.52132 4.29724 6.23872 5.45267 1.72474 
3.63236 7.62471 5.20718 0 4.92949 6.80069 6.73349 5.58697 5.52487 2.69896 1.80397 1.37428 6.52932 3.63236 
5.70019 4.27124 6.012 4.92949 0 1.91686 1.81558 0.937557 1.82528 5.04241 3.3264 6.1893 2.44406 5.70019 
7.0035 3.49007 6.89183 6.80069 1.91686 0 0.254685 1.72545 2.77078 6.5189 5.11408 8.08789 1.71813 7.0035 
7.07 3.73474 7.0164 6.73349 1.81558 0.254685 0 1.52042 2.53653 6.55447 5.07555 8.00413 1.93743 7.07 
6.62523 4.77714 6.94426 5.58697 0.937557 1.72545 1.52042 0 1.13703 5.94177 4.10995 6.77155 2.88054 6.62523 
7.16786 5.91125 7.70534 5.52487 1.82528 2.77078 2.53653 1.13703 0 6.38312 4.32938 6.56039 4.01612 7.16786 
0.978136 6.03746 2.52132 2.69896 5.04241 6.5189 6.55447 5.94177 6.38312 0 2.21341 3.73308 5.58338 0.978136 
3.14457 5.85204 4.29724 1.80397 3.3264 5.11408 5.07555 4.10995 4.32938 2.21341 0 3.17579 4.72939 3.14457 
4.55529 8.99492 6.23872 1.37428 6.1893 8.08789 8.00413 6.77155 6.56039 3.73308 3.17579 0 7.89304 4.55529 
5.87023 1.89809 5.45267 6.52932 2.44406 1.71813 1.93743 2.88054 4.01612 5.58338 4.72939 7.89304 0 5.87023 
0 0 0 0 0 0 0 0 0 0 0 0 0 0 
Printing number of nodes: 13

Version identifier: 22.1.1.0 | 2022-11-28 | 9160aff4d
CPXPARAM_ClockType                               0
CPXPARAM_Emphasis_MIP                            2
CPXPARAM_MIP_Tolerances_Integrality              0
Tried aggregator 2 times.
MIP Presolve eliminated 5687 rows and 1000 columns.
MIP Presolve modified 2580 coefficients.
Aggregator did 2 substitutions.
Reduced MIP has 20887 rows, 1727 columns, and 843136 nonzeros.
Reduced MIP has 1719 binaries, 0 generals, 0 SOSs, and 0 indicators.
Presolve time = 0.35 sec. (805.03 ticks)
Found incumbent of value 118.237680 after 0.65 sec. (1395.02 ticks)
Probing fixed 189 vars, tightened 0 bounds.
Probing changed sense of 64 constraints.
Probing time = 0.18 sec. (325.82 ticks)
Tried aggregator 1 time.
MIP Presolve eliminated 88 rows and 253 columns.
MIP Presolve modified 22 coefficients.
Reduced MIP has 20799 rows, 1474 columns, and 841892 nonzeros.
Reduced MIP has 1466 binaries, 0 generals, 0 SOSs, and 0 indicators.
Presolve time = 0.24 sec. (573.92 ticks)
Probing time = 0.03 sec. (30.19 ticks)
Tried aggregator 1 time.
Detecting symmetries...
Reduced MIP has 20799 rows, 1474 columns, and 841892 nonzeros.
Reduced MIP has 1466 binaries, 0 generals, 0 SOSs, and 0 indicators.
Presolve time = 0.18 sec. (403.12 ticks)
Probing time = 0.02 sec. (31.35 ticks)
Clique table members: 405633.
MIP emphasis: optimality.
MIP search method: dynamic search.
Parallel mode: deterministic, using up to 20 threads.
Root relaxation solution time = 0.26 sec. (292.74 ticks)

        Nodes                                         Cuts/
   Node  Left     Objective  IInf  Best Integer    Best Bound    ItCnt     Gap

*     0+    0                          118.2377      -12.0000           110.15%
      0     0       45.9133     6      118.2377       45.9133      890   61.17%
*     0+    0                           47.1425       45.9133             2.61%
      0     0       45.9133    37       47.1425       Cuts: 5      915    2.61%
*     0+    0                           45.9133       45.9133             0.00%
      0     0        cutoff             45.9133       45.9133      915    0.00%
Elapsed time = 3.93 sec. (10867.99 ticks, tree = 0.01 MB, solutions = 3)

Gomory fractional cuts applied:  2

Root node processing (before b&c):
  Real time             =    3.93 sec. (10870.64 ticks)
Parallel b&c, 20 threads:
  Real time             =    0.00 sec. (0.00 ticks)
  Sync time (average)   =    0.00 sec.
  Wait time (average)   =    0.00 sec.
                          ------------
Total (root+branch&cut) =    3.93 sec. (10870.64 ticks)
Truck arcs:
0 9
1 2
2 13
3 10
4 7
5 12
6 5
7 6
9 11
10 4
11 3
12 1
customer 8 is served by drone
start of this sortie: 0
end of this sortie: 10

45.9133
In write mode
