Instance name: /home/cuong/CLionProjects/uMV-FSTSP/rand_generated_instances/v40
Write arg val: 1

drone speed: 1 miles/minute
uav non-eligible customer: 14 
Printing tau:
0 9.90242 6.83059 5.86855 2.23495 7.22164 8.06532 7.41696 9.50532 11.3852 1.1742 3.93446 6.93588 0 
9.90242 0 16.733 4.83951 7.66747 5.24922 7.03629 5.32586 19.4077 1.48281 10.1441 5.96796 3.96707 9.90242 
6.83059 16.733 0 12.1105 9.06554 14.0522 11.8818 14.2475 3.92337 18.2158 6.63491 10.7651 13.7665 6.83059 
5.86855 4.83951 12.1105 0 7.9077 10.0887 2.19677 10.1654 14.7853 6.28274 7.04275 5.91673 1.65595 5.86855 
2.23495 7.66747 9.06554 7.9077 0 4.9867 10.1045 5.18201 11.7403 9.15028 2.4766 1.99096 7.03525 2.23495 
7.22164 5.24922 14.0522 10.0887 4.9867 0 12.2855 0.195312 16.727 4.16358 7.4633 4.172 9.21629 7.22164 
8.06532 7.03629 11.8818 2.19677 10.1045 12.2855 0 12.3621 14.5565 8.47952 9.23952 8.11351 3.06922 8.06532 
7.41696 5.32586 14.2475 10.1654 5.18201 0.195312 12.3621 0 16.9223 3.96827 7.65861 4.24864 9.29293 7.41696 
9.50532 19.4077 3.92337 14.7853 11.7403 16.727 14.5565 16.9223 0 20.8905 9.26367 13.4398 16.4412 9.50532 
11.3852 1.48281 18.2158 6.28274 9.15028 4.16358 8.47952 3.96827 20.8905 0 11.6269 7.45076 5.4103 11.3852 
1.1742 10.1441 6.63491 7.04275 2.4766 7.4633 9.23952 7.65861 9.26367 11.6269 0 4.17612 7.17753 1.1742 
3.93446 5.96796 10.7651 5.91673 1.99096 4.172 8.11351 4.24864 13.4398 7.45076 4.17612 0 5.04429 3.93446 
6.93588 3.96707 13.7665 1.65595 7.03525 9.21629 3.06922 9.29293 16.4412 5.4103 7.17753 5.04429 0 6.93588 
0 0 0 0 0 0 0 0 0 0 0 0 0 0 
Printing tau_prime:
0 4.69318 4.12247 3.72134 1.42619 3.94299 4.48613 4.04073 4.53908 5.3706 0.565123 1.85486 4.02954 0 
4.69318 0 8.15997 3.15483 3.89312 2.77852 4.02888 2.77057 9.15203 0.975435 4.89345 2.85878 2.33514 4.69318 
4.12247 8.15997 0 5.71219 5.54641 8.04412 5.73414 8.14046 2.2384 9.02257 4.40797 5.70057 6.49327 4.12247 
3.72134 3.15483 5.71219 0 3.99454 4.84316 1.04117 4.89675 7.26274 4.12977 4.2187 2.86038 0.882335 3.72134 
1.42619 3.89312 5.54641 3.99454 0 2.56576 4.94484 2.6646 5.78552 4.38097 1.23663 1.23399 3.98869 1.42619 
3.94299 2.77852 8.04412 4.84316 2.56576 0 5.88113 0.0989054 8.3392 2.6592 3.79997 2.50383 4.34669 3.94299 
4.48613 4.02888 5.73414 1.04117 4.94484 5.88113 0 5.93332 7.52045 4.98936 5.01959 3.8608 1.69784 4.48613 
4.04073 2.77057 8.14046 4.89675 2.6646 0.0989054 5.93332 0 8.43802 2.61712 3.89886 2.58967 4.38659 4.04073 
4.53908 9.15203 2.2384 7.26274 5.78552 8.3392 7.52045 8.43802 0 9.89077 4.55016 6.37951 7.9201 4.53908 
5.3706 0.975435 9.02257 4.12977 4.38097 2.6592 4.98936 2.61712 9.89077 0 5.49266 3.51656 3.30212 5.3706 
0.565123 4.89345 4.40797 4.2187 1.23663 3.79997 5.01959 3.89886 4.55016 5.49266 0 2.03895 4.46193 0.565123 
1.85486 2.85878 5.70057 2.86038 1.23399 2.50383 3.8608 2.58967 6.37951 3.51656 2.03895 0 2.767 1.85486 
4.02954 2.33514 6.49327 0.882335 3.98869 4.34669 1.69784 4.38659 7.9201 3.30212 4.46193 2.767 0 4.02954 
0 0 0 0 0 0 0 0 0 0 0 0 0 0 
Printing number of nodes: 13

Version identifier: 22.1.1.0 | 2022-11-28 | 9160aff4d
CPXPARAM_ClockType                               0
CPXPARAM_Emphasis_MIP                            2
CPXPARAM_MIP_Tolerances_Integrality              0
Tried aggregator 1 time.
MIP Presolve eliminated 366 rows and 287 columns.
MIP Presolve modified 3516 coefficients.
Reduced MIP has 25426 rows, 2442 columns, and 1092896 nonzeros.
Reduced MIP has 2430 binaries, 0 generals, 0 SOSs, and 0 indicators.
Presolve time = 0.31 sec. (730.81 ticks)
Found incumbent of value 103.329100 after 0.74 sec. (1569.28 ticks)
Probing fixed 274 vars, tightened 0 bounds.
Probing time = 0.29 sec. (557.59 ticks)
Tried aggregator 1 time.
MIP Presolve eliminated 12 rows and 274 columns.
MIP Presolve modified 106 coefficients.
Reduced MIP has 25414 rows, 2168 columns, and 1091557 nonzeros.
Reduced MIP has 2156 binaries, 0 generals, 0 SOSs, and 0 indicators.
Presolve time = 0.29 sec. (824.77 ticks)
Probing time = 0.03 sec. (36.54 ticks)
Tried aggregator 1 time.
Detecting symmetries...
Reduced MIP has 25414 rows, 2168 columns, and 1091557 nonzeros.
Reduced MIP has 2156 binaries, 0 generals, 0 SOSs, and 0 indicators.
Presolve time = 0.25 sec. (544.64 ticks)
Probing time = 0.03 sec. (36.63 ticks)
Clique table members: 537345.
MIP emphasis: optimality.
MIP search method: dynamic search.
Parallel mode: deterministic, using up to 20 threads.
Root relaxation solution time = 2.01 sec. (962.18 ticks)

        Nodes                                         Cuts/
   Node  Left     Objective  IInf  Best Integer    Best Bound    ItCnt     Gap

*     0+    0                          103.3291      -12.0000           111.61%
      0     0       30.9869   154      103.3291       30.9869       17   70.01%
*     0+    0                           49.6661       30.9869            37.61%
      0     0       31.5449   188       49.6661      Cuts: 62     2248   36.49%
      0     0       31.8967   179       49.6661      Cuts: 21     3346   35.78%
      0     0       31.8967   177       49.6661      Cuts: 26     3506   35.78%
*     0+    0                           45.4429       31.8967            29.81%
      0     0  -1.00000e+75     0       45.4429       31.8967     3506   29.81%
      0     0       31.8967   189       45.4429      Cuts: 11     3650   29.81%
*     0+    0                           38.1030       31.8967            16.29%
*     0+    0                           37.8850       31.8967            15.81%
Detecting symmetries...
      0     2       31.8967   189       37.8850       31.8967     3650   15.81%
Elapsed time = 15.60 sec. (26889.23 ticks, tree = 0.02 MB, solutions = 5)
      1     3       33.2149   114       37.8850       31.8967     4403   15.81%
      4     4       33.5618    40       37.8850       31.8967     4682   15.81%
     14     7       33.5618    32       37.8850       31.9002     5642   15.80%
     28    25       33.6810   234       37.8850       31.9002     6362   15.80%
*    40+   17                           33.5618       31.9002             4.95%
     45    28       36.3029   247       33.5618       31.9002     7039    4.95%
     54    29       37.0450   290       33.5618       31.9397     7296    4.83%
     60    16       33.5765    54       33.5618       31.9397     6089    4.83%
     68    12       31.9517   190       33.5618       31.9397    12338    4.83%
     80    19        cutoff             33.5618       31.9517    14104    4.80%
    220    56        cutoff             33.5618       31.9517    34436    4.80%
Elapsed time = 29.36 sec. (30545.92 ticks, tree = 0.11 MB, solutions = 10)
    264    61       33.0232    61       33.5618       31.9517    41473    4.80%
    443    60        cutoff             33.5618       31.9517    58820    4.80%
    628    21       33.1832   183       33.5618       31.9517    77510    4.80%
    728    22        cutoff             33.5618       31.9517    87380    4.80%
    848    16        cutoff             33.5618       31.9741   100336    4.73%
    884     8        cutoff             33.5618       32.3863   105986    3.50%

Clique cuts applied:  6
Mixed integer rounding cuts applied:  3
Zero-half cuts applied:  8
Lift and project cuts applied:  1
Gomory fractional cuts applied:  3

Root node processing (before b&c):
  Real time             =   15.44 sec. (26482.05 ticks)
Parallel b&c, 20 threads:
  Real time             =   30.92 sec. (10209.07 ticks)
  Sync time (average)   =   13.92 sec.
  Wait time (average)   =    0.00 sec.
                          ------------
Total (root+branch&cut) =   46.35 sec. (36691.11 ticks)
Truck arcs:
0 10
1 12
3 13
4 11
5 7
6 3
7 9
9 1
10 4
11 5
12 6
customer 2 is served by drone
start of this sortie: 0
end of this sortie: 1

customer 8 is served by drone
start of this sortie: 1
end of this sortie: 13

33.5618
In write mode
