Instance name: /home/cuong/CLionProjects/uMV-FSTSP/rand_generated_instances/v43
Write arg val: 1

drone speed: 1 miles/minute
uav non-eligible customer: 14 
Printing tau:
0 6.27695 7.62087 3.82923 5.32214 8.01064 4.34817 7.31371 1.97703 12.6144 8.10886 7.20086 7.31922 0 
6.27695 0 8.25374 7.1714 3.61072 8.64351 4.98105 5.48469 6.5145 13.2473 8.74173 13.104 7.95209 6.27695 
7.62087 8.25374 0 11.4501 4.64302 5.40073 3.27269 4.84671 5.64384 6.88007 0.568315 9.29405 2.72317 7.62087 
3.82923 7.1714 11.4501 0 6.80708 11.8399 8.17741 8.68105 5.80626 16.4436 11.9381 11.0301 11.1485 3.82923 
5.32214 3.61072 4.64302 6.80708 0 5.03279 1.37033 1.99157 5.55969 9.7352 5.13101 12.1492 4.34137 5.32214 
8.01064 8.64351 5.40073 11.8399 5.03279 0 3.81575 3.15882 8.10528 12.2808 5.96904 14.6948 2.67756 8.01064 
4.34817 4.98105 3.27269 8.17741 1.37033 3.81575 0 3.26173 4.28953 8.46504 3.76068 10.879 2.97105 4.34817 
7.31371 5.48469 4.84671 8.68105 1.99157 3.15882 3.26173 0 7.55126 11.7268 5.41502 14.1408 2.4674 7.31371 
1.97703 6.5145 5.64384 5.80626 5.55969 8.10528 4.28953 7.55126 0 10.6374 6.13183 6.5895 5.42772 1.97703 
12.6144 13.2473 6.88007 16.4436 9.7352 12.2808 8.46504 11.7268 10.6374 0 6.31175 5.41353 9.60323 12.6144 
8.10886 8.74173 0.568315 11.9381 5.13101 5.96904 3.76068 5.41502 6.13183 6.31175 0 8.72574 3.29148 8.10886 
7.20086 13.104 9.29405 11.0301 12.1492 14.6948 10.879 14.1408 6.5895 5.41353 8.72574 0 12.0172 7.20086 
7.31922 7.95209 2.72317 11.1485 4.34137 2.67756 2.97105 2.4674 5.42772 9.60323 3.29148 12.0172 0 7.31922 
0 0 0 0 0 0 0 0 0 0 0 0 0 0 
Printing tau_prime:
0 2.97399 3.77606 1.85371 2.8749 5.29301 2.80179 4.13738 0.938682 6.29987 3.92594 4.67763 4.22976 0 
2.97399 0 4.28537 3.70122 1.76062 4.14302 2.5717 2.63129 3.30825 8.02449 4.60885 7.19694 3.7835 2.97399 
3.77606 4.28537 0 5.62542 2.56945 2.55255 1.71417 2.63136 2.95024 4.00751 0.353118 4.38573 1.29156 3.77606 
1.85371 3.70122 5.62542 0 4.34568 6.94356 4.50524 5.63194 2.75456 7.92707 5.77965 5.90402 5.98722 1.85371 
2.8749 1.76062 2.56945 4.34568 0 2.6587 0.880794 1.28911 2.66299 6.45733 2.90774 6.06331 2.04749 2.8749 
5.29301 4.14302 2.55255 6.94356 2.6587 0 2.49326 1.51181 4.76329 6.18264 2.81422 6.9377 1.30362 5.29301 
2.80179 2.5717 1.71417 4.50524 0.880794 2.49326 0 1.55582 2.31048 5.57748 2.04284 5.3018 1.49982 2.80179 
4.13738 2.63129 2.63136 5.63194 1.28911 1.51181 1.55582 0 3.80894 6.62947 2.97884 6.75737 1.5346 4.13738 
0.938682 3.30825 2.95024 2.75456 2.66299 4.76329 2.31048 3.80894 0 5.38699 3.06097 3.964 3.59008 0.938682 
6.29987 8.02449 4.00751 7.92707 6.45733 6.18264 5.57748 6.62947 5.38699 0 3.65568 2.79419 5.16959 6.29987 
3.92594 4.60885 0.353118 5.77965 2.90774 2.81422 2.04284 2.97884 3.06097 3.65568 0 4.13556 1.59564 3.92594 
4.67763 7.19694 4.38573 5.90402 6.06331 6.9377 5.3018 6.75737 3.964 2.79419 4.13556 0 5.66525 4.67763 
4.22976 3.7835 1.29156 5.98722 2.04749 1.30362 1.49982 1.5346 3.59008 5.16959 1.59564 5.66525 0 4.22976 
0 0 0 0 0 0 0 0 0 0 0 0 0 0 
Printing number of nodes: 13

Version identifier: 22.1.1.0 | 2022-11-28 | 9160aff4d
CPXPARAM_ClockType                               0
CPXPARAM_Emphasis_MIP                            2
CPXPARAM_MIP_Tolerances_Integrality              0
Tried aggregator 1 time.
MIP Presolve eliminated 362 rows and 240 columns.
MIP Presolve modified 4207 coefficients.
Reduced MIP has 25430 rows, 2489 columns, and 1093008 nonzeros.
Reduced MIP has 2477 binaries, 0 generals, 0 SOSs, and 0 indicators.
Presolve time = 0.44 sec. (1186.42 ticks)
Found incumbent of value 95.827960 after 0.85 sec. (1980.85 ticks)
Probing fixed 281 vars, tightened 0 bounds.
Probing time = 0.32 sec. (561.38 ticks)
Tried aggregator 1 time.
MIP Presolve eliminated 12 rows and 281 columns.
Reduced MIP has 25418 rows, 2208 columns, and 1091657 nonzeros.
Reduced MIP has 2196 binaries, 0 generals, 0 SOSs, and 0 indicators.
Presolve time = 0.19 sec. (444.48 ticks)
Probing time = 0.03 sec. (36.51 ticks)
Tried aggregator 1 time.
Detecting symmetries...
Reduced MIP has 25418 rows, 2208 columns, and 1091657 nonzeros.
Reduced MIP has 2196 binaries, 0 generals, 0 SOSs, and 0 indicators.
Presolve time = 0.25 sec. (540.06 ticks)
Probing time = 0.02 sec. (36.61 ticks)
Clique table members: 540878.
MIP emphasis: optimality.
MIP search method: dynamic search.
Parallel mode: deterministic, using up to 20 threads.
Root relaxation solution time = 1.69 sec. (918.79 ticks)

        Nodes                                         Cuts/
   Node  Left     Objective  IInf  Best Integer    Best Bound    ItCnt     Gap

*     0+    0                           95.8280      -12.0000           112.52%
      0     0       31.8374    92       95.8280       31.8374       15   66.78%
*     0+    0                           45.9822       31.8374            30.76%
*     0+    0                           36.5458       31.8374            12.88%
      0     0       32.1754   108       36.5458      Cuts: 11     1284   11.96%
      0     0       32.2340   114       36.5458       Cuts: 9     1507   11.80%
      0     0       32.2340   116       36.5458   ZeroHalf: 2     1514   11.80%
*     0+    0                           36.2276       32.2340            11.02%
      0     0  -1.00000e+75     0       36.2276       32.2340     1514   11.02%
*     0+    0                           36.0343       32.2340            10.55%
      0     0       32.2343   114       36.0343   ZeroHalf: 1     1554   10.55%
Detecting symmetries...
      0     2       32.2343   114       36.0343       32.2343     1554   10.55%
Elapsed time = 21.37 sec. (38048.92 ticks, tree = 0.02 MB, solutions = 5)
      1     3       32.3082   129       36.0343       32.2345     1736   10.55%
      4     5       32.5072   333       36.0343       32.3090     2391   10.34%
     22     8       33.4974    94       36.0343       32.3112     2819   10.33%
     54    28       33.8891   167       36.0343       32.4332     5823    9.99%
     87    47        cutoff             36.0343       32.4332     8251    9.99%
    140    71       34.8188    83       36.0343       32.4352    12526    9.99%
    160    78       34.6917    79       36.0343       32.5862    14409    9.57%
    178    90       33.9600   243       36.0343       32.5862    17074    9.57%
    210   115        cutoff             36.0343       32.6926    24324    9.27%
    408   162       34.4211   256       36.0343       32.8665    34482    8.79%
Elapsed time = 34.41 sec. (41199.34 ticks, tree = 0.36 MB, solutions = 5)
    591   222        cutoff             36.0343       32.8665    53203    8.79%
    805   298       34.4002   274       36.0343       33.0374    74283    8.32%
   1004   373        cutoff             36.0343       33.0374    92024    8.32%
   1154   430       35.2193   290       36.0343       33.0374   108407    8.32%
   1295   513        cutoff             36.0343       33.0374   125767    8.32%
   1445   561       35.5975   164       36.0343       33.0374   141331    8.32%
   1568   534       34.7457    69       36.0343       33.0374   136674    8.32%
   1649   648       35.3640   222       36.0343       33.0374   175824    8.32%
   1845   698        cutoff             36.0343       33.0374   195394    8.32%
   2075   711       34.7697   135       36.0343       34.6430   203553    3.86%
Elapsed time = 89.30 sec. (50768.52 ticks, tree = 1.66 MB, solutions = 5)
   2297   768       35.0419    67       36.0343       34.6465   233190    3.85%
   2556   802       35.8972   212       36.0343       34.6654   261171    3.80%
   2729   822        cutoff             36.0343       34.6654   266088    3.80%
   2922   858       35.6430   210       36.0343       34.6654   313192    3.80%
   3160   875        cutoff             36.0343       34.9616   340183    2.98%
   3451   884       35.6206    77       36.0343       35.4943   372264    1.50%
   3742   826        cutoff             36.0343       35.4943   397290    1.50%
   4064   748       35.7383   207       36.0343       35.5680   421124    1.29%
   4304   650        cutoff             36.0343       35.6675   443548    1.02%
   4454   579        cutoff             36.0343       35.7168   458658    0.88%
Elapsed time = 143.87 sec. (60365.17 ticks, tree = 1.45 MB, solutions = 5)
   4632   495        cutoff             36.0343       35.7452   469820    0.80%
   4867   429        cutoff             36.0343       35.7452   476107    0.80%
   5084   122        cutoff             36.0343       35.7801   492071    0.71%
   5144   136        cutoff             36.0343       35.7801   489299    0.71%
   5167    18       35.8728   193       36.0343       35.8033   507364    0.64%
   5173     9        cutoff             36.0343       35.8901   513590    0.40%

Implied bound cuts applied:  3
Mixed integer rounding cuts applied:  2
Zero-half cuts applied:  8
Gomory fractional cuts applied:  7

Root node processing (before b&c):
  Real time             =   21.24 sec. (37868.57 ticks)
Parallel b&c, 20 threads:
  Real time             =  133.73 sec. (28950.74 ticks)
  Sync time (average)   =   47.82 sec.
  Wait time (average)   =    0.00 sec.
                          ------------
Total (root+branch&cut) =  154.97 sec. (66819.31 ticks)
Truck arcs:
0 1
1 4
2 10
4 7
5 12
6 8
7 5
8 13
10 6
12 2
customer 3 is served by drone
start of this sortie: 0
end of this sortie: 1

customer 9 is served by drone
start of this sortie: 10
end of this sortie: 13

customer 11 is served by drone
start of this sortie: 4
end of this sortie: 2

36.0343
In write mode
