Instance name: /home/cuong/CLionProjects/uMV-FSTSP/rand_generated_instances/v44
Write arg val: 1

drone speed: 1 miles/minute
uav non-eligible customer: 12 14 
Printing tau:
0 13.8371 5.83244 2.46254 3.97835 5.72425 15.851 4.20017 9.18492 4.33129 5.74643 5.44499 3.57525 0 
13.8371 0 14.2513 11.3746 13.5027 8.63101 2.01386 10.1477 8.56918 17.8688 8.0907 12.3237 17.4124 13.8371 
5.83244 14.2513 0 6.46295 1.85408 7.58473 16.2652 4.1036 9.59913 3.61745 6.16063 11.2774 3.80904 5.83244 
2.46254 11.3746 6.46295 0 4.60887 3.2617 13.3884 4.83069 6.72238 6.4942 3.28388 4.81448 6.03779 2.46254 
3.97835 13.5027 1.85408 4.60887 0 5.73065 15.5165 3.35495 8.85047 4.36611 5.41198 9.42335 3.9097 3.97835 
5.72425 8.63101 7.58473 3.2617 5.73065 0 10.1267 5.95246 3.46068 9.75591 3.22983 3.6927 9.2995 5.72425 
15.851 2.01386 16.2652 13.3884 15.5165 10.1267 0 12.1616 8.75601 19.8827 10.1046 12.5105 19.4262 15.851 
4.20017 10.1477 4.1036 4.83069 3.35495 5.95246 12.1616 0 5.89064 7.72106 2.72263 9.64516 7.26465 4.20017 
9.18492 8.56918 9.59913 6.72238 8.85047 3.46068 8.75601 5.89064 0 13.2166 3.4385 5.41451 12.7602 9.18492 
4.33129 17.8688 3.61745 6.4942 4.36611 9.75591 19.8827 7.72106 13.2166 0 9.77809 9.77629 2.3079 4.33129 
5.74643 8.0907 6.16063 3.28388 5.41198 3.22983 10.1046 2.72263 3.4385 9.77809 0 6.92253 9.32168 5.74643 
5.44499 12.3237 11.2774 4.81448 9.42335 3.6927 12.5105 9.64516 5.41451 9.77629 6.92253 0 7.46839 5.44499 
3.57525 17.4124 3.80904 6.03779 3.9097 9.2995 19.4262 7.26465 12.7602 2.3079 9.32168 7.46839 0 3.57525 
0 0 0 0 0 0 0 0 0 0 0 0 0 0 
Printing tau_prime:
0 7.28443 2.75636 1.1983 1.88203 2.82204 8.18095 2.63536 4.40254 2.78944 2.797 3.12211 1.93658 0 
7.28443 0 6.73623 6.42512 6.51041 5.58397 0.953419 4.94753 4.59647 8.5086 4.58578 7.5013 8.52141 7.28443 
2.75636 6.73623 0 3.33485 0.942587 4.59973 7.68949 2.08187 5.74915 1.84628 3.55648 5.67042 2.33338 2.75636 
1.1983 6.42512 3.33485 0 2.39307 1.62598 7.2798 2.3495 3.20811 3.85268 1.83955 2.35182 3.10906 1.1983 
1.88203 6.51041 0.942587 2.39307 0 3.70856 7.45794 1.58499 4.9546 2.06492 2.81044 4.72829 2.06062 1.88203 
2.82204 5.58397 4.59973 1.62598 3.70856 0 6.32991 2.96545 1.63164 5.41988 1.52259 1.9694 4.73137 2.82204 
8.18095 0.953419 7.68949 7.2798 7.45794 6.32991 0 5.89 5.18768 9.46098 5.4432 8.19829 9.46106 8.18095 
2.63536 4.94753 2.08187 2.3495 1.58499 2.96545 5.89 0 3.79767 3.64027 1.6086 4.54693 3.57502 2.63536 
4.40254 4.59647 5.74915 3.20811 4.9546 1.63164 5.18768 3.79767 0 6.84657 2.20401 3.10603 6.2648 4.40254 
2.78944 8.5086 1.84628 3.85268 2.06492 5.41988 9.46098 3.64027 6.84657 0 4.80173 5.89629 1.10902 2.78944 
2.797 4.58578 3.55648 1.83955 2.81044 1.52259 5.4432 1.6086 2.20401 4.80173 0 3.39366 4.40181 2.797 
3.12211 7.5013 5.67042 2.35182 4.72829 1.9694 8.19829 4.54693 3.10603 5.89629 3.39366 0 4.93819 3.12211 
1.93658 8.52141 2.33338 3.10906 2.06062 4.73137 9.46106 3.57502 6.2648 1.10902 4.40181 4.93819 0 1.93658 
0 0 0 0 0 0 0 0 0 0 0 0 0 0 
Printing number of nodes: 13

Version identifier: 22.1.1.0 | 2022-11-28 | 9160aff4d
CPXPARAM_ClockType                               0
CPXPARAM_Emphasis_MIP                            2
CPXPARAM_MIP_Tolerances_Integrality              0
Tried aggregator 2 times.
MIP Presolve eliminated 608 rows and 462 columns.
MIP Presolve modified 3634 coefficients.
Aggregator did 2 substitutions.
Reduced MIP has 25378 rows, 2265 columns, and 1080636 nonzeros.
Reduced MIP has 2254 binaries, 0 generals, 0 SOSs, and 0 indicators.
Presolve time = 0.43 sec. (1094.95 ticks)
Found incumbent of value 113.653390 after 0.83 sec. (1861.10 ticks)
Probing fixed 257 vars, tightened 0 bounds.
Probing changed sense of 22 constraints.
Probing time = 0.38 sec. (502.81 ticks)
Tried aggregator 1 time.
MIP Presolve eliminated 37 rows and 279 columns.
MIP Presolve modified 54 coefficients.
Reduced MIP has 25341 rows, 1986 columns, and 1079283 nonzeros.
Reduced MIP has 1975 binaries, 0 generals, 0 SOSs, and 0 indicators.
Presolve time = 0.44 sec. (1017.54 ticks)
Probing time = 0.03 sec. (37.55 ticks)
Tried aggregator 1 time.
Detecting symmetries...
Reduced MIP has 25341 rows, 1986 columns, and 1079283 nonzeros.
Reduced MIP has 1975 binaries, 0 generals, 0 SOSs, and 0 indicators.
Presolve time = 0.24 sec. (523.43 ticks)
Probing time = 0.02 sec. (35.19 ticks)
Clique table members: 533898.
MIP emphasis: optimality.
MIP search method: dynamic search.
Parallel mode: deterministic, using up to 20 threads.
Root relaxation solution time = 1.72 sec. (839.05 ticks)

        Nodes                                         Cuts/
   Node  Left     Objective  IInf  Best Integer    Best Bound    ItCnt     Gap

*     0+    0                          113.6534       -6.0749           105.35%
      0     0       34.2832    80      113.6534       34.2832     2974   69.84%
*     0+    0                           49.2369       34.2832            30.37%
*     0+    0                           38.3263       34.2832            10.55%
      0     0       34.7534   170       38.3263      Cuts: 19     3977    9.32%
      0     0       34.8774   145       38.3263      Cuts: 22     4259    9.00%
      0     0       34.8925   155       38.3263       Cuts: 9     4350    8.96%
*     0+    0                           35.9654       34.8925             2.98%
      0     0  -1.00000e+75     0       35.9654       34.8925     4350    2.98%
Detecting symmetries...

Repeating presolve.
Tried aggregator 2 times.
MIP Presolve eliminated 141 rows and 953 columns.
MIP Presolve modified 988 coefficients.
Aggregator did 1 substitutions.
Reduced MIP has 25197 rows, 1032 columns, and 959334 nonzeros.
Reduced MIP has 1021 binaries, 0 generals, 0 SOSs, and 0 indicators.
Presolve time = 0.59 sec. (2151.76 ticks)
Probing fixed 9 vars, tightened 0 bounds.
Probing changed sense of 16 constraints.
Probing time = 0.11 sec. (197.84 ticks)
Tried aggregator 2 times.
MIP Presolve eliminated 110 rows and 75 columns.
MIP Presolve added 4 rows and 0 columns.
MIP Presolve modified 172 coefficients.
Aggregator did 3 substitutions.
Reduced MIP has 25087 rows, 954 columns, and 958849 nonzeros.
Reduced MIP has 943 binaries, 0 generals, 0 SOSs, and 0 indicators.
Presolve time = 0.69 sec. (1725.75 ticks)
Probing time = 0.02 sec. (33.72 ticks)
Tried aggregator 1 time.
Detecting symmetries...
MIP Presolve eliminated 2 rows and 0 columns.
Reduced MIP has 25085 rows, 954 columns, and 958837 nonzeros.
Reduced MIP has 943 binaries, 0 generals, 0 SOSs, and 0 indicators.
Presolve time = 0.24 sec. (622.53 ticks)
Represolve time = 1.77 sec. (4924.95 ticks)
Probing time = 0.03 sec. (34.16 ticks)
Clique table members: 142945.
MIP emphasis: optimality.
MIP search method: dynamic search.
Parallel mode: deterministic, using up to 20 threads.
Root relaxation solution time = 1.24 sec. (508.21 ticks)

        Nodes                                         Cuts/
   Node  Left     Objective  IInf  Best Integer    Best Bound    ItCnt     Gap

*     0+    0                           35.9654       34.8925             2.98%
      0     0       34.8930   136       35.9654       34.8930     6237    2.98%
      0     0       34.9264   141       35.9654      Cuts: 11     6357    2.89%
      0     0       34.9268   141       35.9654    MIRcuts: 1     6371    2.89%
Detecting symmetries...
      0     2       34.9268   141       35.9654       34.9925     6371    2.70%
Elapsed time = 16.52 sec. (26818.80 ticks, tree = 0.02 MB, solutions = 4)
      2     4       35.2128   254       35.9654       34.9925     6860    2.70%
      7     3       34.9597   142       35.9654       34.9925     6743    2.70%
     11     4        cutoff             35.9654       34.9925     7870    2.70%
     18    10        cutoff             35.9654       34.9925     8895    2.70%
     32    13        cutoff             35.9654       35.0329    10575    2.59%
     41    13        cutoff             35.9654       35.0557    12524    2.53%
     56    14       35.4120    53       35.9654       35.0557    13877    2.53%
     70     9       35.1645    75       35.9654       35.0557    15520    2.53%
    104    11       35.3195    55       35.9654       35.0557    16827    2.53%

Clique cuts applied:  6
Cover cuts applied:  8
Mixed integer rounding cuts applied:  3
Zero-half cuts applied:  11
Gomory fractional cuts applied:  7

Root node processing (before b&c):
  Real time             =   16.31 sec. (26755.34 ticks)
Parallel b&c, 20 threads:
  Real time             =    3.43 sec. (2767.77 ticks)
  Sync time (average)   =    2.25 sec.
  Wait time (average)   =    0.00 sec.
                          ------------
Total (root+branch&cut) =   19.75 sec. (29523.10 ticks)
Truck arcs:
0 3
2 9
3 5
4 2
5 8
7 4
8 10
9 12
10 7
12 13
customer 1 is served by drone
start of this sortie: 5
end of this sortie: 7

customer 6 is served by drone
start of this sortie: 7
end of this sortie: 13

customer 11 is served by drone
start of this sortie: 0
end of this sortie: 5

35.9654
In write mode
