Instance name: /home/cuong/CLionProjects/uMV-FSTSP/rand_generated_instances/v45
Write arg val: 1

drone speed: 1 miles/minute
uav non-eligible customer: 1 3 7 12 14 
Printing tau:
0 11.0013 4.75599 7.70467 4.40267 5.59757 6.63395 7.19021 6.08833 9.12982 5.14117 12.1594 7.60972 0 
11.0013 0 10.9003 3.29665 9.08786 11.7418 8.5548 14.2386 9.18058 4.33649 10.1994 10.9089 3.3916 11.0013 
4.75599 10.9003 0 11.9923 9.15867 0.841578 11.3899 11.9462 1.75438 6.56378 9.89716 16.9154 11.7108 4.75599 
7.70467 3.29665 11.9923 0 5.7912 12.8339 5.25815 10.942 10.2726 5.4285 6.90278 7.61222 0.28147 7.70467 
4.40267 9.08786 9.15867 5.7912 0 10.0002 2.23128 5.15078 7.43897 7.21636 1.11157 7.7567 5.69626 4.40267 
5.59757 11.7418 0.841578 12.8339 10.0002 0 12.2315 12.7878 2.56127 7.40535 10.7387 17.7569 12.5524 5.59757 
6.63395 8.5548 11.3899 5.25815 2.23128 12.2315 0 5.68383 9.67025 6.6833 1.64463 5.52542 5.1632 6.63395 
7.19021 14.2386 11.9462 10.942 5.15078 12.7878 5.68383 0 10.2265 12.3671 4.03921 4.96916 10.847 7.19021 
6.08833 9.18058 1.75438 10.2726 7.43897 2.56127 9.67025 10.2265 0 4.84408 8.17747 15.1957 9.99111 6.08833 
9.12982 4.33649 6.56378 5.4285 7.21636 7.40535 6.6833 12.3671 4.84408 0 8.32793 10.3516 5.14703 9.12982 
5.14117 10.1994 9.89716 6.90278 1.11157 10.7387 1.64463 4.03921 8.17747 8.32793 0 7.0182 6.80783 5.14117 
12.1594 10.9089 16.9154 7.61222 7.7567 17.7569 5.52542 4.96916 15.1957 10.3516 7.0182 0 7.51727 12.1594 
7.60972 3.3916 11.7108 0.28147 5.69626 12.5524 5.1632 10.847 9.99111 5.14703 6.80783 7.51727 0 7.60972 
0 0 0 0 0 0 0 0 0 0 0 0 0 0 
Printing tau_prime:
0 5.94009 3.03325 4.98276 2.26298 3.5238 3.33316 3.71721 3.20718 4.3874 2.45287 5.73215 4.85975 0 
5.94009 0 6.02347 1.6371 4.36202 6.22608 4.03937 6.73024 4.90851 2.22649 4.83125 5.87244 1.64384 5.94009 
3.03325 6.02347 0 5.87228 4.46567 0.492841 5.44249 6.66726 1.15808 3.83213 4.95377 8.22084 5.73243 3.03325 
4.98276 1.6371 5.87228 0 3.03928 6.18731 2.49493 5.15815 4.90212 2.64574 3.40058 4.2735 0.140032 4.98276 
2.26298 4.36202 4.46567 3.03928 0 4.92728 1.08143 2.76087 4.02127 3.61507 0.629102 3.75596 2.94244 2.26298 
3.5238 6.22608 0.492841 6.18731 4.92728 0 5.88593 7.15897 1.32046 4.00762 5.42755 8.67879 6.04821 3.5238 
3.33316 4.03937 5.44249 2.49493 1.08143 5.88593 0 2.69219 4.87115 3.88611 1.04703 2.83125 2.43865 3.33316 
3.71721 6.73024 6.66726 5.15815 2.76087 7.15897 2.69219 0 6.5243 6.35814 2.13509 2.81977 5.11455 3.71721 
3.20718 4.90851 1.15808 4.90212 4.02127 1.32046 4.87115 6.5243 0 2.69633 4.59026 7.70078 4.76415 3.20718 
4.3874 2.22649 3.83213 2.64574 3.61507 4.00762 3.88611 6.35814 2.69633 0 4.22863 6.47781 2.52994 4.3874 
2.45287 4.83125 4.95377 3.40058 0.629102 5.42755 1.04703 2.13509 4.59026 4.22863 0 3.32527 3.32117 2.45287 
5.73215 5.87244 8.22084 4.2735 3.75596 8.67879 2.83125 2.81977 7.70078 6.47781 3.32527 0 4.31011 5.73215 
4.85975 1.64384 5.73243 0.140032 2.94244 6.04821 2.43865 5.11455 4.76415 2.52994 3.32117 4.31011 0 4.85975 
0 0 0 0 0 0 0 0 0 0 0 0 0 0 
Printing number of nodes: 13

Version identifier: 22.1.1.0 | 2022-11-28 | 9160aff4d
CPXPARAM_ClockType                               0
CPXPARAM_Emphasis_MIP                            2
CPXPARAM_MIP_Tolerances_Integrality              0
Tried aggregator 2 times.
MIP Presolve eliminated 5685 rows and 984 columns.
MIP Presolve modified 2834 coefficients.
Aggregator did 2 substitutions.
Reduced MIP has 20889 rows, 1743 columns, and 843203 nonzeros.
Reduced MIP has 1735 binaries, 0 generals, 0 SOSs, and 0 indicators.
Presolve time = 0.36 sec. (807.23 ticks)
Probing fixed 189 vars, tightened 0 bounds.
Probing changed sense of 64 constraints.
Probing time = 0.20 sec. (324.37 ticks)
Tried aggregator 1 time.
MIP Presolve eliminated 88 rows and 253 columns.
MIP Presolve modified 96 coefficients.
Reduced MIP has 20801 rows, 1490 columns, and 841962 nonzeros.
Reduced MIP has 1482 binaries, 0 generals, 0 SOSs, and 0 indicators.
Presolve time = 0.24 sec. (570.21 ticks)
Probing time = 0.02 sec. (30.61 ticks)
Tried aggregator 1 time.
Detecting symmetries...
Reduced MIP has 20801 rows, 1490 columns, and 841962 nonzeros.
Reduced MIP has 1482 binaries, 0 generals, 0 SOSs, and 0 indicators.
Presolve time = 0.19 sec. (403.88 ticks)
Probing time = 0.02 sec. (31.08 ticks)
Clique table members: 409004.
MIP emphasis: optimality.
MIP search method: dynamic search.
Parallel mode: deterministic, using up to 20 threads.
Root relaxation solution time = 0.39 sec. (334.03 ticks)

        Nodes                                         Cuts/
   Node  Left     Objective  IInf  Best Integer    Best Bound    ItCnt     Gap

      0     0       41.6530     8                     41.6530     1133         
*     0+    0                           51.1502       41.6530            18.57%
      0     0       41.6530    36       51.1502       Cuts: 7     1178   18.57%
*     0+    0                           43.0147       41.6530             3.17%
*     0+    0                           41.6530       41.6530             0.00%
      0     0        cutoff             41.6530       41.6530     1178    0.00%
Elapsed time = 3.97 sec. (10632.07 ticks, tree = 0.01 MB, solutions = 3)

Lift and project cuts applied:  1
Gomory fractional cuts applied:  4

Root node processing (before b&c):
  Real time             =    3.97 sec. (10634.64 ticks)
Parallel b&c, 20 threads:
  Real time             =    0.00 sec. (0.00 ticks)
  Sync time (average)   =    0.00 sec.
  Wait time (average)   =    0.00 sec.
                          ------------
Total (root+branch&cut) =    3.97 sec. (10634.64 ticks)
Truck arcs:
0 7
1 9
2 13
3 1
4 6
5 2
6 12
7 10
8 5
9 8
10 4
12 3
customer 11 is served by drone
start of this sortie: 0
end of this sortie: 10

41.653
In write mode
