Instance name: /home/cuong/CLionProjects/uMV-FSTSP/rand_generated_instances/v59
Write arg val: 1

drone speed: 1 miles/minute
uav non-eligible customer: 2 6 7 14 
Printing tau:
0 13.3892 5.94981 5.5955 13.0256 10.4229 7.54444 7.34267 7.67873 13.1782 9.8512 1.71784 12.7973 0 
13.3892 0 11.2046 7.79375 2.19115 10.0113 5.84481 6.04658 7.26715 12.7666 9.1228 14.3271 4.61981 13.3892 
5.94981 11.2046 0 5.66194 10.8409 4.47311 10.8423 6.36592 3.98688 7.22841 7.66653 4.23197 10.6126 5.94981 
5.5955 7.79375 5.66194 0 7.43005 10.135 5.18034 1.74718 7.39086 12.8904 9.24651 6.53334 7.20177 5.5955 
13.0256 2.19115 10.8409 7.43005 0 7.90072 7.4952 5.68288 6.854 10.5755 6.93164 13.9634 2.42866 13.0256 
10.4229 10.0113 4.47311 10.135 7.90072 0 15.3154 10.839 2.74419 2.75531 4.72636 8.70507 7.67244 10.4229 
7.54444 5.84481 10.8423 5.18034 7.4952 15.3154 0 4.47636 12.5712 18.0707 14.4268 8.48228 9.92386 7.54444 
7.34267 6.04658 6.36592 1.74718 5.68288 10.839 4.47636 0 8.09484 13.5943 9.95048 8.28052 5.45459 7.34267 
7.67873 7.26715 3.98688 7.39086 6.854 2.74419 12.5712 8.09484 0 5.49949 3.67965 7.10939 6.62572 7.67873 
13.1782 12.7666 7.22841 12.8904 10.5755 2.75531 18.0707 13.5943 5.49949 0 3.64385 11.4604 8.14683 13.1782 
9.8512 9.1228 7.66653 9.24651 6.93164 4.72636 14.4268 9.95048 3.67965 3.64385 0 10.789 4.50298 9.8512 
1.71784 14.3271 4.23197 6.53334 13.9634 8.70507 8.48228 8.28052 7.10939 11.4604 10.789 0 13.7351 1.71784 
12.7973 4.61981 10.6126 7.20177 2.42866 7.67244 9.92386 5.45459 6.62572 8.14683 4.50298 13.7351 0 12.7973 
0 0 0 0 0 0 0 0 0 0 0 0 0 0 
Printing tau_prime:
0 6.31473 2.98786 2.64123 6.26169 5.47522 4.23884 3.46692 4.64401 7.01008 6.46272 0.922621 6.4822 0 
6.31473 0 5.89189 3.67447 1.04705 6.11969 3.72066 2.87696 4.82831 6.75326 4.61262 6.78187 2.19561 6.31473 
2.98786 5.89189 0 3.11596 5.34847 2.52337 5.7015 3.86235 2.04854 4.06581 3.98956 2.47923 5.02153 2.98786 
2.64123 3.67447 3.11596 0 3.66861 4.78286 2.60914 0.88797 3.49465 6.10713 4.79835 3.15275 4.06521 2.64123 
6.26169 1.04705 5.34847 3.66861 0 5.24037 4.37723 3.03346 4.02059 5.76364 3.59395 6.59561 1.14993 6.26169 
5.47522 6.11969 2.52337 4.78286 5.24037 0 7.30929 5.21543 1.38453 1.5425 2.26706 5.00076 4.42053 5.47522 
4.23884 3.72066 5.7015 2.60914 4.37723 7.30929 0 2.11232 5.96136 8.52419 6.88727 5.06941 5.29308 4.23884 
3.46692 2.87696 3.86235 0.88797 3.03346 5.21543 2.11232 0 3.85567 6.41198 4.83746 4.03101 3.63403 3.46692 
4.64401 4.82831 2.04854 3.49465 4.02059 1.38453 5.96136 3.85567 0 2.6145 1.94269 4.37355 3.36348 4.64401 
7.01008 6.75326 4.06581 6.10713 5.76364 1.5425 8.52419 6.41198 2.6145 0 2.21346 6.54239 4.74385 7.01008 
6.46272 4.61262 3.98956 4.79835 3.59395 2.26706 6.88727 4.83746 1.94269 2.21346 0 6.28051 2.53667 6.46272 
0.922621 6.78187 2.47923 3.15275 6.59561 5.00076 5.06941 4.03101 4.37355 6.54239 6.28051 0 6.66055 0.922621 
6.4822 2.19561 5.02153 4.06521 1.14993 4.42053 5.29308 3.63403 3.36348 4.74385 2.53667 6.66055 0 6.4822 
0 0 0 0 0 0 0 0 0 0 0 0 0 0 
Printing number of nodes: 13

Version identifier: 22.1.1.0 | 2022-11-28 | 9160aff4d
CPXPARAM_ClockType                               0
CPXPARAM_Emphasis_MIP                            2
CPXPARAM_MIP_Tolerances_Integrality              0
Tried aggregator 2 times.
MIP Presolve eliminated 3649 rows and 792 columns.
MIP Presolve modified 3221 coefficients.
Aggregator did 2 substitutions.
Reduced MIP has 22729 rows, 1935 columns, and 934490 nonzeros.
Reduced MIP has 1926 binaries, 0 generals, 0 SOSs, and 0 indicators.
Presolve time = 0.37 sec. (868.37 ticks)
Found incumbent of value 108.449060 after 0.72 sec. (1538.24 ticks)
Probing fixed 215 vars, tightened 0 bounds.
Probing changed sense of 54 constraints.
Probing time = 0.24 sec. (386.55 ticks)
Tried aggregator 1 time.
MIP Presolve eliminated 75 rows and 269 columns.
MIP Presolve modified 48 coefficients.
Reduced MIP has 22654 rows, 1666 columns, and 933169 nonzeros.
Reduced MIP has 1657 binaries, 0 generals, 0 SOSs, and 0 indicators.
Presolve time = 0.27 sec. (630.68 ticks)
Probing time = 0.02 sec. (33.50 ticks)
Tried aggregator 1 time.
Detecting symmetries...
Reduced MIP has 22654 rows, 1666 columns, and 933169 nonzeros.
Reduced MIP has 1657 binaries, 0 generals, 0 SOSs, and 0 indicators.
Presolve time = 0.20 sec. (446.38 ticks)
Probing time = 0.02 sec. (32.77 ticks)
Clique table members: 461188.
MIP emphasis: optimality.
MIP search method: dynamic search.
Parallel mode: deterministic, using up to 20 threads.
Root relaxation solution time = 1.40 sec. (607.43 ticks)

        Nodes                                         Cuts/
   Node  Left     Objective  IInf  Best Integer    Best Bound    ItCnt     Gap

*     0+    0                          108.4491       -6.2729           105.78%
      0     0       40.1221   155      108.4491       40.1221     1159   63.00%
*     0+    0                           45.8667       40.1221            12.52%
      0     0       41.2408   180       45.8667     Cuts: 104     2678   10.09%
      0     0       41.2673   207       45.8667      Cuts: 34     2862   10.03%
      0     0       41.2867   209       45.8667      Cuts: 24     2972    9.99%
*     0+    0                           45.6334       41.2867             9.53%
      0     0  -1.00000e+75     0       45.6334       41.2867     2972    9.53%
*     0+    0                           43.4030       41.2867             4.88%
      0     0       41.3362   200       43.4030      Cuts: 47     3085    4.76%
Detecting symmetries...

Repeating presolve.
Tried aggregator 1 time.
MIP Presolve eliminated 926 rows and 678 columns.
MIP Presolve modified 13187 coefficients.
Reduced MIP has 21728 rows, 988 columns, and 585195 nonzeros.
Reduced MIP has 979 binaries, 0 generals, 0 SOSs, and 0 indicators.
Presolve time = 0.54 sec. (3021.47 ticks)
Probing time = 0.12 sec. (25.19 ticks)
Tried aggregator 1 time.
Detecting symmetries...
MIP Presolve eliminated 34 rows and 0 columns.
MIP Presolve modified 77 coefficients.
Reduced MIP has 21694 rows, 988 columns, and 585001 nonzeros.
Reduced MIP has 979 binaries, 0 generals, 0 SOSs, and 0 indicators.
Presolve time = 0.26 sec. (866.26 ticks)
Represolve time = 0.97 sec. (3999.14 ticks)
Probing time = 0.02 sec. (24.48 ticks)
Clique table members: 135548.
MIP emphasis: optimality.
MIP search method: dynamic search.
Parallel mode: deterministic, using up to 20 threads.
Root relaxation solution time = 1.75 sec. (598.82 ticks)

        Nodes                                         Cuts/
   Node  Left     Objective  IInf  Best Integer    Best Bound    ItCnt     Gap

*     0+    0                           43.4030       41.3362             4.76%
      0     0       41.3362   199       43.4030       41.3362     6005    4.76%
      0     0       41.3507   227       43.4030      Cuts: 18     6150    4.73%
      0     0       41.3655   220       43.4030      Cuts: 21     6301    4.69%
      0     0       41.3728   225       43.4030      Cuts: 10     6405    4.68%
      0     0       41.3858   216       43.4030      Cuts: 10     6485    4.65%
      0     0       41.3951   246       43.4030  ZeroHalf: 12     6583    4.63%
      0     0       41.3957   248       43.4030   ZeroHalf: 5     6612    4.62%
      0     0       41.3973   247       43.4030   ZeroHalf: 3     6642    3.98%
      0     0        cutoff             43.4030       43.4030     6642    0.00%
Elapsed time = 15.27 sec. (26590.29 ticks, tree = 0.01 MB, solutions = 4)

Clique cuts applied:  51
Mixed integer rounding cuts applied:  2
Zero-half cuts applied:  37
Gomory fractional cuts applied:  1

Root node processing (before b&c):
  Real time             =   15.27 sec. (26592.13 ticks)
Parallel b&c, 20 threads:
  Real time             =    0.00 sec. (0.00 ticks)
  Sync time (average)   =    0.00 sec.
  Wait time (average)   =    0.00 sec.
                          ------------
Total (root+branch&cut) =   15.27 sec. (26592.13 ticks)
Truck arcs:
0 3
1 4
2 11
3 7
4 12
6 1
7 6
8 2
10 8
11 13
12 10
customer 5 is served by drone
start of this sortie: 0
end of this sortie: 1

customer 9 is served by drone
start of this sortie: 12
end of this sortie: 2

43.403
In write mode
