Instance name: /home/cuong/CLionProjects/uMV-FSTSP/rand_generated_instances/v6
Write arg val: 1

drone speed: 1 miles/minute
uav non-eligible customer: 1 12 14 
Printing tau:
0 5.12866 7.28757 10.9284 3.00244 6.36247 10.9314 4.98063 3.78838 12.5995 11.9073 4.83852 9.87602 0 
5.12866 0 9.34989 16.0571 3.61992 11.4911 12.9938 1.14629 6.05078 14.6618 17.036 4.45455 15.0047 5.12866 
7.28757 9.34989 0 8.9896 5.72997 4.42362 3.64386 10.4962 11.0759 5.31195 9.96847 12.1261 10.4637 7.28757 
10.9284 16.0571 8.9896 0 13.9309 4.56598 5.63357 15.9091 10.0063 8.21212 7.07095 11.6026 8.47404 10.9284 
3.00244 3.61992 5.72997 13.9309 0 9.36491 9.37384 4.76621 5.34597 11.0419 14.9098 6.39611 12.8785 3.00244 
6.36247 11.4911 4.42362 4.56598 9.36491 0 6.15194 11.3431 8.56787 7.82003 6.55258 9.61801 7.95567 6.36247 
10.9314 12.9938 3.64386 5.63357 9.37384 6.15194 0 14.14 14.7198 2.73403 12.7045 15.7699 14.1076 10.9314 
4.98063 1.14629 10.4962 15.9091 4.76621 11.3431 14.14 0 5.90275 15.8081 16.8879 4.30652 14.8566 4.98063 
3.78838 6.05078 11.0759 10.0063 5.34597 8.56787 14.7198 5.90275 0 16.3879 10.9852 1.59623 8.9539 3.78838 
12.5995 14.6618 5.31195 8.21212 11.0419 7.82003 2.73403 15.8081 16.3879 0 14.3726 17.438 15.7757 12.5995 
11.9073 17.036 9.96847 7.07095 14.9098 6.55258 12.7045 16.8879 10.9852 14.3726 0 12.5814 2.0313 11.9073 
4.83852 4.45455 12.1261 11.6026 6.39611 9.61801 15.7699 4.30652 1.59623 17.438 12.5814 0 10.5501 4.83852 
9.87602 15.0047 10.4637 8.47404 12.8785 7.95567 14.1076 14.8566 8.9539 15.7757 2.0313 10.5501 0 9.87602 
0 0 0 0 0 0 0 0 0 0 0 0 0 0 
Printing tau_prime:
0 2.60582 3.5549 5.72516 1.59449 3.75128 5.75814 2.79292 1.838 6.07593 5.67505 2.30293 4.89044 0 
2.60582 0 5.5251 8.3267 1.97904 6.30443 7.89871 0.544854 2.96615 7.83884 8.03199 2.47433 7.09273 2.60582 
3.5549 5.5251 0 4.3403 3.56679 2.39717 2.38553 5.92638 5.2432 2.53076 6.35025 5.8475 6.19119 3.5549 
5.72516 8.3267 4.3403 0 6.79966 2.16625 3.70425 8.50436 6.37158 5.18016 3.36506 7.26277 4.02539 5.72516 
1.59449 1.97904 3.56679 6.79966 0 4.66862 5.95014 2.43265 3.12629 5.8619 7.20176 3.20872 6.4681 1.59449 
3.75128 6.30443 2.39717 2.16625 4.66862 0 2.93175 6.54006 4.78437 4.06741 4.04644 5.61782 4.0998 3.75128 
5.75814 7.89871 2.38553 3.70425 5.95014 2.93175 0 8.28314 7.2599 1.50978 6.71808 7.97497 6.96995 5.75814 
2.79292 0.544854 5.92638 8.50436 2.43265 6.54006 8.28314 0 2.79597 8.28842 7.98976 2.17065 7.00351 2.79292 
1.838 2.96615 5.2432 6.37158 3.12629 4.78437 7.2599 2.79597 0 7.77149 5.26489 0.900707 4.23076 1.838 
6.07593 7.83884 2.53076 5.18016 5.8619 4.06741 1.50978 8.28842 7.77149 0 8.04219 8.3743 8.16678 6.07593 
5.67505 8.03199 6.35025 3.36506 7.20176 4.04644 6.71808 7.98976 5.26489 8.04219 0 6.10444 1.16379 5.67505 
2.30293 2.47433 5.8475 7.26277 3.20872 5.61782 7.97497 2.17065 0.900707 8.3743 6.10444 0 5.03473 2.30293 
4.89044 7.09273 6.19119 4.02539 6.4681 4.0998 6.96995 7.00351 4.23076 8.16678 1.16379 5.03473 0 4.89044 
0 0 0 0 0 0 0 0 0 0 0 0 0 0 
Printing number of nodes: 13

Version identifier: 22.1.1.0 | 2022-11-28 | 9160aff4d
CPXPARAM_ClockType                               0
CPXPARAM_Emphasis_MIP                            2
CPXPARAM_MIP_Tolerances_Integrality              0
Tried aggregator 2 times.
MIP Presolve eliminated 1870 rows and 609 columns.
MIP Presolve modified 3056 coefficients.
Aggregator did 2 substitutions.
Reduced MIP has 24312 rows, 2118 columns, and 1018084 nonzeros.
Reduced MIP has 2108 binaries, 0 generals, 0 SOSs, and 0 indicators.
Presolve time = 0.42 sec. (1058.89 ticks)
Found incumbent of value 127.552830 after 0.78 sec. (1776.07 ticks)
Probing fixed 234 vars, tightened 0 bounds.
Probing changed sense of 40 constraints.
Probing time = 0.25 sec. (456.70 ticks)
Tried aggregator 1 time.
MIP Presolve eliminated 58 rows and 274 columns.
MIP Presolve modified 120 coefficients.
Reduced MIP has 24254 rows, 1844 columns, and 1016734 nonzeros.
Reduced MIP has 1834 binaries, 0 generals, 0 SOSs, and 0 indicators.
Presolve time = 0.41 sec. (966.35 ticks)
Probing time = 0.03 sec. (35.70 ticks)
Tried aggregator 1 time.
Detecting symmetries...
Reduced MIP has 24254 rows, 1844 columns, and 1016734 nonzeros.
Reduced MIP has 1834 binaries, 0 generals, 0 SOSs, and 0 indicators.
Presolve time = 0.22 sec. (492.57 ticks)
Probing time = 0.02 sec. (33.42 ticks)
Clique table members: 498950.
MIP emphasis: optimality.
MIP search method: dynamic search.
Parallel mode: deterministic, using up to 20 threads.
Root relaxation solution time = 1.53 sec. (748.54 ticks)

        Nodes                                         Cuts/
   Node  Left     Objective  IInf  Best Integer    Best Bound    ItCnt     Gap

*     0+    0                          127.5528       -7.5520           105.92%
      0     0       44.3859   105      127.5528       44.3859     2575   65.20%
*     0+    0                           96.2252       44.3859            53.87%
      0     0       44.5717    86       96.2252      Cuts: 53     2932   53.68%
      0     0       44.5716    88       96.2252      Cuts: 13     3145   53.68%
*     0+    0                           56.9278       44.5717            21.70%
*     0+    0                           52.4561       44.5717            15.03%
Detecting symmetries...
      0     2       44.5717    71       52.4561       44.5717     3145   15.03%
Elapsed time = 7.87 sec. (13457.90 ticks, tree = 0.02 MB, solutions = 4)
      1     3       44.5717    89       52.4561       44.5717     3658   15.03%
      2     4       44.6099   103       52.4561       44.5717     4555   15.03%
*     5+    1                           52.2227       44.5717            14.65%
     11     8        cutoff             52.2227       44.5717     5169   14.65%
     15    10       45.3292    90       52.2227       44.5717     5536   14.65%
*    18+    9                           51.5729       44.5717            13.58%
*    29+    7                           50.0236       44.5717            10.90%
     38    27       49.3442    58       50.0236       44.5717     8632   10.90%
     76    26        cutoff             50.0236       44.5717     9437   10.90%
*    88+   11                           49.9395       44.5717            10.75%
     88    27       47.0956   199       49.9395       44.5717    11827   10.75%
*   111+   17                           49.0583       44.5717             9.15%
    123    36        cutoff             49.0583       44.5717    16566    9.15%
    144    37       48.6102   214       49.0583       44.5717    16762    9.15%
*   194    72      integral     0       47.8715       44.5717    29320    6.89%
*   297+   81                           47.8449       44.5717             6.84%
    331    81       46.0502   123       47.8449       44.5717    45795    6.84%
Elapsed time = 19.06 sec. (17253.27 ticks, tree = 0.15 MB, solutions = 11)
*   352+   83                           47.7404       44.5717             6.64%
*   505   110      integral     0       47.5086       44.5717    66207    6.18%
    534   113       47.6560    38       47.5086       44.5717    65445    6.18%
    779   102        cutoff             47.5086       44.5717    89499    6.18%
   1117    70       45.8895    42       47.5086       44.5717   114597    6.18%
   1375    15       47.3603    66       47.5086       44.9753   135259    5.33%
   1456    16        cutoff             47.5086       47.3603   145265    0.31%
   1485    18       47.4166    82       47.5086       47.3603   153986    0.31%

GUB cover cuts applied:  1
Clique cuts applied:  6
Cover cuts applied:  2
Mixed integer rounding cuts applied:  2
Zero-half cuts applied:  8
Lift and project cuts applied:  1
Gomory fractional cuts applied:  2

Root node processing (before b&c):
  Real time             =    7.78 sec. (13349.49 ticks)
Parallel b&c, 20 threads:
  Real time             =   32.89 sec. (9903.79 ticks)
  Sync time (average)   =   13.06 sec.
  Wait time (average)   =    0.00 sec.
                          ------------
Total (root+branch&cut) =   40.67 sec. (23253.28 ticks)
Truck arcs:
0 5
1 4
4 13
5 10
7 1
8 11
10 12
11 7
12 8
customer 2 is served by drone
start of this sortie: 0
end of this sortie: 5

customer 3 is served by drone
start of this sortie: 12
end of this sortie: 8

customer 6 is served by drone
start of this sortie: 5
end of this sortie: 12

customer 9 is served by drone
start of this sortie: 8
end of this sortie: 13

47.5086
In write mode
