Instance name: /home/cuong/CLionProjects/uMV-FSTSP/rand_generated_instances/v70
Write arg val: 1

drone speed: 1 miles/minute
uav non-eligible customer: 3 8 14 
Printing tau:
0 3.91213 5.45656 6.15353 14.7941 3.41259 12.2698 11.6801 12.7264 3.19086 2.91207 17.1137 8.95818 0 
3.91213 0 2.31129 10.0657 10.882 7.32471 11.0411 10.4513 11.4977 0.721261 1.00006 15.885 5.04605 3.91213 
5.45656 2.31129 0 11.6101 9.33755 8.86915 8.7298 8.14004 9.18636 2.2657 2.5445 13.5737 3.50161 5.45656 
6.15353 10.0657 11.6101 0 20.9477 4.31959 8.95366 8.17682 6.69749 9.3444 9.0656 11.0848 15.1117 6.15353 
14.7941 10.882 9.33755 20.9477 0 18.2067 11.994 12.7708 18.2644 11.6033 11.8821 14.5013 5.83594 14.7941 
3.41259 7.32471 8.86915 4.31959 18.2067 0 10.5605 9.97075 11.0171 6.60345 6.32466 15.4044 12.3708 3.41259 
12.2698 11.0411 8.7298 8.95366 11.994 10.5605 0 0.776835 6.27039 10.9947 11.1994 4.8439 10.0221 12.2698 
11.6801 10.4513 8.14004 8.17682 12.7708 9.97075 0.776835 0 5.49356 10.4049 10.6097 5.43367 9.43235 11.6801 
12.7264 11.4977 9.18636 6.69749 18.2644 11.0171 6.27039 5.49356 0 11.4512 11.656 4.38734 12.4284 12.7264 
3.19086 0.721261 2.2657 9.3444 11.6033 6.60345 10.9947 10.4049 11.4512 0 0.278796 15.8386 5.76731 3.19086 
2.91207 1.00006 2.5445 9.0656 11.8821 6.32466 11.1994 10.6097 11.656 0.278796 0 16.0434 6.04611 2.91207 
17.1137 15.885 13.5737 11.0848 14.5013 15.4044 4.8439 5.43367 4.38734 15.8386 16.0434 0 14.866 17.1137 
8.95818 5.04605 3.50161 15.1117 5.83594 12.3708 10.0221 9.43235 12.4284 5.76731 6.04611 14.866 0 8.95818 
0 0 0 0 0 0 0 0 0 0 0 0 0 0 
Printing tau_prime:
0 1.93302 3.06616 4.06103 7.91721 1.79923 5.93277 5.58804 6.21833 1.61985 1.46256 8.06868 4.35383 0 
1.93302 0 1.31042 5.25693 6.02945 3.46033 5.23115 5.00662 6.44111 0.340709 0.477305 7.68017 2.42675 1.93302 
3.06616 1.31042 0 5.5974 4.868 4.2691 4.30158 4.1646 6.03835 1.51019 1.67157 6.84608 1.75951 3.06616 
4.06103 5.25693 5.5974 0 9.91626 2.41162 5.14495 4.68558 3.40118 4.94224 4.87105 6.04481 7.34334 4.06103 
7.91721 6.02945 4.868 9.91626 0 9.07293 6.00955 6.27175 8.89945 6.31031 6.47239 8.08648 3.84636 7.91721 
1.79923 3.46033 4.2691 2.41162 9.07293 0 5.77585 5.35339 5.19357 3.11962 2.99665 7.46884 5.83716 1.79923 
5.93277 5.23115 4.30158 5.14495 6.00955 5.77585 0 0.459781 2.96372 5.18621 5.27973 2.57121 5.54506 5.93277 
5.58804 5.00662 4.1646 4.68558 6.27175 5.35339 0.459781 0 2.63624 4.93571 5.01897 2.68822 5.5189 5.58804 
6.21833 6.44111 6.03835 3.40118 8.89945 5.19357 2.96372 2.63624 0 6.24503 6.26448 2.72477 7.66332 6.21833 
1.61985 0.340709 1.51019 4.94224 6.31031 3.11962 5.18621 4.93571 6.24503 0 0.163068 7.59033 2.75712 1.61985 
1.46256 0.477305 1.67157 4.87105 6.47239 2.99665 5.27973 5.01897 6.26448 0.163068 0 7.66304 2.9037 1.46256 
8.06868 7.68017 6.84608 6.04481 8.08648 7.46884 2.57121 2.68822 2.72477 7.59033 7.66304 0 8.11154 8.06868 
4.35383 2.42675 1.75951 7.34334 3.84636 5.83716 5.54506 5.5189 7.66332 2.75712 2.9037 8.11154 0 4.35383 
0 0 0 0 0 0 0 0 0 0 0 0 0 0 
Printing number of nodes: 13

Version identifier: 22.1.1.0 | 2022-11-28 | 9160aff4d
CPXPARAM_ClockType                               0
CPXPARAM_Emphasis_MIP                            2
CPXPARAM_MIP_Tolerances_Integrality              0
Tried aggregator 2 times.
MIP Presolve eliminated 1872 rows and 634 columns.
MIP Presolve modified 3241 coefficients.
Aggregator did 2 substitutions.
Reduced MIP has 24310 rows, 2093 columns, and 1017951 nonzeros.
Reduced MIP has 2083 binaries, 0 generals, 0 SOSs, and 0 indicators.
Presolve time = 0.41 sec. (1046.25 ticks)
Found incumbent of value 130.212260 after 0.79 sec. (1796.36 ticks)
Probing fixed 227 vars, tightened 0 bounds.
Probing changed sense of 40 constraints.
Probing time = 0.26 sec. (457.76 ticks)
Tried aggregator 1 time.
MIP Presolve eliminated 58 rows and 267 columns.
MIP Presolve modified 76 coefficients.
Reduced MIP has 24252 rows, 1826 columns, and 1016633 nonzeros.
Reduced MIP has 1816 binaries, 0 generals, 0 SOSs, and 0 indicators.
Presolve time = 0.41 sec. (947.87 ticks)
Probing time = 0.03 sec. (35.70 ticks)
Tried aggregator 1 time.
Detecting symmetries...
Reduced MIP has 24252 rows, 1826 columns, and 1016633 nonzeros.
Reduced MIP has 1816 binaries, 0 generals, 0 SOSs, and 0 indicators.
Presolve time = 0.23 sec. (488.35 ticks)
Probing time = 0.02 sec. (33.41 ticks)
Clique table members: 500585.
MIP emphasis: optimality.
MIP search method: dynamic search.
Parallel mode: deterministic, using up to 20 threads.
Root relaxation solution time = 1.52 sec. (626.46 ticks)

        Nodes                                         Cuts/
   Node  Left     Objective  IInf  Best Integer    Best Bound    ItCnt     Gap

*     0+    0                          130.2123      -12.0000           109.22%
      0     0       39.4649   103      130.2123       39.4649     1995   69.69%
*     0+    0                           91.1297       39.4649            56.69%
      0     0       39.8654   139       91.1297      Cuts: 69     3025   56.25%
*     0+    0                           66.0398       39.8654            39.63%
      0     0       39.8917   135       66.0398      Cuts: 24     3320   39.59%
      0     0       39.9431   144       66.0398      Cuts: 24     3561   39.52%
*     0+    0                           45.6760       39.9431            12.55%
      0     0  -1.00000e+75     0       45.6760       39.9431     3561   12.55%
      0     0       39.9483   164       45.6760       Cuts: 7     3625   12.54%
      0     0       39.9626   161       45.6760      Cuts: 16     3757   12.51%
Detecting symmetries...
      0     0       39.9719   147       45.6760       Cuts: 9     3866   12.49%
*     0+    0                           40.6533       39.9719             1.68%
      0     0       39.9723   147       40.6533   ZeroHalf: 4     3888    1.68%
      0     0        cutoff             40.6533       40.6533     3888    0.00%
Elapsed time = 8.00 sec. (12287.73 ticks, tree = 0.01 MB, solutions = 5)

Clique cuts applied:  13
Flow cuts applied:  1
Zero-half cuts applied:  14
Gomory fractional cuts applied:  3

Root node processing (before b&c):
  Real time             =    8.00 sec. (12290.84 ticks)
Parallel b&c, 20 threads:
  Real time             =    0.00 sec. (0.00 ticks)
  Sync time (average)   =    0.00 sec.
  Wait time (average)   =    0.00 sec.
                          ------------
Total (root+branch&cut) =    8.00 sec. (12290.84 ticks)
Truck arcs:
0 5
1 9
2 1
3 8
5 3
6 2
7 6
8 7
9 10
10 13
customer 4 is served by drone
start of this sortie: 8
end of this sortie: 2

customer 11 is served by drone
start of this sortie: 0
end of this sortie: 8

customer 12 is served by drone
start of this sortie: 2
end of this sortie: 13

40.6533
In write mode
