Instance name: /home/cuong/CLionProjects/uMV-FSTSP/rand_generated_instances/v72
Write arg val: 1

drone speed: 1 miles/minute
uav non-eligible customer: 14 
Printing tau:
0 10.7992 9.34659 11.6844 5.23588 6.31364 13.2587 12.1389 8.5197 7.01616 14.0795 12.3346 9.88943 0 
10.7992 0 14.0989 1.15108 14.133 4.48558 11.509 10.3892 2.65107 5.26647 12.3298 10.5849 8.08269 10.7992 
9.34659 14.0989 0 14.9841 4.11071 10.1788 6.28154 4.34226 11.8194 10.2664 8.46143 7.63343 13.1891 9.34659 
11.6844 1.15108 14.9841 0 15.0183 5.3708 10.3579 10.6419 3.16473 4.71774 11.1787 9.43383 6.93161 11.6844 
5.23588 14.133 4.11071 15.0183 0 9.64747 8.02279 6.90305 11.8535 10.3005 8.84359 7.66758 13.2233 5.23588 
6.31364 4.48558 10.1788 5.3708 9.64747 0 14.0908 12.9711 5.23294 7.84835 14.9116 13.1668 10.6646 6.31364 
13.2587 11.509 6.28154 10.3579 8.02279 14.0908 0 1.93928 8.85791 6.2425 2.17989 1.35189 6.90757 13.2587 
12.1389 10.3892 4.34226 10.6419 6.90305 12.9711 1.93928 0 7.73817 5.92412 4.11917 3.29117 8.84686 12.1389 
8.5197 2.65107 11.8194 3.16473 11.8535 5.23294 8.85791 7.73817 0 2.61541 9.67871 7.93384 5.43162 8.5197 
7.01616 5.26647 10.2664 4.71774 10.3005 7.84835 6.2425 5.92412 2.61541 0 7.0633 5.31843 2.92273 7.01616 
14.0795 12.3298 8.46143 11.1787 8.84359 14.9116 2.17989 4.11917 9.67871 7.0633 0 1.74487 4.72768 14.0795 
12.3346 10.5849 7.63343 9.43383 7.66758 13.1668 1.35189 3.29117 7.93384 5.31843 1.74487 0 5.55568 12.3346 
9.88943 8.08269 13.1891 6.93161 13.2233 10.6646 6.90757 8.84686 5.43162 2.92273 4.72768 5.55568 0 9.88943 
0 0 0 0 0 0 0 0 0 0 0 0 0 0 
Printing tau_prime:
0 5.15719 4.67253 5.6753 2.92608 3.00202 6.40631 5.74341 4.52037 4.66098 7.0691 6.16304 6.57396 0 
5.15719 0 7.54971 0.684525 6.86208 2.43979 6.55859 6.7186 1.64819 3.07043 6.39104 5.84698 3.83428 5.15719 
4.67253 7.54971 0 7.68942 1.93787 6.60006 3.48846 2.43367 6.03985 4.96274 4.57034 3.86429 6.22162 4.67253 
5.6753 0.684525 7.68942 0 7.16474 3.0833 6.37741 6.64317 1.65096 2.95122 6.10116 5.63776 3.37538 5.6753 
2.92608 6.86208 1.93787 7.16474 0 5.37267 4.81325 3.85299 5.60166 4.9277 5.78088 4.92575 6.59937 2.92608 
3.00202 2.43979 6.60006 3.0833 5.37267 0 6.82565 6.60023 2.67708 3.71253 7.05036 6.27666 5.30239 3.00202 
6.40631 6.55859 3.48846 6.37741 4.81325 6.82565 0 1.05563 4.92455 3.49119 1.09804 0.771941 3.63483 6.40631 
5.74341 6.7186 2.43367 6.64317 3.85299 6.60023 1.05563 0 5.07251 3.69197 2.14648 1.55421 4.30986 5.74341 
4.52037 1.64819 6.03985 1.65096 5.60166 2.67708 4.92455 5.07251 0 1.43389 4.82938 4.22868 2.64065 4.52037 
4.66098 3.07043 4.96274 2.95122 4.9277 3.71253 3.49119 3.69197 1.43389 0 3.43667 2.79754 1.91331 4.66098 
7.0691 6.39104 4.57034 6.10116 5.78088 7.05036 1.09804 2.14648 4.82938 3.43667 0 0.910452 2.99588 7.0691 
6.16304 5.84698 3.86429 5.63776 4.92575 6.27666 0.771941 1.55421 4.22868 2.79754 0.910452 0 2.87235 6.16304 
6.57396 3.83428 6.22162 3.37538 6.59937 5.30239 3.63483 4.30986 2.64065 1.91331 2.99588 2.87235 0 6.57396 
0 0 0 0 0 0 0 0 0 0 0 0 0 0 
Printing number of nodes: 13

Version identifier: 22.1.1.0 | 2022-11-28 | 9160aff4d
CPXPARAM_ClockType                               0
CPXPARAM_Emphasis_MIP                            2
CPXPARAM_MIP_Tolerances_Integrality              0
Tried aggregator 1 time.
MIP Presolve eliminated 362 rows and 238 columns.
MIP Presolve modified 3897 coefficients.
Reduced MIP has 25430 rows, 2491 columns, and 1093116 nonzeros.
Reduced MIP has 2479 binaries, 0 generals, 0 SOSs, and 0 indicators.
Presolve time = 0.42 sec. (1142.38 ticks)
Found incumbent of value 123.175190 after 0.83 sec. (1940.37 ticks)
Probing fixed 283 vars, tightened 0 bounds.
Probing time = 0.31 sec. (561.35 ticks)
Tried aggregator 1 time.
MIP Presolve eliminated 15 rows and 283 columns.
MIP Presolve modified 141 coefficients.
Reduced MIP has 25415 rows, 2208 columns, and 1091663 nonzeros.
Reduced MIP has 2196 binaries, 0 generals, 0 SOSs, and 0 indicators.
Presolve time = 0.26 sec. (688.35 ticks)
Probing time = 0.03 sec. (36.52 ticks)
Tried aggregator 1 time.
Detecting symmetries...
Reduced MIP has 25415 rows, 2208 columns, and 1091663 nonzeros.
Reduced MIP has 2196 binaries, 0 generals, 0 SOSs, and 0 indicators.
Presolve time = 0.25 sec. (540.21 ticks)
Probing time = 0.03 sec. (36.62 ticks)
Clique table members: 538267.
MIP emphasis: optimality.
MIP search method: dynamic search.
Parallel mode: deterministic, using up to 20 threads.
Root relaxation solution time = 1.66 sec. (892.24 ticks)

        Nodes                                         Cuts/
   Node  Left     Objective  IInf  Best Integer    Best Bound    ItCnt     Gap

*     0+    0                          123.1752      -12.0000           109.74%
*     0+    0                          115.1849      -12.0000           110.42%
      0     0       36.8326   186      115.1849       36.8326       14   68.02%
*     0+    0                           44.7363       36.8326            17.67%
      0     0       37.8038   236       44.7363      Cuts: 93     1408    9.74%
      0     0       38.1881   265       44.7363      Cuts: 35     1886    9.74%
      0     0       38.3079   264       44.7363      Cuts: 21     2162    9.74%
*     0+    0                           44.6758       40.3792             9.62%
      0     0       38.3607   261       44.6758      Cuts: 11     2390    9.59%
*     0+    0                           44.5845       40.3915             9.40%
Detecting symmetries...
      0     2       38.3607   261       44.5845       40.3915     2390    9.40%
Elapsed time = 26.73 sec. (51745.71 ticks, tree = 0.02 MB, solutions = 5)
      1     3       39.2055   247       44.5845       40.3915     3081    9.40%
      2     3       40.3915    89       44.5845       40.3915     3458    9.40%
      4     5       40.3915    30       44.5845       40.3915     4614    9.40%
      7     8       41.1231   116       44.5845       40.3915     5705    9.40%
     15     9       40.3915    65       44.5845       40.3915     6594    9.40%
*    21+    5                           44.0839       40.3915             8.38%
*    26+   10                           43.6855       40.3915             7.54%
     31    12       43.0289    14       43.6855       40.3915     7010    7.54%
     66    25       41.1388   285       43.6855       40.3915    10255    7.54%
*   104    40      integral     0       43.3641       40.3915    19290    6.86%
    104    39       43.3641     0       43.3641       40.3915    19290    6.86%
*   121    37      integral     0       43.0289       40.3915    18669    6.13%
    188    52        cutoff             43.0289       40.3915    35981    6.13%
Elapsed time = 38.70 sec. (55466.53 ticks, tree = 0.10 MB, solutions = 13)
    306    49        cutoff             43.0289       40.3915    43732    6.13%
*   330+   66                           41.7981       40.3915             3.37%
    438    34       41.0960   269       41.7981       40.3915    68300    3.37%
    554    23       40.6245   269       41.7981       40.3915    82008    3.37%
    651    16        cutoff             41.7981       40.3915   101709    3.37%
    734    19       40.6175   273       41.7981       40.3915   111701    3.37%
    811    12        cutoff             41.7981       40.3915   122516    3.37%
    868    15        cutoff             41.7981       40.3915   132121    3.37%
    988    21       40.4071   254       41.7981       40.3915   137779    3.37%
   1079    16        cutoff             41.7981       40.3915   150435    3.37%
   1159    13       41.5433    17       41.7981       40.3915   160167    3.37%
Elapsed time = 76.80 sec. (65161.67 ticks, tree = 0.05 MB, solutions = 16)
   1169     9       40.3915    60       41.7981       40.3915   162947    3.37%
   1171     6       40.3915    72       41.7981       40.3915   167536    3.37%
   1183     8       40.4309   110       41.7981       40.4130   169199    3.31%
   1203     7        cutoff             41.7981       40.4149   171468    3.31%
   1241    10        cutoff             41.7981       40.4635   173508    3.19%
   1255    11       40.5383    98       41.7981       40.4742   174596    3.17%
   1277     7        cutoff             41.7981       41.1893   175470    1.46%

Clique cuts applied:  19
Mixed integer rounding cuts applied:  3
Zero-half cuts applied:  27
Gomory fractional cuts applied:  4

Root node processing (before b&c):
  Real time             =   26.58 sec. (51487.83 ticks)
Parallel b&c, 20 threads:
  Real time             =   54.53 sec. (20684.13 ticks)
  Sync time (average)   =   27.20 sec.
  Wait time (average)   =    0.00 sec.
                          ------------
Total (root+branch&cut) =   81.11 sec. (72171.96 ticks)
Truck arcs:
0 4
2 7
4 2
6 11
7 6
9 13
10 12
11 10
12 9
customer 1 is served by drone
start of this sortie: 0
end of this sortie: 7

customer 3 is served by drone
start of this sortie: 7
end of this sortie: 12

customer 5 is served by drone
start of this sortie: 9
end of this sortie: 13

customer 8 is served by drone
start of this sortie: 12
end of this sortie: 9

41.7981
In write mode
