Instance name: /home/cuong/CLionProjects/uMV-FSTSP/rand_generated_instances/v8
Write arg val: 1

drone speed: 1 miles/minute
uav non-eligible customer: 3 7 9 11 14 
Printing tau:
0 6.25132 11.7473 13.522 19.9147 13.2089 4.47277 10.3525 11.9744 12.3294 4.50245 10.4813 8.47616 0 
6.25132 0 6.14682 7.92159 14.3143 9.28849 2.184 16.6039 6.37395 6.72892 7.22248 5.04216 3.18982 6.25132 
11.7473 6.14682 0 8.96233 9.22662 13.7774 7.27448 21.0927 0.598214 2.03136 11.7114 9.53105 7.67871 11.7473 
13.522 7.92159 8.96233 0 6.3927 4.81505 9.04925 12.1304 9.56055 6.93097 9.01957 3.04072 5.04586 13.522 
19.9147 14.3143 9.22662 6.3927 0 6.70581 15.4419 11.8661 9.82483 7.58537 15.4123 9.43343 11.4386 19.9147 
13.2089 9.28849 13.7774 4.81505 6.70581 0 8.73614 7.31537 14.3756 11.746 8.70647 4.24633 6.09867 13.2089 
4.47277 2.184 7.27448 9.04925 15.4419 8.73614 0 14.4199 7.5016 7.85658 5.03848 6.00852 4.00338 4.47277 
10.3525 16.6039 21.0927 12.1304 11.8661 7.31537 14.4199 0 21.691 19.0614 9.38137 11.5617 13.414 10.3525 
11.9744 6.37395 0.598214 9.56055 9.82483 14.3756 7.5016 21.691 0 2.62958 12.3096 10.1293 8.27692 11.9744 
12.3294 6.72892 2.03136 6.93097 7.58537 11.746 7.85658 19.0614 2.62958 0 9.68001 7.49969 5.64734 12.3294 
4.50245 7.22248 11.7114 9.01957 15.4123 8.70647 5.03848 9.38137 12.3096 9.68001 0 5.97885 4.03266 4.50245 
10.4813 5.04216 9.53105 3.04072 9.43343 4.24633 6.00852 11.5617 10.1293 7.49969 5.97885 0 2.00514 10.4813 
8.47616 3.18982 7.67871 5.04586 11.4386 6.09867 4.00338 13.414 8.27692 5.64734 4.03266 2.00514 0 8.47616 
0 0 0 0 0 0 0 0 0 0 0 0 0 0 
Printing tau_prime:
0 3.95654 7.50333 6.4292 9.41497 6.38922 2.84991 6.88826 7.77383 7.11582 2.17129 4.9737 4.24835 0 
3.95654 0 3.58805 4.28857 7.10782 5.6601 1.15868 8.13618 3.84436 3.37698 3.44383 3.30811 2.02456 3.95654 
7.50333 3.58805 0 4.30692 5.80877 6.53117 4.65345 9.9662 0.301642 0.996135 6.49176 4.53244 3.93454 7.50333 
6.4292 4.28857 4.30692 0 3.01612 2.27463 4.40026 5.91514 4.56555 3.31531 4.44497 1.45827 2.4544 6.4292 
9.41497 7.10782 5.80877 3.01612 0 3.82033 7.37828 7.19589 5.95495 4.92859 7.35923 4.44927 5.44134 9.41497 
6.38922 5.6601 6.53117 2.27463 3.82033 0 5.30815 3.70901 6.80166 5.55263 4.21824 2.37913 3.63907 6.38922 
2.84991 1.15868 4.65345 4.40026 7.37828 5.30815 0 7.3338 4.92483 4.30167 2.37521 3.13657 1.94586 2.84991 
6.88826 8.13618 9.9662 5.91514 7.19589 3.70901 7.3338 0 10.2552 9.03579 5.20178 5.45082 6.3824 6.88826 
7.77383 3.84436 0.301642 4.56555 5.95495 6.80166 4.92483 10.2552 0 1.25084 6.78815 4.82658 4.23596 7.77383 
7.11582 3.37698 0.996135 3.31531 4.92859 5.55263 4.30167 9.03579 1.25084 0 5.86824 3.64114 3.22282 7.11582 
2.17129 3.44383 6.49176 4.44497 7.35923 4.21824 2.37521 5.20178 6.78815 5.86824 0 3.00002 2.66886 2.17129 
4.9737 3.30811 4.53244 1.45827 4.44927 2.37913 3.13657 5.45082 4.82658 3.64114 3.00002 0 1.28684 4.9737 
4.24835 2.02456 3.93454 2.4544 5.44134 3.63907 1.94586 6.3824 4.23596 3.22282 2.66886 1.28684 0 4.24835 
0 0 0 0 0 0 0 0 0 0 0 0 0 0 
Printing number of nodes: 13

Version identifier: 22.1.1.0 | 2022-11-28 | 9160aff4d
CPXPARAM_ClockType                               0
CPXPARAM_Emphasis_MIP                            2
CPXPARAM_MIP_Tolerances_Integrality              0
Tried aggregator 2 times.
MIP Presolve eliminated 5693 rows and 1049 columns.
MIP Presolve modified 2690 coefficients.
Aggregator did 2 substitutions.
Reduced MIP has 20881 rows, 1678 columns, and 842887 nonzeros.
Reduced MIP has 1670 binaries, 0 generals, 0 SOSs, and 0 indicators.
Presolve time = 0.37 sec. (907.61 ticks)
Found incumbent of value 121.767320 after 0.67 sec. (1489.03 ticks)
Probing fixed 182 vars, tightened 0 bounds.
Probing changed sense of 64 constraints.
Probing time = 0.19 sec. (316.99 ticks)
Tried aggregator 1 time.
MIP Presolve eliminated 88 rows and 246 columns.
MIP Presolve modified 28 coefficients.
Reduced MIP has 20793 rows, 1432 columns, and 841680 nonzeros.
Reduced MIP has 1424 binaries, 0 generals, 0 SOSs, and 0 indicators.
Presolve time = 0.34 sec. (791.95 ticks)
Probing time = 0.11 sec. (30.60 ticks)
Tried aggregator 1 time.
Detecting symmetries...
Reduced MIP has 20793 rows, 1432 columns, and 841680 nonzeros.
Reduced MIP has 1424 binaries, 0 generals, 0 SOSs, and 0 indicators.
Presolve time = 0.18 sec. (400.79 ticks)
Probing time = 0.02 sec. (31.73 ticks)
Clique table members: 402382.
MIP emphasis: optimality.
MIP search method: dynamic search.
Parallel mode: deterministic, using up to 20 threads.
Root relaxation solution time = 0.52 sec. (364.80 ticks)

        Nodes                                         Cuts/
   Node  Left     Objective  IInf  Best Integer    Best Bound    ItCnt     Gap

*     0+    0                          121.7673      -12.0000           109.85%
      0     0       51.8364    48      121.7673       51.8364     1287   57.43%
*     0+    0                           75.3758       51.8364            31.23%
*     0+    0                           51.8364       51.8364             0.00%
      0     0        cutoff             51.8364       51.8364     1287    0.00%
Elapsed time = 3.20 sec. (6212.28 ticks, tree = 0.01 MB, solutions = 3)

Root node processing (before b&c):
  Real time             =    3.20 sec. (6214.92 ticks)
Parallel b&c, 20 threads:
  Real time             =    0.00 sec. (0.00 ticks)
  Sync time (average)   =    0.00 sec.
  Wait time (average)   =    0.00 sec.
                          ------------
Total (root+branch&cut) =    3.20 sec. (6214.92 ticks)
Truck arcs:
0 6
1 8
2 9
3 5
5 7
6 1
7 13
8 2
9 12
11 3
12 11
customer 4 is served by drone
start of this sortie: 0
end of this sortie: 9

customer 10 is served by drone
start of this sortie: 7
end of this sortie: 13

51.8364
In write mode
