Instance name: /home/cuong/CLionProjects/uMV-FSTSP/rand_generated_instances/v80
Write arg val: 1

drone speed: 1 miles/minute
uav non-eligible customer: 14 
Printing tau:
0 4.54525 7.33316 8.1237 8.3973 11.0572 4.74946 3.32589 7.61996 8.00168 10.5297 7.48188 5.76349 0 
4.54525 0 2.78791 7.80881 12.9425 6.51198 9.29471 6.89308 5.57819 7.45899 9.98703 9.66671 1.24301 4.54525 
7.33316 2.78791 0 10.5967 15.7305 3.72407 12.0826 9.681 3.44051 5.32132 7.84936 12.4546 1.56967 7.33316 
8.1237 7.80881 10.5967 0 8.62272 14.3208 12.7709 11.4496 10.8835 6.11975 4.08267 1.8579 9.02705 8.1237 
8.3973 12.9425 15.7305 8.62272 0 19.4545 4.14822 6.04946 16.0173 11.2535 11.0287 7.9809 14.1608 8.3973 
11.0572 6.51198 3.72407 14.3208 19.4545 0 15.8067 13.4051 5.46512 8.20104 10.2381 16.1787 5.29374 11.0572 
4.74946 9.29471 12.0826 12.7709 4.14822 15.8067 0 2.40162 12.3694 12.6489 15.1769 12.1291 10.5129 4.74946 
3.32589 6.89308 9.681 11.4496 6.04946 13.4051 2.40162 0 9.9678 11.3276 13.8556 10.8078 8.11132 3.32589 
7.61996 5.57819 3.44051 10.8835 16.0173 5.46512 12.3694 9.9678 0 4.76378 6.80085 12.7414 4.33518 7.61996 
8.00168 7.45899 5.32132 6.11975 11.2535 8.20104 12.6489 11.3276 4.76378 0 2.52804 7.97766 6.21598 8.00168 
10.5297 9.98703 7.84936 4.08267 11.0287 10.2381 15.1769 13.8556 6.80085 2.52804 0 5.94058 8.74402 10.5297 
7.48188 9.66671 12.4546 1.8579 7.9809 16.1787 12.1291 10.8078 12.7414 7.97766 5.94058 0 10.885 7.48188 
5.76349 1.24301 1.56967 9.02705 14.1608 5.29374 10.5129 8.11132 4.33518 6.21598 8.74402 10.885 0 5.76349 
0 0 0 0 0 0 0 0 0 0 0 0 0 0 
Printing tau_prime:
0 2.15787 3.68057 4.12702 3.96551 5.22159 3.13242 1.91914 4.60746 4.00513 4.97875 4.27416 2.84435 0 
2.15787 0 1.65611 5.1305 6.1209 3.07024 5.01834 3.7262 3.0026 3.60523 5.02494 5.60947 0.820458 2.15787 
3.68057 1.65611 0 5.61586 7.56535 1.99821 6.66139 5.37064 1.6275 3.2782 4.80845 6.29236 0.851704 3.68057 
4.12702 5.1305 5.61586 0 4.73067 7.61366 6.06089 5.41462 5.21669 2.88545 2.23394 0.926612 5.19953 4.12702 
3.96551 6.1209 7.56535 4.73067 0 9.18709 2.60403 3.14774 8.17008 6.64835 6.77537 4.06682 6.76178 3.96551 
5.22159 3.07024 1.99821 7.61366 9.18709 0 7.8595 6.59207 3.04347 5.19015 6.70512 8.27776 2.55171 5.22159 
3.13242 5.01834 6.66139 6.06089 2.60403 7.8595 0 1.29218 7.73096 6.95766 7.62086 5.72041 5.81004 3.13242 
1.91914 3.7262 5.37064 5.41462 3.14774 6.59207 1.29218 0 6.47385 5.87643 6.70004 5.25993 4.51963 1.91914 
4.60746 3.0026 1.6275 5.21669 8.17008 3.04347 7.73096 6.47385 0 2.41435 3.82069 6.04054 2.22313 4.60746 
4.00513 3.60523 3.2782 2.88545 6.64835 5.19015 6.95766 5.87643 2.41435 0 1.53048 3.76868 3.23491 4.00513 
4.97875 5.02494 4.80845 2.23394 6.77537 6.70512 7.62086 6.70004 3.82069 1.53048 0 3.14748 4.73532 4.97875 
4.27416 5.60947 6.29236 0.926612 4.06682 8.27776 5.72041 5.25993 6.04054 3.76868 3.14748 0 5.79135 4.27416 
2.84435 0.820458 0.851704 5.19953 6.76178 2.55171 5.81004 4.51963 2.22313 3.23491 4.73532 5.79135 0 2.84435 
0 0 0 0 0 0 0 0 0 0 0 0 0 0 
Printing number of nodes: 13

Version identifier: 22.1.1.0 | 2022-11-28 | 9160aff4d
CPXPARAM_ClockType                               0
CPXPARAM_Emphasis_MIP                            2
CPXPARAM_MIP_Tolerances_Integrality              0
Tried aggregator 1 time.
MIP Presolve eliminated 364 rows and 266 columns.
MIP Presolve modified 3851 coefficients.
Reduced MIP has 25428 rows, 2463 columns, and 1092970 nonzeros.
Reduced MIP has 2451 binaries, 0 generals, 0 SOSs, and 0 indicators.
Presolve time = 0.50 sec. (1462.06 ticks)
Found incumbent of value 118.016870 after 0.91 sec. (2258.84 ticks)
Probing fixed 275 vars, tightened 0 bounds.
Probing time = 0.29 sec. (558.02 ticks)
Tried aggregator 1 time.
MIP Presolve eliminated 13 rows and 275 columns.
MIP Presolve modified 47 coefficients.
Reduced MIP has 25415 rows, 2188 columns, and 1091609 nonzeros.
Reduced MIP has 2176 binaries, 0 generals, 0 SOSs, and 0 indicators.
Presolve time = 0.22 sec. (603.05 ticks)
Probing time = 0.03 sec. (36.54 ticks)
Tried aggregator 1 time.
Detecting symmetries...
Reduced MIP has 25415 rows, 2188 columns, and 1091609 nonzeros.
Reduced MIP has 2176 binaries, 0 generals, 0 SOSs, and 0 indicators.
Presolve time = 0.25 sec. (537.29 ticks)
Probing time = 0.03 sec. (36.63 ticks)
Clique table members: 537484.
MIP emphasis: optimality.
MIP search method: dynamic search.
Parallel mode: deterministic, using up to 20 threads.
Root relaxation solution time = 1.95 sec. (919.97 ticks)

        Nodes                                         Cuts/
   Node  Left     Objective  IInf  Best Integer    Best Bound    ItCnt     Gap

*     0+    0                          118.0169      -12.0000           110.17%
*     0+    0                          104.0641      -12.0000           111.53%
      0     0       35.9401   196      104.0641       35.9401       16   65.46%
*     0+    0                           41.8686       35.9401            14.16%
      0     0       36.3781   200       41.8686      Cuts: 69     1357   13.11%
      0     0       36.6396   222       41.8686      Cuts: 40     1709   12.49%
      0     0       36.7552   211       41.8686      Cuts: 20     1862   12.21%
      0     0       36.8310   225       41.8686      Cuts: 17     1959   12.03%
      0     0       36.8773   228       41.8686      Cuts: 19     2045   11.92%
Detecting symmetries...
      0     0       36.9354   238       41.8686      Cuts: 16     2151   11.78%
      0     0       36.9507   308       41.8686       Cuts: 4     2210   11.75%
      0     0       36.9540   258       41.8686       Cuts: 6     2236   11.74%
      0     0       36.9635   250       41.8686       Cuts: 4     2290   11.72%
      0     0       36.9670   268       41.8686    Cliques: 1     2323   11.71%
      0     0       36.9722   246       41.8686   ZeroHalf: 1     2381   11.69%
      0     0       36.9835   255       41.8686       Cuts: 7     2423   11.67%
      0     0       36.9905   238       41.8686       Cuts: 7     2466   10.66%
      0     0       36.9923   261       41.8686   ZeroHalf: 2     2479   10.66%
Detecting symmetries...
      0     2       36.9923   261       41.8686       38.0200     2479    9.19%
Elapsed time = 18.07 sec. (35845.05 ticks, tree = 0.02 MB, solutions = 3)
      1     3       37.8969   122       41.8686       38.0200     3044    9.19%
      4     4        cutoff             41.8686       38.0200     4028    9.19%
     10     6        cutoff             41.8686       38.0200     4411    9.19%
     20    13       40.0431   284       41.8686       38.1944     6861    8.78%
     46    18        cutoff             41.8686       38.1944     8091    8.78%
     65    21       39.5159   236       41.8686       38.4808    11552    8.09%
     85    27        cutoff             41.8686       38.4808    14063    8.09%
    103    51       40.1304   224       41.8686       38.5127    22065    8.02%
    125    58       39.2562   258       41.8686       38.5127    24311    8.02%
*   136+   67                           40.9838       38.5127             6.03%
    172    48        cutoff             40.9838       38.5127    34583    6.03%
Elapsed time = 31.81 sec. (39353.19 ticks, tree = 0.06 MB, solutions = 4)
*   235+   47                           40.3822       38.5127             4.63%
    313    37       38.7316   213       40.3822       38.5127    50549    4.63%
    484    21        cutoff             40.3822       38.5127    64394    4.63%
    525     4        cutoff             40.3822       38.5418    72892    4.56%
    577     9        cutoff             40.3822       38.8849    76378    3.71%

Clique cuts applied:  36
Implied bound cuts applied:  4
Flow cuts applied:  2
Mixed integer rounding cuts applied:  7
Zero-half cuts applied:  32
Gomory fractional cuts applied:  1

Root node processing (before b&c):
  Real time             =   17.89 sec. (35569.46 ticks)
Parallel b&c, 20 threads:
  Real time             =   24.07 sec. (7755.97 ticks)
  Sync time (average)   =   11.13 sec.
  Wait time (average)   =    0.00 sec.
                          ------------
Total (root+branch&cut) =   41.96 sec. (43325.44 ticks)
Truck arcs:
0 11
1 13
2 12
3 10
8 2
9 8
10 9
11 3
12 1
customer 4 is served by drone
start of this sortie: 0
end of this sortie: 11

customer 5 is served by drone
start of this sortie: 8
end of this sortie: 1

customer 6 is served by drone
start of this sortie: 11
end of this sortie: 8

customer 7 is served by drone
start of this sortie: 1
end of this sortie: 13

40.3822
In write mode
