Instance name: /home/cuong/CLionProjects/uMV-FSTSP/rand_generated_instances/v84
Write arg val: 1

drone speed: 1 miles/minute
uav non-eligible customer: 4 7 10 11 12 14 
Printing tau:
0 10.7732 13.0642 2.2899 9.65204 11.7916 11.0184 15.8193 5.9254 6.20335 4.18803 6.90299 3.49911 0 
10.7732 0 2.5239 8.48332 1.12118 10.9416 10.1685 14.9693 4.84783 14.6601 11.9855 13.5755 14.2723 10.7732 
13.0642 2.5239 0 10.7743 3.41215 8.41775 7.64458 12.4454 7.1388 16.951 14.2765 15.8665 16.5633 13.0642 
2.2899 8.48332 10.7743 0 7.36213 9.68304 8.90988 13.7107 3.63549 6.17675 3.5022 5.0922 5.78901 2.2899 
9.65204 1.12118 3.41215 7.36213 0 10.8736 10.1004 14.9013 3.72664 13.5389 10.8643 12.4543 13.1511 9.65204 
11.7916 10.9416 8.41775 9.68304 10.8736 0 0.773164 4.89782 10.6846 11.8975 9.2229 10.8129 11.5097 11.7916 
11.0184 10.1685 7.64458 8.90988 10.1004 0.773164 0 4.80086 9.91145 11.6988 9.02426 10.6143 11.3111 11.0184 
15.8193 14.9693 12.4454 13.7107 14.9013 4.89782 4.80086 0 14.7123 9.61591 11.6312 8.91628 14.6054 15.8193 
5.9254 4.84783 7.1388 3.63549 3.72664 10.6846 9.91145 14.7123 0 9.81225 7.13769 8.72769 9.4245 5.9254 
6.20335 14.6601 16.951 6.17675 13.5389 11.8975 11.6988 9.61591 9.81225 0 2.67456 1.08455 4.98947 6.20335 
4.18803 11.9855 14.2765 3.5022 10.8643 9.2229 9.02426 11.6312 7.13769 2.67456 0 2.71496 2.97416 4.18803 
6.90299 13.5755 15.8665 5.0922 12.4543 10.8129 10.6143 8.91628 8.72769 1.08455 2.71496 0 5.68911 6.90299 
3.49911 14.2723 16.5633 5.78901 13.1511 11.5097 11.3111 14.6054 9.4245 4.98947 2.97416 5.68911 0 3.49911 
0 0 0 0 0 0 0 0 0 0 0 0 0 0 
Printing tau_prime:
0 5.09433 6.36057 1.46739 4.57055 6.71997 6.36714 7.60027 2.84158 3.4509 2.05531 3.51202 1.74593 0 
5.09433 0 1.60683 4.04285 0.529503 5.31981 4.9926 7.92694 2.2885 7.35719 5.86507 7.00689 6.73023 5.09433 
6.36057 1.60683 0 5.11395 1.98181 4.62835 4.37227 7.51176 3.53085 8.10136 6.74093 7.66233 7.87412 6.36057 
1.46739 4.04285 5.11395 0 3.51563 5.30174 4.94142 6.47494 1.77763 3.49348 1.92006 3.29705 2.76136 1.46739 
4.57055 0.529503 1.98181 3.51563 0 5.18394 4.83976 7.67117 1.75901 6.85139 5.34846 6.51376 6.20108 4.57055 
6.71997 5.31981 4.62835 5.30174 5.18394 0 0.37631 2.98928 5.1318 6.19637 5.63472 5.59399 7.36902 6.71997 
6.36714 4.9926 4.37227 4.94142 4.83976 0.37631 0 3.16686 4.75619 5.96372 5.33523 5.36655 7.05643 6.36714 
7.60027 7.92694 7.51176 6.47494 7.67117 2.98928 3.16686 0 7.06105 5.60676 5.84982 5.04399 7.5577 7.60027 
2.84158 2.2885 3.53085 1.77763 1.75901 5.1318 4.75619 7.06105 0 5.21224 3.66484 4.93889 4.44304 2.84158 
3.4509 7.35719 8.10136 3.49348 6.85139 6.19637 5.96372 5.60676 5.21224 0 1.57866 0.608413 2.35915 3.4509 
2.05531 5.86507 6.74093 1.92006 5.34846 5.63472 5.33523 5.84982 3.66484 1.57866 0 1.48317 1.76856 2.05531 
3.51202 7.00689 7.66233 3.29705 6.51376 5.59399 5.36655 5.04399 4.93889 0.608413 1.48317 0 2.70191 3.51202 
1.74593 6.73023 7.87412 2.76136 6.20108 7.36902 7.05643 7.5577 4.44304 2.35915 1.76856 2.70191 0 1.74593 
0 0 0 0 0 0 0 0 0 0 0 0 0 0 
Printing number of nodes: 13

Version identifier: 22.1.1.0 | 2022-11-28 | 9160aff4d
CPXPARAM_ClockType                               0
CPXPARAM_Emphasis_MIP                            2
CPXPARAM_MIP_Tolerances_Integrality              0
Tried aggregator 2 times.
MIP Presolve eliminated 7850 rows and 1175 columns.
MIP Presolve modified 2383 coefficients.
Aggregator did 2 substitutions.
Reduced MIP has 18920 rows, 1552 columns, and 749870 nonzeros.
Reduced MIP has 1545 binaries, 0 generals, 0 SOSs, and 0 indicators.
Presolve time = 0.35 sec. (833.47 ticks)
Found incumbent of value 134.402260 after 0.61 sec. (1345.39 ticks)
Probing fixed 166 vars, tightened 0 bounds.
Probing changed sense of 70 constraints.
Probing time = 0.17 sec. (270.46 ticks)
Tried aggregator 1 time.
MIP Presolve eliminated 97 rows and 236 columns.
MIP Presolve modified 74 coefficients.
Reduced MIP has 18823 rows, 1316 columns, and 748711 nonzeros.
Reduced MIP has 1309 binaries, 0 generals, 0 SOSs, and 0 indicators.
Presolve time = 0.29 sec. (700.98 ticks)
Probing time = 0.02 sec. (30.25 ticks)
Tried aggregator 1 time.
Detecting symmetries...
Reduced MIP has 18823 rows, 1316 columns, and 748711 nonzeros.
Reduced MIP has 1309 binaries, 0 generals, 0 SOSs, and 0 indicators.
Presolve time = 0.16 sec. (356.85 ticks)
Probing time = 0.02 sec. (28.71 ticks)
Clique table members: 352803.
MIP emphasis: optimality.
MIP search method: dynamic search.
Parallel mode: deterministic, using up to 20 threads.
Root relaxation solution time = 0.22 sec. (255.45 ticks)

        Nodes                                         Cuts/
   Node  Left     Objective  IInf  Best Integer    Best Bound    ItCnt     Gap

*     0+    0                          134.4023      -12.0000           108.93%
*     0+    0                          103.8434      -12.0000           111.56%
      0     0       45.7172     8      103.8434       45.7172      805   55.97%
*     0+    0                           48.4549       45.7172             5.65%
      0     0       45.7172    13       48.4549       Cuts: 4      855    5.65%
*     0+    0                           45.7172       45.7172             0.00%
      0     0        cutoff             45.7172       45.7172      855    0.00%
Elapsed time = 2.38 sec. (4448.33 ticks, tree = 0.01 MB, solutions = 4)

Gomory fractional cuts applied:  2

Root node processing (before b&c):
  Real time             =    2.38 sec. (4450.72 ticks)
Parallel b&c, 20 threads:
  Real time             =    0.00 sec. (0.00 ticks)
  Sync time (average)   =    0.00 sec.
  Wait time (average)   =    0.00 sec.
                          ------------
Total (root+branch&cut) =    2.38 sec. (4450.72 ticks)
Truck arcs:
0 3
1 2
2 6
3 8
4 1
5 7
6 5
7 11
8 4
10 12
11 10
12 13
customer 9 is served by drone
start of this sortie: 0
end of this sortie: 2

45.7172
In write mode
