Instance name: /home/cuong/CLionProjects/uMV-FSTSP/rand_generated_instances/v87
Write arg val: 1

drone speed: 1 miles/minute
uav non-eligible customer: 2 14 
Printing tau:
0 3.33202 7.02161 7.0421 9.79634 6.27294 6.50835 12.4753 8.30154 9.3143 4.361 11.2515 1.92263 0 
3.33202 0 9.45127 9.47176 12.226 8.7026 9.73639 14.905 10.7312 5.98229 1.65347 9.24066 3.78442 3.33202 
7.02161 9.45127 0 8.96258 8.72831 10.0885 2.00378 5.45369 2.124 13.7149 11.1047 15.6521 6.32322 7.02161 
7.0421 9.47176 8.96258 0 2.75424 1.12587 10.9664 5.4332 6.83859 7.84696 11.1252 6.68948 5.68734 7.0421 
9.79634 12.226 8.72831 2.75424 0 3.5234 10.7321 3.46 6.60432 10.6012 13.8795 6.92375 8.44159 9.79634 
6.27294 8.7026 10.0885 1.12587 3.5234 0 12.0922 6.20235 7.96446 7.07781 10.3561 5.56361 4.91819 6.27294 
6.50835 9.73639 2.00378 10.9664 10.7321 12.0922 0 7.27209 4.12778 15.7187 10.7654 17.6558 8.327 6.50835 
12.4753 14.905 5.45369 5.4332 3.46 6.20235 7.27209 0 4.17375 13.2802 16.5584 10.3837 11.1205 12.4753 
8.30154 10.7312 2.124 6.83859 6.60432 7.96446 4.12778 4.17375 0 11.5909 12.3847 13.5281 6.94679 8.30154 
9.3143 5.98229 13.7149 7.84696 10.6012 7.07781 15.7187 13.2802 11.5909 0 4.9533 7.61586 7.39167 9.3143 
4.361 1.65347 11.1047 11.1252 13.8795 10.3561 10.7654 16.5584 12.3847 4.9533 0 10.8941 5.43789 4.361 
11.2515 9.24066 15.6521 6.68948 6.92375 5.56361 17.6558 10.3837 13.5281 7.61586 10.8941 0 9.32884 11.2515 
1.92263 3.78442 6.32322 5.68734 8.44159 4.91819 8.327 11.1205 6.94679 7.39167 5.43789 9.32884 0 1.92263 
0 0 0 0 0 0 0 0 0 0 0 0 0 0 
Printing tau_prime:
0 1.94397 3.90635 3.95539 5.0486 3.9917 4.30438 5.89512 4.05787 4.40717 2.81623 6.2001 1.10874 0 
1.94397 0 5.75654 4.50252 5.78248 4.25011 6.23048 7.12165 5.70799 2.92224 0.918061 5.73697 1.90369 1.94397 
3.90635 5.75654 0 4.22501 4.31747 4.76882 0.975088 3.57453 1.16901 7.44389 6.66801 7.37912 4.00267 3.90635 
3.95539 4.50252 4.22501 0 1.30305 0.64277 5.17571 3.09721 3.27796 4.32459 5.24534 3.15533 2.95568 3.95539 
5.0486 5.78248 4.31747 1.30305 0 1.78041 5.29127 2.06281 3.19205 5.52271 6.54286 3.55436 4.13776 5.0486 
3.9917 4.25011 4.76882 0.64277 1.78041 0 5.70142 3.70294 3.87436 3.74897 4.92181 2.63495 2.91988 3.9917 
4.30438 6.23048 0.975088 5.17571 5.29127 5.70142 0 4.43441 2.12154 8.17258 7.11919 8.32427 4.61636 4.30438 
5.89512 7.12165 3.57453 3.09721 2.06281 3.70294 4.43441 0 2.46337 7.41931 7.97753 5.57587 5.26581 5.89512 
4.05787 5.70799 1.16901 3.27796 3.19205 3.87436 2.12154 2.46337 0 6.94863 6.62383 6.41578 3.82655 4.05787 
4.40717 2.92224 7.44389 4.32459 5.52271 3.74897 8.17258 7.41931 6.94863 0 2.80009 3.70447 3.63015 4.40717 
2.81623 0.918061 6.66801 5.24534 6.54286 4.92181 7.11919 7.97753 6.62383 2.80009 0 6.07656 2.80936 2.81623 
6.2001 5.73697 7.37912 3.15533 3.55436 2.63495 8.32427 5.57587 6.41578 3.70447 6.07656 0 5.09461 6.2001 
1.10874 1.90369 4.00267 2.95568 4.13776 2.91988 4.61636 5.26581 3.82655 3.63015 2.80936 5.09461 0 1.10874 
0 0 0 0 0 0 0 0 0 0 0 0 0 0 
Printing number of nodes: 13

Version identifier: 22.1.1.0 | 2022-11-28 | 9160aff4d
CPXPARAM_ClockType                               0
CPXPARAM_Emphasis_MIP                            2
CPXPARAM_MIP_Tolerances_Integrality              0
Tried aggregator 2 times.
MIP Presolve eliminated 604 rows and 423 columns.
MIP Presolve modified 3596 coefficients.
Aggregator did 2 substitutions.
Reduced MIP has 25382 rows, 2304 columns, and 1080869 nonzeros.
Reduced MIP has 2293 binaries, 0 generals, 0 SOSs, and 0 indicators.
Presolve time = 0.45 sec. (1095.56 ticks)
Found incumbent of value 98.509160 after 0.86 sec. (1862.18 ticks)
Probing fixed 258 vars, tightened 0 bounds.
Probing changed sense of 22 constraints.
Probing time = 0.29 sec. (509.28 ticks)
Tried aggregator 1 time.
MIP Presolve eliminated 37 rows and 280 columns.
MIP Presolve modified 50 coefficients.
Reduced MIP has 25345 rows, 2024 columns, and 1079500 nonzeros.
Reduced MIP has 2013 binaries, 0 generals, 0 SOSs, and 0 indicators.
Presolve time = 0.43 sec. (1004.59 ticks)
Probing time = 0.03 sec. (37.59 ticks)
Tried aggregator 1 time.
Detecting symmetries...
Reduced MIP has 25345 rows, 2024 columns, and 1079500 nonzeros.
Reduced MIP has 2013 binaries, 0 generals, 0 SOSs, and 0 indicators.
Presolve time = 0.24 sec. (522.22 ticks)
Probing time = 0.02 sec. (35.22 ticks)
Clique table members: 532239.
MIP emphasis: optimality.
MIP search method: dynamic search.
Parallel mode: deterministic, using up to 20 threads.
Root relaxation solution time = 1.87 sec. (879.25 ticks)

        Nodes                                         Cuts/
   Node  Left     Objective  IInf  Best Integer    Best Bound    ItCnt     Gap

*     0+    0                           98.5092      -12.0000           112.18%
      0     0       35.6293   130       98.5092       35.6293     2832   63.83%
*     0+    0                           65.1539       35.6293            45.32%
      0     0       35.9816   162       65.1539      Cuts: 60     3318   44.77%
*     0+    0                           47.3100       35.9816            23.94%
      0     0       35.9828   176       47.3100      Cuts: 14     3412   23.94%
      0     0       35.9835   170       47.3100       Cuts: 6     3478   23.94%
*     0+    0                           47.2452       35.9835            23.84%
*     0+    0                           46.6249       35.9835            22.82%
      0     0  -1.00000e+75     0       46.6249       35.9835     3478   22.82%
      0     0       35.9842   176       46.6249      Cuts: 17     3550   22.82%
      0     0       35.9846   175       46.6249      Cuts: 10     3581   22.82%
Detecting symmetries...
*     0+    0                           41.4787       35.9846            13.25%
Detecting symmetries...
      0     2       35.9846   175       41.4787       35.9846     3581   13.25%
Elapsed time = 11.01 sec. (16923.64 ticks, tree = 0.02 MB, solutions = 6)
      1     3       35.9908    66       41.4787       35.9846     4120   13.25%
      2     4       35.9908    72       41.4787       35.9846     4510   13.25%
      5     7       36.1165   230       41.4787       35.9908     6078   13.23%
      7     5       35.9908    72       41.4787       35.9908     4670   13.23%
      9     8       36.1497    81       41.4787       35.9908     6382   13.23%
     16    17       37.4320   210       41.4787       35.9908     7828   13.23%
     39    26        cutoff             41.4787       35.9908     8842   13.23%
     71    26       39.4179   232       41.4787       35.9908     9742   13.23%
     93    33       39.6941    69       41.4787       35.9908    11177   13.23%
    225    69       39.9291   254       41.4787       35.9908    25756   13.23%
Elapsed time = 20.66 sec. (20535.25 ticks, tree = 0.12 MB, solutions = 6)
*   324    76      integral     0       41.4481       35.9908    31285   13.17%
    433    86        cutoff             41.4481       35.9908    54707   13.17%
*   469    83      integral     0       40.4916       35.9908    55884   11.12%
*   494    76      integral     0       39.1846       35.9908    59621    8.15%
    507    58    infeasible             39.1846       35.9908    62291    8.15%
    697    39        cutoff             39.1846       35.9908    78570    8.15%
    899    43       38.6501    95       39.1846       35.9908    98371    8.15%
   1088    32       39.0707   118       39.1846       35.9908   101741    8.15%
   1205    17        cutoff             39.1846       35.9908   133167    8.15%
   1354    20        cutoff             39.1846       36.3374   137001    7.27%
   1512    19        cutoff             39.1846       37.3172   154504    4.77%
   1587    13       38.5078    63       39.1846       37.9174   169131    3.23%
Elapsed time = 61.40 sec. (29759.14 ticks, tree = 0.03 MB, solutions = 9)
   1610     2        cutoff             39.1846       38.5738   172504    1.56%
   1627     3        cutoff             39.1846       38.6613   174826    1.34%

GUB cover cuts applied:  1
Clique cuts applied:  2
Implied bound cuts applied:  1
Flow cuts applied:  3
Mixed integer rounding cuts applied:  2
Zero-half cuts applied:  18
Gomory fractional cuts applied:  6

Root node processing (before b&c):
  Real time             =   10.70 sec. (16771.73 ticks)
Parallel b&c, 20 threads:
  Real time             =   52.22 sec. (15001.05 ticks)
  Sync time (average)   =   21.75 sec.
  Wait time (average)   =    0.00 sec.
                          ------------
Total (root+branch&cut) =   62.92 sec. (31772.78 ticks)
Truck arcs:
0 6
1 13
2 8
3 5
4 3
5 12
6 2
7 4
8 7
12 1
customer 9 is served by drone
start of this sortie: 7
end of this sortie: 12

customer 10 is served by drone
start of this sortie: 12
end of this sortie: 13

customer 11 is served by drone
start of this sortie: 0
end of this sortie: 7

39.1846
In write mode
