Instance name: /home/cuong/CLionProjects/uMV-FSTSP/rand_generated_instances/v90
Write arg val: 1

drone speed: 1 miles/minute
uav non-eligible customer: 4 11 14 
Printing tau:
0 10.3295 10.5603 6.94311 2.71285 8.30409 2.21205 10.0612 3.26099 5.02074 8.87141 9.88444 14.1448 0 
10.3295 0 4.21923 5.04247 7.61665 4.67959 8.11745 9.39583 7.06852 5.30876 1.7508 13.0014 6.84521 10.3295 
10.5603 4.21923 0 3.61722 7.84748 2.25624 8.34828 5.1766 7.29934 5.53959 2.46843 8.78221 3.58447 10.5603 
6.94311 5.04247 3.61722 0 4.23026 1.36099 4.73106 4.35336 3.68212 6.2262 3.29167 7.95897 7.2017 6.94311 
2.71285 7.61665 7.84748 4.23026 0 5.59124 3.0392 7.34837 1.17447 6.41045 6.15857 7.77472 11.432 2.71285 
8.30409 4.67959 2.25624 1.36099 5.59124 0 6.09204 4.71624 5.0431 5.86332 2.9288 8.32185 5.84071 8.30409 
2.21205 8.11745 8.34828 4.73106 3.0392 6.09204 0 7.84916 1.86473 3.37125 6.65936 10.8139 11.9328 2.21205 
10.0612 9.39583 5.1766 4.35336 7.34837 4.71624 7.84916 0 6.80023 10.5796 7.64503 3.60561 4.08359 10.0612 
3.26099 7.06852 7.29934 3.68212 1.17447 5.0431 1.86473 6.80023 0 5.23598 5.61043 8.94919 10.8838 3.26099 
5.02074 5.30876 5.53959 6.2262 6.41045 5.86332 3.37125 10.5796 5.23598 0 3.85067 14.1852 9.12406 5.02074 
8.87141 1.7508 2.46843 3.29167 6.15857 2.9288 6.65936 7.64503 5.61043 3.85067 0 11.2506 5.27339 8.87141 
9.88444 13.0014 8.78221 7.95897 7.77472 8.32185 10.8139 3.60561 8.94919 14.1852 11.2506 0 6.15623 9.88444 
14.1448 6.84521 3.58447 7.2017 11.432 5.84071 11.9328 4.08359 10.8838 9.12406 5.27339 6.15623 0 14.1448 
0 0 0 0 0 0 0 0 0 0 0 0 0 0 
Printing tau_prime:
0 5.13022 4.99221 3.36055 1.53494 3.95894 1.19508 5.51497 1.56534 3.21307 4.25593 6.48745 6.85997 0 
5.13022 0 1.99194 2.86334 4.35462 2.40374 3.96311 4.43104 3.84085 2.56403 1.07407 6.13253 3.69424 5.13022 
4.99221 1.99194 0 1.74878 3.7297 1.08552 4.05028 2.45159 3.44184 3.6478 1.40993 4.15222 2.09466 4.99221 
3.36055 2.86334 1.74878 0 1.99605 0.663988 2.60485 2.5243 1.79744 3.07177 1.79836 3.99991 3.49966 3.36055 
1.53494 4.35462 3.7297 1.99605 0 2.64833 1.45201 3.98274 0.61098 3.21179 3.33367 4.98616 5.44282 1.53494 
3.95894 2.40374 1.08552 0.663988 2.64833 0 3.10281 2.37255 2.39567 3.16786 1.40631 3.99307 2.93651 3.95894 
1.19508 3.96311 4.05028 2.60485 1.45201 3.10281 0 5.0237 1.00857 2.0685 3.146 6.25045 6.03848 1.19508 
5.51497 4.43104 2.45159 2.5243 3.98274 2.37255 5.0237 0 4.07695 5.52436 3.64729 1.70174 2.26967 5.51497 
1.56534 3.84085 3.44184 1.79744 0.61098 2.39567 1.00857 4.07695 0 2.60394 2.85866 5.24845 5.29692 1.56534 
3.21307 2.56403 3.6478 3.07177 3.21179 3.16786 2.0685 5.52436 2.60394 0 2.28226 7.0691 5.72931 3.21307 
4.25593 1.07407 1.40993 1.79836 3.33367 1.40631 3.146 3.64729 2.85866 2.28226 0 5.32506 3.45645 4.25593 
6.48745 6.13253 4.15222 3.99991 4.98616 3.99307 6.25045 1.70174 5.24845 7.0691 5.32506 0 3.52924 6.48745 
6.85997 3.69424 2.09466 3.49966 5.44282 2.93651 6.03848 2.26967 5.29692 5.72931 3.45645 3.52924 0 6.85997 
0 0 0 0 0 0 0 0 0 0 0 0 0 0 
Printing number of nodes: 13

Version identifier: 22.1.1.0 | 2022-11-28 | 9160aff4d
CPXPARAM_ClockType                               0
CPXPARAM_Emphasis_MIP                            2
CPXPARAM_MIP_Tolerances_Integrality              0
Tried aggregator 2 times.
MIP Presolve eliminated 1870 rows and 603 columns.
MIP Presolve modified 3671 coefficients.
Aggregator did 2 substitutions.
Reduced MIP has 24312 rows, 2124 columns, and 1017975 nonzeros.
Reduced MIP has 2114 binaries, 0 generals, 0 SOSs, and 0 indicators.
Presolve time = 0.40 sec. (927.97 ticks)
Found incumbent of value 73.640260 after 0.76 sec. (1650.68 ticks)
Probing fixed 240 vars, tightened 0 bounds.
Probing changed sense of 40 constraints.
Probing time = 0.25 sec. (461.17 ticks)
Tried aggregator 1 time.
MIP Presolve eliminated 58 rows and 280 columns.
MIP Presolve modified 48 coefficients.
Reduced MIP has 24254 rows, 1844 columns, and 1016614 nonzeros.
Reduced MIP has 1834 binaries, 0 generals, 0 SOSs, and 0 indicators.
Presolve time = 0.30 sec. (686.56 ticks)
Probing time = 0.03 sec. (35.13 ticks)
Tried aggregator 1 time.
Detecting symmetries...
Reduced MIP has 24254 rows, 1844 columns, and 1016614 nonzeros.
Reduced MIP has 1834 binaries, 0 generals, 0 SOSs, and 0 indicators.
Presolve time = 0.23 sec. (488.58 ticks)
Probing time = 0.02 sec. (32.87 ticks)
Clique table members: 506980.
MIP emphasis: optimality.
MIP search method: dynamic search.
Parallel mode: deterministic, using up to 20 threads.
Root relaxation solution time = 0.66 sec. (411.84 ticks)

        Nodes                                         Cuts/
   Node  Left     Objective  IInf  Best Integer    Best Bound    ItCnt     Gap

*     0+    0                           73.6403       -5.5759           107.57%
      0     0       36.9293    86       73.6403       36.9293     1378   49.85%
*     0+    0                           45.9249       36.9293            19.59%
      0     0       36.9293   102       45.9249      Fract: 4     1894   19.59%
      0     0       36.9293    78       45.9249   ZeroHalf: 1     2210   19.59%
      0     0       36.9293    96       45.9249      Cuts: 10     2937   19.59%
*     0+    0                           43.0891       36.9293            14.30%
      0     0  -1.00000e+75     0       43.0891       36.9293     2937   14.30%
Detecting symmetries...
      0     2       36.9293    96       43.0891       36.9293     2937   14.30%
Elapsed time = 7.66 sec. (13155.21 ticks, tree = 0.02 MB, solutions = 3)
      1     3       36.9293    74       43.0891       36.9293     3852   14.30%
      2     4       36.9293    81       43.0891       36.9293     4253   14.30%
      8    10       37.0339   273       43.0891       36.9293     6689   14.30%
     11    13       37.2162   281       43.0891       36.9293     6866   14.30%
     14    14       37.3168    98       43.0891       36.9293     6949   14.30%
     24    23       37.1663   273       43.0891       36.9293     9732   14.30%
*    25+    9                           42.4201       36.9293            12.94%
*    32+    8                           41.5520       36.9293            11.13%
*    34+    5                           39.9030       36.9293             7.45%
*    37    19      integral     0       38.1374       36.9293    10002    3.17%
     71    32        cutoff             38.1374       36.9293    11172    3.17%
    106    29       37.9274   275       38.1374       36.9293    18372    3.17%
*   262    53      integral     0       37.6459       36.9293    46974    1.90%
*   299    56      integral     0       37.6459       36.9293    48009    1.90%
Elapsed time = 20.13 sec. (17278.13 ticks, tree = 0.09 MB, solutions = 18)

Flow cuts applied:  1
Zero-half cuts applied:  14
Gomory fractional cuts applied:  4

Root node processing (before b&c):
  Real time             =    7.55 sec. (13068.18 ticks)
Parallel b&c, 20 threads:
  Real time             =   13.10 sec. (4683.49 ticks)
  Sync time (average)   =    6.81 sec.
  Wait time (average)   =    0.00 sec.
                          ------------
Total (root+branch&cut) =   20.65 sec. (17751.66 ticks)
Truck arcs:
0 4
2 5
3 8
4 11
5 3
6 13
7 2
8 6
11 7
customer 1 is served by drone
start of this sortie: 0
end of this sortie: 7

customer 9 is served by drone
start of this sortie: 3
end of this sortie: 6

customer 10 is served by drone
start of this sortie: 2
end of this sortie: 3

customer 12 is served by drone
start of this sortie: 7
end of this sortie: 2

37.6459
In write mode
