Instance name: /home/cuong/CLionProjects/uMV-FSTSP/rand_generated_instances/v93
Write arg val: 1

drone speed: 1 miles/minute
uav non-eligible customer: 4 6 11 14 
Printing tau:
0 4.65116 0.908225 6.87951 12.2561 8.7388 2.42739 6.82337 8.30563 9.54265 16.3393 8.31205 1.38445 0 
4.65116 0 4.90445 7.25144 16.9073 13.39 2.22377 6.85541 8.33767 13.2791 20.9905 12.9632 5.40644 4.65116 
0.908225 4.90445 0 5.97129 12.0028 8.48551 2.92046 7.73159 9.21385 10.4509 16.086 8.05876 2.29267 0.908225 
6.87951 7.25144 5.97129 0 9.65581 8.76795 8.89175 13.7029 15.1851 16.4222 13.739 5.71177 8.26396 6.87951 
12.2561 16.9073 12.0028 9.65581 0 3.5173 14.6835 11.8963 11.6095 9.1406 4.0832 3.94404 11.5008 12.2561 
8.7388 13.39 8.48551 8.76795 3.5173 0 11.1662 8.37902 8.09217 7.65421 7.6005 5.2483 7.98352 8.7388 
2.42739 2.22377 2.92046 8.89175 14.6835 11.1662 0 4.81113 6.29339 11.0554 18.7667 10.7394 3.18267 2.42739 
6.82337 6.85541 7.73159 13.7029 11.8963 8.37902 4.81113 0 1.48226 8.26821 15.9795 10.1832 5.43892 6.82337 
8.30563 8.33767 9.21385 15.1851 11.6095 8.09217 6.29339 1.48226 0 7.98136 15.6927 11.6655 6.92118 8.30563 
9.54265 13.2791 10.4509 16.4222 9.1406 7.65421 11.0554 8.26821 7.98136 0 8.36915 12.9025 8.1582 9.54265 
16.3393 20.9905 16.086 13.739 4.0832 7.6005 18.7667 15.9795 15.6927 8.36915 0 8.02724 15.584 16.3393 
8.31205 12.9632 8.05876 5.71177 3.94404 5.2483 10.7394 10.1832 11.6655 12.9025 8.02724 0 7.55678 8.31205 
1.38445 5.40644 2.29267 8.26396 11.5008 7.98352 3.18267 5.43892 6.92118 8.1582 15.584 7.55678 0 1.38445 
0 0 0 0 0 0 0 0 0 0 0 0 0 0 
Printing tau_prime:
0 2.19263 0.444479 3.46696 5.78068 4.2146 1.48633 3.22103 3.92716 6.06455 7.72226 4.22634 0.743436 0 
2.19263 0 2.34858 4.70156 7.97278 6.37668 1.42394 4.00295 4.65673 7.71738 9.9113 6.30906 2.63464 2.19263 
0.444479 2.34858 0 3.02452 5.69179 4.21176 1.86876 3.64505 4.34741 6.31324 7.64625 3.97084 1.10638 0.444479 
3.46696 4.70156 3.02452 0 5.70099 5.04554 4.81527 6.54538 7.21734 8.24649 7.50721 3.16271 3.99158 3.46696 
5.78068 7.97278 5.69179 5.70099 0 1.80004 6.96335 6.37278 6.62061 4.63594 1.95889 2.56937 5.44128 5.78068 
4.2146 6.37668 4.21176 5.04554 1.80004 0 5.26411 4.58407 4.86857 3.60861 3.59872 2.48224 3.77096 4.2146 
1.48633 1.42394 1.86876 4.81527 6.96335 5.26411 0 2.62108 3.30173 6.3057 8.85553 5.66068 1.52923 1.48633 
3.22103 4.00295 3.64505 6.54538 6.37278 4.58407 2.62108 0 0.711708 4.10306 7.9898 6.09074 2.5707 3.22103 
3.92716 4.65673 4.34741 7.21734 6.62061 4.86857 3.30173 0.711708 0 3.80737 8.12577 6.58014 3.26308 3.92716 
6.06455 7.71738 6.31324 8.24649 4.63594 3.60861 6.3057 4.10306 3.80737 0 5.36463 6.08412 5.34449 6.06455 
7.72226 9.9113 7.64625 7.50721 1.95889 3.59872 8.85553 7.9898 8.12577 5.36463 0 4.34583 7.34705 7.72226 
4.22634 6.30906 3.97084 3.16271 2.56937 2.48224 5.66068 6.09074 6.58014 6.08412 4.34583 0 4.20617 4.22634 
0.743436 2.63464 1.10638 3.99158 5.44128 3.77096 1.52923 2.5707 3.26308 5.34449 7.34705 4.20617 0 0.743436 
0 0 0 0 0 0 0 0 0 0 0 0 0 0 
Printing number of nodes: 13

Version identifier: 22.1.1.0 | 2022-11-28 | 9160aff4d
CPXPARAM_ClockType                               0
CPXPARAM_Emphasis_MIP                            2
CPXPARAM_MIP_Tolerances_Integrality              0
Tried aggregator 2 times.
MIP Presolve eliminated 3652 rows and 823 columns.
MIP Presolve modified 2833 coefficients.
Aggregator did 2 substitutions.
Reduced MIP has 22726 rows, 1904 columns, and 934332 nonzeros.
Reduced MIP has 1895 binaries, 0 generals, 0 SOSs, and 0 indicators.
Presolve time = 0.45 sec. (1314.37 ticks)
Probing fixed 198 vars, tightened 0 bounds.
Probing changed sense of 54 constraints.
Probing time = 0.23 sec. (397.32 ticks)
Tried aggregator 1 time.
MIP Presolve eliminated 75 rows and 252 columns.
MIP Presolve modified 24 coefficients.
Reduced MIP has 22651 rows, 1652 columns, and 933093 nonzeros.
Reduced MIP has 1643 binaries, 0 generals, 0 SOSs, and 0 indicators.
Presolve time = 0.28 sec. (630.31 ticks)
Probing time = 0.02 sec. (32.47 ticks)
Tried aggregator 1 time.
Detecting symmetries...
Reduced MIP has 22651 rows, 1652 columns, and 933093 nonzeros.
Reduced MIP has 1643 binaries, 0 generals, 0 SOSs, and 0 indicators.
Presolve time = 0.21 sec. (446.24 ticks)
Probing time = 0.03 sec. (32.06 ticks)
Clique table members: 456775.
MIP emphasis: optimality.
MIP search method: dynamic search.
Parallel mode: deterministic, using up to 20 threads.
Root relaxation solution time = 1.46 sec. (627.57 ticks)

        Nodes                                         Cuts/
   Node  Left     Objective  IInf  Best Integer    Best Bound    ItCnt     Gap

      0     0       41.1574   115                     41.1574     2280         
*     0+    0                           57.9837       41.1574            29.02%
      0     0       41.6168    74       57.9837      Cuts: 75     2535   28.23%
*     0+    0                           54.2561       41.6168            23.30%
      0     0       41.6168    75       54.2561       Cuts: 9     2718   23.30%
      0     0       41.6168    80       54.2561   ZeroHalf: 4     2749   23.30%
*     0+    0                           51.1651       41.6168            18.66%
      0     0  -1.00000e+75     0       51.1651       41.6168     2749   18.66%
*     0+    0                           47.1519       41.6168            11.74%
*     0+    0                           42.1000       41.6168             1.15%
Detecting symmetries...

Repeating presolve.
Tried aggregator 1 time.
MIP Presolve eliminated 15946 rows and 1052 columns.
MIP Presolve modified 45108 coefficients.
Reduced MIP has 6704 rows, 600 columns, and 118534 nonzeros.
Reduced MIP has 592 binaries, 0 generals, 0 SOSs, and 0 indicators.
Presolve time = 1.08 sec. (5713.34 ticks)
Probing fixed 8 vars, tightened 0 bounds.
Probing changed sense of 39 constraints.
Probing time = 0.03 sec. (19.21 ticks)
Tried aggregator 2 times.
MIP Presolve eliminated 1293 rows and 54 columns.
MIP Presolve modified 10700 coefficients.
Aggregator did 5 substitutions.
Reduced MIP has 5406 rows, 541 columns, and 90306 nonzeros.
Reduced MIP has 533 binaries, 0 generals, 0 SOSs, and 0 indicators.
Presolve time = 0.14 sec. (663.58 ticks)
Probing changed sense of 3 constraints.
Probing time = 0.02 sec. (53.96 ticks)
Tried aggregator 1 time.
MIP Presolve eliminated 40 rows and 22 columns.
MIP Presolve modified 91 coefficients.
Reduced MIP has 5366 rows, 519 columns, and 89976 nonzeros.
Reduced MIP has 511 binaries, 0 generals, 0 SOSs, and 0 indicators.
Presolve time = 0.03 sec. (87.08 ticks)
Probing time = 0.01 sec. (9.75 ticks)
Tried aggregator 1 time.
Detecting symmetries...
Reduced MIP has 5366 rows, 519 columns, and 89976 nonzeros.
Reduced MIP has 511 binaries, 0 generals, 0 SOSs, and 0 indicators.
Presolve time = 0.02 sec. (53.74 ticks)
Represolve time = 1.39 sec. (6663.91 ticks)
Probing time = 0.01 sec. (9.74 ticks)
Clique table members: 40763.
MIP emphasis: optimality.
MIP search method: dynamic search.
Parallel mode: deterministic, using up to 20 threads.
Root relaxation solution time = 0.06 sec. (76.41 ticks)

        Nodes                                         Cuts/
   Node  Left     Objective  IInf  Best Integer    Best Bound    ItCnt     Gap

*     0+    0                           42.1000       41.6168             1.15%
      0     0       41.6168    61       42.1000       41.6168     3620    1.15%
      0     0       41.6168    60       42.1000    MIRcuts: 1     3678    1.15%
      0     0       41.6168    80       42.1000       Cuts: 8     3841    1.15%
      0     0       41.6168    14       42.1000    MIRcuts: 1     3842    1.15%
      0     0       41.6168    72       42.1000    MIRcuts: 2     3922    1.15%
Detecting symmetries...
      0     2       41.6168    21       42.1000       41.6168     3922    1.15%
Elapsed time = 12.69 sec. (25663.98 ticks, tree = 0.02 MB, solutions = 5)
     83    15        cutoff             42.1000       41.6168    10081    1.15%
    345    42       41.7378    76       42.1000       41.6168    23512    1.15%
    457     2       42.0320    29       42.1000       42.0320    38869    0.16%

Clique cuts applied:  8
Cover cuts applied:  69
Mixed integer rounding cuts applied:  6
Zero-half cuts applied:  11
Lift and project cuts applied:  1
Gomory fractional cuts applied:  2

Root node processing (before b&c):
  Real time             =   12.66 sec. (25660.74 ticks)
Parallel b&c, 20 threads:
  Real time             =    1.09 sec. (726.57 ticks)
  Sync time (average)   =    0.72 sec.
  Wait time (average)   =    0.00 sec.
                          ------------
Total (root+branch&cut) =   13.76 sec. (26387.31 ticks)
Truck arcs:
0 12
2 13
4 5
5 8
6 2
7 6
8 7
11 4
12 11
customer 1 is served by drone
start of this sortie: 8
end of this sortie: 13

customer 3 is served by drone
start of this sortie: 0
end of this sortie: 11

customer 9 is served by drone
start of this sortie: 5
end of this sortie: 8

customer 10 is served by drone
start of this sortie: 11
end of this sortie: 5

42.1
In write mode
