Instance name: /home/cuong/CLionProjects/uMV-FSTSP/rand_generated_instances/v96
Write arg val: 1

drone speed: 1 miles/minute
uav non-eligible customer: 1 2 10 14 
Printing tau:
0 12.4294 9.09598 7.47468 8.30423 10.4028 2.77968 9.45038 7.39288 8.01786 5.15263 7.28131 6.02099 0 
12.4294 0 3.3334 7.20956 6.55364 2.92575 15.2091 21.8798 19.8223 5.36752 7.27675 5.55782 18.4504 12.4294 
9.09598 3.3334 0 5.98767 6.81722 2.66218 11.8757 18.5464 16.4889 5.10395 3.94335 5.79429 15.117 9.09598 
7.47468 7.20956 5.98767 0 2.29773 8.64984 7.99951 14.6702 12.6127 11.0916 8.23967 1.65174 11.2408 7.47468 
8.30423 6.55364 6.81722 2.29773 0 9.47939 10.2972 16.9679 14.9104 11.9212 9.06922 1.02292 13.5385 8.30423 
10.4028 2.92575 2.66218 8.64984 9.47939 0 13.1825 19.8532 17.7957 2.44177 5.25021 8.45647 16.4238 10.4028 
2.77968 15.2091 11.8757 7.99951 10.2972 13.1825 0 6.6707 4.6132 10.7975 7.93231 9.65125 3.24131 2.77968 
9.45038 21.8798 18.5464 14.6702 16.9679 19.8532 6.6707 0 2.0575 17.4682 14.603 16.3219 3.42939 9.45038 
7.39288 19.8223 16.4889 12.6127 14.9104 17.7957 4.6132 2.0575 0 15.4107 12.5455 14.2644 1.79448 7.39288 
8.01786 5.36752 5.10395 11.0916 11.9212 2.44177 10.7975 17.4682 15.4107 0 2.86523 10.8982 14.0389 8.01786 
5.15263 7.27675 3.94335 8.23967 9.06922 5.25021 7.93231 14.603 12.5455 2.86523 0 8.04629 11.1736 5.15263 
7.28131 5.55782 5.79429 1.65174 1.02292 8.45647 9.65125 16.3219 14.2644 10.8982 8.04629 0 12.8926 7.28131 
6.02099 18.4504 15.117 11.2408 13.5385 16.4238 3.24131 3.42939 1.79448 14.0389 11.1736 12.8926 0 6.02099 
0 0 0 0 0 0 0 0 0 0 0 0 0 0 
Printing tau_prime:
0 5.9171 4.34481 4.29774 5.28044 4.93514 1.3207 4.49633 3.55891 4.14644 2.4556 4.7196 3.24229 0 
5.9171 0 1.57629 4.33956 3.86081 1.67776 7.19996 10.3165 9.34488 3.27522 3.62949 3.69619 8.72919 5.9171 
4.34481 1.57629 0 3.36243 3.29868 1.39802 5.62384 8.74333 7.77295 2.45912 2.14069 2.92582 7.17867 4.34481 
4.29774 4.33956 3.36243 0 1.15159 4.75356 5.04983 7.50484 6.57296 5.39244 3.88434 0.783955 5.64856 4.29774 
5.28044 3.86081 3.29868 1.15159 0 4.67104 6.13375 8.65506 7.72022 5.62464 4.41823 0.570317 6.80013 5.28044 
4.93514 1.67776 1.39802 4.75356 4.67104 0 6.25575 9.43083 8.48537 1.60903 2.48251 4.32003 8.0276 4.93514 
1.3207 7.19996 5.62384 5.04983 6.13375 6.25575 0 3.17573 2.24472 5.42266 3.77609 5.60139 2.07391 1.3207 
4.49633 10.3165 8.74333 7.50484 8.65506 9.43083 3.17573 0 0.976445 8.55346 6.95182 8.19605 1.8795 4.49633 
3.55891 9.34488 7.77295 6.57296 7.72022 8.48537 2.24472 0.976445 0 7.65919 6.01217 7.25028 1.06481 3.55891 
4.14644 3.27522 2.45912 5.39244 5.62464 1.60903 5.42266 8.55346 7.65919 0 1.90573 5.16582 7.3828 4.14644 
2.4556 3.62949 2.14069 3.88434 4.41823 2.48251 3.77609 6.95182 6.01217 1.90573 0 3.87865 5.60903 2.4556 
4.7196 3.69619 2.92582 0.783955 0.570317 4.32003 5.60139 8.19605 7.25028 5.16582 3.87865 0 6.35737 4.7196 
3.24229 8.72919 7.17867 5.64856 6.80013 8.0276 2.07391 1.8795 1.06481 7.3828 5.60903 6.35737 0 3.24229 
0 0 0 0 0 0 0 0 0 0 0 0 0 0 
Printing number of nodes: 13

Version identifier: 22.1.1.0 | 2022-11-28 | 9160aff4d
CPXPARAM_ClockType                               0
CPXPARAM_Emphasis_MIP                            2
CPXPARAM_MIP_Tolerances_Integrality              0
Tried aggregator 2 times.
MIP Presolve eliminated 3655 rows and 852 columns.
MIP Presolve modified 2965 coefficients.
Aggregator did 2 substitutions.
Reduced MIP has 22723 rows, 1875 columns, and 934149 nonzeros.
Reduced MIP has 1866 binaries, 0 generals, 0 SOSs, and 0 indicators.
Presolve time = 0.40 sec. (987.42 ticks)
Probing fixed 201 vars, tightened 0 bounds.
Probing changed sense of 54 constraints.
Probing time = 0.22 sec. (384.68 ticks)
Tried aggregator 1 time.
MIP Presolve eliminated 75 rows and 255 columns.
MIP Presolve modified 47 coefficients.
Reduced MIP has 22648 rows, 1620 columns, and 932904 nonzeros.
Reduced MIP has 1611 binaries, 0 generals, 0 SOSs, and 0 indicators.
Presolve time = 0.37 sec. (888.23 ticks)
Probing time = 0.02 sec. (33.75 ticks)
Tried aggregator 1 time.
Detecting symmetries...
Reduced MIP has 22648 rows, 1620 columns, and 932904 nonzeros.
Reduced MIP has 1611 binaries, 0 generals, 0 SOSs, and 0 indicators.
Presolve time = 0.21 sec. (449.42 ticks)
Probing time = 0.16 sec. (32.05 ticks)
Clique table members: 454828.
MIP emphasis: optimality.
MIP search method: dynamic search.
Parallel mode: deterministic, using up to 20 threads.
Root relaxation solution time = 1.69 sec. (723.87 ticks)

        Nodes                                         Cuts/
   Node  Left     Objective  IInf  Best Integer    Best Bound    ItCnt     Gap

      0     0       40.3177   124                     40.3177     1511         
*     0+    0                           75.5296       40.3177            46.62%
      0     0       40.4234   102       75.5296      Cuts: 59     2802   46.48%
*     0+    0                           70.4586       40.4234            42.63%
      0     0       40.4252   106       70.4586      Cuts: 18     2853   42.63%
      0     0       40.4254   149       70.4586  ZeroHalf: 16     2918   42.63%
*     0+    0                           50.4323       40.4254            19.84%
      0     0  -1.00000e+75     0       50.4323       40.4254     2918   19.84%
      0     0       40.4264   110       50.4323  ZeroHalf: 10     2964   19.84%
      0     0       40.4269   111       50.4323      Cuts: 11     2994   19.84%
Detecting symmetries...
*     0+    0                           50.4237       40.4269            19.83%
*     0+    0                           46.7533       40.4269            13.53%
      0     0  -1.00000e+75     0       46.7533       40.4269     2994   13.53%
Detecting symmetries...
      0     2       40.4269   110       46.7533       40.4269     2994   13.53%
Elapsed time = 9.43 sec. (14896.98 ticks, tree = 0.02 MB, solutions = 5)
      3     5       40.5538   106       46.7533       40.4269     3577   13.53%
      7     5        cutoff             46.7533       40.4269     3781   13.53%
*    21     9      integral     0       45.5955       40.4269     4630   11.34%
     28     3       40.4366   130       45.5955       40.4269     3391   11.34%
     31     8       42.3043   200       45.5955       40.4347     6657   11.32%
     51     8        cutoff             45.5955       40.4467     7652   11.29%
*    55+   11                           45.3034       40.4467            10.72%
*    61+   11                           44.1884       40.4467             8.47%
    100    27       41.1793    58       44.1884       40.4467    11043    8.47%
    133    33       41.1285    39       44.1884       40.4533    16295    8.45%
    169    42        cutoff             44.1884       40.4533    20288    8.45%
*   210    47      integral     0       43.6642       40.4533    21256    7.35%
    263    50       42.4285   244       43.6642       40.4533    21711    7.35%
*   275    30      integral     0       41.8461       40.4533    23901    3.33%
    427    18       41.6129    77       41.8461       40.4533    35543    3.33%
Elapsed time = 18.33 sec. (18485.67 ticks, tree = 0.03 MB, solutions = 15)
    501    12       41.3126   204       41.8461       41.1129    41510    1.75%
    585    12        cutoff             41.8461       41.1129    50869    1.75%
    686    12        cutoff             41.8461       41.1659    64862    1.63%
    730     3        cutoff             41.8461       41.3416    69449    1.21%

GUB cover cuts applied:  1
Clique cuts applied:  7
Cover cuts applied:  3
Mixed integer rounding cuts applied:  1
Zero-half cuts applied:  23
Lift and project cuts applied:  1
Gomory fractional cuts applied:  1

Root node processing (before b&c):
  Real time             =    9.34 sec. (14757.18 ticks)
Parallel b&c, 20 threads:
  Real time             =   17.03 sec. (8462.96 ticks)
  Sync time (average)   =    9.72 sec.
  Wait time (average)   =    0.00 sec.
                          ------------
Total (root+branch&cut) =   26.37 sec. (23220.13 ticks)
Truck arcs:
0 6
1 2
2 5
3 4
4 11
5 9
6 3
9 10
10 13
11 1
customer 7 is served by drone
start of this sortie: 2
end of this sortie: 13

customer 8 is served by drone
start of this sortie: 0
end of this sortie: 3

customer 12 is served by drone
start of this sortie: 3
end of this sortie: 2

41.8461
In write mode
