Instance name: /home/cuong/CLionProjects/uMV-FSTSP/rand_generated_instances/v97
Write arg val: 1

drone speed: 1 miles/minute
uav non-eligible customer: 3 7 10 11 12 14 
Printing tau:
0 8.20043 6.21657 8.77069 11.1519 10.0293 2.54006 9.42631 4.03651 4.36112 16.5569 3.26169 2.053 0 
8.20043 0 8.23657 9.34313 7.06479 3.18248 10.7405 2.5795 12.0255 12.5616 8.35649 7.80068 8.51949 8.20043 
6.21657 8.23657 0 10.1605 12.5417 11.4191 8.75664 10.8161 10.0416 10.5777 10.3403 2.95488 6.53563 6.21657 
8.77069 9.34313 10.1605 0 2.38124 6.32239 7.33216 10.1611 4.73418 5.70177 17.6996 9.72455 6.71769 8.77069 
11.1519 7.06479 12.5417 2.38124 0 4.04405 9.7134 7.88277 7.11542 8.08301 15.4213 12.1058 9.09893 11.1519 
10.0293 3.18248 11.4191 6.32239 4.04405 0 8.59076 3.83872 9.00472 9.54081 11.3772 10.9832 7.97629 10.0293 
2.54006 10.7405 8.75664 7.33216 9.7134 8.59076 0 11.5585 2.59798 1.82106 19.097 5.80175 2.221 2.54006 
9.42631 2.5795 10.8161 10.1611 7.88277 3.83872 11.5585 0 12.8434 13.3795 7.53851 10.3802 9.33747 9.42631 
4.03651 12.0255 10.0416 4.73418 7.11542 9.00472 2.59798 12.8434 0 0.967593 20.382 7.08673 3.50598 4.03651 
4.36112 12.5616 10.5777 5.70177 8.08301 9.54081 1.82106 13.3795 0.967593 0 20.918 7.62282 4.04206 4.36112 
16.5569 8.35649 10.3403 17.6996 15.4213 11.3772 19.097 7.53851 20.382 20.918 0 13.2952 16.876 16.5569 
3.26169 7.80068 2.95488 9.72455 12.1058 10.9832 5.80175 10.3802 7.08673 7.62282 13.2952 0 3.58075 3.26169 
2.053 8.51949 6.53563 6.71769 9.09893 7.97629 2.221 9.33747 3.50598 4.04206 16.876 3.58075 0 2.053 
0 0 0 0 0 0 0 0 0 0 0 0 0 0 
Printing tau_prime:
0 5.036 3.00286 4.16948 5.28426 5.32115 1.37609 6.14974 2.62146 2.51386 7.9056 1.60198 0.979411 0 
5.036 0 3.9938 4.4968 3.90001 2.06845 5.66878 1.27566 5.8216 6.18358 4.40462 4.35231 4.60826 5.036 
3.00286 3.9938 0 5.91408 6.37896 5.40514 4.33789 5.26704 5.38059 5.41125 5.23617 1.40802 3.48224 3.00286 
4.16948 4.4968 5.91408 0 1.55357 3.03888 3.51862 4.79995 2.56504 3.08647 8.82589 5.03246 3.19046 4.16948 
5.28426 3.90001 6.37896 1.55357 0 1.97847 4.89582 3.80397 4.08894 4.60795 8.29743 5.79407 4.34375 5.28426 
5.32115 2.06845 5.40514 3.03888 1.97847 0 5.44458 1.83178 5.09898 5.56724 6.38831 5.25586 4.56697 5.32115 
1.37609 5.66878 4.33789 3.51862 4.89582 5.44458 0 6.62324 1.36631 1.15224 9.021 2.95837 1.08632 1.37609 
6.14974 1.27566 5.26704 4.79995 3.80397 1.83178 6.62324 0 6.56597 6.98297 4.77307 5.59539 5.6086 6.14974 
2.62146 5.8216 5.38059 2.56504 4.08894 5.09898 1.36631 6.56597 0 0.521456 9.62982 4.0859 1.8989 2.62146 
2.51386 6.18358 5.41125 3.08647 4.60795 5.56724 1.15224 6.98297 0.521456 0 9.86268 4.06312 1.96471 2.51386 
7.9056 4.40462 5.23617 8.82589 8.29743 6.38831 9.021 4.77307 9.62982 9.86268 0 6.49568 7.96067 7.9056 
1.60198 4.35231 1.40802 5.03246 5.79407 5.25586 2.95837 5.59539 4.0859 4.06312 6.49568 0 2.20419 1.60198 
0.979411 4.60826 3.48224 3.19046 4.34375 4.56697 1.08632 5.6086 1.8989 1.96471 7.96067 2.20419 0 0.979411 
0 0 0 0 0 0 0 0 0 0 0 0 0 0 
Printing number of nodes: 13

Version identifier: 22.1.1.0 | 2022-11-28 | 9160aff4d
CPXPARAM_ClockType                               0
CPXPARAM_Emphasis_MIP                            2
CPXPARAM_MIP_Tolerances_Integrality              0
Tried aggregator 2 times.
MIP Presolve eliminated 7856 rows and 1215 columns.
MIP Presolve modified 2294 coefficients.
Aggregator did 2 substitutions.
Reduced MIP has 18914 rows, 1512 columns, and 749660 nonzeros.
Reduced MIP has 1505 binaries, 0 generals, 0 SOSs, and 0 indicators.
Presolve time = 0.35 sec. (830.12 ticks)
Found incumbent of value 120.214280 after 0.62 sec. (1342.71 ticks)
Probing fixed 162 vars, tightened 0 bounds.
Probing changed sense of 70 constraints.
Probing time = 0.16 sec. (264.07 ticks)
Tried aggregator 1 time.
MIP Presolve eliminated 97 rows and 232 columns.
MIP Presolve modified 60 coefficients.
Reduced MIP has 18817 rows, 1280 columns, and 748522 nonzeros.
Reduced MIP has 1273 binaries, 0 generals, 0 SOSs, and 0 indicators.
Presolve time = 0.29 sec. (708.18 ticks)
Probing time = 0.02 sec. (29.76 ticks)
Tried aggregator 1 time.
Detecting symmetries...
Reduced MIP has 18817 rows, 1280 columns, and 748522 nonzeros.
Reduced MIP has 1273 binaries, 0 generals, 0 SOSs, and 0 indicators.
Presolve time = 0.16 sec. (356.09 ticks)
Probing time = 0.02 sec. (28.05 ticks)
Clique table members: 350306.
MIP emphasis: optimality.
MIP search method: dynamic search.
Parallel mode: deterministic, using up to 20 threads.
Root relaxation solution time = 0.27 sec. (282.99 ticks)

        Nodes                                         Cuts/
   Node  Left     Objective  IInf  Best Integer    Best Bound    ItCnt     Gap

*     0+    0                          120.2143      -12.0000           109.98%
      0     0       47.1562    36      120.2143       47.1562      865   60.77%
*     0+    0                           49.9695       47.1562             5.63%
*     0+    0                           47.1562       47.1562             0.00%
      0     0        cutoff             47.1562       47.1562      865    0.00%
Elapsed time = 2.47 sec. (5118.83 ticks, tree = 0.01 MB, solutions = 3)

Root node processing (before b&c):
  Real time             =    2.47 sec. (5121.11 ticks)
Parallel b&c, 20 threads:
  Real time             =    0.00 sec. (0.00 ticks)
  Sync time (average)   =    0.00 sec.
  Wait time (average)   =    0.00 sec.
                          ------------
Total (root+branch&cut) =    2.47 sec. (5121.11 ticks)
Truck arcs:
0 11
2 10
3 8
4 3
5 4
6 12
7 5
8 9
9 6
10 7
11 2
12 13
customer 1 is served by drone
start of this sortie: 0
end of this sortie: 10

47.1562
In write mode
