Instance name: /home/cuong/CLionProjects/uMV-FSTSP/50_dis_rand_ins/v1
Write arg val: 1

drone speed: 1 miles/minute
uav non-eligible customer: 11 
Printing tau:
0 6.61613 57.8482 57.7949 51.657 58.8978 47.7349 69.3841 62.1955 96.4958 104.461 0 
6.61613 0 62.514 62.4607 56.3228 63.5636 52.4007 74.0499 66.8613 101.162 109.127 6.61613 
57.8482 62.514 0 36.3828 36.1502 37.0301 21.6512 68.5838 56.1431 38.6476 46.6132 57.8482 
57.7949 62.4607 36.3828 0 72.533 73.4129 58.034 104.967 92.5259 57.6748 55.3043 57.7949 
51.657 56.3228 36.1502 72.533 0 7.24072 14.499 32.4336 19.9929 44.8388 52.8044 51.657 
58.8978 63.5636 37.0301 73.4129 7.24072 0 15.3789 31.5537 19.113 37.598 45.5637 58.8978 
47.7349 52.4007 21.6512 58.034 14.499 15.3789 0 46.9326 34.4919 48.7609 56.7265 47.7349 
69.3841 74.0499 68.5838 104.967 32.4336 31.5537 46.9326 0 12.4407 47.2918 49.6623 69.3841 
62.1955 66.8613 56.1431 92.5259 19.9929 19.113 34.4919 12.4407 0 34.8511 42.266 62.1955 
96.4958 101.162 38.6476 57.6748 44.8388 37.598 48.7609 47.2918 34.8511 0 7.96563 96.4958 
104.461 109.127 46.6132 55.3043 52.8044 45.5637 56.7265 49.6623 42.266 7.96563 0 104.461 
0 0 0 0 0 0 0 0 0 0 0 0 
Printing tau_prime:
0 2.14674 16.0972 21.1172 14.4831 16.3797 12.6868 22.705 19.2902 25.5987 27.6999 0 
2.14674 0 17.8552 23.2259 15.2235 17.1529 13.9236 22.7809 19.5555 26.8428 28.9819 2.14674 
16.0972 17.8552 0 9.64746 9.72532 9.82303 6.33658 18.4415 14.9317 11.7003 13.3397 16.0972 
21.1172 23.2259 9.64746 0 19.3019 19.4687 15.6181 28.0026 24.5624 18.4173 19.188 21.1172 
14.4831 15.2235 9.72532 19.3019 0 1.93411 3.98281 9.80102 5.99282 12.5255 14.7283 14.4831 
16.3797 17.1529 9.82303 19.4687 1.93411 0 5.03897 8.81688 5.14298 10.8079 13.0011 16.3797 
12.6868 13.9236 6.33658 15.6181 3.98281 5.03897 0 13.7051 9.9173 12.93 15.0593 12.6868 
22.705 22.7809 18.4415 28.0026 9.80102 8.81688 13.7051 0 3.80997 14.4547 16.1223 22.705 
19.2902 19.5555 14.9317 24.5624 5.99282 5.14298 9.9173 3.80997 0 12.9663 14.9339 19.2902 
25.5987 26.8428 11.7003 18.4173 12.5255 10.8079 12.93 14.4547 12.9663 0 2.20375 25.5987 
27.6999 28.9819 13.3397 19.188 14.7283 13.0011 15.0593 16.1223 14.9339 2.20375 0 27.6999 
0 0 0 0 0 0 0 0 0 0 0 0 
Printing number of nodes: 11

Version identifier: 22.1.1.0 | 2022-11-28 | 9160aff4d
CPXPARAM_ClockType                               0
CPXPARAM_Emphasis_MIP                            2
CPXPARAM_MIP_Tolerances_Integrality              0
Tried aggregator 4 times.
MIP Presolve eliminated 806 rows and 1371 columns.
MIP Presolve modified 653 coefficients.
Aggregator did 39 substitutions.
Reduced MIP has 5141 rows, 305 columns, and 148312 nonzeros.
Reduced MIP has 297 binaries, 0 generals, 0 SOSs, and 0 indicators.
Presolve time = 0.21 sec. (724.46 ticks)
Found incumbent of value 511.356430 after 0.28 sec. (873.16 ticks)
Probing fixed 103 vars, tightened 0 bounds.
Probing changed sense of 27 constraints.
Probing time = 0.01 sec. (13.16 ticks)
Tried aggregator 2 times.
MIP Presolve eliminated 997 rows and 114 columns.
MIP Presolve added 4 rows and 0 columns.
MIP Presolve modified 113 coefficients.
Aggregator did 2 substitutions.
Reduced MIP has 4143 rows, 189 columns, and 116246 nonzeros.
Reduced MIP has 184 binaries, 0 generals, 0 SOSs, and 0 indicators.
Presolve time = 0.07 sec. (188.83 ticks)
Probing changed sense of 4 constraints.
Probing time = 0.01 sec. (6.24 ticks)
Tried aggregator 1 time.
Detecting symmetries...
MIP Presolve eliminated 31 rows and 27 columns.
MIP Presolve modified 24 coefficients.
Reduced MIP has 4112 rows, 162 columns, and 116112 nonzeros.
Reduced MIP has 158 binaries, 0 generals, 0 SOSs, and 0 indicators.
Presolve time = 0.06 sec. (173.26 ticks)
Probing changed sense of 2 constraints.
Probing time = 0.01 sec. (5.98 ticks)
Clique table members: 6356.
MIP emphasis: optimality.
MIP search method: dynamic search.
Parallel mode: deterministic, using up to 20 threads.
Root relaxation solution time = 0.02 sec. (27.16 ticks)

        Nodes                                         Cuts/
   Node  Left     Objective  IInf  Best Integer    Best Bound    ItCnt     Gap

*     0+    0                          511.3564       13.2323            97.41%
      0     0      271.1424    40      511.3564      271.1424      162   46.98%
*     0+    0                          418.0663      271.1424            35.14%
      0     0      272.7256    32      418.0663      Cuts: 33      169   34.77%
*     0+    0                          272.7256      272.7256             0.00%
      0     0        cutoff            272.7256      272.7256      169    0.00%
Elapsed time = 0.53 sec. (1469.03 ticks, tree = 0.01 MB, solutions = 3)

Clique cuts applied:  14
Implied bound cuts applied:  2
Zero-half cuts applied:  6
Lift and project cuts applied:  7
Gomory fractional cuts applied:  4

Root node processing (before b&c):
  Real time             =    0.53 sec. (1469.46 ticks)
Parallel b&c, 20 threads:
  Real time             =    0.00 sec. (0.00 ticks)
  Sync time (average)   =    0.00 sec.
  Wait time (average)   =    0.00 sec.
                          ------------
Total (root+branch&cut) =    0.53 sec. (1469.46 ticks)
Truck arcs:
0 6
1 11
3 1
4 5
5 8
6 4
8 9
9 10
10 3
272.726
In write mode
