Instance name: /home/cuong/CLionProjects/uMV-FSTSP/50_dis_rand_ins/v100
Write arg val: 1

drone speed: 1 miles/minute
uav non-eligible customer: 8 9 11 
Printing tau:
0 18.241 57.6045 57.5208 43.6131 64.58 57.4524 49.4331 47.944 112.151 116.089 0 
18.241 0 56.2332 56.1495 25.372 46.339 39.2114 34.5165 49.3153 93.9095 97.8476 18.241 
57.6045 56.2332 0 1.10642 50.9119 60.4022 55.1125 90.7497 105.548 64.5691 68.5072 57.6045 
57.5208 56.1495 1.10642 0 50.8282 60.3186 55.0288 90.666 105.465 63.4627 67.4008 57.5208 
43.6131 25.372 50.9119 50.8282 0 20.9669 13.8393 39.8378 54.6365 68.5375 72.4756 43.6131 
64.58 46.339 60.4022 60.3186 20.9669 0 7.12761 30.3474 45.1462 47.5705 51.5086 64.58 
57.4524 39.2114 55.1125 55.0288 13.8393 7.12761 0 35.6372 50.4359 54.6981 58.6362 57.4524 
49.4331 34.5165 90.7497 90.666 39.8378 30.3474 35.6372 0 16.1865 62.7174 66.6555 49.4331 
47.944 49.3153 105.548 105.465 54.6365 45.1462 50.4359 16.1865 0 78.9039 82.842 47.944 
112.151 93.9095 64.5691 63.4627 68.5375 47.5705 54.6981 62.7174 78.9039 0 3.9381 112.151 
116.089 97.8476 68.5072 67.4008 72.4756 51.5086 58.6362 66.6555 82.842 3.9381 0 116.089 
0 0 0 0 0 0 0 0 0 0 0 0 
Printing tau_prime:
0 4.85053 19.8117 19.9829 11.7 17.1404 15.2487 15.7818 15.4707 29.7426 30.7842 0 
4.85053 0 16.8187 16.9369 6.87415 12.3371 10.4017 12.3361 13.6686 24.9166 25.9545 4.85053 
19.8117 16.8187 0 0.294222 13.541 16.6387 14.8465 24.0687 28.2447 23.2821 23.9352 19.8117 
19.9829 16.9369 0.294222 0 13.5449 16.5402 14.7756 24.0423 28.2637 23.052 23.6987 19.9829 
11.7 6.87415 13.541 13.5449 0 6.10271 3.83503 10.6757 14.7462 18.3158 19.3308 11.7 
17.1404 12.3371 16.6387 16.5402 6.10271 0 2.35361 8.99373 14.5719 12.6163 13.6651 17.1404 
15.2487 10.4017 14.8465 14.7756 3.83503 2.35361 0 9.68603 14.8343 14.5506 15.5786 15.2487 
15.7818 12.3361 24.0687 24.0423 10.6757 8.99373 9.68603 0 5.81557 18.5807 19.603 15.7818 
15.4707 13.6686 28.2447 28.2637 14.7462 14.5719 14.8343 5.81557 0 24.2252 25.2262 15.4707 
29.7426 24.9166 23.2821 23.052 18.3158 12.6163 14.5506 18.5807 24.2252 0 1.06168 29.7426 
30.7842 25.9545 23.9352 23.6987 19.3308 13.6651 15.5786 19.603 25.2262 1.06168 0 30.7842 
0 0 0 0 0 0 0 0 0 0 0 0 
Printing number of nodes: 11

Version identifier: 22.1.1.0 | 2022-11-28 | 9160aff4d
CPXPARAM_ClockType                               0
CPXPARAM_Emphasis_MIP                            2
CPXPARAM_MIP_Tolerances_Integrality              0
Tried aggregator 3 times.
MIP Presolve eliminated 1109 rows and 1402 columns.
MIP Presolve modified 466 coefficients.
Aggregator did 35 substitutions.
Reduced MIP has 5131 rows, 278 columns, and 148080 nonzeros.
Reduced MIP has 270 binaries, 0 generals, 0 SOSs, and 0 indicators.
Presolve time = 0.15 sec. (564.47 ticks)
Found incumbent of value 630.657900 after 0.25 sec. (733.16 ticks)
Probing fixed 110 vars, tightened 0 bounds.
Probing changed sense of 34 constraints.
Probing time = 0.01 sec. (11.32 ticks)
Tried aggregator 2 times.
MIP Presolve eliminated 2228 rows and 128 columns.
MIP Presolve added 2 rows and 0 columns.
MIP Presolve modified 135 coefficients.
Aggregator did 6 substitutions.
Reduced MIP has 2894 rows, 144 columns, and 80028 nonzeros.
Reduced MIP has 141 binaries, 0 generals, 0 SOSs, and 0 indicators.
Presolve time = 0.07 sec. (189.77 ticks)
Probing fixed 1 vars, tightened 0 bounds.
Probing changed sense of 9 constraints.
Probing time = 0.00 sec. (14.02 ticks)
Tried aggregator 1 time.
Detecting symmetries...
MIP Presolve eliminated 34 rows and 16 columns.
MIP Presolve modified 3 coefficients.
Reduced MIP has 2860 rows, 128 columns, and 79913 nonzeros.
Reduced MIP has 128 binaries, 0 generals, 0 SOSs, and 0 indicators.
Presolve time = 0.04 sec. (118.90 ticks)
Probing time = 0.00 sec. (8.52 ticks)
Clique table members: 2658.
MIP emphasis: optimality.
MIP search method: dynamic search.
Parallel mode: deterministic, using up to 20 threads.
Root relaxation solution time = 0.01 sec. (14.16 ticks)

        Nodes                                         Cuts/
   Node  Left     Objective  IInf  Best Integer    Best Bound    ItCnt     Gap

*     0+    0                          630.6579       -0.6669           100.11%
*     0+    0                          516.0012       -0.6669           100.13%
*     0+    0                          502.4490       -0.6669           100.13%
      0     0      302.6830    28      502.4490      302.6830      101   39.76%
*     0+    0                          307.9921      302.6830             1.72%
*     0+    0                          302.7185      302.6830             0.01%
      0     0        cutoff            302.7185      302.7185      102    0.00%
Elapsed time = 0.50 sec. (1423.22 ticks, tree = 0.01 MB, solutions = 5)

Clique cuts applied:  4
Implied bound cuts applied:  2
Gomory fractional cuts applied:  1

Root node processing (before b&c):
  Real time             =    0.50 sec. (1423.31 ticks)
Parallel b&c, 20 threads:
  Real time             =    0.00 sec. (0.00 ticks)
  Sync time (average)   =    0.00 sec.
  Wait time (average)   =    0.00 sec.
                          ------------
Total (root+branch&cut) =    0.50 sec. (1423.31 ticks)
Truck arcs:
0 1
1 2
2 3
3 10
5 6
6 7
7 8
8 11
9 5
10 9
302.718
In write mode
