Instance name: /home/cuong/CLionProjects/uMV-FSTSP/50_dis_rand_ins/v14
Write arg val: 1

drone speed: 1 miles/minute
uav non-eligible customer: 9 11 
Printing tau:
0 14.0127 47.4732 55.9806 51.1044 30.0421 45.9073 52.9864 42.1905 75.5444 98.7018 0 
14.0127 0 33.4604 41.9678 37.0916 16.0293 31.8946 49.3045 34.3838 61.5317 84.6891 14.0127 
47.4732 33.4604 0 9.87269 10.0712 30.8596 18.2231 74.967 60.0463 28.0713 51.2287 47.4732 
55.9806 41.9678 9.87269 0 19.9439 40.7322 28.0958 84.8397 69.919 27.7069 42.7213 55.9806 
51.1044 37.0916 10.0712 19.9439 0 21.0623 8.15188 64.8958 49.9751 24.4401 47.5975 51.1044 
30.0421 16.0293 30.8596 40.7322 21.0623 0 15.8653 44.1074 29.1868 45.5024 68.6598 30.0421 
45.9073 31.8946 18.2231 28.0958 8.15188 15.8653 0 56.7439 41.8232 29.6371 52.7945 45.9073 
52.9864 49.3045 74.967 84.8397 64.8958 44.1074 56.7439 0 14.9206 57.1328 52.9619 52.9864 
42.1905 34.3838 60.0463 69.919 49.9751 29.1868 41.8232 14.9206 0 42.2121 56.5113 42.1905 
75.5444 61.5317 28.0713 27.7069 24.4401 45.5024 29.6371 57.1328 42.2121 0 23.1574 75.5444 
98.7018 84.6891 51.2287 42.7213 47.5975 68.6598 52.7945 52.9619 56.5113 23.1574 0 98.7018 
0 0 0 0 0 0 0 0 0 0 0 0 
Printing tau_prime:
0 3.84182 13.8721 17.0789 13.9142 8.30675 12.2137 18.904 15.0679 20.0619 26.1723 0 
3.84182 0 11.1816 14.5818 10.669 4.46823 8.68434 15.8335 11.7879 16.4476 22.4775 3.84182 
13.8721 11.1816 0 3.45576 2.83881 9.39806 4.84993 19.8787 15.9837 8.8187 14.7842 13.8721 
17.0789 14.5818 3.45576 0 5.4442 12.8048 7.91438 22.6035 18.8972 8.99381 14.1343 17.0789 
13.9142 10.669 2.83881 5.4442 0 7.84716 2.56351 17.2318 13.4608 6.79972 13.0118 13.9142 
8.30675 4.46823 9.39806 12.8048 7.84716 0 5.37826 12.5978 8.38296 12.5503 18.3569 8.30675 
12.2137 8.68434 4.84993 7.91438 2.56351 5.37826 0 15.054 11.1338 7.85941 14.0351 12.2137 
18.904 15.8335 19.8787 22.6035 17.2318 12.5978 15.054 0 4.21719 16.8535 19.4974 18.904 
15.0679 11.7879 15.9837 18.8972 13.4608 8.38296 11.1338 4.21719 0 14.2657 18.0637 15.0679 
20.0619 16.4476 8.8187 8.99381 6.79972 12.5503 7.85941 16.8535 14.2657 0 6.23933 20.0619 
26.1723 22.4775 14.7842 14.1343 13.0118 18.3569 14.0351 19.4974 18.0637 6.23933 0 26.1723 
0 0 0 0 0 0 0 0 0 0 0 0 
Printing number of nodes: 11

Version identifier: 22.1.1.0 | 2022-11-28 | 9160aff4d
CPXPARAM_ClockType                               0
CPXPARAM_Emphasis_MIP                            2
CPXPARAM_MIP_Tolerances_Integrality              0
Tried aggregator 3 times.
MIP Presolve eliminated 608 rows and 1264 columns.
MIP Presolve added 2 rows and 0 columns.
MIP Presolve modified 782 coefficients.
Aggregator did 45 substitutions.
Reduced MIP has 5480 rows, 406 columns, and 160455 nonzeros.
Reduced MIP has 397 binaries, 0 generals, 0 SOSs, and 0 indicators.
Presolve time = 0.15 sec. (509.44 ticks)
Found incumbent of value 472.533200 after 0.32 sec. (841.97 ticks)
Probing fixed 161 vars, tightened 0 bounds.
Probing changed sense of 6 constraints.
Probing time = 0.02 sec. (15.10 ticks)
Cover probing fixed 8 vars, tightened 0 bounds.
Tried aggregator 2 times.
MIP Presolve eliminated 1288 rows and 179 columns.
MIP Presolve modified 135 coefficients.
Aggregator did 9 substitutions.
Reduced MIP has 4180 rows, 218 columns, and 116435 nonzeros.
Reduced MIP has 212 binaries, 0 generals, 0 SOSs, and 0 indicators.
Presolve time = 0.10 sec. (282.20 ticks)
Probing changed sense of 6 constraints.
Probing time = 0.01 sec. (7.56 ticks)
Tried aggregator 1 time.
Detecting symmetries...
MIP Presolve eliminated 23 rows and 21 columns.
MIP Presolve modified 23 coefficients.
Reduced MIP has 4156 rows, 197 columns, and 116342 nonzeros.
Reduced MIP has 192 binaries, 0 generals, 0 SOSs, and 0 indicators.
Presolve time = 0.05 sec. (149.37 ticks)
Probing changed sense of 1 constraints.
Probing time = 0.01 sec. (7.57 ticks)
Clique table members: 12165.
MIP emphasis: optimality.
MIP search method: dynamic search.
Parallel mode: deterministic, using up to 20 threads.
Root relaxation solution time = 0.03 sec. (28.29 ticks)

        Nodes                                         Cuts/
   Node  Left     Objective  IInf  Best Integer    Best Bound    ItCnt     Gap

*     0+    0                          472.5332       -1.0000           100.21%
      0     0      219.4602    54      472.5332      219.4602      210   53.56%
*     0+    0                          262.3739      219.4602            16.36%
      0     0      220.7944    36      262.3739      Cuts: 23      247   15.85%
*     0+    0                          220.9364      220.7944             0.06%
      0     0        cutoff            220.9364                    247    0.00%
Elapsed time = 0.65 sec. (1613.79 ticks, tree = 0.01 MB, solutions = 3)

Clique cuts applied:  3
Implied bound cuts applied:  1
Flow cuts applied:  1
Gomory fractional cuts applied:  4

Root node processing (before b&c):
  Real time             =    0.65 sec. (1614.22 ticks)
Parallel b&c, 20 threads:
  Real time             =    0.00 sec. (0.00 ticks)
  Sync time (average)   =    0.00 sec.
  Wait time (average)   =    0.00 sec.
                          ------------
Total (root+branch&cut) =    0.65 sec. (1614.22 ticks)
Truck arcs:
0 1
1 5
4 9
5 6
6 4
7 8
8 11
9 10
10 7
220.936
In write mode
