Instance name: /home/cuong/CLionProjects/uMV-FSTSP/50_dis_rand_ins/v18
Write arg val: 1

drone speed: 1 miles/minute
uav non-eligible customer: 11 
Printing tau:
0 30.8316 24.9046 33.5273 47.1669 34.0562 40.327 64.5889 63.9919 91.293 93.1452 0 
30.8316 0 55.2359 58.2408 54.4989 41.3882 47.659 33.7573 71.3239 98.625 100.477 30.8316 
24.9046 55.2359 0 8.62277 26.4111 51.714 38.4421 88.9932 86.946 66.3884 68.2407 24.9046 
33.5273 58.2408 8.62277 0 29.416 54.7189 41.4469 91.998 89.9509 57.7656 59.6179 33.5273 
47.1669 54.4989 26.4111 29.416 0 25.3029 12.0309 62.5821 60.5349 44.1261 45.9783 47.1669 
34.0562 41.3882 51.714 54.7189 25.3029 0 13.272 37.2791 35.232 57.2367 59.089 34.0562 
40.327 47.659 38.4421 41.4469 12.0309 13.272 0 50.5511 48.504 50.9659 52.8182 40.327 
64.5889 33.7573 88.9932 91.998 62.5821 37.2791 50.5511 0 41.4985 68.7996 70.6518 64.5889 
63.9919 71.3239 86.946 89.9509 60.5349 35.232 48.504 41.4985 0 51.0043 55.8274 63.9919 
91.293 98.625 66.3884 57.7656 44.1261 57.2367 50.9659 68.7996 51.0043 0 4.82309 91.293 
93.1452 100.477 68.2407 59.6179 45.9783 59.089 52.8182 70.6518 55.8274 4.82309 0 93.1452 
0 0 0 0 0 0 0 0 0 0 0 0 
Printing tau_prime:
0 8.40347 9.24588 11.483 12.5183 11.5755 11.3227 18.1356 23.7266 24.4003 24.7629 0 
8.40347 0 16.9585 18.8649 16.348 11.0144 13.3991 11.9445 20.6975 26.6476 27.3998 8.40347 
9.24588 16.9585 0 2.42131 9.15937 13.9258 10.9832 23.6065 25.2777 20.0182 19.8877 9.24588 
11.483 18.8649 2.42131 0 8.5978 14.5102 11.1372 24.5695 25.1827 18.4737 18.2149 11.483 
12.5183 16.348 9.15937 8.5978 0 7.55664 3.66971 17.8377 16.6602 11.9705 12.2556 12.5183 
11.5755 11.0144 13.9258 14.5102 7.55664 0 3.89232 10.3497 12.2592 15.7429 16.5928 11.5755 
11.3227 13.3991 10.9832 11.1372 3.66971 3.89232 0 14.2141 14.3107 13.5306 14.1395 11.3227 
18.1356 11.9445 23.6065 24.5695 17.8377 10.3497 14.2141 0 11.0173 23.0371 24.2175 18.1356 
23.7266 20.6975 25.2777 25.1827 16.6602 12.2592 14.3107 11.0173 0 15.3402 16.7004 23.7266 
24.4003 26.6476 20.0182 18.4737 11.9705 15.7429 13.5306 23.0371 15.3402 0 1.36998 24.4003 
24.7629 27.3998 19.8877 18.2149 12.2556 16.5928 14.1395 24.2175 16.7004 1.36998 0 24.7629 
0 0 0 0 0 0 0 0 0 0 0 0 
Printing number of nodes: 11

Version identifier: 22.1.1.0 | 2022-11-28 | 9160aff4d
CPXPARAM_ClockType                               0
CPXPARAM_Emphasis_MIP                            2
CPXPARAM_MIP_Tolerances_Integrality              0
Tried aggregator 3 times.
MIP Presolve eliminated 1332 rows and 1482 columns.
MIP Presolve modified 470 coefficients.
Aggregator did 33 substitutions.
Reduced MIP has 4622 rows, 200 columns, and 132526 nonzeros.
Reduced MIP has 193 binaries, 0 generals, 0 SOSs, and 0 indicators.
Presolve time = 0.16 sec. (533.62 ticks)
Probing fixed 53 vars, tightened 0 bounds.
Probing changed sense of 13 constraints.
Probing time = 0.01 sec. (7.21 ticks)
Tried aggregator 2 times.
MIP Presolve eliminated 3543 rows and 71 columns.
MIP Presolve modified 85 coefficients.
Aggregator did 4 substitutions.
Reduced MIP has 1073 rows, 125 columns, and 24363 nonzeros.
Reduced MIP has 124 binaries, 0 generals, 0 SOSs, and 0 indicators.
Presolve time = 0.10 sec. (261.18 ticks)
Probing changed sense of 1 constraints.
Probing time = 0.00 sec. (3.20 ticks)
Tried aggregator 1 time.
Detecting symmetries...
MIP Presolve eliminated 7 rows and 5 columns.
MIP Presolve modified 6 coefficients.
Reduced MIP has 1066 rows, 120 columns, and 24328 nonzeros.
Reduced MIP has 120 binaries, 0 generals, 0 SOSs, and 0 indicators.
Presolve time = 0.02 sec. (56.31 ticks)
Probing time = 0.00 sec. (2.98 ticks)
Clique table members: 585.
MIP emphasis: optimality.
MIP search method: dynamic search.
Parallel mode: deterministic, using up to 20 threads.
Root relaxation solution time = 0.00 sec. (4.41 ticks)

        Nodes                                         Cuts/
   Node  Left     Objective  IInf  Best Integer    Best Bound    ItCnt     Gap

*     0+    0                          508.3925        0.0000           100.00%
*     0+    0                          421.8105        0.0000           100.00%
*     0     0      integral     0      291.7073      291.7073       40    0.00%
Elapsed time = 0.37 sec. (1024.20 ticks, tree = 0.00 MB, solutions = 3)

Root node processing (before b&c):
  Real time             =    0.37 sec. (1024.28 ticks)
Parallel b&c, 20 threads:
  Real time             =    0.00 sec. (0.00 ticks)
  Sync time (average)   =    0.00 sec.
  Wait time (average)   =    0.00 sec.
                          ------------
Total (root+branch&cut) =    0.37 sec. (1024.28 ticks)
Truck arcs:
0 2
1 11
2 3
3 4
4 6
6 10
7 1
8 7
9 8
10 9
291.707
In write mode
