Instance name: /home/cuong/CLionProjects/uMV-FSTSP/50_dis_rand_ins/v20
Write arg val: 1

drone speed: 1 miles/minute
uav non-eligible customer: 7 11 
Printing tau:
0 7.08758 62.0804 61.5169 45.0449 20.6097 23.9562 32.6991 37.4952 86.8314 74.389 0 
7.08758 0 54.9929 54.4293 43.5227 19.0875 22.4341 31.1769 41.6184 85.3092 72.8668 7.08758 
62.0804 54.9929 0 3.99655 52.6716 61.0762 50.84 84.7617 96.6113 61.5388 58.5827 62.0804 
61.5169 54.4293 3.99655 0 52.1081 60.5126 50.2764 84.1981 96.0477 60.9752 58.0192 61.5169 
45.0449 43.5227 52.6716 52.1081 0 24.4351 21.0886 32.0901 43.9396 41.7865 29.3441 45.0449 
20.6097 19.0875 61.0762 60.5126 24.4351 0 10.2361 23.6856 35.5351 66.2217 53.7793 20.6097 
23.9562 22.4341 50.84 50.2764 21.0886 10.2361 0 33.9217 45.7713 62.8752 50.4328 23.9562 
32.6991 31.1769 84.7617 84.1981 32.0901 23.6856 33.9217 0 11.8496 54.1323 41.6899 32.6991 
37.4952 41.6184 96.6113 96.0477 43.9396 35.5351 45.7713 11.8496 0 49.3362 38.0285 37.4952 
86.8314 85.3092 61.5388 60.9752 41.7865 66.2217 62.8752 54.1323 49.3362 0 12.4424 86.8314 
74.389 72.8668 58.5827 58.0192 29.3441 53.7793 50.4328 41.6899 38.0285 12.4424 0 74.389 
0 0 0 0 0 0 0 0 0 0 0 0 
Printing tau_prime:
0 1.92223 18.4286 18.7989 12.2021 5.47146 7.01685 10.5523 13.5163 23.0251 19.7472 0 
1.92223 0 16.5755 16.9776 11.5571 5.31218 6.04979 11.4304 14.5868 22.6875 19.3452 1.92223 
18.4286 16.5755 0 1.07023 14.4382 16.4389 13.6187 22.4792 25.6715 21.9898 19.2926 18.4286 
18.7989 16.9776 1.07023 0 14.0598 16.5081 13.6631 22.3366 25.4755 21.1796 18.5595 18.7989 
12.2021 11.5571 14.4382 14.0598 0 6.8519 5.61302 9.11718 11.822 11.3271 7.93734 12.2021 
5.47146 5.31218 16.4389 16.5081 6.8519 0 2.85564 7.05138 10.4324 17.5601 14.2757 5.47146 
7.01685 6.04979 13.6187 13.6631 5.61302 2.85564 0 9.2888 12.6568 16.9119 13.5297 7.01685 
10.5523 11.4304 22.4792 22.3366 9.11718 7.05138 9.2888 0 3.3897 15.6191 13.0535 10.5523 
13.5163 14.5868 25.6715 25.4755 11.822 10.4324 12.6568 3.3897 0 16.051 14.0496 13.5163 
23.0251 22.6875 21.9898 21.1796 11.3271 17.5601 16.9119 15.6191 16.051 0 3.39112 23.0251 
19.7472 19.3452 19.2926 18.5595 7.93734 14.2757 13.5297 13.0535 14.0496 3.39112 0 19.7472 
0 0 0 0 0 0 0 0 0 0 0 0 
Printing number of nodes: 11

Version identifier: 22.1.1.0 | 2022-11-28 | 9160aff4d
CPXPARAM_ClockType                               0
CPXPARAM_Emphasis_MIP                            2
CPXPARAM_MIP_Tolerances_Integrality              0
Tried aggregator 4 times.
MIP Presolve eliminated 711 rows and 1403 columns.
MIP Presolve modified 500 coefficients.
Aggregator did 56 substitutions.
Reduced MIP has 5364 rows, 256 columns, and 159431 nonzeros.
Reduced MIP has 247 binaries, 0 generals, 0 SOSs, and 0 indicators.
Presolve time = 0.28 sec. (1012.01 ticks)
Probing fixed 85 vars, tightened 0 bounds.
Probing changed sense of 35 constraints.
Probing time = 0.01 sec. (11.64 ticks)
Cover probing fixed 6 vars, tightened 0 bounds.
Tried aggregator 1 time.
MIP Presolve eliminated 2466 rows and 102 columns.
MIP Presolve added 4 rows and 0 columns.
MIP Presolve modified 144 coefficients.
Reduced MIP has 2897 rows, 154 columns, and 80046 nonzeros.
Reduced MIP has 150 binaries, 0 generals, 0 SOSs, and 0 indicators.
Presolve time = 0.05 sec. (145.66 ticks)
Probing changed sense of 6 constraints.
Probing time = 0.00 sec. (15.04 ticks)
Tried aggregator 1 time.
Detecting symmetries...
MIP Presolve eliminated 31 rows and 20 columns.
MIP Presolve modified 13 coefficients.
Reduced MIP has 2865 rows, 134 columns, and 79934 nonzeros.
Reduced MIP has 132 binaries, 0 generals, 0 SOSs, and 0 indicators.
Presolve time = 0.04 sec. (119.56 ticks)
Probing time = 0.00 sec. (8.59 ticks)
Clique table members: 2069.
MIP emphasis: optimality.
MIP search method: dynamic search.
Parallel mode: deterministic, using up to 20 threads.
Root relaxation solution time = 0.02 sec. (15.59 ticks)

        Nodes                                         Cuts/
   Node  Left     Objective  IInf  Best Integer    Best Bound    ItCnt     Gap

      0     0      251.4713    22                    251.4713       81         
*     0+    0                          251.4714      251.4713             0.00%
      0     0        cutoff            251.4714      251.4713       81    0.00%
Elapsed time = 0.48 sec. (1459.38 ticks, tree = 0.01 MB, solutions = 1)

Root node processing (before b&c):
  Real time             =    0.48 sec. (1459.67 ticks)
Parallel b&c, 20 threads:
  Real time             =    0.00 sec. (0.00 ticks)
  Sync time (average)   =    0.00 sec.
  Wait time (average)   =    0.00 sec.
                          ------------
Total (root+branch&cut) =    0.48 sec. (1459.67 ticks)
Truck arcs:
0 1
1 5
2 3
3 9
5 6
6 2
7 11
8 7
9 10
10 8
251.471
In write mode
