Instance name: /home/cuong/CLionProjects/uMV-FSTSP/50_dis_rand_ins/v24
Write arg val: 1

drone speed: 1 miles/minute
uav non-eligible customer: 11 
Printing tau:
0 24.5149 56.0428 36.4905 43.0054 54.5225 49.4829 53.6569 72.8433 97.5426 92.5684 0 
24.5149 0 49.5867 54.9576 31.6048 43.122 38.0823 42.2563 48.3284 86.142 81.1679 24.5149 
56.0428 49.5867 0 19.5524 27.655 33.9584 38.7223 78.4552 97.9151 41.4998 36.5256 56.0428 
36.4905 54.9576 19.5524 0 33.026 39.3293 44.0932 83.8262 103.286 61.0521 56.078 36.4905 
43.0054 31.6048 27.655 33.026 0 11.5172 11.0673 50.8002 70.26 54.5372 49.5631 43.0054 
54.5225 43.122 33.9584 39.3293 11.5172 0 5.03968 44.4969 63.9567 43.02 38.0459 54.5225 
49.4829 38.0823 38.7223 44.0932 11.0673 5.03968 0 39.7329 59.1928 48.0597 43.0856 49.4829 
53.6569 42.2563 78.4552 83.8262 50.8002 44.4969 39.7329 0 19.4598 56.1444 58.8987 53.6569 
72.8433 48.3284 97.9151 103.286 70.26 63.9567 59.1928 19.4598 0 75.6042 78.3586 72.8433 
97.5426 86.142 41.4998 61.0521 54.5372 43.02 48.0597 56.1444 75.6042 0 4.97412 97.5426 
92.5684 81.1679 36.5256 56.078 49.5631 38.0459 43.0856 58.8987 78.3586 4.97412 0 92.5684 
0 0 0 0 0 0 0 0 0 0 0 0 
Printing tau_prime:
0 7.16905 16.2799 12.6011 11.4241 14.6482 13.6112 20.0701 23.511 25.8752 24.5894 0 
7.16905 0 17.6922 16.0197 10.2006 12.1622 10.501 13.5701 16.4923 23.9596 22.9487 7.16905 
16.2799 17.6922 0 5.37665 8.10718 9.01359 10.4141 20.8132 26.0045 12.4938 10.9862 16.2799 
12.6011 16.0197 5.37665 0 8.9261 11.4726 12.189 22.6891 27.6404 17.7752 16.2728 12.6011 
11.4241 10.2006 8.10718 8.9261 0 3.48142 3.40035 13.7634 18.7376 14.5306 13.3167 11.4241 
14.6482 12.1622 9.01359 11.4726 3.48142 0 1.83891 11.8013 16.9917 11.8181 10.7871 14.6482 
13.6112 10.501 10.4141 12.189 3.40035 1.83891 0 10.5938 15.6984 13.4663 12.5041 13.6112 
20.0701 13.5701 20.8132 22.6891 13.7634 11.8013 10.5938 0 5.22537 18.8959 18.7184 20.0701 
23.511 16.4923 26.0045 27.6404 18.7376 16.9917 15.6984 5.22537 0 23.6044 23.5766 23.511 
25.8752 23.9596 12.4938 17.7752 14.5306 11.8181 13.4663 18.8959 23.6044 0 1.50768 25.8752 
24.5894 22.9487 10.9862 16.2728 13.3167 10.7871 12.5041 18.7184 23.5766 1.50768 0 24.5894 
0 0 0 0 0 0 0 0 0 0 0 0 
Printing number of nodes: 11

Version identifier: 22.1.1.0 | 2022-11-28 | 9160aff4d
CPXPARAM_ClockType                               0
CPXPARAM_Emphasis_MIP                            2
CPXPARAM_MIP_Tolerances_Integrality              0
Tried aggregator 3 times.
MIP Presolve eliminated 540 rows and 1342 columns.
MIP Presolve modified 441 coefficients.
Aggregator did 35 substitutions.
Reduced MIP has 5412 rows, 338 columns, and 159993 nonzeros.
Reduced MIP has 329 binaries, 0 generals, 0 SOSs, and 0 indicators.
Presolve time = 0.12 sec. (377.90 ticks)
Found incumbent of value 603.800000 after 0.22 sec. (570.45 ticks)
Probing fixed 173 vars, tightened 0 bounds.
Probing changed sense of 20 constraints.
Probing time = 0.01 sec. (11.92 ticks)
Tried aggregator 1 time.
MIP Presolve eliminated 2522 rows and 181 columns.
MIP Presolve added 4 rows and 0 columns.
MIP Presolve modified 132 coefficients.
Reduced MIP has 2889 rows, 157 columns, and 80047 nonzeros.
Reduced MIP has 153 binaries, 0 generals, 0 SOSs, and 0 indicators.
Presolve time = 0.04 sec. (118.65 ticks)
Probing changed sense of 5 constraints.
Probing time = 0.01 sec. (15.00 ticks)
Tried aggregator 1 time.
Detecting symmetries...
MIP Presolve eliminated 24 rows and 18 columns.
MIP Presolve modified 4 coefficients.
Reduced MIP has 2865 rows, 139 columns, and 79960 nonzeros.
Reduced MIP has 138 binaries, 0 generals, 0 SOSs, and 0 indicators.
Presolve time = 0.04 sec. (118.80 ticks)
Probing time = 0.00 sec. (8.52 ticks)
Clique table members: 4833.
MIP emphasis: optimality.
MIP search method: dynamic search.
Parallel mode: deterministic, using up to 20 threads.
Root relaxation solution time = 0.01 sec. (16.39 ticks)

        Nodes                                         Cuts/
   Node  Left     Objective  IInf  Best Integer    Best Bound    ItCnt     Gap

*     0+    0                          603.8000        0.0000           100.00%
      0     0      279.1464    46      603.8000      279.1464       90   53.77%
*     0+    0                          281.4805      279.1464             0.83%
*     0+    0                          280.1048      279.1464             0.34%
      0     0        cutoff            280.1048      280.1048       93    0.00%
Elapsed time = 0.46 sec. (1197.26 ticks, tree = 0.01 MB, solutions = 3)

GUB cover cuts applied:  1
Clique cuts applied:  9
Implied bound cuts applied:  3
Mixed integer rounding cuts applied:  1
Zero-half cuts applied:  2
Gomory fractional cuts applied:  5

Root node processing (before b&c):
  Real time             =    0.46 sec. (1197.57 ticks)
Parallel b&c, 20 threads:
  Real time             =    0.00 sec. (0.00 ticks)
  Sync time (average)   =    0.00 sec.
  Wait time (average)   =    0.00 sec.
                          ------------
Total (root+branch&cut) =    0.46 sec. (1197.57 ticks)
Truck arcs:
0 1
1 8
3 11
4 3
5 6
6 4
7 9
8 7
9 10
10 5
280.105
In write mode
