Instance name: /home/cuong/CLionProjects/uMV-FSTSP/50_dis_rand_ins/v28
Write arg val: 1

drone speed: 1 miles/minute
uav non-eligible customer: 1 6 11 
Printing tau:
0 8.18101 53.0287 52.8995 15.8623 44.2672 32.9058 33.3441 65.1126 65.6185 71.8002 0 
8.18101 0 54.2382 54.109 24.0433 52.4482 41.0868 41.4787 63.9032 73.7995 79.9812 8.18101 
53.0287 54.2382 0 0.386987 53.9142 60.3361 41.8436 86.3728 118.141 56.9921 48.012 53.0287 
52.8995 54.109 0.386987 0 53.785 60.2069 41.7145 86.2436 118.012 56.8629 47.8828 52.8995 
15.8623 24.0433 53.9142 53.785 0 28.4049 17.0434 32.4586 64.2271 49.7561 55.9378 15.8623 
44.2672 52.4482 60.3361 60.2069 28.4049 0 18.4925 26.0367 57.8052 21.3512 27.5329 44.2672 
32.9058 41.0868 41.8436 41.7145 17.0434 18.4925 0 44.5292 76.2977 32.7127 38.8944 32.9058 
33.3441 41.4787 86.3728 86.2436 32.4586 26.0367 44.5292 0 31.7685 32.3208 38.5025 33.3441 
65.1126 63.9032 118.141 118.012 64.2271 57.8052 76.2977 31.7685 0 61.1492 70.1294 65.1126 
65.6185 73.7995 56.9921 56.8629 49.7561 21.3512 32.7127 32.3208 61.1492 0 8.98013 65.6185 
71.8002 79.9812 48.012 47.8828 55.9378 27.5329 38.8944 38.5025 70.1294 8.98013 0 71.8002 
0 0 0 0 0 0 0 0 0 0 0 0 
Printing tau_prime:
0 2.1929 16.4049 16.4287 4.21268 11.897 9.21575 12.4953 18.8446 17.4314 19.0853 0 
2.1929 0 17.8776 17.9113 6.37603 14.0011 11.3797 13.9132 19.535 19.5827 21.2724 2.1929 
16.4049 17.8776 0 0.108182 14.9127 16.3335 11.0989 22.9062 31.3398 17.5637 16.5593 16.4049 
16.4287 17.9113 0.108182 0 14.9095 16.2795 11.0626 22.8705 31.3087 17.4821 16.4674 16.4287 
4.21268 6.37603 14.9127 14.9095 0 7.72209 5.53793 9.77 17.3562 13.2188 14.9151 4.21268 
11.897 14.0011 16.3335 16.2795 7.72209 0 5.75508 7.49175 15.8895 5.73061 7.99878 11.897 
9.21575 11.3797 11.0989 11.0626 5.53793 5.75508 0 11.808 20.2655 9.55918 10.4423 9.21575 
12.4953 13.9132 22.9062 22.8705 9.77 7.49175 11.808 0 8.52034 11.5822 14.4119 12.4953 
18.8446 19.535 31.3398 31.3087 17.3562 15.8895 20.2655 8.52034 0 18.9713 21.8581 18.8446 
17.4314 19.5827 17.5637 17.4821 13.2188 5.73061 9.55918 11.5822 18.9713 0 2.89086 17.4314 
19.0853 21.2724 16.5593 16.4674 14.9151 7.99878 10.4423 14.4119 21.8581 2.89086 0 19.0853 
0 0 0 0 0 0 0 0 0 0 0 0 
Printing number of nodes: 11

Version identifier: 22.1.1.0 | 2022-11-28 | 9160aff4d
CPXPARAM_ClockType                               0
CPXPARAM_Emphasis_MIP                            2
CPXPARAM_MIP_Tolerances_Integrality              0
Tried aggregator 2 times.
MIP Presolve eliminated 1125 rows and 1415 columns.
MIP Presolve modified 590 coefficients.
Aggregator did 25 substitutions.
Reduced MIP has 5123 rows, 275 columns, and 148085 nonzeros.
Reduced MIP has 267 binaries, 0 generals, 0 SOSs, and 0 indicators.
Presolve time = 0.15 sec. (495.86 ticks)
Found incumbent of value 482.709000 after 0.26 sec. (711.85 ticks)
Probing fixed 97 vars, tightened 0 bounds.
Probing changed sense of 26 constraints.
Probing time = 0.01 sec. (9.61 ticks)
Cover probing fixed 6 vars, tightened 0 bounds.
Tried aggregator 2 times.
MIP Presolve eliminated 2217 rows and 121 columns.
MIP Presolve modified 136 coefficients.
Aggregator did 6 substitutions.
Reduced MIP has 2897 rows, 148 columns, and 80074 nonzeros.
Reduced MIP has 144 binaries, 0 generals, 0 SOSs, and 0 indicators.
Presolve time = 0.08 sec. (242.14 ticks)
Probing changed sense of 4 constraints.
Probing time = 0.00 sec. (13.66 ticks)
Tried aggregator 1 time.
Detecting symmetries...
MIP Presolve eliminated 23 rows and 15 columns.
MIP Presolve modified 19 coefficients.
Reduced MIP has 2873 rows, 133 columns, and 79991 nonzeros.
Reduced MIP has 132 binaries, 0 generals, 0 SOSs, and 0 indicators.
Presolve time = 0.04 sec. (119.73 ticks)
Probing time = 0.00 sec. (8.53 ticks)
Clique table members: 3011.
MIP emphasis: optimality.
MIP search method: dynamic search.
Parallel mode: deterministic, using up to 20 threads.
Root relaxation solution time = 0.01 sec. (14.95 ticks)

        Nodes                                         Cuts/
   Node  Left     Objective  IInf  Best Integer    Best Bound    ItCnt     Gap

*     0+    0                          482.7090       15.3620            96.82%
      0     0      266.0449    35      482.7090      266.0449       56   44.89%
*     0+    0                          318.5016      266.0449            16.47%
*     0+    0                          270.1727      266.0449             1.53%
      0     0        cutoff            270.1727      270.1727       62    0.00%
Elapsed time = 0.53 sec. (1410.85 ticks, tree = 0.01 MB, solutions = 3)

Implied bound cuts applied:  1
Flow cuts applied:  1
Gomory fractional cuts applied:  4

Root node processing (before b&c):
  Real time             =    0.53 sec. (1411.15 ticks)
Parallel b&c, 20 threads:
  Real time             =    0.00 sec. (0.00 ticks)
  Sync time (average)   =    0.00 sec.
  Wait time (average)   =    0.00 sec.
                          ------------
Total (root+branch&cut) =    0.53 sec. (1411.15 ticks)
Truck arcs:
0 1
1 8
2 6
3 2
4 11
6 4
7 9
8 7
9 10
10 3
270.173
In write mode
