Instance name: /home/cuong/CLionProjects/uMV-FSTSP/50_dis_rand_ins/v3
Write arg val: 1

drone speed: 1 miles/minute
uav non-eligible customer: 11 
Printing tau:
0 7.48087 54.2819 65.0292 26.4239 57.8968 41.4937 55.8521 59.5433 84.7357 92.4996 0 
7.48087 0 61.7627 72.5101 28.6078 60.0807 43.6776 58.0361 61.7273 86.9196 94.6835 7.48087 
54.2819 61.7627 0 10.7473 35.5737 43.1345 43.2416 85.9511 86.6059 59.3618 54.8599 54.2819 
65.0292 72.5101 10.7473 0 46.321 53.8819 53.989 96.6984 97.3532 70.1091 54.2631 65.0292 
26.4239 28.6078 35.5737 46.321 0 31.4729 15.0698 50.3774 51.0323 58.3118 66.0757 26.4239 
57.8968 60.0807 43.1345 53.8819 31.4729 0 16.4031 42.8166 43.4714 26.8389 34.6028 57.8968 
41.4937 43.6776 43.2416 53.989 15.0698 16.4031 0 42.7095 43.3643 43.242 51.0059 41.4937 
55.8521 58.0361 85.9511 96.6984 50.3774 42.8166 42.7095 0 3.69121 28.8836 42.4353 55.8521 
59.5433 61.7273 86.6059 97.3532 51.0323 43.4714 43.3643 3.69121 0 27.2441 43.0901 59.5433 
84.7357 86.9196 59.3618 70.1091 58.3118 26.8389 43.242 28.8836 27.2441 0 15.8459 84.7357 
92.4996 94.6835 54.8599 54.2631 66.0757 34.6028 51.0059 42.4353 43.0901 15.8459 0 92.4996 
0 0 0 0 0 0 0 0 0 0 0 0 
Printing tau_prime:
0 2.06647 17.5155 20.7812 8.58504 15.6342 11.3855 17.0252 17.9653 22.5093 24.6932 0 
2.06647 0 19.4866 22.759 10.2844 16.6795 12.58 16.6722 17.6438 23.0568 25.5687 2.06647 
17.5155 19.4866 0 3.27687 9.89062 12.6363 11.5116 23.2973 23.6879 20.0929 18.5677 17.5155 
20.7812 22.759 3.27687 0 13.1129 14.7725 14.3284 25.8414 26.1526 21.5355 19.3443 20.7812 
8.58504 10.2844 9.89062 13.1129 0 8.58295 4.48353 15.4705 16.1319 16.6994 17.6471 8.58504 
15.6342 16.6795 12.6363 14.7725 8.58295 0 4.34963 11.3664 11.5354 8.31642 9.17602 15.6342 
11.3855 12.58 11.5116 14.3284 4.48353 4.34963 0 11.9479 12.455 12.2371 13.5252 11.3855 
17.0252 16.6722 23.2973 25.8414 15.4705 11.3664 11.9479 0 0.994063 10.4101 14.8677 17.0252 
17.9653 17.6438 23.6879 26.1526 16.1319 11.5354 12.455 0.994063 0 9.83937 14.3847 17.9653 
22.5093 23.0568 20.0929 21.5355 16.6994 8.31642 12.2371 10.4101 9.83937 0 4.67904 22.5093 
24.6932 25.5687 18.5677 19.3443 17.6471 9.17602 13.5252 14.8677 14.3847 4.67904 0 24.6932 
0 0 0 0 0 0 0 0 0 0 0 0 
Printing number of nodes: 11

Version identifier: 22.1.1.0 | 2022-11-28 | 9160aff4d
CPXPARAM_ClockType                               0
CPXPARAM_Emphasis_MIP                            2
CPXPARAM_MIP_Tolerances_Integrality              0
Tried aggregator 5 times.
MIP Presolve eliminated 572 rows and 1421 columns.
MIP Presolve added 2 rows and 0 columns.
MIP Presolve modified 679 coefficients.
Aggregator did 54 substitutions.
Reduced MIP has 5362 rows, 240 columns, and 159296 nonzeros.
Reduced MIP has 231 binaries, 0 generals, 0 SOSs, and 0 indicators.
Presolve time = 0.30 sec. (1079.99 ticks)
Probing fixed 87 vars, tightened 0 bounds.
Probing changed sense of 26 constraints.
Probing time = 0.01 sec. (10.27 ticks)
Tried aggregator 2 times.
MIP Presolve eliminated 4273 rows and 110 columns.
MIP Presolve modified 146 coefficients.
Aggregator did 4 substitutions.
Reduced MIP has 1079 rows, 126 columns, and 24404 nonzeros.
Reduced MIP has 124 binaries, 0 generals, 0 SOSs, and 0 indicators.
Presolve time = 0.09 sec. (265.52 ticks)
Probing changed sense of 4 constraints.
Probing time = 0.00 sec. (3.50 ticks)
Tried aggregator 1 time.
Detecting symmetries...
MIP Presolve eliminated 7 rows and 3 columns.
MIP Presolve modified 3 coefficients.
Reduced MIP has 1072 rows, 123 columns, and 24378 nonzeros.
Reduced MIP has 122 binaries, 0 generals, 0 SOSs, and 0 indicators.
Presolve time = 0.02 sec. (56.72 ticks)
Probing time = 0.00 sec. (3.11 ticks)
Clique table members: 1983.
MIP emphasis: optimality.
MIP search method: dynamic search.
Parallel mode: deterministic, using up to 20 threads.
Root relaxation solution time = 0.01 sec. (4.53 ticks)

        Nodes                                         Cuts/
   Node  Left     Objective  IInf  Best Integer    Best Bound    ItCnt     Gap

*     0+    0                          387.7334       13.9617            96.40%
*     0     0      integral     0      261.9415      261.9415       38    0.00%
Elapsed time = 0.51 sec. (1592.79 ticks, tree = 0.00 MB, solutions = 2)

Root node processing (before b&c):
  Real time             =    0.51 sec. (1592.93 ticks)
Parallel b&c, 20 threads:
  Real time             =    0.00 sec. (0.00 ticks)
  Sync time (average)   =    0.00 sec.
  Wait time (average)   =    0.00 sec.
                          ------------
Total (root+branch&cut) =    0.51 sec. (1592.93 ticks)
Truck arcs:
0 1
1 4
2 11
3 2
4 6
6 7
7 8
8 9
9 10
10 3
261.941
In write mode
