Instance name: /home/cuong/CLionProjects/uMV-FSTSP/50_dis_rand_ins/v36
Write arg val: 1

drone speed: 1 miles/minute
uav non-eligible customer: 7 11 
Printing tau:
0 25.3815 55.685 47.9495 39.4087 44.459 48.3573 57.5481 30.8607 105.373 87.5806 0 
25.3815 0 62.2491 54.5136 45.9728 51.0231 54.9214 64.1122 56.2422 111.937 94.1447 25.3815 
55.685 62.2491 0 10.4565 22.2711 39.521 54.5707 78.2816 80.5866 49.6878 33.2624 55.685 
47.9495 54.5136 10.4565 0 11.8146 29.0645 44.1142 67.8251 70.1301 57.4233 39.6311 47.9495 
39.4087 45.9728 22.2711 11.8146 0 17.2498 32.2996 56.0105 58.3155 65.964 48.1719 39.4087 
44.459 51.0231 39.521 29.0645 17.2498 0 15.0498 38.7607 41.0656 60.9138 43.1217 44.459 
48.3573 54.9214 54.5707 44.1142 32.2996 15.0498 0 23.7109 26.0159 57.0155 39.2233 48.3573 
57.5481 64.1122 78.2816 67.8251 56.0105 38.7607 23.7109 0 27.3369 47.8247 45.0192 57.5481 
30.8607 56.2422 80.5866 70.1301 58.3155 41.0656 26.0159 27.3369 0 75.1616 57.3695 30.8607 
105.373 111.937 49.6878 57.4233 65.964 60.9138 57.0155 47.8247 75.1616 0 17.7922 105.373 
87.5806 94.1447 33.2624 39.6311 48.1719 43.1217 39.2233 45.0192 57.3695 17.7922 0 87.5806 
0 0 0 0 0 0 0 0 0 0 0 0 
Printing tau_prime:
0 6.95172 19.7961 16.4343 12.7357 12.0955 12.8869 17.0351 11.4516 28.264 23.6301 0 
6.95172 0 17.7237 14.9168 12.2028 14.1154 16.6231 22.2163 17.8186 29.7844 25.0756 6.95172 
19.7961 17.7237 0 3.44893 7.31451 10.8942 14.6001 20.7634 22.4109 15.9143 12.2198 19.7961 
16.4343 14.9168 3.44893 0 3.86569 7.76226 11.6981 18.1641 19.1817 16.423 12.1246 16.4343 
12.7357 12.2028 7.31451 3.86569 0 4.76605 8.88734 15.6115 15.6544 17.7502 13.1018 12.7357 
12.0955 14.1154 10.8942 7.76226 4.76605 0 4.12238 10.8482 11.5259 16.2268 11.5542 12.0955 
12.8869 16.6231 14.6001 11.6981 8.88734 4.12238 0 6.74311 8.41082 16.1031 11.8363 12.8869 
17.0351 22.2163 20.7634 18.1641 15.6115 10.8482 6.74311 0 7.27452 17.3437 14.35 17.0351 
11.4516 17.8186 22.4109 19.1817 15.6544 11.5259 8.41082 7.27452 0 23.4955 19.7202 11.4516 
28.264 29.7844 15.9143 16.423 17.7502 16.2268 16.1031 17.3437 23.4955 0 4.71905 28.264 
23.6301 25.0756 12.2198 12.1246 13.1018 11.5542 11.8363 14.35 19.7202 4.71905 0 23.6301 
0 0 0 0 0 0 0 0 0 0 0 0 
Printing number of nodes: 11

Version identifier: 22.1.1.0 | 2022-11-28 | 9160aff4d
CPXPARAM_ClockType                               0
CPXPARAM_Emphasis_MIP                            2
CPXPARAM_MIP_Tolerances_Integrality              0
Tried aggregator 3 times.
MIP Presolve eliminated 1032 rows and 1438 columns.
MIP Presolve modified 598 coefficients.
Aggregator did 25 substitutions.
Reduced MIP has 5074 rows, 252 columns, and 147949 nonzeros.
Reduced MIP has 247 binaries, 0 generals, 0 SOSs, and 0 indicators.
Presolve time = 0.16 sec. (607.41 ticks)
Probing fixed 72 vars, tightened 0 bounds.
Probing changed sense of 19 constraints.
Probing time = 0.01 sec. (9.74 ticks)
Tried aggregator 2 times.
MIP Presolve eliminated 1416 rows and 75 columns.
MIP Presolve modified 109 coefficients.
Aggregator did 3 substitutions.
Reduced MIP has 3652 rows, 174 columns, and 99759 nonzeros.
Reduced MIP has 169 binaries, 0 generals, 0 SOSs, and 0 indicators.
Presolve time = 0.07 sec. (178.42 ticks)
Probing time = 0.00 sec. (9.59 ticks)
Tried aggregator 1 time.
Detecting symmetries...
MIP Presolve eliminated 10 rows and 4 columns.
MIP Presolve modified 10 coefficients.
Reduced MIP has 3642 rows, 170 columns, and 99727 nonzeros.
Reduced MIP has 165 binaries, 0 generals, 0 SOSs, and 0 indicators.
Presolve time = 0.02 sec. (61.31 ticks)
Probing changed sense of 5 constraints.
Probing time = 0.01 sec. (19.88 ticks)
Clique table members: 6295.
MIP emphasis: optimality.
MIP search method: dynamic search.
Parallel mode: deterministic, using up to 20 threads.
Root relaxation solution time = 0.03 sec. (35.31 ticks)

        Nodes                                         Cuts/
   Node  Left     Objective  IInf  Best Integer    Best Bound    ItCnt     Gap

      0     0      272.7933    42                    272.7933      137         
*     0+    0                          272.9146      272.7933             0.04%
      0     0        cutoff            272.9146                    137    0.00%
Elapsed time = 0.45 sec. (1171.31 ticks, tree = 0.01 MB, solutions = 1)

Root node processing (before b&c):
  Real time             =    0.45 sec. (1171.66 ticks)
Parallel b&c, 20 threads:
  Real time             =    0.00 sec. (0.00 ticks)
  Sync time (average)   =    0.00 sec.
  Wait time (average)   =    0.00 sec.
                          ------------
Total (root+branch&cut) =    0.45 sec. (1171.66 ticks)
Truck arcs:
0 8
1 11
3 4
4 5
5 1
7 9
8 7
9 10
10 3
272.915
In write mode
