Instance name: /home/cuong/CLionProjects/uMV-FSTSP/50_dis_rand_ins/v55
Write arg val: 1

drone speed: 1 miles/minute
uav non-eligible customer: 2 4 11 
Printing tau:
0 20.8734 57.5366 57.3245 54.2726 64.1226 50.4397 59.509 44.6221 89.975 105.116 0 
20.8734 0 44.9639 60.2374 33.3992 43.2492 29.5664 38.6356 36.9149 69.1017 84.2427 20.8734 
57.5366 44.9639 0 15.3094 43.4029 25.6589 27.9831 64.2859 81.8788 32.4384 49.3378 57.5366 
57.3245 60.2374 15.3094 0 58.6764 40.9324 43.2566 79.5594 97.1523 47.7479 64.6113 57.3245 
54.2726 33.3992 43.4029 58.6764 0 17.744 15.4197 20.8831 38.4759 35.7025 50.8435 54.2726 
64.1226 43.2492 25.6589 40.9324 17.744 0 13.6829 38.627 56.2199 25.8525 40.9935 64.1226 
50.4397 29.5664 27.9831 43.2566 15.4197 13.6829 0 36.3028 53.8957 39.5353 54.6764 50.4397 
59.509 38.6356 64.2859 79.5594 20.8831 38.627 36.3028 0 17.5929 37.0239 45.6072 59.509 
44.6221 36.9149 81.8788 97.1523 38.4759 56.2199 53.8957 17.5929 0 54.6168 60.494 44.6221 
89.975 69.1017 32.4384 47.7479 35.7025 25.8525 39.5353 37.0239 54.6168 0 22.0757 89.975 
105.116 84.2427 49.3378 64.6113 50.8435 40.9935 54.6764 45.6072 60.494 22.0757 0 105.116 
0 0 0 0 0 0 0 0 0 0 0 0 
Printing tau_prime:
0 5.58853 18.8971 18.8794 14.3957 17.5499 13.8853 16.8452 15.8599 24.1784 27.94 0 
5.58853 0 15.384 16.9468 8.86597 12.5588 9.04099 11.4545 11.6392 18.915 22.3683 5.58853 
18.8971 15.384 0 5.7343 11.5414 7.02439 7.65506 17.0544 21.9798 11.2358 18.175 18.8971 
18.8794 16.9468 5.7343 0 15.8834 12.3091 11.675 21.5883 25.7692 16.9563 23.9085 18.8794 
14.3957 8.86597 11.5414 15.8834 0 5.38142 4.21319 5.70889 10.5185 10.3896 13.5735 14.3957 
17.5499 12.5588 7.02439 12.3091 5.38142 0 3.68019 10.3153 15.7789 6.86834 12.5531 17.5499 
13.8853 9.04099 7.65506 11.675 4.21319 3.68019 0 9.92207 14.3743 10.4851 15.5648 13.8853 
16.8452 11.4545 17.0544 21.5883 5.70889 10.3153 9.92207 0 6.11106 12.714 12.7264 16.8452 
15.8599 11.6392 21.9798 25.7692 10.5185 15.7789 14.3743 6.11106 0 18.8246 18.2144 15.8599 
24.1784 18.915 11.2358 16.9563 10.3896 6.86834 10.4851 12.714 18.8246 0 7.09825 24.1784 
27.94 22.3683 18.175 23.9085 13.5735 12.5531 15.5648 12.7264 18.2144 7.09825 0 27.94 
0 0 0 0 0 0 0 0 0 0 0 0 
Printing number of nodes: 11

Version identifier: 22.1.1.0 | 2022-11-28 | 9160aff4d
CPXPARAM_ClockType                               0
CPXPARAM_Emphasis_MIP                            2
CPXPARAM_MIP_Tolerances_Integrality              0
Tried aggregator 3 times.
MIP Presolve eliminated 1107 rows and 1388 columns.
MIP Presolve modified 584 coefficients.
Aggregator did 31 substitutions.
Reduced MIP has 5137 rows, 296 columns, and 148310 nonzeros.
Reduced MIP has 290 binaries, 0 generals, 0 SOSs, and 0 indicators.
Presolve time = 0.15 sec. (561.47 ticks)
Found incumbent of value 639.164900 after 0.26 sec. (771.87 ticks)
Probing fixed 107 vars, tightened 0 bounds.
Probing changed sense of 43 constraints.
Probing time = 0.01 sec. (11.45 ticks)
Cover probing fixed 8 vars, tightened 0 bounds.
Tried aggregator 2 times.
MIP Presolve eliminated 1510 rows and 130 columns.
MIP Presolve modified 119 coefficients.
Aggregator did 2 substitutions.
Reduced MIP has 3622 rows, 164 columns, and 99653 nonzeros.
Reduced MIP has 160 binaries, 0 generals, 0 SOSs, and 0 indicators.
Presolve time = 0.06 sec. (173.22 ticks)
Probing changed sense of 15 constraints.
Probing time = 0.01 sec. (21.20 ticks)
Tried aggregator 1 time.
Detecting symmetries...
MIP Presolve eliminated 38 rows and 27 columns.
MIP Presolve modified 26 coefficients.
Reduced MIP has 3584 rows, 137 columns, and 99507 nonzeros.
Reduced MIP has 135 binaries, 0 generals, 0 SOSs, and 0 indicators.
Presolve time = 0.05 sec. (157.27 ticks)
Probing time = 0.00 sec. (9.54 ticks)
Clique table members: 2381.
MIP emphasis: optimality.
MIP search method: dynamic search.
Parallel mode: deterministic, using up to 20 threads.
Root relaxation solution time = 0.01 sec. (19.18 ticks)

        Nodes                                         Cuts/
   Node  Left     Objective  IInf  Best Integer    Best Bound    ItCnt     Gap

*     0+    0                          639.1649        0.0000           100.00%
*     0     0      integral     0      284.1498      284.1498       75    0.00%
Elapsed time = 0.42 sec. (1195.19 ticks, tree = 0.00 MB, solutions = 2)

Root node processing (before b&c):
  Real time             =    0.42 sec. (1195.56 ticks)
Parallel b&c, 20 threads:
  Real time             =    0.00 sec. (0.00 ticks)
  Sync time (average)   =    0.00 sec.
  Wait time (average)   =    0.00 sec.
                          ------------
Total (root+branch&cut) =    0.42 sec. (1195.56 ticks)
Truck arcs:
0 1
1 8
2 3
3 11
4 5
5 10
7 4
8 7
9 2
10 9
284.15
In write mode
