Instance name: /home/cuong/CLionProjects/uMV-FSTSP/50_dis_rand_ins/v62
Write arg val: 1

drone speed: 1 miles/minute
uav non-eligible customer: 5 11 
Printing tau:
0 11.2695 60.1543 55.4199 48.2509 54.2142 45.3035 50.0415 52.6882 106.958 81.4954 0 
11.2695 0 48.8849 55.4941 36.9814 42.9448 34.034 45.4604 41.4187 95.6881 70.2259 11.2695 
60.1543 48.8849 0 26.8629 38.0144 28.1591 23.8381 74.0916 62.8698 46.8033 31.7214 60.1543 
55.4199 55.4941 26.8629 0 64.8773 55.022 50.701 100.954 89.7327 51.8904 58.5844 55.4199 
48.2509 36.9814 38.0144 64.8773 0 9.85529 14.1763 36.0772 24.8554 58.7067 33.2445 48.2509 
54.2142 42.9448 28.1591 55.022 9.85529 0 8.91074 45.9324 34.7107 52.7434 27.2812 54.2142 
45.3035 34.034 23.8381 50.701 14.1763 8.91074 0 50.2535 39.0317 61.6541 36.1919 45.3035 
50.0415 45.4604 74.0916 100.954 36.0772 45.9324 50.2535 0 16.6913 70.9607 45.4986 50.0415 
52.6882 41.4187 62.8698 89.7327 24.8554 34.7107 39.0317 16.6913 0 54.2694 31.1484 52.6882 
106.958 95.6881 46.8033 51.8904 58.7067 52.7434 61.6541 70.9607 54.2694 0 25.4622 106.958 
81.4954 70.2259 31.7214 58.5844 33.2445 27.2812 36.1919 45.4986 31.1484 25.4622 0 81.4954 
0 0 0 0 0 0 0 0 0 0 0 0 
Printing tau_prime:
0 3.22574 17.1784 19.9553 13.3195 14.417 12.013 16.3457 17.3537 28.3626 21.7053 0 
3.22574 0 15.0222 18.804 10.1169 11.3881 9.1137 13.7224 14.2495 25.3911 18.6395 3.22574 
17.1784 15.0222 0 7.23289 10.5627 7.63114 7.44732 20.6644 16.788 14.0736 10.1378 17.1784 
19.9553 18.804 7.23289 0 17.3079 14.5934 13.7091 27.2605 23.805 19.3929 17.0038 19.9553 
13.3195 10.1169 10.5627 17.3079 0 3.05444 3.83945 10.1032 6.69499 15.9433 8.97182 13.3195 
14.417 11.3881 7.63114 14.5934 3.05444 0 2.62597 13.1026 9.21296 14.0103 7.29542 14.417 
12.013 9.1137 7.44732 13.7091 3.83945 2.62597 0 13.5521 10.5335 16.3516 9.82186 12.013 
16.3457 13.7224 20.6644 27.2605 10.1032 13.1026 13.5521 0 5.33323 22.8761 16.4858 16.3457 
17.3537 14.2495 16.788 23.805 6.69499 9.21296 10.5335 5.33323 0 17.5435 11.2502 17.3537 
28.3626 25.3911 14.0736 19.3929 15.9433 14.0103 16.3516 22.8761 17.5435 0 6.98111 28.3626 
21.7053 18.6395 10.1378 17.0038 8.97182 7.29542 9.82186 16.4858 11.2502 6.98111 0 21.7053 
0 0 0 0 0 0 0 0 0 0 0 0 
Printing number of nodes: 11

Version identifier: 22.1.1.0 | 2022-11-28 | 9160aff4d
CPXPARAM_ClockType                               0
CPXPARAM_Emphasis_MIP                            2
CPXPARAM_MIP_Tolerances_Integrality              0
Tried aggregator 3 times.
MIP Presolve eliminated 704 rows and 1394 columns.
MIP Presolve modified 632 coefficients.
Aggregator did 54 substitutions.
Reduced MIP has 5373 rows, 267 columns, and 159484 nonzeros.
Reduced MIP has 258 binaries, 0 generals, 0 SOSs, and 0 indicators.
Presolve time = 0.25 sec. (825.73 ticks)
Probing fixed 63 vars, tightened 0 bounds.
Probing changed sense of 39 constraints.
Probing time = 0.01 sec. (12.93 ticks)
Tried aggregator 2 times.
MIP Presolve eliminated 1729 rows and 85 columns.
MIP Presolve modified 144 coefficients.
Aggregator did 1 substitutions.
Reduced MIP has 3638 rows, 181 columns, and 99773 nonzeros.
Reduced MIP has 176 binaries, 0 generals, 0 SOSs, and 0 indicators.
Presolve time = 0.08 sec. (215.03 ticks)
Probing time = 0.00 sec. (9.23 ticks)
Tried aggregator 1 time.
Detecting symmetries...
MIP Presolve eliminated 13 rows and 5 columns.
MIP Presolve modified 11 coefficients.
Reduced MIP has 3625 rows, 176 columns, and 99728 nonzeros.
Reduced MIP has 171 binaries, 0 generals, 0 SOSs, and 0 indicators.
Presolve time = 0.05 sec. (135.66 ticks)
Probing changed sense of 2 constraints.
Probing time = 0.01 sec. (20.54 ticks)
Clique table members: 7618.
MIP emphasis: optimality.
MIP search method: dynamic search.
Parallel mode: deterministic, using up to 20 threads.
Root relaxation solution time = 0.02 sec. (21.47 ticks)

        Nodes                                         Cuts/
   Node  Left     Objective  IInf  Best Integer    Best Bound    ItCnt     Gap

      0     0      278.4528    46                    278.4528      131         
*     0+    0                          291.6920      278.4528             4.54%
*     0+    0                          282.7589      278.4528             1.52%
      0     0        cutoff            282.7589      282.7589      177    0.00%
Elapsed time = 0.66 sec. (1778.89 ticks, tree = 0.01 MB, solutions = 2)

GUB cover cuts applied:  1
Clique cuts applied:  17
Mixed integer rounding cuts applied:  3
Gomory fractional cuts applied:  10

Root node processing (before b&c):
  Real time             =    0.66 sec. (1779.24 ticks)
Parallel b&c, 20 threads:
  Real time             =    0.00 sec. (0.00 ticks)
  Sync time (average)   =    0.00 sec.
  Wait time (average)   =    0.00 sec.
                          ------------
Total (root+branch&cut) =    0.66 sec. (1779.24 ticks)
Truck arcs:
0 1
1 6
3 11
4 7
5 4
6 5
7 8
8 10
9 3
10 9
282.759
In write mode
