Instance name: /home/cuong/CLionProjects/uMV-FSTSP/50_dis_rand_ins/v64
Write arg val: 1

drone speed: 1 miles/minute
uav non-eligible customer: 6 11 
Printing tau:
0 20.0363 72.2879 49.8722 47.0932 67.0552 60.3356 72.1228 62.8927 104.937 99.5588 0 
20.0363 0 52.2516 29.8359 27.0569 47.0189 40.2993 52.0865 52.3275 84.9002 79.5225 20.0363 
72.2879 52.2516 0 22.4157 46.2843 41.343 28.3368 84.2721 89.6542 48.5613 37.316 72.2879 
49.8722 29.8359 22.4157 0 32.6699 27.7286 14.7224 70.6577 76.0398 55.0643 49.6866 49.8722 
47.0932 27.0569 46.2843 32.6699 0 19.962 17.9475 37.9878 43.3699 57.8433 52.4656 47.0932 
67.0552 47.0189 41.343 27.7286 19.962 0 13.0062 42.929 48.3111 37.8813 32.5036 67.0552 
60.3356 40.2993 28.3368 14.7224 17.9475 13.0062 0 55.9353 61.3174 44.6009 39.2232 60.3356 
72.1228 52.0865 84.2721 70.6577 37.9878 42.929 55.9353 0 9.23004 35.7108 46.9561 72.1228 
62.8927 52.3275 89.6542 76.0398 43.3699 48.3111 61.3174 9.23004 0 42.0438 52.3382 62.8927 
104.937 84.9002 48.5613 55.0643 57.8433 37.8813 44.6009 35.7108 42.0438 0 11.2453 104.937 
99.5588 79.5225 37.316 49.6866 52.4656 32.5036 39.2232 46.9561 52.3382 11.2453 0 99.5588 
0 0 0 0 0 0 0 0 0 0 0 0 
Printing tau_prime:
0 5.33454 21.7971 14.8553 12.6305 17.7903 16.2531 22.5608 21.3908 27.9375 26.4039 0 
5.33454 0 17.0274 10.1057 7.55751 12.5132 10.9486 18.5935 17.9351 22.7088 21.0866 5.33454 
21.7971 17.0274 0 6.95427 13.9735 11.0502 8.15498 22.346 23.9033 15.5164 12.2556 21.7971 
14.8553 10.1057 6.95427 0 8.6942 8.64997 4.78938 19.643 20.4566 17.2935 14.5974 14.8553 
12.6305 7.55751 13.9735 8.6942 0 5.45299 5.91428 12.063 12.2395 15.3499 14.1138 12.6305 
17.7903 12.5132 11.0502 8.64997 5.45299 0 3.88189 11.4623 12.8579 10.2255 8.68471 17.7903 
16.2531 10.9486 8.15498 4.78938 5.91428 3.88189 0 15.1578 16.2734 12.9857 10.6697 16.2531 
22.5608 18.5935 22.346 19.643 12.063 11.4623 15.1578 0 2.83318 12.8598 14.4207 22.5608 
21.3908 17.9351 23.9033 20.4566 12.2395 12.8579 16.2734 2.83318 0 15.5892 16.945 21.3908 
27.9375 22.7088 15.5164 17.2935 15.3499 10.2255 12.9857 12.8598 15.5892 0 3.30528 27.9375 
26.4039 21.0866 12.2556 14.5974 14.1138 8.68471 10.6697 14.4207 16.945 3.30528 0 26.4039 
0 0 0 0 0 0 0 0 0 0 0 0 
Printing number of nodes: 11

Version identifier: 22.1.1.0 | 2022-11-28 | 9160aff4d
CPXPARAM_ClockType                               0
CPXPARAM_Emphasis_MIP                            2
CPXPARAM_MIP_Tolerances_Integrality              0
Tried aggregator 3 times.
MIP Presolve eliminated 716 rows and 1400 columns.
MIP Presolve added 2 rows and 0 columns.
MIP Presolve modified 640 coefficients.
Aggregator did 32 substitutions.
Reduced MIP has 5385 rows, 283 columns, and 159580 nonzeros.
Reduced MIP has 274 binaries, 0 generals, 0 SOSs, and 0 indicators.
Presolve time = 0.16 sec. (596.85 ticks)
Found incumbent of value 627.825300 after 0.27 sec. (813.56 ticks)
Probing fixed 87 vars, tightened 0 bounds.
Probing changed sense of 43 constraints.
Probing time = 0.01 sec. (12.91 ticks)
Tried aggregator 2 times.
MIP Presolve eliminated 1741 rows and 109 columns.
MIP Presolve modified 140 coefficients.
Aggregator did 4 substitutions.
Reduced MIP has 3635 rows, 170 columns, and 99718 nonzeros.
Reduced MIP has 165 binaries, 0 generals, 0 SOSs, and 0 indicators.
Presolve time = 0.06 sec. (177.58 ticks)
Probing time = 0.00 sec. (9.74 ticks)
Tried aggregator 1 time.
Detecting symmetries...
MIP Presolve eliminated 10 rows and 4 columns.
MIP Presolve modified 2 coefficients.
Reduced MIP has 3625 rows, 166 columns, and 99686 nonzeros.
Reduced MIP has 161 binaries, 0 generals, 0 SOSs, and 0 indicators.
Presolve time = 0.03 sec. (97.11 ticks)
Probing changed sense of 8 constraints.
Probing time = 0.01 sec. (19.63 ticks)
Clique table members: 6796.
MIP emphasis: optimality.
MIP search method: dynamic search.
Parallel mode: deterministic, using up to 20 threads.
Root relaxation solution time = 0.02 sec. (31.93 ticks)

        Nodes                                         Cuts/
   Node  Left     Objective  IInf  Best Integer    Best Bound    ItCnt     Gap

*     0+    0                          627.8253        0.0000           100.00%
*     0     0      integral     0      233.5701      233.5701      111    0.00%
Elapsed time = 0.43 sec. (1194.09 ticks, tree = 0.00 MB, solutions = 2)

Root node processing (before b&c):
  Real time             =    0.43 sec. (1194.45 ticks)
Parallel b&c, 20 threads:
  Real time             =    0.00 sec. (0.00 ticks)
  Sync time (average)   =    0.00 sec.
  Wait time (average)   =    0.00 sec.
                          ------------
Total (root+branch&cut) =    0.43 sec. (1194.45 ticks)
Truck arcs:
0 1
1 3
3 6
5 10
6 5
7 8
8 11
9 7
10 9
233.57
In write mode
