Instance name: /home/cuong/CLionProjects/uMV-FSTSP/50_dis_rand_ins/v76
Write arg val: 1

drone speed: 1 miles/minute
uav non-eligible customer: 11 
Printing tau:
0 2.77982 41.4551 52.4237 33.7711 37.4965 26.5124 56.1459 39.6661 91.1551 88.8634 0 
2.77982 0 38.6753 52.4605 33.8079 37.5333 26.5493 58.9258 42.4459 91.1919 88.9002 2.77982 
41.4551 38.6753 0 34.8112 44.2039 65.6831 57.2039 97.6011 81.1212 73.5427 71.2509 41.4551 
52.4237 52.4605 34.8112 0 40.3978 61.8769 53.3978 93.7949 77.315 48.6428 46.3209 52.4237 
33.7711 33.8079 44.2039 40.3978 0 21.4791 13 53.3971 36.9173 57.384 55.0923 33.7711 
37.4965 37.5333 65.6831 61.8769 21.4791 0 10.984 31.918 15.4381 53.6587 51.3669 37.4965 
26.5124 26.5493 57.2039 53.3978 13 10.984 0 40.3971 23.9173 64.6427 62.3509 26.5124 
56.1459 58.9258 97.6011 93.7949 53.3971 31.918 40.3971 0 16.4799 55.7569 53.4652 56.1459 
39.6661 42.4459 81.1212 77.315 36.9173 15.4381 23.9173 16.4799 0 59.893 57.6013 39.6661 
91.1551 91.1919 73.5427 48.6428 57.384 53.6587 64.6427 55.7569 59.893 0 2.32189 91.1551 
88.8634 88.9002 71.2509 46.3209 55.0923 51.3669 62.3509 53.4652 57.6013 2.32189 0 88.8634 
0 0 0 0 0 0 0 0 0 0 0 0 
Printing tau_prime:
0 0.737175 11.9434 17.1143 8.98454 11.8377 8.17696 17.5998 13.3921 24.3463 23.6754 0 
0.737175 0 11.2727 16.7032 9.08376 12.2613 8.58485 18.2326 13.9842 24.4552 23.768 0.737175 
11.9434 11.2727 0 9.28573 12.4799 18.1974 15.351 26.3066 21.8129 23.9522 23.1005 11.9434 
17.1143 16.7032 9.28573 0 11.7988 16.8783 15.7382 25.2775 21.2553 16.4877 15.6278 17.1143 
8.98454 9.08376 12.4799 11.7988 0 5.78055 3.9481 14.1656 9.81175 15.3725 14.6927 8.98454 
11.8377 12.2613 18.1974 16.8783 5.78055 0 3.67944 8.4818 4.41484 14.6548 14.2316 11.8377 
8.17696 8.58485 15.351 15.7382 3.9481 3.67944 0 10.968 6.46587 17.1873 16.6394 8.17696 
17.5998 18.2326 26.3066 25.2775 14.1656 8.4818 10.968 0 4.50541 19.0246 18.9594 17.5998 
13.3921 13.9842 21.8129 21.2553 9.81175 4.41484 6.46587 4.50541 0 17.6076 17.3446 13.3921 
24.3463 24.4552 23.9522 16.4877 15.3725 14.6548 17.1873 19.0246 17.6076 0 0.865069 24.3463 
23.6754 23.768 23.1005 15.6278 14.6927 14.2316 16.6394 18.9594 17.3446 0.865069 0 23.6754 
0 0 0 0 0 0 0 0 0 0 0 0 
Printing number of nodes: 11

Version identifier: 22.1.1.0 | 2022-11-28 | 9160aff4d
CPXPARAM_ClockType                               0
CPXPARAM_Emphasis_MIP                            2
CPXPARAM_MIP_Tolerances_Integrality              0
Tried aggregator 3 times.
MIP Presolve eliminated 505 rows and 1338 columns.
MIP Presolve added 2 rows and 0 columns.
MIP Presolve modified 610 coefficients.
Aggregator did 35 substitutions.
Reduced MIP has 5449 rows, 342 columns, and 162316 nonzeros.
Reduced MIP has 332 binaries, 0 generals, 0 SOSs, and 0 indicators.
Presolve time = 0.18 sec. (643.76 ticks)
Found incumbent of value 513.292420 after 0.28 sec. (834.95 ticks)
Probing fixed 122 vars, tightened 0 bounds.
Probing changed sense of 20 constraints.
Probing time = 0.01 sec. (14.00 ticks)
Cover probing fixed 6 vars, tightened 0 bounds.
Tried aggregator 2 times.
MIP Presolve eliminated 1270 rows and 139 columns.
MIP Presolve modified 130 coefficients.
Aggregator did 2 substitutions.
Reduced MIP has 4173 rows, 201 columns, and 116346 nonzeros.
Reduced MIP has 196 binaries, 0 generals, 0 SOSs, and 0 indicators.
Presolve time = 0.07 sec. (191.26 ticks)
Probing changed sense of 6 constraints.
Probing time = 0.01 sec. (7.93 ticks)
Tried aggregator 1 time.
Detecting symmetries...
MIP Presolve eliminated 41 rows and 32 columns.
MIP Presolve modified 40 coefficients.
Reduced MIP has 4132 rows, 169 columns, and 116187 nonzeros.
Reduced MIP has 166 binaries, 0 generals, 0 SOSs, and 0 indicators.
Presolve time = 0.04 sec. (131.56 ticks)
Probing changed sense of 1 constraints.
Probing time = 0.01 sec. (6.54 ticks)
Clique table members: 6648.
MIP emphasis: optimality.
MIP search method: dynamic search.
Parallel mode: deterministic, using up to 20 threads.
Root relaxation solution time = 0.02 sec. (23.44 ticks)

        Nodes                                         Cuts/
   Node  Left     Objective  IInf  Best Integer    Best Bound    ItCnt     Gap

*     0+    0                          513.2924       -2.0000           100.39%
      0     0      241.2108    28      513.2924      241.2108      126   53.01%
*     0+    0                          256.0251      241.2108             5.79%
*     0+    0                          241.7366      241.2108             0.22%
      0     0        cutoff            241.7366      241.7366      128    0.00%
Elapsed time = 0.54 sec. (1483.80 ticks, tree = 0.01 MB, solutions = 3)

Clique cuts applied:  8
Implied bound cuts applied:  5
Zero-half cuts applied:  2
Gomory fractional cuts applied:  3

Root node processing (before b&c):
  Real time             =    0.54 sec. (1484.21 ticks)
Parallel b&c, 20 threads:
  Real time             =    0.00 sec. (0.00 ticks)
  Sync time (average)   =    0.00 sec.
  Wait time (average)   =    0.00 sec.
                          ------------
Total (root+branch&cut) =    0.54 sec. (1484.21 ticks)
Truck arcs:
0 6
1 11
2 1
3 2
5 8
6 5
8 9
9 10
10 3
241.737
In write mode
