Instance name: /home/cuong/CLionProjects/uMV-FSTSP/50_dis_rand_ins/v87
Write arg val: 1

drone speed: 1 miles/minute
uav non-eligible customer: 11 
Printing tau:
0 18.9713 59.989 69.455 39.9862 49.0444 47.9034 57.3597 41.3771 79.6903 110.464 0 
18.9713 0 47.998 57.464 21.015 30.0731 28.9322 54.8721 37.6588 60.7191 91.4926 18.9713 
59.989 47.998 0 19.6582 38.5343 68.6224 35.9973 102.87 85.6568 61.6353 78.3205 59.989 
69.455 57.464 19.6582 0 48.0003 78.0884 45.4633 112.336 95.1228 71.1013 61.1623 69.455 
39.9862 21.015 38.5343 48.0003 0 30.0881 7.9172 64.3358 47.1225 39.7041 70.4777 39.9862 
49.0444 30.0731 68.6224 78.0884 30.0881 0 32.6251 34.2476 17.0344 30.646 61.4195 49.0444 
47.9034 28.9322 35.9973 45.4633 7.9172 32.6251 0 66.8728 49.6595 31.7869 62.5605 47.9034 
57.3597 54.8721 102.87 112.336 64.3358 34.2476 66.8728 0 17.2133 41.2347 53.1042 57.3597 
41.3771 37.6588 85.6568 95.1228 47.1225 17.0344 49.6595 17.2133 0 38.3132 69.0868 41.3771 
79.6903 60.7191 61.6353 71.1013 39.7041 30.646 31.7869 41.2347 38.3132 0 30.7736 79.6903 
110.464 91.4926 78.3205 61.1623 70.4777 61.4195 62.5605 53.1042 69.0868 30.7736 0 110.464 
0 0 0 0 0 0 0 0 0 0 0 0 
Printing tau_prime:
0 5.95113 18.0466 22.9753 12.0328 13.2048 14.2064 18.9902 12.9114 21.1356 29.3736 0 
5.95113 0 13.198 17.5489 6.11141 9.66947 8.30558 17.7574 11.6196 16.5017 24.2805 5.95113 
18.0466 13.198 0 5.78552 10.4274 18.74 10.4199 28.0851 22.8448 20.6414 24.884 18.0466 
22.9753 17.5489 5.78552 0 13.1079 20.7192 12.0995 29.824 25.3742 20.252 22.472 22.9753 
12.0328 6.11141 10.4274 13.1079 0 8.33203 2.20451 17.6707 12.5007 12.1805 19.0113 12.0328 
13.2048 9.66947 18.74 20.7192 8.33203 0 8.65633 9.34513 4.95339 8.33477 16.8934 13.2048 
14.2064 8.30558 10.4199 12.0995 2.20451 8.65633 0 17.9087 13.2812 10.8287 17.1032 14.2064 
18.9902 17.7574 28.0851 29.824 17.6707 9.34513 17.9087 0 6.2285 12.4344 19.5555 18.9902 
12.9114 11.6196 22.8448 25.3742 12.5007 4.95339 13.2812 6.2285 0 11.991 20.4131 12.9114 
21.1356 16.5017 20.6414 20.252 12.1805 8.33477 10.8287 12.4344 11.991 0 8.57511 21.1356 
29.3736 24.2805 24.884 22.472 19.0113 16.8934 17.1032 19.5555 20.4131 8.57511 0 29.3736 
0 0 0 0 0 0 0 0 0 0 0 0 
Printing number of nodes: 11

Version identifier: 22.1.1.0 | 2022-11-28 | 9160aff4d
CPXPARAM_ClockType                               0
CPXPARAM_Emphasis_MIP                            2
CPXPARAM_MIP_Tolerances_Integrality              0
Tried aggregator 4 times.
MIP Presolve eliminated 585 rows and 1424 columns.
MIP Presolve added 8 rows and 0 columns.
MIP Presolve modified 544 coefficients.
Aggregator did 52 substitutions.
Reduced MIP has 5358 rows, 239 columns, and 161619 nonzeros.
Reduced MIP has 229 binaries, 0 generals, 0 SOSs, and 0 indicators.
Presolve time = 0.27 sec. (882.64 ticks)
Probing fixed 67 vars, tightened 0 bounds.
Probing changed sense of 17 constraints.
Probing time = 0.01 sec. (9.76 ticks)
Cover probing fixed 4 vars, tightened 0 bounds.
Tried aggregator 2 times.
MIP Presolve eliminated 2439 rows and 79 columns.
MIP Presolve added 2 rows and 0 columns.
MIP Presolve modified 105 coefficients.
Aggregator did 5 substitutions.
Reduced MIP has 2913 rows, 155 columns, and 80079 nonzeros.
Reduced MIP has 152 binaries, 0 generals, 0 SOSs, and 0 indicators.
Presolve time = 0.07 sec. (186.10 ticks)
Probing changed sense of 11 constraints.
Probing time = 0.01 sec. (15.87 ticks)
Tried aggregator 1 time.
Detecting symmetries...
MIP Presolve eliminated 47 rows and 27 columns.
MIP Presolve modified 14 coefficients.
Reduced MIP has 2866 rows, 128 columns, and 79921 nonzeros.
Reduced MIP has 128 binaries, 0 generals, 0 SOSs, and 0 indicators.
Presolve time = 0.04 sec. (119.65 ticks)
Probing time = 0.00 sec. (8.47 ticks)
Clique table members: 1119.
MIP emphasis: optimality.
MIP search method: dynamic search.
Parallel mode: deterministic, using up to 20 threads.
Root relaxation solution time = 0.01 sec. (12.96 ticks)

        Nodes                                         Cuts/
   Node  Left     Objective  IInf  Best Integer    Best Bound    ItCnt     Gap

*     0+    0                          496.1266       -1.0000           100.20%
*     0+    0                          488.5309       -1.0000           100.20%
*     0+    0                          422.9612       -1.0000           100.24%
*     0+    0                          397.9636       -1.0000           100.25%
*     0     0      integral     0      286.5524      286.5524       53    0.00%
Elapsed time = 0.49 sec. (1405.65 ticks, tree = 0.00 MB, solutions = 5)

Root node processing (before b&c):
  Real time             =    0.49 sec. (1405.75 ticks)
Parallel b&c, 20 threads:
  Real time             =    0.00 sec. (0.00 ticks)
  Sync time (average)   =    0.00 sec.
  Wait time (average)   =    0.00 sec.
                          ------------
Total (root+branch&cut) =    0.49 sec. (1405.75 ticks)
Truck arcs:
0 8
1 11
2 6
3 2
4 1
5 9
6 4
8 5
9 10
10 3
286.552
In write mode
