Instance name: /home/cuong/CLionProjects/uMV-FSTSP/50_dis_rand_ins/v90
Write arg val: 1

drone speed: 1 miles/minute
uav non-eligible customer: 11 
Printing tau:
0 16.6682 40.5084 62.2145 68.9079 63.5029 44.257 49.9072 56.7508 92.5361 97.5823 0 
16.6682 0 45.412 54.5135 54.0194 48.6144 29.3686 33.239 40.0825 77.6476 82.6938 16.6682 
40.5084 45.412 0 21.7062 41.1751 50.8243 48.7146 78.651 85.4945 52.0277 57.0739 40.5084 
62.2145 54.5135 21.7062 0 50.2765 59.9258 57.8161 87.7524 94.596 35.0438 47.6387 62.2145 
68.9079 54.0194 41.1751 50.2765 0 9.64923 24.6508 37.4759 44.3195 23.6282 28.6744 68.9079 
63.5029 48.6144 50.8243 59.9258 9.64923 0 19.2459 27.8267 34.6702 29.0332 34.0794 63.5029 
44.257 29.3686 48.7146 57.8161 24.6508 19.2459 0 29.9364 36.7799 48.279 53.3252 44.257 
49.9072 33.239 78.651 87.7524 37.4759 27.8267 29.9364 0 16.6565 54.7551 59.8013 49.9072 
56.7508 40.0825 85.4945 94.596 44.3195 34.6702 36.7799 16.6565 0 59.5522 46.9573 56.7508 
92.5361 77.6476 52.0277 35.0438 23.6282 29.0332 48.279 54.7551 59.5522 0 12.5948 92.5361 
97.5823 82.6938 57.0739 47.6387 28.6744 34.0794 53.3252 59.8013 46.9573 12.5948 0 97.5823 
0 0 0 0 0 0 0 0 0 0 0 0 
Printing tau_prime:
0 5.92629 13.1708 19.3096 18.5669 17.8276 12.8749 16.598 20.8523 24.5486 26.0054 0 
5.92629 0 13.8258 19.1424 14.368 12.9705 7.8366 10.7019 14.9313 21.2268 22.0031 5.92629 
13.1708 13.8258 0 6.24121 13.2633 14.792 12.9556 20.868 22.9691 15.4158 18.2609 13.1708 
19.3096 19.1424 6.24121 0 13.4492 15.8939 16.0533 24.154 25.1682 12.2879 15.7328 19.3096 
18.5669 14.368 13.2633 13.4492 0 2.9327 6.83544 12.918 12.3625 7.45452 7.63555 18.5669 
17.8276 12.9705 14.792 15.8939 2.9327 0 5.1339 10.0481 9.50241 10.139 9.60606 17.8276 
12.8749 7.8366 12.9556 16.0533 6.83544 5.1339 0 8.1217 10.1195 14.1545 14.3952 12.8749 
16.598 10.7019 20.868 24.154 12.918 10.0481 8.1217 0 4.77499 20.1531 19.0943 16.598 
20.8523 14.9313 22.9691 25.1682 12.3625 9.50241 10.1195 4.77499 0 18.7462 16.9093 20.8523 
24.5486 21.2268 15.4158 12.2879 7.45452 10.139 14.1545 20.1531 18.7462 0 3.59779 24.5486 
26.0054 22.0031 18.2609 15.7328 7.63555 9.60606 14.3952 19.0943 16.9093 3.59779 0 26.0054 
0 0 0 0 0 0 0 0 0 0 0 0 
Printing number of nodes: 11

Version identifier: 22.1.1.0 | 2022-11-28 | 9160aff4d
CPXPARAM_ClockType                               0
CPXPARAM_Emphasis_MIP                            2
CPXPARAM_MIP_Tolerances_Integrality              0
Tried aggregator 3 times.
MIP Presolve eliminated 579 rows and 1434 columns.
MIP Presolve modified 498 coefficients.
Aggregator did 57 substitutions.
Reduced MIP has 5351 rows, 224 columns, and 161547 nonzeros.
Reduced MIP has 219 binaries, 0 generals, 0 SOSs, and 0 indicators.
Presolve time = 0.25 sec. (839.10 ticks)
Probing fixed 59 vars, tightened 0 bounds.
Probing changed sense of 19 constraints.
Probing time = 0.01 sec. (11.37 ticks)
Tried aggregator 2 times.
MIP Presolve eliminated 2464 rows and 79 columns.
MIP Presolve modified 117 coefficients.
Aggregator did 4 substitutions.
Reduced MIP has 2880 rows, 141 columns, and 79988 nonzeros.
Reduced MIP has 138 binaries, 0 generals, 0 SOSs, and 0 indicators.
Presolve time = 0.07 sec. (186.33 ticks)
Probing changed sense of 8 constraints.
Probing time = 0.00 sec. (13.77 ticks)
Tried aggregator 1 time.
Detecting symmetries...
MIP Presolve eliminated 24 rows and 13 columns.
MIP Presolve modified 1 coefficients.
Reduced MIP has 2856 rows, 128 columns, and 79896 nonzeros.
Reduced MIP has 128 binaries, 0 generals, 0 SOSs, and 0 indicators.
Presolve time = 0.03 sec. (85.27 ticks)
Probing time = 0.00 sec. (8.52 ticks)
Clique table members: 1005.
MIP emphasis: optimality.
MIP search method: dynamic search.
Parallel mode: deterministic, using up to 20 threads.
Root relaxation solution time = 0.01 sec. (12.89 ticks)

        Nodes                                         Cuts/
   Node  Left     Objective  IInf  Best Integer    Best Bound    ItCnt     Gap

*     0+    0                          564.7384        0.0000           100.00%
*     0+    0                          406.2951        0.0000           100.00%
*     0+    0                          400.2927        0.0000           100.00%
*     0+    0                          358.8703        0.0000           100.00%
*     0     0      integral     0      244.9468      244.9468       61    0.00%
Elapsed time = 0.49 sec. (1383.92 ticks, tree = 0.00 MB, solutions = 5)

Root node processing (before b&c):
  Real time             =    0.49 sec. (1384.03 ticks)
Parallel b&c, 20 threads:
  Real time             =    0.00 sec. (0.00 ticks)
  Sync time (average)   =    0.00 sec.
  Wait time (average)   =    0.00 sec.
                          ------------
Total (root+branch&cut) =    0.49 sec. (1384.03 ticks)
Truck arcs:
0 2
1 11
2 3
3 9
4 5
5 7
7 8
8 1
9 4
244.947
In write mode
