Instance name: /home/cuong/CLionProjects/uMV-FSTSP/50_dis_rand_ins/v95
Write arg val: 1

drone speed: 1 miles/minute
uav non-eligible customer: 7 11 
Printing tau:
0 4.33994 45.7384 38.6344 32.8177 49.101 43.4843 35.7652 64.5632 65.8129 83.1752 0 
4.33994 0 48.6841 34.2944 35.7634 52.0466 46.4299 40.1052 68.9032 68.7585 86.1209 4.33994 
45.7384 48.6841 0 17.4449 49.2359 40.6074 36.773 69.7699 98.5679 41.2566 54.0527 45.7384 
38.6344 34.2944 17.4449 0 53.8656 45.2372 41.4028 74.3996 103.198 45.8863 58.6825 38.6344 
32.8177 35.7634 49.2359 53.8656 0 16.2833 12.4629 20.534 49.332 32.9951 50.3575 32.8177 
49.101 52.0466 40.6074 45.2372 16.2833 0 5.61671 29.1625 57.9605 16.7119 34.0742 49.101 
43.4843 46.4299 36.773 41.4028 12.4629 5.61671 0 32.9969 61.7949 22.3286 39.6909 43.4843 
35.7652 40.1052 69.7699 74.3996 20.534 29.1625 32.9969 0 28.798 37.6425 55.0048 35.7652 
64.5632 68.9032 98.5679 103.198 49.332 57.9605 61.7949 28.798 0 57.3113 47.7293 64.5632 
65.8129 68.7585 41.2566 45.8863 32.9951 16.7119 22.3286 37.6425 57.3113 0 17.3624 65.8129 
83.1752 86.1209 54.0527 58.6825 50.3575 34.0742 39.6909 55.0048 47.7293 17.3624 0 83.1752 
0 0 0 0 0 0 0 0 0 0 0 0 
Printing tau_prime:
0 1.39084 15.1128 12.6979 9.59368 13.1371 11.5539 12.0722 19.5303 17.5569 22.6868 0 
1.39084 0 15.117 12.3009 10.8103 14.1027 12.455 13.4599 20.9154 18.4896 23.7342 1.39084 
15.1128 15.117 0 4.7859 13.4977 10.8045 9.76922 19.078 26.2789 12.1661 17.4349 15.1128 
12.6979 12.3009 4.7859 0 14.3336 13.2034 11.6942 19.7282 27.4301 15.7171 21.3052 12.6979 
9.59368 10.8103 13.4977 14.3336 0 4.88649 4.34983 5.58261 13.0997 9.00136 13.414 9.59368 
13.1371 14.1027 10.8045 13.2034 4.88649 0 1.80332 9.51843 15.7899 4.43475 9.71326 13.1371 
11.5539 12.455 9.76922 11.6942 4.34983 1.80332 0 9.64599 16.5239 6.03894 11.4788 11.5539 
12.0722 13.4599 19.078 19.7282 5.58261 9.51843 9.64599 0 7.87615 12.5218 15.1691 12.0722 
19.5303 20.9154 26.2789 27.4301 13.0997 15.7899 16.5239 7.87615 0 17.1984 17.3063 19.5303 
17.5569 18.4896 12.1661 15.7171 9.00136 4.43475 6.03894 12.5218 17.1984 0 5.71916 17.5569 
22.6868 23.7342 17.4349 21.3052 13.414 9.71326 11.4788 15.1691 17.3063 5.71916 0 22.6868 
0 0 0 0 0 0 0 0 0 0 0 0 
Printing number of nodes: 11

Version identifier: 22.1.1.0 | 2022-11-28 | 9160aff4d
CPXPARAM_ClockType                               0
CPXPARAM_Emphasis_MIP                            2
CPXPARAM_MIP_Tolerances_Integrality              0
Tried aggregator 2 times.
MIP Presolve eliminated 639 rows and 1311 columns.
MIP Presolve modified 736 coefficients.
Aggregator did 36 substitutions.
Reduced MIP has 5456 rows, 368 columns, and 160153 nonzeros.
Reduced MIP has 359 binaries, 0 generals, 0 SOSs, and 0 indicators.
Presolve time = 0.16 sec. (547.91 ticks)
Found incumbent of value 471.200340 after 0.27 sec. (746.53 ticks)
Probing fixed 172 vars, tightened 0 bounds.
Probing changed sense of 19 constraints.
Probing time = 0.01 sec. (14.98 ticks)
Tried aggregator 2 times.
MIP Presolve eliminated 1794 rows and 182 columns.
MIP Presolve modified 151 coefficients.
Aggregator did 1 substitutions.
Reduced MIP has 3656 rows, 185 columns, and 99812 nonzeros.
Reduced MIP has 180 binaries, 0 generals, 0 SOSs, and 0 indicators.
Presolve time = 0.07 sec. (178.70 ticks)
Probing changed sense of 5 constraints.
Probing time = 0.01 sec. (22.10 ticks)
Tried aggregator 1 time.
Detecting symmetries...
MIP Presolve eliminated 22 rows and 19 columns.
MIP Presolve modified 8 coefficients.
Reduced MIP has 3634 rows, 166 columns, and 99726 nonzeros.
Reduced MIP has 163 binaries, 0 generals, 0 SOSs, and 0 indicators.
Presolve time = 0.05 sec. (134.32 ticks)
Probing time = 0.00 sec. (9.70 ticks)
Clique table members: 9237.
MIP emphasis: optimality.
MIP search method: dynamic search.
Parallel mode: deterministic, using up to 20 threads.
Root relaxation solution time = 0.01 sec. (22.98 ticks)

        Nodes                                         Cuts/
   Node  Left     Objective  IInf  Best Integer    Best Bound    ItCnt     Gap

*     0+    0                          471.2003        0.0000           100.00%
      0     0      240.2070    46      471.2003      240.2070      162   49.02%
*     0+    0                          277.7753      240.2070            13.52%
*     0+    0                          244.6750      240.2070             1.83%
      0     0        cutoff            244.6750      244.6750      191    0.00%
Elapsed time = 0.49 sec. (1260.69 ticks, tree = 0.01 MB, solutions = 3)

Clique cuts applied:  25
Implied bound cuts applied:  2
Flow cuts applied:  2
Zero-half cuts applied:  1
Lift and project cuts applied:  1
Gomory fractional cuts applied:  9

Root node processing (before b&c):
  Real time             =    0.49 sec. (1261.05 ticks)
Parallel b&c, 20 threads:
  Real time             =    0.00 sec. (0.00 ticks)
  Sync time (average)   =    0.00 sec.
  Wait time (average)   =    0.00 sec.
                          ------------
Total (root+branch&cut) =    0.49 sec. (1261.05 ticks)
Truck arcs:
0 1
1 3
2 6
3 2
5 9
6 5
7 11
8 7
9 8
244.675
In write mode
