Instance name: /home/cuong/CLionProjects/uMV-FSTSP/rand_generated_instances_3p_settings/v10
Write arg val: 1

drone speed: 1 miles/minute
uav non-eligible customer: 12 
Printing tau:
0 13.9624 8.28121 7.96819 3.12589 21.6327 23.5714 24.7814 15.8423 20.5897 12.5305 0 
13.9624 0 9.05512 8.58945 10.8365 22.4067 24.3453 25.5553 17.4936 21.3636 19.9994 13.9624 
8.28121 9.05512 0 16.2494 7.93272 13.3515 15.2902 16.5002 9.3471 12.3085 11.8528 8.28121 
7.96819 8.58945 16.2494 0 8.31668 29.6009 31.5396 32.7496 23.8104 28.5579 20.4987 7.96819 
3.12589 10.8365 7.93272 8.31668 0 21.2842 23.2229 24.4329 15.4938 20.2412 12.182 3.12589 
21.6327 22.4067 13.3515 29.6009 21.2842 0 2.21952 4.53342 10.9094 8.97572 13.4151 21.6327 
23.5714 24.3453 15.2902 31.5396 23.2229 2.21952 0 6.75294 8.68986 11.1952 11.1956 23.5714 
24.7814 25.5553 16.5002 32.7496 24.4329 4.53342 6.75294 0 15.4428 4.4423 17.9486 24.7814 
15.8423 17.4936 9.3471 23.8104 15.4938 10.9094 8.68986 15.4428 0 19.8851 3.31178 15.8423 
20.5897 21.3636 12.3085 28.5579 20.2412 8.97572 11.1952 4.4423 19.8851 0 22.3909 20.5897 
12.5305 19.9994 11.8528 20.4987 12.182 13.4151 11.1956 17.9486 3.31178 22.3909 0 12.5305 
0 0 0 0 0 0 0 0 0 0 0 0 
Printing tau_prime:
0 4.94402 3.57775 3.3978 1.11201 8.08093 8.53098 9.72114 5.73854 9.29639 4.91755 0 
4.94402 0 4.30641 3.96132 3.85177 8.25689 9.15287 9.06422 8.53027 7.60035 8.49251 4.94402 
3.57775 4.30641 0 5.74716 2.9615 4.75269 5.41089 6.21907 4.25055 5.72875 4.45177 3.57775 
3.3978 3.96132 5.74716 0 3.04582 10.4895 11.1512 11.8073 8.98764 10.8174 8.29444 3.3978 
1.11201 3.85177 2.9615 3.04582 0 7.67382 8.24193 9.17984 5.96211 8.54901 5.38933 1.11201 
8.08093 8.25689 4.75269 10.4895 7.67382 0 1.04191 1.95148 4.3667 3.19475 5.73168 8.08093 
8.53098 9.15287 5.41089 11.1512 8.24193 1.04191 0 2.42555 4.11177 4.0961 5.55927 8.53098 
9.72114 9.06422 6.21907 11.8073 9.17984 1.95148 2.42555 0 6.30862 2.15942 7.68307 9.72114 
5.73854 8.53027 4.25055 8.98764 5.96211 4.3667 4.11177 6.30862 0 7.22803 1.46828 5.73854 
9.29639 7.60035 5.72875 10.8174 8.54901 3.19475 4.0961 2.15942 7.22803 0 8.41354 9.29639 
4.91755 8.49251 4.45177 8.29444 5.38933 5.73168 5.55927 7.68307 1.46828 8.41354 0 4.91755 
0 0 0 0 0 0 0 0 0 0 0 0 
Printing number of nodes: 11

Version identifier: 22.1.1.0 | 2022-11-28 | 9160aff4d
CPXPARAM_ClockType                               0
CPXPARAM_Emphasis_MIP                            2
CPXPARAM_MIP_Tolerances_Integrality              0
Tried aggregator 1 time.
MIP Presolve eliminated 287 rows and 614 columns.
MIP Presolve modified 1861 coefficients.
Reduced MIP has 5699 rows, 1101 columns, and 166422 nonzeros.
Reduced MIP has 1091 binaries, 0 generals, 0 SOSs, and 0 indicators.
Presolve time = 0.09 sec. (310.02 ticks)
Found incumbent of value 227.407010 after 0.15 sec. (428.90 ticks)
Probing fixed 109 vars, tightened 0 bounds.
Probing time = 0.04 sec. (46.12 ticks)
Tried aggregator 1 time.
Detecting symmetries...
MIP Presolve eliminated 10 rows and 109 columns.
MIP Presolve modified 63 coefficients.
Reduced MIP has 5689 rows, 992 columns, and 165897 nonzeros.
Reduced MIP has 982 binaries, 0 generals, 0 SOSs, and 0 indicators.
Presolve time = 0.06 sec. (170.02 ticks)
Probing time = 0.01 sec. (14.65 ticks)
Clique table members: 83828.
MIP emphasis: optimality.
MIP search method: dynamic search.
Parallel mode: deterministic, using up to 20 threads.
Root relaxation solution time = 0.19 sec. (250.82 ticks)

        Nodes                                         Cuts/
   Node  Left     Objective  IInf  Best Integer    Best Bound    ItCnt     Gap

*     0+    0                          227.4070      -10.0000           104.40%
*     0+    0                          148.0896      -10.0000           106.75%
      0     0       44.2469   151      148.0896       44.2469     1181   70.12%
*     0+    0                           75.1906       44.2469            41.15%
      0     0       45.4432   163       75.1906      Cuts: 64     1819   39.56%
      0     0       45.5330   202       75.1906      Cuts: 23     2069   39.44%
      0     0       45.6652   211       75.1906      Cuts: 21     2214   39.27%
*     0+    0                           67.7644       45.6652            32.61%
      0     0       45.8176   192       67.7644      Cuts: 23     2385   30.59%
      0     0       45.8898   193       67.7644      Cuts: 14     2463   30.59%
Detecting symmetries...
      0     0       45.9626   193       67.7644       Cuts: 9     2516   30.59%
*     0+    0                           62.0945       47.0356            24.25%
      0     0  -1.00000e+75     0       62.0945       47.0356     2516   24.25%
Detecting symmetries...
      0     2       45.9626   193       62.0945       47.0356     2516   24.25%
Elapsed time = 1.96 sec. (4668.05 ticks, tree = 0.02 MB, solutions = 5)
     12     4        cutoff             62.0945       47.0356     3383   24.25%
     51    12       61.3572    28       62.0945       47.0356     8738   24.25%
*    57     9      integral     0       61.3171       47.0356     8754   23.29%
     76     4       49.8000   253       61.3171       49.4388    12098   19.37%
     87     8       57.3844    61       61.3171       50.6593    14462   17.38%
*   105+    7                           60.0499       51.9135            13.55%
*   107+   13                           59.1310       51.9135            12.21%
*   118+    9                           58.1618       51.9135            10.74%
    163    24       57.6554   228       58.1618       51.9135    22529   10.74%
    219    17       57.3844    63       58.1618       57.3844    16624    1.34%

Clique cuts applied:  10
Cover cuts applied:  17
Implied bound cuts applied:  6
Flow cuts applied:  1
Mixed integer rounding cuts applied:  7
Zero-half cuts applied:  27
Gomory fractional cuts applied:  1

Root node processing (before b&c):
  Real time             =    1.93 sec. (4624.95 ticks)
Parallel b&c, 20 threads:
  Real time             =    1.28 sec. (1798.77 ticks)
  Sync time (average)   =    0.93 sec.
  Wait time (average)   =    0.00 sec.
                          ------------
Total (root+branch&cut) =    3.21 sec. (6423.72 ticks)
Truck arcs:
0 4
2 5
4 2
5 6
6 8
8 10
10 11
58.1618
In write mode
