Instance name: /home/cuong/CLionProjects/uMV-FSTSP/rand_generated_instances_3p_settings/v23
Write arg val: 1

drone speed: 1 miles/minute
uav non-eligible customer: 3 12 
Printing tau:
0 7.55812 4.27562 14.3765 2.17252 22.7178 21.1697 23.8612 28.4986 21.4362 14.8932 0 
7.55812 0 6.43399 11.6703 5.38561 15.1597 13.6116 16.303 20.9405 18.73 12.187 7.55812 
4.27562 6.43399 0 10.1008 6.24545 21.5937 20.0456 22.737 27.3745 17.1605 10.6176 4.27562 
14.3765 11.6703 10.1008 0 16.3463 20.5858 19.0377 21.7291 26.3665 11.468 0.516735 14.3765 
2.17252 5.38561 6.24545 16.3463 0 20.5453 18.9972 21.6886 26.3261 23.406 16.863 2.17252 
22.7178 15.1597 21.5937 20.5858 20.5453 0 10.9254 2.9382 5.78078 10.4918 20.5844 22.7178 
21.1697 13.6116 20.0456 19.0377 18.9972 10.9254 0 13.8636 7.32886 21.4172 19.0364 21.1697 
23.8612 16.303 22.737 21.7291 21.6886 2.9382 13.8636 0 7.29921 10.2611 21.7278 23.8612 
28.4986 20.9405 27.3745 26.3665 26.3261 5.78078 7.32886 7.29921 0 14.8985 26.3652 28.4986 
21.4362 18.73 17.1605 11.468 23.406 10.4918 21.4172 10.2611 14.8985 0 11.4667 21.4362 
14.8932 12.187 10.6176 0.516735 16.863 20.5844 19.0364 21.7278 26.3652 11.4667 0 14.8932 
0 0 0 0 0 0 0 0 0 0 0 0 
Printing tau_prime:
0 2.83833 1.56304 5.13844 1.03682 8.91542 7.48463 9.76012 10.3411 8.97545 5.31929 0 
2.83833 0 2.34146 4.55024 2.52165 6.10003 4.90532 6.98838 7.5294 6.95806 4.71634 2.83833 
1.56304 2.34146 0 3.58892 2.23899 7.99029 7.24522 8.72686 9.71266 7.5011 3.7708 1.56304 
5.13844 4.55024 3.58892 0 5.7793 7.37863 8.43039 7.68439 9.72064 4.76123 0.182694 5.13844 
1.03682 2.52165 2.23899 5.7793 0 8.57966 6.75323 9.49799 9.78659 9.20888 5.96199 1.03682 
8.91542 6.10003 7.99029 7.37863 8.57966 0 3.9013 1.11469 2.56017 4.91441 7.4104 8.91542 
7.48463 4.90532 7.24522 8.43039 6.75323 3.9013 0 4.99304 3.47857 8.03117 8.54127 7.48463 
9.76012 6.98838 8.72686 7.68439 9.49799 1.11469 4.99304 0 3.05745 4.50482 7.69024 9.76012 
10.3411 7.5294 9.71266 9.72064 9.78659 2.56017 3.47857 3.05745 0 7.43785 9.77355 10.3411 
8.97545 6.95806 7.5011 4.76123 9.20888 4.91441 8.03117 4.50482 7.43785 0 4.66764 8.97545 
5.31929 4.71634 3.7708 0.182694 5.96199 7.4104 8.54127 7.69024 9.77355 4.66764 0 5.31929 
0 0 0 0 0 0 0 0 0 0 0 0 
Printing number of nodes: 11

Version identifier: 22.1.1.0 | 2022-11-28 | 9160aff4d
CPXPARAM_ClockType                               0
CPXPARAM_Emphasis_MIP                            2
CPXPARAM_MIP_Tolerances_Integrality              0
Tried aggregator 2 times.
MIP Presolve eliminated 475 rows and 748 columns.
MIP Presolve modified 1483 coefficients.
Aggregator did 2 substitutions.
Reduced MIP has 5653 rows, 965 columns, and 163437 nonzeros.
Reduced MIP has 956 binaries, 0 generals, 0 SOSs, and 0 indicators.
Presolve time = 0.08 sec. (282.04 ticks)
Found incumbent of value 219.705120 after 0.14 sec. (398.03 ticks)
Probing fixed 87 vars, tightened 0 bounds.
Probing changed sense of 18 constraints.
Probing time = 0.03 sec. (41.74 ticks)
Tried aggregator 1 time.
MIP Presolve eliminated 30 rows and 105 columns.
MIP Presolve modified 28 coefficients.
Reduced MIP has 5623 rows, 860 columns, and 162929 nonzeros.
Reduced MIP has 851 binaries, 0 generals, 0 SOSs, and 0 indicators.
Presolve time = 0.07 sec. (185.04 ticks)
Probing time = 0.01 sec. (14.20 ticks)
Tried aggregator 1 time.
Detecting symmetries...
Reduced MIP has 5623 rows, 860 columns, and 162929 nonzeros.
Reduced MIP has 851 binaries, 0 generals, 0 SOSs, and 0 indicators.
Presolve time = 0.04 sec. (88.76 ticks)
Probing time = 0.01 sec. (14.04 ticks)
Clique table members: 83354.
MIP emphasis: optimality.
MIP search method: dynamic search.
Parallel mode: deterministic, using up to 20 threads.
Root relaxation solution time = 0.14 sec. (162.54 ticks)

        Nodes                                         Cuts/
   Node  Left     Objective  IInf  Best Integer    Best Bound    ItCnt     Gap

*     0+    0                          219.7051      -10.0000           104.55%
      0     0       50.0352   126      219.7051       50.0352     1419   77.23%
*     0+    0                           84.7251       50.0352            40.94%
*     0+    0                           67.4939       50.0352            25.87%
      0     0       52.4686   146       67.4939      Cuts: 55     2138   10.08%
      0     0       52.6002   155       67.4939      Cuts: 31     2344   10.08%
      0     0       52.6377   152       67.4939      Cuts: 19     2443   10.08%
      0     0       52.6551   170       67.4939      Cuts: 19     2559   10.08%
*     0+    0                           66.4939       60.6898             8.73%
Detecting symmetries...
      0     2       52.6551   170       66.4939       61.1122     2559    8.09%
Elapsed time = 1.66 sec. (3791.68 ticks, tree = 0.02 MB, solutions = 4)
     30    17       64.5695    32       66.4939       61.1122     5155    8.09%
*    79+   16                           65.7753       61.1122             7.09%
    196    22        cutoff             65.7753       61.8335    17885    5.99%
*   294+   21                           65.5926       62.0496             5.40%
    334    18        cutoff             65.5926       62.0496    28855    5.40%
    407     8        cutoff             65.5926       64.5695    34837    1.56%

GUB cover cuts applied:  1
Clique cuts applied:  21
Cover cuts applied:  27
Implied bound cuts applied:  13
Flow cuts applied:  1
Mixed integer rounding cuts applied:  3
Zero-half cuts applied:  15
Gomory fractional cuts applied:  2

Root node processing (before b&c):
  Real time             =    1.63 sec. (3757.91 ticks)
Parallel b&c, 20 threads:
  Real time             =    1.23 sec. (1207.44 ticks)
  Sync time (average)   =    0.73 sec.
  Wait time (average)   =    0.00 sec.
                          ------------
Total (root+branch&cut) =    2.86 sec. (4965.35 ticks)
Truck arcs:
0 2
1 4
2 10
3 9
4 11
5 1
9 5
10 3
65.5926
In write mode
