Instance name: /home/cuong/CLionProjects/uMV-FSTSP/rand_generated_instances_3p_settings/v27
Write arg val: 1

drone speed: 1 miles/minute
uav non-eligible customer: 6 12 
Printing tau:
0 1.42185 1.93244 4.65964 11.5409 11.1153 21.2348 13.4384 5.12257 10.1882 15.6379 0 
1.42185 0 3.12421 5.07266 11.9451 10.7111 20.8306 13.0342 3.70072 9.78397 17.0598 1.42185 
1.93244 3.12421 0 2.7272 9.60846 13.0477 23.1673 15.3709 6.82493 12.1206 13.9356 1.93244 
4.65964 5.07266 2.7272 0 6.88126 15.7749 25.8945 18.0981 8.77338 14.8478 11.9871 4.65964 
11.5409 11.9451 9.60846 6.88126 0 22.6562 32.7757 24.9793 9.6276 21.7291 11.2772 11.5409 
11.1153 10.7111 13.0477 15.7749 22.6562 0 10.1196 2.32316 13.4003 0.927082 11.3789 11.1153 
21.2348 20.8306 23.1673 25.8945 32.7757 10.1196 0 7.79642 23.5199 11.0467 21.4985 21.2348 
13.4384 13.0342 15.3709 18.0981 24.9793 2.32316 7.79642 0 15.7235 3.25024 13.7021 13.4384 
5.12257 3.70072 6.82493 8.77338 9.6276 13.4003 23.5199 15.7235 0 12.4732 20.7605 5.12257 
10.1882 9.78397 12.1206 14.8478 21.7291 0.927082 11.0467 3.25024 12.4732 0 10.4518 10.1882 
15.6379 17.0598 13.9356 11.9871 11.2772 11.3789 21.4985 13.7021 20.7605 10.4518 0 15.6379 
0 0 0 0 0 0 0 0 0 0 0 0 
Printing tau_prime:
0 0.522618 0.91052 2.09286 4.38018 4.57718 7.54392 5.15533 1.98312 4.18726 5.52963 0 
0.522618 0 1.37934 2.53413 4.71452 4.73919 7.36853 5.24445 1.61738 4.35009 6.03616 0.522618 
0.91052 1.37934 0 1.18501 3.53867 4.93201 8.29988 5.61161 2.4162 4.55128 4.96217 0.91052 
2.09286 2.53413 1.18501 0 2.45157 5.67635 9.37737 6.43791 3.21347 5.31695 4.51408 2.09286 
4.38018 4.71452 3.53867 2.45157 0 8.04556 11.8202 8.84095 4.72178 7.7015 5.60265 4.38018 
4.57718 4.73919 4.93201 5.67635 8.04556 0 4.72457 0.891194 6.30343 0.390185 5.12943 4.57718 
7.54392 7.36853 8.29988 9.37737 11.8202 4.72457 0 3.88643 8.38437 4.84901 9.85178 7.54392 
5.15533 5.24445 5.61161 6.43791 8.84095 0.891194 3.88643 0 6.74051 1.15694 5.99291 5.15533 
1.98312 1.61738 2.4162 3.21347 4.72178 6.30343 8.38437 6.74051 0 5.91772 7.37465 1.98312 
4.18726 4.35009 4.55128 5.31695 7.7015 0.390185 4.84901 1.15694 5.91772 0 5.01729 4.18726 
5.52963 6.03616 4.96217 4.51408 5.60265 5.12943 9.85178 5.99291 7.37465 5.01729 0 5.52963 
0 0 0 0 0 0 0 0 0 0 0 0 
Printing number of nodes: 11

Version identifier: 22.1.1.0 | 2022-11-28 | 9160aff4d
CPXPARAM_ClockType                               0
CPXPARAM_Emphasis_MIP                            2
CPXPARAM_MIP_Tolerances_Integrality              0
Tried aggregator 1 time.
MIP Presolve eliminated 450 rows and 526 columns.
MIP Presolve modified 2088 coefficients.
Reduced MIP has 5680 rows, 1189 columns, and 164487 nonzeros.
Reduced MIP has 1180 binaries, 0 generals, 0 SOSs, and 0 indicators.
Presolve time = 0.05 sec. (161.58 ticks)
Found incumbent of value 162.900582 after 0.12 sec. (286.48 ticks)
Probing fixed 133 vars, tightened 0 bounds.
Probing changed sense of 18 constraints.
Probing time = 0.04 sec. (52.14 ticks)
Tried aggregator 1 time.
MIP Presolve eliminated 30 rows and 151 columns.
MIP Presolve modified 8 coefficients.
Reduced MIP has 5650 rows, 1038 columns, and 163769 nonzeros.
Reduced MIP has 1029 binaries, 0 generals, 0 SOSs, and 0 indicators.
Presolve time = 0.07 sec. (181.73 ticks)
Probing time = 0.01 sec. (14.76 ticks)
Tried aggregator 1 time.
Detecting symmetries...
Reduced MIP has 5650 rows, 1038 columns, and 163769 nonzeros.
Reduced MIP has 1029 binaries, 0 generals, 0 SOSs, and 0 indicators.
Presolve time = 0.04 sec. (89.64 ticks)
Probing time = 0.01 sec. (14.25 ticks)
Clique table members: 84281.
MIP emphasis: optimality.
MIP search method: dynamic search.
Parallel mode: deterministic, using up to 20 threads.
Root relaxation solution time = 0.13 sec. (184.96 ticks)

        Nodes                                         Cuts/
   Node  Left     Objective  IInf  Best Integer    Best Bound    ItCnt     Gap

*     0+    0                          162.9006       -9.0000           105.52%
      0     0       52.5611   107      162.9006       52.5611     1538   67.73%
*     0+    0                           74.0579       52.5611            29.03%
      0     0       53.3987   150       74.0579      Cuts: 46     2319   27.90%
*     0+    0                           56.8576       53.3987             6.08%
      0     0       53.4783   146       56.8576      Cuts: 27     2520    5.94%
      0     0       53.5044   159       56.8576      Cuts: 14     2616    5.90%
*     0+    0                           55.9482       53.5044             4.37%
      0     0  -1.00000e+75     0       55.9482       53.5044     2616    4.37%
      0     0       53.5066   162       55.9482       Cuts: 7     2666    4.36%
      0     0       53.5066   167       55.9482       Cuts: 7     2689    4.36%
Detecting symmetries...
      0     0       53.5067   166       55.9482   ZeroHalf: 2     2717    4.36%
