Instance name: /home/cuong/CLionProjects/uMV-FSTSP/rand_generated_instances_3p_settings/v30
Write arg val: 1

drone speed: 1 miles/minute
uav non-eligible customer: 2 12 
Printing tau:
0 2.47688 8.48069 10.3319 3.82957 21.1905 17.5566 18.7561 21.0452 12.9679 4.71086 0 
2.47688 0 9.87449 8.22065 4.93141 23.3018 19.6678 20.8673 23.1564 15.4448 2.59961 2.47688 
8.48069 9.87449 0 4.84586 4.94309 29.6712 26.0373 27.2368 29.5259 20.9219 7.57476 8.48069 
10.3319 8.22065 4.84586 0 6.50234 31.5224 27.8885 29.088 31.3771 22.7731 5.62105 10.3319 
3.82957 4.93141 4.94309 6.50234 0 25.0201 21.3861 22.5857 24.8748 16.2708 2.63168 3.82957 
21.1905 23.3018 29.6712 31.5224 25.0201 0 3.63392 4.9034 0.229921 9.10077 25.9014 21.1905 
17.5566 19.6678 26.0373 27.8885 21.3861 3.63392 0 4.11288 3.48861 9.89129 22.2674 17.5566 
18.7561 20.8673 27.2368 29.088 22.5857 4.9034 4.11288 0 4.67348 14.0042 23.467 18.7561 
21.0452 23.1564 29.5259 31.3771 24.8748 0.229921 3.48861 4.67348 0 9.33069 25.756 21.0452 
12.9679 15.4448 20.9219 22.7731 16.2708 9.10077 9.89129 14.0042 9.33069 0 17.1521 12.9679 
4.71086 2.59961 7.57476 5.62105 2.63168 25.9014 22.2674 23.467 25.756 17.1521 0 4.71086 
0 0 0 0 0 0 0 0 0 0 0 0 
Printing tau_prime:
0 1.15067 3.9788 3.76264 1.60819 7.61571 6.30178 6.64139 7.5509 6.35365 1.66672 0 
1.15067 0 4.15444 3.40709 1.84633 8.53829 7.22552 7.39528 8.46761 7.50264 1.22713 1.15067 
3.9788 4.15444 0 1.83403 2.39966 10.5643 9.33146 10.0807 10.5233 7.65469 2.99142 3.9788 
3.76264 3.40709 1.83403 0 2.29918 11.1546 9.86181 10.3621 11.1001 8.85376 2.20916 3.76264 
1.60819 1.84633 2.39966 2.29918 0 8.86002 7.56434 8.08005 8.80449 6.84899 0.981224 1.60819 
7.61571 8.53829 10.5643 11.1546 8.86002 0 1.31484 1.93551 0.0961636 4.46338 9.26847 7.61571 
6.30178 7.22552 9.33146 9.86181 7.56434 1.31484 0 1.5147 1.24923 3.93708 7.95633 6.30178 
6.64139 7.39528 10.0807 10.3621 8.08005 1.93551 1.5147 0 1.83988 5.43132 8.30238 6.64139 
7.5509 8.46761 10.5233 11.1001 8.80449 0.0961636 1.24923 1.83988 0 4.48734 9.20546 7.5509 
6.35365 7.50264 7.65469 8.85376 6.84899 4.46338 3.93708 5.43132 4.48734 0 7.64024 6.35365 
1.66672 1.22713 2.99142 2.20916 0.981224 9.26847 7.95633 8.30238 9.20546 7.64024 0 1.66672 
0 0 0 0 0 0 0 0 0 0 0 0 
Printing number of nodes: 11

Version identifier: 22.1.1.0 | 2022-11-28 | 9160aff4d
CPXPARAM_ClockType                               0
CPXPARAM_Emphasis_MIP                            2
CPXPARAM_MIP_Tolerances_Integrality              0
Tried aggregator 2 times.
MIP Presolve eliminated 475 rows and 749 columns.
MIP Presolve modified 1465 coefficients.
Aggregator did 2 substitutions.
Reduced MIP has 5653 rows, 964 columns, and 163452 nonzeros.
Reduced MIP has 955 binaries, 0 generals, 0 SOSs, and 0 indicators.
Presolve time = 0.07 sec. (204.62 ticks)
Found incumbent of value 240.907690 after 0.13 sec. (321.33 ticks)
Probing fixed 90 vars, tightened 0 bounds.
Probing changed sense of 18 constraints.
Probing time = 0.03 sec. (39.35 ticks)
Tried aggregator 1 time.
MIP Presolve eliminated 33 rows and 110 columns.
MIP Presolve modified 56 coefficients.
Reduced MIP has 5620 rows, 854 columns, and 162919 nonzeros.
Reduced MIP has 845 binaries, 0 generals, 0 SOSs, and 0 indicators.
Presolve time = 0.07 sec. (187.22 ticks)
Probing time = 0.02 sec. (13.45 ticks)
Tried aggregator 1 time.
Detecting symmetries...
Reduced MIP has 5620 rows, 854 columns, and 162919 nonzeros.
Reduced MIP has 845 binaries, 0 generals, 0 SOSs, and 0 indicators.
Presolve time = 0.04 sec. (87.98 ticks)
Probing time = 0.01 sec. (13.50 ticks)
Clique table members: 83770.
MIP emphasis: optimality.
MIP search method: dynamic search.
Parallel mode: deterministic, using up to 20 threads.
Root relaxation solution time = 0.14 sec. (181.31 ticks)

        Nodes                                         Cuts/
   Node  Left     Objective  IInf  Best Integer    Best Bound    ItCnt     Gap

*     0+    0                          240.9077      -10.0000           104.15%
      0     0       43.5057   118      240.9077       43.5057     1599   81.94%
*     0+    0                           88.9834       43.5057            51.11%
*     0+    0                           66.9491       43.5057            35.02%
      0     0       45.0277   130       66.9491      Cuts: 74     2139   19.78%
      0     0       45.4533   178       66.9491      Cuts: 28     2312    8.62%
      0     0       45.5433   183       66.9491      Cuts: 16     2426    8.62%
*     0+    0                           66.7031       61.1792             8.28%
Detecting symmetries...
      0     2       45.5433   183       66.7031       61.1792     2426    8.28%
Elapsed time = 1.89 sec. (3958.74 ticks, tree = 0.02 MB, solutions = 4)
      9     2        cutoff             66.7031       61.1792     3732    8.28%
     13     1        cutoff             66.7031       61.1792     4863    8.28%
     57     9       63.5329    81       66.7031       61.2359     6227    8.20%
*   284    79      integral     0       64.7542       61.3761    18477    5.22%
    314    76       66.5222    78       64.7542       61.3761    19210    5.22%
    740    59       62.2896   155       64.7542       61.9789    36231    4.29%

Clique cuts applied:  17
Cover cuts applied:  33
Implied bound cuts applied:  29
Flow cuts applied:  1
Mixed integer rounding cuts applied:  2
Zero-half cuts applied:  10
Gomory fractional cuts applied:  3

Root node processing (before b&c):
  Real time             =    1.79 sec. (3930.01 ticks)
Parallel b&c, 20 threads:
  Real time             =    1.45 sec. (1425.18 ticks)
  Sync time (average)   =    0.82 sec.
  Wait time (average)   =    0.00 sec.
                          ------------
Total (root+branch&cut) =    3.24 sec. (5355.19 ticks)
Truck arcs:
0 9
1 10
2 11
3 4
4 2
9 1
10 3
64.7542
In write mode
