Instance name: /home/cuong/CLionProjects/uMV-FSTSP/rand_generated_instances_3p_settings/v31
Write arg val: 1

drone speed: 1 miles/minute
uav non-eligible customer: 12 
Printing tau:
0 4.20465 0.549408 9.33942 6.97802 28.7815 29.0954 25.8481 17.5519 20.5764 3.2931 0 
4.20465 0 4.75406 13.5441 11.1827 25.5777 25.8915 22.6443 17.0191 24.781 7.49775 4.20465 
0.549408 4.75406 0 8.79001 6.42861 28.7286 29.0424 25.7952 17.499 20.027 2.74369 0.549408 
9.33942 13.5441 8.79001 0 4.74272 22.5526 22.8665 19.6193 11.323 11.6132 7.38118 9.33942 
6.97802 11.1827 6.42861 4.74272 0 27.2953 27.6092 24.362 16.0657 16.3559 3.68492 6.97802 
28.7815 25.5777 28.7286 22.5526 27.2953 0 9.45243 2.93334 12.9005 20.6624 29.9338 28.7815 
29.0954 25.8915 29.0424 22.8665 27.6092 9.45243 0 9.5159 11.5435 11.2533 30.2477 29.0954 
25.8481 22.6443 25.7952 19.6193 24.362 2.93334 9.5159 0 12.964 20.7259 27.0005 25.8481 
17.5519 17.0191 17.499 11.323 16.0657 12.9005 11.5435 12.964 0 7.76195 18.7042 17.5519 
20.5764 24.781 20.027 11.6132 16.3559 20.6624 11.2533 20.7259 7.76195 0 18.9944 20.5764 
3.2931 7.49775 2.74369 7.38118 3.68492 29.9338 30.2477 27.0005 18.7042 18.9944 0 3.2931 
0 0 0 0 0 0 0 0 0 0 0 0 
Printing tau_prime:
0 1.86895 0.195144 3.969 2.52243 10.1758 10.8066 9.13885 7.68341 9.6289 1.23351 0 
1.86895 0 2.01648 4.90653 4.00004 9.15955 10.3353 8.13333 7.87016 10.1758 3.06579 1.86895 
0.195144 2.01648 0 3.79814 2.32866 10.1596 10.7308 9.12334 7.55517 9.47057 1.0595 0.195144 
3.969 4.90653 3.79814 0 1.87315 8.64191 8.08453 7.70517 4.18758 5.71331 3.37342 3.969 
2.52243 4.00004 2.32866 1.87315 0 9.96831 9.79778 8.97433 6.0433 7.52023 1.60235 2.52243 
10.1758 9.15955 10.1596 8.64191 9.96831 0 3.34378 1.03733 6.04697 8.26595 10.6504 10.1758 
10.8066 10.3353 10.7308 8.08453 9.79778 3.34378 0 3.55487 4.25941 5.61584 10.9076 10.8066 
9.13885 8.13333 9.12334 7.70517 8.97433 1.03733 3.55487 0 5.44165 7.85542 9.62339 9.13885 
7.68341 7.87016 7.55517 4.18758 6.0433 6.04697 4.25941 5.44165 0 2.74618 7.42044 7.68341 
9.6289 10.1758 9.47057 5.71331 7.52023 8.26595 5.61584 7.85542 2.74618 0 9.07949 9.6289 
1.23351 3.06579 1.0595 3.37342 1.60235 10.6504 10.9076 9.62339 7.42044 9.07949 0 1.23351 
0 0 0 0 0 0 0 0 0 0 0 0 
Printing number of nodes: 11

Version identifier: 22.1.1.0 | 2022-11-28 | 9160aff4d
CPXPARAM_ClockType                               0
CPXPARAM_Emphasis_MIP                            2
CPXPARAM_MIP_Tolerances_Integrality              0
Tried aggregator 1 time.
MIP Presolve eliminated 289 rows and 655 columns.
MIP Presolve modified 1642 coefficients.
Reduced MIP has 5697 rows, 1060 columns, and 166283 nonzeros.
Reduced MIP has 1050 binaries, 0 generals, 0 SOSs, and 0 indicators.
Presolve time = 0.08 sec. (261.44 ticks)
Probing fixed 102 vars, tightened 0 bounds.
Probing time = 0.04 sec. (44.19 ticks)
Tried aggregator 1 time.
Detecting symmetries...
MIP Presolve eliminated 10 rows and 102 columns.
MIP Presolve modified 77 coefficients.
Reduced MIP has 5687 rows, 958 columns, and 165793 nonzeros.
Reduced MIP has 948 binaries, 0 generals, 0 SOSs, and 0 indicators.
Presolve time = 0.06 sec. (173.53 ticks)
Probing time = 0.01 sec. (14.38 ticks)
Clique table members: 84558.
MIP emphasis: optimality.
MIP search method: dynamic search.
Parallel mode: deterministic, using up to 20 threads.
Root relaxation solution time = 0.17 sec. (227.93 ticks)

        Nodes                                         Cuts/
   Node  Left     Objective  IInf  Best Integer    Best Bound    ItCnt     Gap

*     0+    0                          111.7685      -10.0000           108.95%
      0     0       43.9334   161      111.7685       43.9334      934   60.69%
*     0+    0                           80.2909       43.9334            45.28%
      0     0       45.2317   194       80.2909      Cuts: 89     1559   43.67%
      0     0       48.4585   203       80.2909      Cuts: 34     1979   39.65%
      0     0       48.6550   233       80.2909      Cuts: 19     2077   39.40%
      0     0       48.7169   237       80.2909      Cuts: 13     2139   39.32%
      0     0       48.8008   231       80.2909       Cuts: 9     2227   39.22%
Detecting symmetries...
*     0+    0                           69.7258       48.8008            30.01%
      0     0       48.9500   228       69.7258      Cuts: 12     2377   29.80%
*     0+    0                           69.6801       48.9500            29.75%
      0     0       49.0782   252       69.6801      Cuts: 18     2479   29.57%
      0     0       49.0939   256       69.6801       Cuts: 8     2518   29.54%
      0     0       49.1061   258       69.6801       Cuts: 4     2560   29.53%
      0     0       49.1509   250       69.6801       Cuts: 7     2631   29.46%
      0     0       49.1913   252       69.6801       Cuts: 6     2684   29.40%
      0     0       49.2149   255       69.6801       Cuts: 5     2720   29.37%
      0     0       49.2353   256       69.6801       Cuts: 5     2747   29.34%
      0     0       49.2616   258       69.6801       Cuts: 6     2810   29.30%
      0     0       49.2944   238       69.6801       Cuts: 7     2861   29.26%
      0     0       49.3858   240       69.6801       Cuts: 7     2959   29.12%
      0     0       49.4343   251       69.6801       Cuts: 5     3032   29.06%
      0     0       49.4588   241       69.6801       Cuts: 7     3101   29.02%
      0     0       49.4892   249       69.6801       Cuts: 7     3164   28.98%
      0     0       49.5284   262       69.6801      Cuts: 11     3242   28.92%
      0     0       49.5335   263       69.6801       Cuts: 4     3272   28.91%
      0     0       49.5385   261       69.6801    Cliques: 1     3295   28.91%
*     0+    0                           66.4776       49.5385            25.48%
Detecting symmetries...
      0     2       49.5385   261       66.4776       49.5385     3295   25.48%
Elapsed time = 2.45 sec. (5526.69 ticks, tree = 0.02 MB, solutions = 5)
      2     3       49.6141   249       66.4776       49.5387     3449   25.48%
      6     1        cutoff             66.4776       50.3340     4419   24.28%
     14     4       53.8477   261       66.4776       52.9305     6638   20.38%
*    18+    3                           58.2349       52.9305             9.11%
     21     5       55.6724    63       58.2349       53.8501     7859    7.53%
     78    19       56.8275    71       58.2349       54.3563    11675    6.66%
    174    14       56.1227    85       58.2349       55.6657    19681    4.41%
    194     6        cutoff             58.2349       56.7429    23979    2.56%

Clique cuts applied:  22
Cover cuts applied:  6
Implied bound cuts applied:  54
Flow cuts applied:  3
Mixed integer rounding cuts applied:  13
Zero-half cuts applied:  22
Gomory fractional cuts applied:  2

Root node processing (before b&c):
  Real time             =    2.42 sec. (5461.71 ticks)
Parallel b&c, 20 threads:
  Real time             =    1.88 sec. (1944.96 ticks)
  Sync time (average)   =    1.48 sec.
  Wait time (average)   =    0.00 sec.
                          ------------
Total (root+branch&cut) =    4.29 sec. (7406.67 ticks)
Truck arcs:
0 2
2 10
3 9
4 3
8 11
9 8
10 4
58.2349
In write mode
