Instance name: /home/cuong/CLionProjects/uMV-FSTSP/rand_generated_instances_3p_settings/v33
Write arg val: 1

drone speed: 1 miles/minute
uav non-eligible customer: 12 
Printing tau:
0 12.8998 2.30872 4.90862 10.4373 21.2651 26.2534 33.7957 20.7156 15.6922 16.9602 0 
12.8998 0 15.2085 7.99117 2.4625 8.36534 13.3536 20.896 10.9625 15.2389 4.06043 12.8998 
2.30872 15.2085 0 7.21734 12.746 23.5739 28.5621 36.1045 23.0243 17.2047 19.2689 2.30872 
4.90862 7.99117 7.21734 0 5.63934 16.3565 21.3448 28.8871 15.807 10.9476 12.0516 4.90862 
10.4373 2.4625 12.746 5.63934 0 10.8278 15.8161 23.3585 10.2783 16.5869 6.52293 10.4373 
21.2651 8.36534 23.5739 16.3565 10.8278 0 11.4206 12.5306 13.8358 12.3656 4.30491 21.2651 
26.2534 13.3536 28.5621 21.3448 15.8161 11.4206 0 9.38031 5.53779 23.7862 9.29369 26.2534 
33.7957 20.896 36.1045 28.8871 23.3585 12.5306 9.38031 0 13.0802 18.8998 16.8355 33.7957 
20.7156 10.9625 23.0243 15.807 10.2783 13.8358 5.53779 13.0802 0 26.2014 11.7089 20.7156 
15.6922 15.2389 17.2047 10.9476 16.5869 12.3656 23.7862 18.8998 26.2014 0 14.4925 15.6922 
16.9602 4.06043 19.2689 12.0516 6.52293 4.30491 9.29369 16.8355 11.7089 14.4925 0 16.9602 
0 0 0 0 0 0 0 0 0 0 0 0 
Printing tau_prime:
0 4.56358 0.8793 2.41365 3.70367 7.60979 9.7131 11.9573 8.21265 7.64962 6.01132 0 
4.56358 0 5.3796 3.20691 0.99254 3.12719 5.60552 7.3937 4.76004 5.43379 1.45963 4.56358 
0.8793 5.3796 0 2.88706 4.55208 8.37776 10.5897 12.7655 9.08884 8.01621 6.81329 0.8793 
2.41365 3.20691 2.88706 0 2.79214 5.80459 8.80645 10.2861 7.76644 5.23923 4.44139 2.41365 
3.70367 0.99254 4.55208 2.79214 0 4.10886 6.14388 8.29438 4.97597 6.07254 2.42217 3.70367 
7.60979 3.12719 8.37776 5.80459 4.10886 0 4.40613 4.48858 4.89556 4.91776 1.69764 7.60979 
9.7131 5.60552 10.5897 8.80645 6.14388 4.40613 0 4.25554 2.13602 9.31916 4.64672 9.7131 
11.9573 7.3937 12.7655 10.2861 8.29438 4.48858 4.25554 0 6.22721 8.40187 5.95234 11.9573 
8.21265 4.76004 9.08884 7.76644 4.97597 4.89556 2.13602 6.22721 0 9.48936 4.34744 8.21265 
7.64962 5.43379 8.01621 5.23923 6.07254 4.91776 9.31916 8.40187 9.48936 0 5.17559 7.64962 
6.01132 1.45963 6.81329 4.44139 2.42217 1.69764 4.64672 5.95234 4.34744 5.17559 0 6.01132 
0 0 0 0 0 0 0 0 0 0 0 0 
Printing number of nodes: 11

Version identifier: 22.1.1.0 | 2022-11-28 | 9160aff4d
CPXPARAM_ClockType                               0
CPXPARAM_Emphasis_MIP                            2
CPXPARAM_MIP_Tolerances_Integrality              0
Tried aggregator 1 time.
MIP Presolve eliminated 273 rows and 483 columns.
MIP Presolve modified 1898 coefficients.
Reduced MIP has 5713 rows, 1232 columns, and 167148 nonzeros.
Reduced MIP has 1222 binaries, 0 generals, 0 SOSs, and 0 indicators.
Presolve time = 0.06 sec. (163.06 ticks)
Found incumbent of value 196.985830 after 0.12 sec. (286.33 ticks)
Probing fixed 158 vars, tightened 0 bounds.
Probing time = 0.04 sec. (53.38 ticks)
Tried aggregator 2 times.
MIP Presolve eliminated 11 rows and 159 columns.
MIP Presolve modified 105 coefficients.
Aggregator did 1 substitutions.
Reduced MIP has 5701 rows, 1072 columns, and 166346 nonzeros.
Reduced MIP has 1062 binaries, 0 generals, 0 SOSs, and 0 indicators.
Presolve time = 0.07 sec. (281.80 ticks)
Probing time = 0.16 sec. (14.72 ticks)
Tried aggregator 1 time.
Detecting symmetries...
MIP Presolve eliminated 5 rows and 2 columns.
MIP Presolve modified 7 coefficients.
Reduced MIP has 5696 rows, 1070 columns, and 166332 nonzeros.
Reduced MIP has 1060 binaries, 0 generals, 0 SOSs, and 0 indicators.
Presolve time = 0.05 sec. (100.64 ticks)
Probing time = 0.01 sec. (14.74 ticks)
Clique table members: 85235.
MIP emphasis: optimality.
MIP search method: dynamic search.
Parallel mode: deterministic, using up to 20 threads.
Root relaxation solution time = 0.20 sec. (250.69 ticks)

        Nodes                                         Cuts/
   Node  Left     Objective  IInf  Best Integer    Best Bound    ItCnt     Gap

*     0+    0                          196.9858      -10.0000           105.08%
*     0+    0                          143.3280      -10.0000           106.98%
      0     0       46.9694   181      143.3280       46.9694     1054   67.23%
*     0+    0                           74.5368       46.9694            36.98%
      0     0       48.1741   193       74.5368      Cuts: 81     2389   35.37%
      0     0       48.4823   195       74.5368      Cuts: 33     2604   34.96%
      0     0       48.5814   213       74.5368       Cuts: 9     2728   34.82%
      0     0       48.6776   224       74.5368      Cuts: 19     2884   34.69%
      0     0       48.7736   236       74.5368      Cuts: 18     2978   34.56%
Detecting symmetries...
      0     0       48.8568   239       74.5368      Cuts: 10     3082   34.45%
      0     0       48.8638   241       74.5368       Cuts: 4     3126   34.44%
      0     0       48.8853   250       74.5368       Cuts: 7     3209   34.41%
      0     0       48.8888   237       74.5368       Cuts: 5     3234   34.41%
      0     0       48.9023   242       74.5368       Cuts: 7     3304   34.39%
      0     0       48.9029   247       74.5368       Cuts: 3     3318   34.39%
*     0+    0                           67.2547       48.9029            27.29%
      0     0       48.9029   250       67.2547   ZeroHalf: 1     3319   27.29%
*     0+    0                           63.8179       48.9029            23.37%
Detecting symmetries...
      0     2       48.9029   247       63.8179       48.9029     3319   23.37%
Elapsed time = 2.43 sec. (5010.37 ticks, tree = 0.02 MB, solutions = 5)
      1     3       59.5073    45       63.8179       48.9046     4260   23.37%
*    22+    6                           59.5073       48.9046            17.82%
     33    20       59.8677    48       59.5073       48.9046     5621   17.82%
     42     5       49.6670   240       59.5073       49.0109     8827   17.64%
     51     6       56.4336    53       59.5073       49.0112     9874   17.64%
     92    21       54.1476    55       59.5073       51.0575    16066   14.20%
*   141+   19                           59.3855       51.8294            12.72%
*   164+   40                           58.8576       51.8294            11.94%
    201    84       58.0209   186       58.8576       51.8294    28475   11.94%
*   235    88      integral     0       57.7375       51.8294    31489   10.23%
    441    83       57.6323   157       57.7375       51.8294    40652   10.23%
    767   124       54.9745    85       57.7375       51.8294    50480   10.23%
   1473     2        cutoff             57.7375       54.9975    64668    4.75%
Elapsed time = 5.57 sec. (8028.69 ticks, tree = 0.11 MB, solutions = 19)

Clique cuts applied:  12
Cover cuts applied:  16
Implied bound cuts applied:  47
Mixed integer rounding cuts applied:  8
Zero-half cuts applied:  31
Gomory fractional cuts applied:  2

Root node processing (before b&c):
  Real time             =    2.39 sec. (4946.05 ticks)
Parallel b&c, 20 threads:
  Real time             =    3.58 sec. (3736.69 ticks)
  Sync time (average)   =    2.27 sec.
  Wait time (average)   =    0.00 sec.
                          ------------
Total (root+branch&cut) =    5.97 sec. (8682.74 ticks)
Truck arcs:
0 3
1 10
2 11
3 1
4 2
5 4
10 5
57.7375
In write mode
