Instance name: /home/cuong/CLionProjects/uMV-FSTSP/rand_generated_instances_3p_settings/v39
Write arg val: 1

drone speed: 1 miles/minute
uav non-eligible customer: 7 9 12 
Printing tau:
0 4.26383 5.22012 9.6652 7.59141 10.051 19.9205 20.967 7.52708 7.80239 8.39076 0 
4.26383 0 5.0512 5.64231 3.84732 14.0739 23.9434 24.9899 9.32293 6.41406 4.36788 4.26383 
5.22012 5.0512 0 4.44508 2.3713 15.2711 25.1406 26.1872 10.5202 2.58228 3.17065 5.22012 
9.6652 5.64231 4.44508 0 2.07378 19.7162 29.5857 30.6322 14.9652 1.8628 2.95516 9.6652 
7.59141 3.84732 2.3713 2.07378 0 17.6424 27.5119 28.5585 12.8915 2.56674 1.82785 7.59141 
10.051 14.0739 15.2711 19.7162 17.6424 0 9.8695 10.916 4.75096 17.8534 18.4418 10.051 
19.9205 23.9434 25.1406 29.5857 27.5119 9.8695 0 1.51418 14.6205 27.7229 28.3113 19.9205 
20.967 24.9899 26.1872 30.6322 28.5585 10.916 1.51418 0 15.667 28.7694 29.3578 20.967 
7.52708 9.32293 10.5202 14.9652 12.8915 4.75096 14.6205 15.667 0 13.1024 13.6908 7.52708 
7.80239 6.41406 2.58228 1.8628 2.56674 17.8534 27.7229 28.7694 13.1024 0 4.39459 7.80239 
8.39076 4.36788 3.17065 2.95516 1.82785 18.4418 28.3113 29.3578 13.6908 4.39459 0 8.39076 
0 0 0 0 0 0 0 0 0 0 0 0 
Printing tau_prime:
0 2.07256 1.86647 3.42639 2.68801 4.55438 7.07399 7.50901 3.25475 2.8614 3.07087 0 
2.07256 0 1.83535 2.65948 1.85527 5.15343 8.5074 8.84072 3.49224 2.63213 1.70135 2.07256 
1.86647 1.83535 0 1.57181 0.940237 6.2393 8.93814 9.3754 4.74083 1.03232 1.55098 1.86647 
3.42639 2.65948 1.57181 0 0.834519 7.62892 10.4999 10.9266 6.03967 0.832316 1.13782 3.42639 
2.68801 1.85527 0.940237 0.834519 0 6.79736 9.74053 10.1514 5.20516 0.910539 0.705338 2.68801 
4.55438 5.15343 6.2393 7.62892 6.79736 0 4.11799 4.19788 1.69014 7.27094 6.83635 4.55438 
7.07399 8.5074 8.93814 10.4999 9.74053 4.11799 0 0.650767 5.54232 9.90414 10.0104 7.07399 
7.50901 8.84072 9.3754 10.9266 10.1514 4.19788 0.650767 0 5.72934 10.3582 10.3874 7.50901 
3.25475 3.49224 4.74083 6.03967 5.20516 1.69014 5.54232 5.72934 0 5.75895 5.18827 3.25475 
2.8614 2.63213 1.03232 0.832316 0.910539 7.27094 9.90414 10.3582 5.75895 0 1.56759 2.8614 
3.07087 1.70135 1.55098 1.13782 0.705338 6.83635 10.0104 10.3874 5.18827 1.56759 0 3.07087 
0 0 0 0 0 0 0 0 0 0 0 0 
Printing number of nodes: 11

Version identifier: 22.1.1.0 | 2022-11-28 | 9160aff4d
CPXPARAM_ClockType                               0
CPXPARAM_Emphasis_MIP                            2
CPXPARAM_MIP_Tolerances_Integrality              0
Tried aggregator 2 times.
MIP Presolve eliminated 898 rows and 690 columns.
MIP Presolve modified 1679 coefficients.
Aggregator did 2 substitutions.
Reduced MIP has 5374 rows, 1023 columns, and 152230 nonzeros.
Reduced MIP has 1015 binaries, 0 generals, 0 SOSs, and 0 indicators.
Presolve time = 0.09 sec. (254.16 ticks)
Probing fixed 117 vars, tightened 0 bounds.
Probing changed sense of 32 constraints.
Probing time = 0.03 sec. (40.98 ticks)
Tried aggregator 1 time.
MIP Presolve eliminated 48 rows and 149 columns.
MIP Presolve modified 76 coefficients.
Reduced MIP has 5326 rows, 874 columns, and 151507 nonzeros.
Reduced MIP has 866 binaries, 0 generals, 0 SOSs, and 0 indicators.
Presolve time = 0.07 sec. (168.98 ticks)
Probing time = 0.01 sec. (13.59 ticks)
Tried aggregator 1 time.
Detecting symmetries...
Reduced MIP has 5326 rows, 874 columns, and 151507 nonzeros.
Reduced MIP has 866 binaries, 0 generals, 0 SOSs, and 0 indicators.
Presolve time = 0.03 sec. (82.30 ticks)
Probing time = 0.01 sec. (13.32 ticks)
Clique table members: 78264.
MIP emphasis: optimality.
MIP search method: dynamic search.
Parallel mode: deterministic, using up to 20 threads.
Root relaxation solution time = 0.05 sec. (88.63 ticks)

        Nodes                                         Cuts/
   Node  Left     Objective  IInf  Best Integer    Best Bound    ItCnt     Gap

*     0+    0                          137.3457       -5.6095           104.08%
      0     0       63.0109    10      137.3457       63.0109      764   54.12%
*     0+    0                           71.2845       63.0109            11.61%
*     0+    0                           63.0109       63.0109             0.00%
      0     0        cutoff             63.0109       63.0109      764    0.00%
Elapsed time = 0.47 sec. (1030.41 ticks, tree = 0.01 MB, solutions = 3)

Root node processing (before b&c):
  Real time             =    0.47 sec. (1030.95 ticks)
Parallel b&c, 20 threads:
  Real time             =    0.00 sec. (0.00 ticks)
  Sync time (average)   =    0.00 sec.
  Wait time (average)   =    0.00 sec.
                          ------------
Total (root+branch&cut) =    0.47 sec. (1030.95 ticks)
Truck arcs:
0 2
1 8
2 9
3 4
4 1
5 6
6 7
7 11
8 5
9 3
63.0109
In write mode
