Instance name: /home/cuong/CLionProjects/uMV-FSTSP/rand_generated_instances_3p_settings/v40
Write arg val: 1

drone speed: 1 miles/minute
uav non-eligible customer: 1 12 
Printing tau:
0 2.67683 7.56148 2.07381 4.64831 20.3418 27.3272 19.4708 11.7888 13.635 21.5858 0 
2.67683 0 5.24164 4.75064 3.96413 23.0187 30.004 22.1476 14.4656 13.0612 24.2626 2.67683 
7.56148 5.24164 0 7.05075 9.20576 19.9226 26.908 19.0515 15.5869 9.96516 21.1665 7.56148 
2.07381 4.75064 7.05075 0 6.72212 18.268 25.2534 17.397 9.71496 13.1243 19.5119 2.07381 
4.64831 3.96413 9.20576 6.72212 0 24.9901 31.9755 24.1191 16.4371 15.2793 26.2341 4.64831 
20.3418 23.0187 19.9226 18.268 24.9901 0 7.92374 2.62434 8.55305 16.2593 14.4203 20.3418 
27.3272 30.004 26.908 25.2534 31.9755 7.92374 0 7.85644 15.5384 16.9428 6.4966 27.3272 
19.4708 22.1476 19.0515 17.397 24.1191 2.62434 7.85644 0 8.02547 13.635 11.796 19.4708 
11.7888 14.4656 15.5869 9.71496 16.4371 8.55305 15.5384 8.02547 0 21.6604 19.8215 11.7888 
13.635 13.0612 9.96516 13.1243 15.2793 16.2593 16.9428 13.635 21.6604 0 11.2013 13.635 
21.5858 24.2626 21.1665 19.5119 26.2341 14.4203 6.4966 11.796 19.8215 11.2013 0 21.5858 
0 0 0 0 0 0 0 0 0 0 0 0 
Printing tau_prime:
0 1.25235 2.67749 0.755111 1.74322 7.25152 9.84162 6.88396 5.04211 6.0596 8.69692 0 
1.25235 0 2.15234 1.79727 1.56529 8.32393 10.6602 7.8732 6.28767 6.10972 9.20918 1.25235 
2.67749 2.15234 0 2.56053 3.71528 7.9109 9.54696 7.24686 6.82109 4.12602 7.63178 2.67749 
0.755111 1.79727 2.56053 0 2.49577 6.55314 9.08753 6.1534 4.57229 5.49219 7.96927 0.755111 
1.74322 1.56529 3.71528 2.49577 0 8.84214 11.5685 8.54718 6.23395 7.57826 10.4215 1.74322 
7.25152 8.32393 7.9109 6.55314 8.84214 0 3.73466 0.977618 3.57643 6.74087 5.11729 7.25152 
9.84162 10.6602 9.54696 9.08753 11.5685 3.73466 0 3.35051 7.23702 6.67589 3.06533 9.84162 
6.88396 7.8732 7.24686 6.1534 8.54718 0.977618 3.35051 0 3.9278 5.79304 4.23702 6.88396 
5.04211 6.28767 6.82109 4.57229 6.23395 3.57643 7.23702 3.9278 0 7.6742 7.81722 5.04211 
6.0596 6.10972 4.12602 5.49219 7.57826 6.74087 6.67589 5.79304 7.6742 0 4.01329 6.0596 
8.69692 9.20918 7.63178 7.96927 10.4215 5.11729 3.06533 4.23702 7.81722 4.01329 0 8.69692 
0 0 0 0 0 0 0 0 0 0 0 0 
Printing number of nodes: 11

Version identifier: 22.1.1.0 | 2022-11-28 | 9160aff4d
CPXPARAM_ClockType                               0
CPXPARAM_Emphasis_MIP                            2
CPXPARAM_MIP_Tolerances_Integrality              0
Tried aggregator 2 times.
MIP Presolve eliminated 468 rows and 689 columns.
MIP Presolve modified 1694 coefficients.
Aggregator did 2 substitutions.
Reduced MIP has 5660 rows, 1024 columns, and 163726 nonzeros.
Reduced MIP has 1015 binaries, 0 generals, 0 SOSs, and 0 indicators.
Presolve time = 0.08 sec. (276.75 ticks)
Found incumbent of value 217.395830 after 0.14 sec. (391.56 ticks)
Probing fixed 98 vars, tightened 0 bounds.
Probing changed sense of 18 constraints.
Probing time = 0.04 sec. (42.71 ticks)
Tried aggregator 1 time.
MIP Presolve eliminated 31 rows and 116 columns.
MIP Presolve modified 34 coefficients.
Reduced MIP has 5629 rows, 908 columns, and 163166 nonzeros.
Reduced MIP has 899 binaries, 0 generals, 0 SOSs, and 0 indicators.
Presolve time = 0.07 sec. (186.00 ticks)
Probing time = 0.01 sec. (14.51 ticks)
Tried aggregator 1 time.
Detecting symmetries...
Reduced MIP has 5629 rows, 908 columns, and 163166 nonzeros.
Reduced MIP has 899 binaries, 0 generals, 0 SOSs, and 0 indicators.
Presolve time = 0.03 sec. (88.41 ticks)
Probing time = 0.01 sec. (14.31 ticks)
Clique table members: 82802.
MIP emphasis: optimality.
MIP search method: dynamic search.
Parallel mode: deterministic, using up to 20 threads.
Root relaxation solution time = 0.16 sec. (215.49 ticks)

        Nodes                                         Cuts/
   Node  Left     Objective  IInf  Best Integer    Best Bound    ItCnt     Gap

*     0+    0                          217.3958       -4.8524           102.23%
      0     0       42.1884   133      217.3958       42.1884      866   80.59%
*     0+    0                           66.1066       42.1884            36.18%
      0     0       43.5346   177       66.1066      Cuts: 67     1448   32.53%
      0     0       43.5680   179       66.1066      Cuts: 14     1523   32.53%
      0     0       43.6947   174       66.1066      Cuts: 20     1688   32.53%
      0     0       43.7135   171       66.1066       Cuts: 5     1726   32.53%
*     0+    0                           65.9456       44.6015            32.37%
Detecting symmetries...
      0     2       43.7135   171       65.9456       44.6248     1726   32.33%
Elapsed time = 1.91 sec. (4414.29 ticks, tree = 0.02 MB, solutions = 3)
      4     3       45.1712   195       65.9456       44.6248     2577   32.33%
     11     8       61.5839   226       65.9456       45.6751     3983   30.74%
*    16+    5                           65.1546       45.6751            29.90%
*    18+    5                           61.0591       45.6751            25.20%
*    18+    5                           60.6445       45.6751            24.68%
*    25+    2                           60.1165       45.6751            24.02%
     27    10       56.7906   122       60.1165       50.1666     8874   16.55%
*    35+    8                           58.9645       50.1666            14.92%
    125    28        cutoff             58.9645       52.2424    15653   11.40%
*   294    25      integral     0       58.3329       56.7906    26365    2.64%
    387    27        cutoff             58.3329       56.7907    33981    2.64%
    520    18       57.9736   194       58.3329       57.1341    50764    2.06%

Clique cuts applied:  17
Cover cuts applied:  18
Implied bound cuts applied:  61
Flow cuts applied:  1
Mixed integer rounding cuts applied:  3
Zero-half cuts applied:  18
Gomory fractional cuts applied:  1

Root node processing (before b&c):
  Real time             =    1.88 sec. (4382.91 ticks)
Parallel b&c, 20 threads:
  Real time             =    1.77 sec. (1706.32 ticks)
  Sync time (average)   =    1.11 sec.
  Wait time (average)   =    0.00 sec.
                          ------------
Total (root+branch&cut) =    3.65 sec. (6089.23 ticks)
Truck arcs:
0 3
1 11
2 1
3 8
7 9
8 7
9 2
58.3329
In write mode
