Instance name: /home/cuong/CLionProjects/uMV-FSTSP/rand_generated_instances_3p_settings/v43
Write arg val: 1

drone speed: 1 miles/minute
uav non-eligible customer: 12 
Printing tau:
0 1.9125 9.82565 5.84978 6.87611 17.0178 15.1453 24.2333 6.21642 8.66333 12.9856 0 
1.9125 0 8.7058 5.31007 5.75626 15.1053 13.2328 22.3208 5.09657 9.78319 11.0731 1.9125 
9.82565 8.7058 0 3.97587 2.94954 18.4286 16.5561 25.6442 3.60923 18.489 14.3965 9.82565 
5.84978 5.31007 3.97587 0 1.81717 20.4154 18.5428 27.6309 4.15676 14.5131 16.3832 5.84978 
6.87611 5.75626 2.94954 1.81717 0 18.5982 16.7256 25.8137 2.33959 15.5394 14.566 6.87611 
17.0178 15.1053 18.4286 20.4154 18.5982 0 1.87253 7.21553 16.2586 13.2957 4.03217 17.0178 
15.1453 13.2328 16.5561 18.5428 16.7256 1.87253 0 9.08806 14.3861 12.7803 3.25035 15.1453 
24.2333 22.3208 25.6442 27.6309 25.8137 7.21553 9.08806 0 23.4741 17.4045 11.2477 24.2333 
6.21642 5.09657 3.60923 4.15676 2.33959 16.2586 14.3861 23.4741 0 14.8798 12.2264 6.21642 
8.66333 9.78319 18.489 14.5131 15.5394 13.2957 12.7803 17.4045 14.8798 0 16.0307 8.66333 
12.9856 11.0731 14.3965 16.3832 14.566 4.03217 3.25035 11.2477 12.2264 16.0307 0 12.9856 
0 0 0 0 0 0 0 0 0 0 0 0 
Printing tau_prime:
0 0.783559 3.50952 2.39174 2.49446 6.23562 5.54897 8.58851 2.21417 3.90009 5.27854 0 
0.783559 0 3.29461 2.51419 2.38051 5.48302 4.79699 7.89415 1.84747 3.87105 4.49507 0.783559 
3.50952 3.29461 0 1.57141 1.04454 6.76928 6.19166 9.51222 1.48895 7.15659 5.1636 3.50952 
2.39174 2.51419 1.57141 0 0.737857 7.23074 6.58444 9.87923 1.47534 6.27703 5.81713 2.39174 
2.49446 2.38051 1.04454 0.737857 0 6.62313 5.99333 9.30909 0.859423 6.24688 5.15279 2.49446 
6.23562 5.48302 6.76928 7.23074 6.62313 0 0.68666 2.75541 5.7755 5.92234 1.72259 6.23562 
5.54897 4.79699 6.19166 6.58444 5.99333 0.68666 0 3.32598 5.14011 5.39098 1.37971 5.54897 
8.58851 7.89415 9.51222 9.87923 9.30909 2.75541 3.32598 0 8.45243 7.15936 4.45498 8.58851 
2.21417 1.84747 1.48895 1.47534 0.859423 5.7755 5.14011 8.45243 0 5.68162 4.3418 2.21417 
3.90009 3.87105 7.15659 6.27703 6.24688 5.92234 5.39098 7.15936 5.68162 0 6.07134 3.90009 
5.27854 4.49507 5.1636 5.81713 5.15279 1.72259 1.37971 4.45498 4.3418 6.07134 0 5.27854 
0 0 0 0 0 0 0 0 0 0 0 0 
Printing number of nodes: 11

Version identifier: 22.1.1.0 | 2022-11-28 | 9160aff4d
CPXPARAM_ClockType                               0
CPXPARAM_Emphasis_MIP                            2
CPXPARAM_MIP_Tolerances_Integrality              0
Tried aggregator 1 time.
MIP Presolve eliminated 257 rows and 325 columns.
MIP Presolve modified 2377 coefficients.
Reduced MIP has 5729 rows, 1390 columns, and 167910 nonzeros.
Reduced MIP has 1380 binaries, 0 generals, 0 SOSs, and 0 indicators.
Presolve time = 0.08 sec. (227.38 ticks)
Found incumbent of value 124.377030 after 0.14 sec. (351.48 ticks)
Probing fixed 164 vars, tightened 0 bounds.
Probing time = 0.04 sec. (59.60 ticks)
Tried aggregator 1 time.
MIP Presolve eliminated 11 rows and 164 columns.
MIP Presolve modified 145 coefficients.
Reduced MIP has 5718 rows, 1226 columns, and 167085 nonzeros.
Reduced MIP has 1216 binaries, 0 generals, 0 SOSs, and 0 indicators.
Presolve time = 0.05 sec. (129.15 ticks)
Probing time = 0.01 sec. (15.07 ticks)
Tried aggregator 1 time.
Detecting symmetries...
MIP Presolve modified 18 coefficients.
Reduced MIP has 5718 rows, 1226 columns, and 167085 nonzeros.
Reduced MIP has 1216 binaries, 0 generals, 0 SOSs, and 0 indicators.
Presolve time = 0.04 sec. (94.89 ticks)
Probing time = 0.01 sec. (14.89 ticks)
Clique table members: 83179.
MIP emphasis: optimality.
MIP search method: dynamic search.
Parallel mode: deterministic, using up to 20 threads.
Root relaxation solution time = 0.22 sec. (300.11 ticks)

        Nodes                                         Cuts/
   Node  Left     Objective  IInf  Best Integer    Best Bound    ItCnt     Gap

*     0+    0                          124.3770      -10.0000           108.04%
*     0+    0                          113.3403      -10.0000           108.82%
      0     0       36.7625   143      113.3403       36.7625     1405   67.56%
*     0+    0                           70.0625       36.7625            47.53%
      0     0       38.6964   194       70.0625      Cuts: 41     2608   44.77%
      0     0       38.8524   201       70.0625      Cuts: 21     2894   44.55%
      0     0       38.9457   218       70.0625      Cuts: 15     2998   44.41%
*     0+    0                           58.2370       38.9457            33.13%
      0     0  -1.00000e+75     0       58.2370       38.9457     2998   33.13%
      0     0       39.0271   225       58.2370      Cuts: 13     3147   32.99%
      0     0       39.0489   222       58.2370       Cuts: 6     3228   32.95%
Detecting symmetries...
      0     0       39.0731   226       58.2370      Cuts: 11     3321   32.91%
      0     0       39.0812   225       58.2370       Cuts: 4     3355   32.89%
      0     0       39.1020   224       58.2370       Cuts: 8     3422   32.86%
      0     0       39.1020   226       58.2370   ZeroHalf: 1     3423   32.86%
*     0+    0                           53.6803       39.1020            27.16%
*     0+    0                           48.2829       39.1020            19.01%
*     0+    0                           47.6286       39.1020            17.90%
      0     0  -1.00000e+75     0       47.6286       39.1020     3423   17.90%
Detecting symmetries...
      0     2       39.1020   226       47.6286       39.1020     3423   17.90%
Elapsed time = 2.37 sec. (5050.21 ticks, tree = 0.02 MB, solutions = 7)
      1     3       41.0014   172       47.6286       39.1020     4358   17.90%
     15     8       46.4214   141       47.6286       41.0207     7248   13.87%
     79     8       47.1086   154       47.6286       41.7864    11309   12.27%
    109     7       46.3133   100       47.6286       46.0049    13344    3.41%
    138     5        cutoff             47.6286       46.0049    17558    3.41%

Clique cuts applied:  1
Cover cuts applied:  1
Implied bound cuts applied:  8
Flow cuts applied:  2
Mixed integer rounding cuts applied:  7
Zero-half cuts applied:  24
Gomory fractional cuts applied:  2

Root node processing (before b&c):
  Real time             =    2.33 sec. (4985.80 ticks)
Parallel b&c, 20 threads:
  Real time             =    1.32 sec. (1889.24 ticks)
  Sync time (average)   =    1.07 sec.
  Wait time (average)   =    0.00 sec.
                          ------------
Total (root+branch&cut) =    3.66 sec. (6875.04 ticks)
Truck arcs:
0 3
1 11
3 4
4 8
6 1
8 10
10 6
47.6286
In write mode
