Instance name: /home/cuong/CLionProjects/uMV-FSTSP/rand_generated_instances_3p_settings/v62
Write arg val: 1

drone speed: 1 miles/minute
uav non-eligible customer: 12 
Printing tau:
0 5.27257 5.89943 5.02136 3.07461 16.492 22.3017 13.3276 17.0859 3.46977 12.1872 0 
5.27257 0 1.26395 4.04663 8.34718 21.7645 27.5743 18.6001 18.5306 1.8028 10.7425 5.27257 
5.89943 1.26395 0 4.67349 8.97404 22.3914 28.2012 19.227 19.7946 2.42966 10.2795 5.89943 
5.02136 4.04663 4.67349 0 7.9849 17.7179 23.5277 14.5535 22.1073 4.61291 7.16588 5.02136 
3.07461 8.34718 8.97404 7.9849 0 13.4174 19.2271 10.253 14.1224 6.54439 15.1508 3.07461 
16.492 21.7645 22.3914 17.7179 13.4174 0 12.7773 4.85253 14.0734 19.9617 23.669 16.492 
22.3017 27.5743 28.2012 23.5277 19.2271 12.7773 0 8.97415 19.8832 25.7715 17.9216 22.3017 
13.3276 18.6001 19.227 14.5535 10.253 4.85253 8.97415 0 10.909 16.7973 18.8165 13.3276 
17.0859 18.5306 19.7946 22.1073 14.1224 14.0734 19.8832 10.909 0 17.4944 29.2732 17.0859 
3.46977 1.8028 2.42966 4.61291 6.54439 19.9617 25.7715 16.7973 17.4944 0 11.7788 3.46977 
12.1872 10.7425 10.2795 7.16588 15.1508 23.669 17.9216 18.8165 29.2732 11.7788 0 12.1872 
0 0 0 0 0 0 0 0 0 0 0 0 
Printing tau_prime:
0 1.93285 2.2951 1.82746 1.50979 7.10472 7.89814 5.26274 6.10101 1.23522 4.57867 0 
1.93285 0 0.498814 1.90944 3.33744 8.94978 9.74913 7.16898 7.09346 0.735176 5.10608 1.93285 
2.2951 0.498814 0 1.84358 3.75345 9.37245 9.98312 7.55707 7.59123 1.1829 4.94359 2.2951 
1.82746 1.90944 1.84358 0 3.2065 8.56065 8.42194 6.59111 7.92161 1.81362 3.2167 1.82746 
1.50979 3.33744 3.75345 3.2065 0 5.61901 6.96259 3.84969 4.99841 2.60287 5.37646 1.50979 
7.10472 8.94978 9.37245 8.56065 5.61901 0 4.96253 2.04818 5.35569 8.21469 9.40027 7.10472 
7.89814 9.74913 9.98312 8.42194 6.96259 4.96253 0 4.23288 9.57353 9.117 7.41463 7.89814 
5.26274 7.16898 7.55707 6.59111 3.84969 2.04818 4.23288 0 5.34262 6.43895 7.36646 5.26274 
6.10101 7.09346 7.59123 7.92161 4.99841 5.35569 9.57353 5.34262 0 6.52616 10.3728 6.10101 
1.23522 0.735176 1.1829 1.81362 2.60287 8.21469 9.117 6.43895 6.52616 0 5.0045 1.23522 
4.57867 5.10608 4.94359 3.2167 5.37646 9.40027 7.41463 7.36646 10.3728 5.0045 0 4.57867 
0 0 0 0 0 0 0 0 0 0 0 0 
Printing number of nodes: 11

Version identifier: 22.1.1.0 | 2022-11-28 | 9160aff4d
CPXPARAM_ClockType                               0
CPXPARAM_Emphasis_MIP                            2
CPXPARAM_MIP_Tolerances_Integrality              0
Tried aggregator 1 time.
MIP Presolve eliminated 274 rows and 493 columns.
MIP Presolve modified 1901 coefficients.
Reduced MIP has 5712 rows, 1222 columns, and 167111 nonzeros.
Reduced MIP has 1212 binaries, 0 generals, 0 SOSs, and 0 indicators.
Presolve time = 0.06 sec. (162.49 ticks)
Found incumbent of value 182.732400 after 0.13 sec. (308.43 ticks)
Probing fixed 128 vars, tightened 0 bounds.
Probing time = 0.04 sec. (52.40 ticks)
Tried aggregator 1 time.
MIP Presolve eliminated 9 rows and 128 columns.
MIP Presolve modified 76 coefficients.
Reduced MIP has 5703 rows, 1094 columns, and 166490 nonzeros.
Reduced MIP has 1084 binaries, 0 generals, 0 SOSs, and 0 indicators.
Presolve time = 0.05 sec. (156.60 ticks)
Probing time = 0.01 sec. (15.10 ticks)
Tried aggregator 1 time.
Detecting symmetries...
Reduced MIP has 5703 rows, 1094 columns, and 166490 nonzeros.
Reduced MIP has 1084 binaries, 0 generals, 0 SOSs, and 0 indicators.
Presolve time = 0.04 sec. (92.03 ticks)
Probing time = 0.01 sec. (14.80 ticks)
Clique table members: 83878.
MIP emphasis: optimality.
MIP search method: dynamic search.
Parallel mode: deterministic, using up to 20 threads.
Root relaxation solution time = 0.24 sec. (270.38 ticks)

        Nodes                                         Cuts/
   Node  Left     Objective  IInf  Best Integer    Best Bound    ItCnt     Gap

*     0+    0                          182.7324      -10.0000           105.47%
*     0+    0                          106.7332      -10.0000           109.37%
      0     0       42.7243   140      106.7332       42.7243     1209   59.97%
      0     0       43.1946   125      106.7332      Cuts: 66     1805   59.53%
*     0+    0                           75.6410       43.1946            42.90%
      0     0       43.2299   115       75.6410      Cuts: 22     2044   42.85%
*     0+    0                           57.4509       43.2299            24.75%
      0     0       43.2449   127       57.4509      Cuts: 20     2368   24.73%
*     0+    0                           56.4509       43.2449            23.39%
      0     0  -1.00000e+75     0       56.4509       43.2449     2368   23.39%
      0     0       43.2926   154       56.4509      Cuts: 27     2522   23.31%
      0     0       43.3588   153       56.4509      Cuts: 14     2685   23.19%
Detecting symmetries...
      0     0       43.3689   166       56.4509      Cuts: 16     2754   23.17%
      0     0       43.3948   165       56.4509      Cuts: 10     2826   23.13%
      0     0       43.4197   166       56.4509       Cuts: 7     2904   23.08%
      0     0       43.4788   167       56.4509       Cuts: 5     3113   22.98%
      0     0       43.4856   181       56.4509       Cuts: 7     3159   22.97%
      0     0       43.4935   182       56.4509       Cuts: 5     3215   22.95%
      0     0       43.5135   174       56.4509       Cuts: 4     3274   22.92%
      0     0       43.5168   179       56.4509       Cuts: 4     3298   22.91%
      0     0       43.5215   180       56.4509       Cuts: 3     3312   22.90%
Detecting symmetries...
      0     2       43.5215   180       56.4509       43.5215     3312   22.90%
Elapsed time = 2.36 sec. (4239.92 ticks, tree = 0.02 MB, solutions = 5)
      1     3       49.3356   147       56.4509       43.5219     5086   22.90%
      3     5       50.7173   176       56.4509       43.5219     6128   22.90%
*    35+   12                           56.1469       43.5750            22.39%
*    35+   16                           55.7924       43.5750            21.90%
*    85+    3                           52.1080       43.5750            16.38%
    126    31       54.3999    35       52.1080       43.5750     9707   16.38%
    147     7       52.0353    98       52.1080       43.5760    17726   16.37%
    171     6       50.7173   124       52.1080       44.9648    20840   13.71%
    182     4       46.2914   270       52.1080       46.1861    23539   11.36%
    187     7       47.5117   273       52.1080       46.2914    24214   11.16%
    356    35        cutoff             52.1080       47.8609    28754    8.15%
    557    10        cutoff             52.1080       48.2013    35541    7.50%
   1260     4        cutoff             52.1080       49.7755    79792    4.48%
Elapsed time = 5.39 sec. (7616.44 ticks, tree = 0.02 MB, solutions = 16)

Clique cuts applied:  21
Cover cuts applied:  9
Implied bound cuts applied:  63
Flow cuts applied:  1
Mixed integer rounding cuts applied:  8
Zero-half cuts applied:  25
Lift and project cuts applied:  2
Gomory fractional cuts applied:  1

Root node processing (before b&c):
  Real time             =    2.09 sec. (4183.21 ticks)
Parallel b&c, 20 threads:
  Real time             =    3.61 sec. (3903.96 ticks)
  Sync time (average)   =    2.29 sec.
  Wait time (average)   =    0.00 sec.
                          ------------
Total (root+branch&cut) =    5.70 sec. (8087.17 ticks)
Truck arcs:
0 9
1 2
2 3
3 7
4 11
5 4
7 5
9 1
52.108
In write mode
