Instance name: /home/cuong/CLionProjects/uMV-FSTSP/rand_generated_instances_3p_settings/v67
Write arg val: 1

drone speed: 1 miles/minute
uav non-eligible customer: 12 
Printing tau:
0 9.60165 13.0403 3.62299 9.09808 22.9554 10.2337 16.6223 10.1063 2.86317 1.99935 0 
9.60165 0 6.76511 5.97866 11.0061 32.5571 19.8354 26.224 13.7288 11.5202 11.601 9.60165 
13.0403 6.76511 0 9.41734 4.24097 35.9958 23.274 29.6627 9.81581 14.9588 15.0397 13.0403 
3.62299 5.97866 9.41734 0 8.99805 26.5784 13.8567 20.2453 11.7208 5.5415 5.62234 3.62299 
9.09808 11.0061 4.24097 8.99805 0 32.0535 19.3318 25.7204 5.87356 11.0166 11.0974 9.09808 
22.9554 32.5571 35.9958 26.5784 32.0535 0 12.7217 6.33307 26.1799 21.0369 20.9561 22.9554 
10.2337 19.8354 23.274 13.8567 19.3318 12.7217 0 6.38864 13.4582 8.3152 8.23435 10.2337 
16.6223 26.224 29.6627 20.2453 25.7204 6.33307 6.38864 0 19.8469 14.7038 14.623 16.6223 
10.1063 13.7288 9.81581 11.7208 5.87356 26.1799 13.4582 19.8469 0 7.24317 11.751 10.1063 
2.86317 11.5202 14.9588 5.5415 11.0166 21.0369 8.3152 14.7038 7.24317 0 4.50782 2.86317 
1.99935 11.601 15.0397 5.62234 11.0974 20.9561 8.23435 14.623 11.751 4.50782 0 1.99935 
0 0 0 0 0 0 0 0 0 0 0 0 
Printing tau_prime:
0 3.62826 4.74245 1.40234 4.14266 8.12252 3.65313 6.09491 3.7506 1.21853 0.915304 0 
3.62826 0 2.68308 2.22981 3.89531 11.6223 7.05571 9.27763 5.35196 4.6741 4.16075 3.62826 
4.74245 2.68308 0 3.73022 2.04717 12.7506 8.38567 10.836 4.25504 5.28967 5.58021 4.74245 
1.40234 2.22981 3.73022 0 3.72393 9.4396 4.89953 7.23366 4.14632 2.51886 1.98783 1.40234 
4.14266 3.89531 2.04717 3.72393 0 11.5606 7.51108 10.0276 2.28888 4.2101 5.05794 4.14266 
8.12252 11.6223 12.7506 9.4396 11.5606 0 4.57383 2.9638 9.80899 7.46925 7.46448 8.12252 
3.65313 7.05571 8.38567 4.89953 7.51108 4.57383 0 2.51733 6.26622 3.30797 2.91231 3.65313 
6.09491 9.27763 10.836 7.23366 10.0276 2.9638 2.51733 0 8.72699 5.82505 5.27242 6.09491 
3.7506 5.35196 4.25504 4.14632 2.28888 9.80899 6.26622 8.72699 0 3.14075 4.54663 3.7506 
1.21853 4.6741 5.28967 2.51886 4.2101 7.46925 3.30797 5.82505 3.14075 0 1.59401 1.21853 
0.915304 4.16075 5.58021 1.98783 5.05794 7.46448 2.91231 5.27242 4.54663 1.59401 0 0.915304 
0 0 0 0 0 0 0 0 0 0 0 0 
Printing number of nodes: 11

Version identifier: 22.1.1.0 | 2022-11-28 | 9160aff4d
CPXPARAM_ClockType                               0
CPXPARAM_Emphasis_MIP                            2
CPXPARAM_MIP_Tolerances_Integrality              0
Tried aggregator 1 time.
MIP Presolve eliminated 275 rows and 509 columns.
MIP Presolve modified 1879 coefficients.
Reduced MIP has 5711 rows, 1206 columns, and 167018 nonzeros.
Reduced MIP has 1196 binaries, 0 generals, 0 SOSs, and 0 indicators.
Presolve time = 0.07 sec. (217.81 ticks)
Found incumbent of value 170.454800 after 0.15 sec. (373.44 ticks)
Probing fixed 144 vars, tightened 0 bounds.
Probing time = 0.04 sec. (51.81 ticks)
Tried aggregator 1 time.
MIP Presolve eliminated 12 rows and 144 columns.
MIP Presolve modified 98 coefficients.
Reduced MIP has 5699 rows, 1062 columns, and 166307 nonzeros.
Reduced MIP has 1052 binaries, 0 generals, 0 SOSs, and 0 indicators.
Presolve time = 0.05 sec. (156.36 ticks)
Probing time = 0.02 sec. (24.51 ticks)
Tried aggregator 1 time.
Detecting symmetries...
MIP Presolve eliminated 10 rows and 4 columns.
MIP Presolve modified 12 coefficients.
Reduced MIP has 5689 rows, 1058 columns, and 166279 nonzeros.
Reduced MIP has 1048 binaries, 0 generals, 0 SOSs, and 0 indicators.
Presolve time = 0.04 sec. (100.15 ticks)
Probing time = 0.01 sec. (14.71 ticks)
Clique table members: 85158.
MIP emphasis: optimality.
MIP search method: dynamic search.
Parallel mode: deterministic, using up to 20 threads.
Root relaxation solution time = 0.19 sec. (243.60 ticks)

        Nodes                                         Cuts/
   Node  Left     Objective  IInf  Best Integer    Best Bound    ItCnt     Gap

*     0+    0                          170.4548      -10.0000           105.87%
*     0+    0                          119.5432      -10.0000           108.37%
      0     0       42.0245   167      119.5432       42.0245     1049   64.85%
*     0+    0                           70.2308       42.0245            40.16%
      0     0       42.6233   170       70.2308      Cuts: 66     1745   39.31%
      0     0       42.7835   176       70.2308      Cuts: 16     1976   39.08%
      0     0       42.8519   178       70.2308      Cuts: 10     2096   38.98%
*     0+    0                           59.0012       42.8519            27.37%
      0     0  -1.00000e+75     0       59.0012       42.8519     2096   27.37%
      0     0       42.8733   182       59.0012       Cuts: 7     2151   27.33%
      0     0       42.8787   195       59.0012       Cuts: 9     2209   27.33%
Detecting symmetries...
      0     0       42.8894   195       59.0012      Cuts: 10     2284   27.31%
      0     0       42.8945   191       59.0012      Cuts: 10     2309   27.30%
*     0+    0                           54.6190       42.8945            21.47%
      0     0       42.9360   183       54.6190      Cuts: 15     2402   21.39%
      0     0       42.9910   188       54.6190      Cuts: 18     2525   21.29%
      0     0       42.9983   190       54.6190       Cuts: 8     2551   21.28%
      0     0       43.0090   198       54.6190       Cuts: 6     2604   21.26%
      0     0       43.0109   204       54.6190       Cuts: 6     2630   21.25%
      0     0       43.0109   205       54.6190   ZeroHalf: 1     2631   21.25%
Detecting symmetries...
      0     2       43.0109   202       54.6190       44.1328     2631   19.20%
Elapsed time = 2.28 sec. (5060.31 ticks, tree = 0.02 MB, solutions = 5)
     26    14       46.4831   154       54.6190       44.1328     4908   19.20%
*    86+   18                           54.5928       44.3593            18.75%
*   189    85      integral     0       53.9469       44.3593    14493   17.77%
    221   110        cutoff             53.9469       44.3593    21855   17.77%
*   328    98      integral     0       51.6450       44.3593    29819   14.11%
    342    84        cutoff             51.6450       44.3593    31786   14.11%
*   514+   73                           51.5832       44.3593            14.00%
    602   100        cutoff             51.5832       44.3593    48468   14.00%
    888   121        cutoff             51.5832       44.7129    62637   13.32%
   1264   107        cutoff             51.5832       45.0479    87843   12.67%
   1540    70        cutoff             51.5832       45.0479   100038   12.67%
   1664    29        cutoff             51.5832       45.0479   120440   12.67%
   1815    18        cutoff             51.5832       47.3996   128158    8.11%

Clique cuts applied:  12
Cover cuts applied:  14
Implied bound cuts applied:  56
Flow cuts applied:  6
Mixed integer rounding cuts applied:  5
Zero-half cuts applied:  30
Gomory fractional cuts applied:  3

Root node processing (before b&c):
  Real time             =    2.25 sec. (5012.74 ticks)
Parallel b&c, 20 threads:
  Real time             =    3.13 sec. (2761.10 ticks)
  Sync time (average)   =    1.43 sec.
  Wait time (average)   =    0.00 sec.
                          ------------
Total (root+branch&cut) =    5.38 sec. (7773.84 ticks)
Truck arcs:
0 10
4 11
6 9
8 4
9 8
10 6
51.5832
In write mode
