Instance name: /home/cuong/CLionProjects/uMV-FSTSP/rand_generated_instances_3p_settings/v7
Write arg val: 1

drone speed: 1 miles/minute
uav non-eligible customer: 12 
Printing tau:
0 9.22226 5.66156 7.69038 6.94651 17.2233 20.1749 26.1821 10.908 6.34984 13.0108 0 
9.22226 0 7.29604 1.57047 5.04015 17.9226 20.8742 26.8814 11.6074 15.5721 22.233 9.22226 
5.66156 7.29604 0 7.93138 5.02029 11.5617 14.5133 20.5205 5.24649 8.27606 14.937 5.66156 
7.69038 1.57047 7.93138 0 6.61062 19.4931 22.4447 28.4519 13.1779 14.0402 20.7011 7.69038 
6.94651 5.04015 5.02029 6.61062 0 12.8825 15.8341 21.8413 6.56724 13.2963 19.9573 6.94651 
17.2233 17.9226 11.5617 19.4931 12.8825 0 2.95162 8.95881 6.31522 16.5138 23.1747 17.2233 
20.1749 20.8742 14.5133 22.4447 15.8341 2.95162 0 6.00719 9.26684 18.1457 24.8066 20.1749 
26.1821 26.8814 20.5205 28.4519 21.8413 8.95881 6.00719 0 15.274 20.5675 19.7903 26.1821 
10.908 11.6074 5.24649 13.1779 6.56724 6.31522 9.26684 15.274 0 11.1048 17.7657 10.908 
6.34984 15.5721 8.27606 14.0402 13.2963 16.5138 18.1457 20.5675 11.1048 0 6.66092 6.34984 
13.0108 22.233 14.937 20.7011 19.9573 23.1747 24.8066 19.7903 17.7657 6.66092 0 13.0108 
0 0 0 0 0 0 0 0 0 0 0 0 
Printing tau_prime:
0 3.26992 2.11434 2.83492 2.89604 7.0706 8.26263 9.49644 4.20706 2.99675 5.12512 0 
3.26992 0 3.42223 0.775649 1.95519 6.34534 7.43604 9.5722 4.39728 5.94092 8.25069 3.26992 
2.11434 3.42223 0 3.46649 1.83534 5.01913 6.20531 7.39644 2.10735 2.92608 5.28733 2.11434 
2.83492 0.775649 3.46649 0 2.35196 6.94711 8.06706 10.0771 4.77327 5.69311 7.93379 2.83492 
2.89604 1.95519 1.83534 2.35196 0 4.69454 5.85485 7.72936 2.44775 4.72249 7.09312 2.89604 
7.0706 6.34534 5.01913 6.94711 4.69454 0 1.19243 3.49335 2.9398 7.13676 9.04426 7.0706 
8.26263 7.43604 6.20531 8.06706 5.85485 1.19243 0 2.9521 4.11475 8.22549 10.0333 8.26263 
9.49644 9.5722 7.39644 10.0771 7.72936 3.49335 2.9521 0 5.418 8.48125 9.70136 9.49644 
4.20706 4.39728 2.10735 4.77327 2.44775 2.9398 4.11475 5.418 0 4.34938 6.4809 4.20706 
2.99675 5.94092 2.92608 5.69311 4.72249 7.13676 8.22549 8.48125 4.34938 0 2.37097 2.99675 
5.12512 8.25069 5.28733 7.93379 7.09312 9.04426 10.0333 9.70136 6.4809 2.37097 0 5.12512 
0 0 0 0 0 0 0 0 0 0 0 0 
Printing number of nodes: 11

Version identifier: 22.1.1.0 | 2022-11-28 | 9160aff4d
CPXPARAM_ClockType                               0
CPXPARAM_Emphasis_MIP                            2
CPXPARAM_MIP_Tolerances_Integrality              0
Tried aggregator 1 time.
MIP Presolve eliminated 275 rows and 518 columns.
MIP Presolve modified 1979 coefficients.
Reduced MIP has 5711 rows, 1197 columns, and 166953 nonzeros.
Reduced MIP has 1187 binaries, 0 generals, 0 SOSs, and 0 indicators.
Presolve time = 0.08 sec. (233.87 ticks)
Found incumbent of value 169.809980 after 0.14 sec. (364.24 ticks)
Probing fixed 119 vars, tightened 0 bounds.
Probing time = 0.04 sec. (50.31 ticks)
Tried aggregator 1 time.
Detecting symmetries...
MIP Presolve eliminated 10 rows and 119 columns.
Reduced MIP has 5701 rows, 1078 columns, and 166388 nonzeros.
Reduced MIP has 1068 binaries, 0 generals, 0 SOSs, and 0 indicators.
Presolve time = 0.05 sec. (91.87 ticks)
Probing time = 0.01 sec. (14.81 ticks)
Clique table members: 82794.
MIP emphasis: optimality.
MIP search method: dynamic search.
Parallel mode: deterministic, using up to 20 threads.
Root relaxation solution time = 0.20 sec. (270.11 ticks)

        Nodes                                         Cuts/
   Node  Left     Objective  IInf  Best Integer    Best Bound    ItCnt     Gap

*     0+    0                          169.8100      -10.0000           105.89%
*     0+    0                           98.9521      -10.0000           110.11%
      0     0       44.4324   157       98.9521       44.4324     1208   55.10%
*     0+    0                           60.9943       44.4324            27.15%
      0     0       44.8746   187       60.9943      Cuts: 59     2314   26.43%
      0     0       45.3362   219       60.9943      Cuts: 26     2510   25.67%
*     0+    0                           59.7466       45.3362            24.12%
      0     0       45.3824   223       59.7466      Cuts: 19     2672   24.04%
      0     0       45.4446   228       59.7466      Cuts: 14     2809   23.94%
      0     0       45.4635   235       59.7466      Cuts: 10     2877   23.91%
Detecting symmetries...
      0     0       45.4750   233       59.7466       Cuts: 7     2949   23.89%
      0     0       45.5057   223       59.7466       Cuts: 7     3080   23.84%
      0     0       45.5822   154       59.7466      Cuts: 12     3202   23.71%
      0     0       45.6111   224       59.7466  ZeroHalf: 12     3246   23.66%
      0     0       45.6397   230       59.7466      Cuts: 18     3335   23.61%
      0     0       45.6458   229       59.7466       Cuts: 9     3384   23.60%
      0     0       45.6743   230       59.7466      Cuts: 11     3453   23.55%
      0     0       45.7343   239       59.7466       Cuts: 9     3554   23.45%
*     0+    0                           58.9198       45.7343            22.38%
      0     0       45.7916   178       58.9198      Cuts: 14     3617   22.28%
*     0+    0                           56.3757       45.7916            18.77%
      0     0  -1.00000e+75     0       56.3757       45.7916     3617   18.77%
      0     0       45.8200   182       56.3757   ZeroHalf: 6     3663   18.72%
      0     0       45.8264   183       56.3757       Cuts: 5     3700   18.71%
*     0+    0                           56.2392       45.8264            18.52%
      0     0       45.8380   235       56.2392       Cuts: 8     3748   18.49%
      0     0       45.8500   236       56.2392       Cuts: 7     3808   18.47%
      0     0       45.8568   244       56.2392   ZeroHalf: 3     3831   18.46%
*     0+    0                           56.1576       45.8568            18.34%
Detecting symmetries...
      0     2       45.8568   244       56.1576       45.8568     3831   18.34%
Elapsed time = 2.55 sec. (4707.45 ticks, tree = 0.02 MB, solutions = 8)
      5     3       45.8579   237       56.1576       45.8568     3859   18.34%
*    24+   13                           53.0240       45.8673            13.50%
    115    28       52.4468    87       53.0240       46.3451     8608   12.60%
    350    19        cutoff             53.0240       46.8901    33464   11.57%
    418    15        cutoff             53.0240       46.8901    43827   11.57%
*   517+   16                           51.6680       48.3049             6.51%
*   536    18      integral     0       51.4068       48.3049    51821    6.03%
    543    20       51.1576   263       51.4068       48.3049    52829    6.03%
*   610+   18                           50.3307       48.4800             3.68%
    655    10       49.2410    89       50.3307       49.0787    62854    2.49%

Clique cuts applied:  13
Cover cuts applied:  6
Implied bound cuts applied:  29
Flow cuts applied:  2
Mixed integer rounding cuts applied:  7
Zero-half cuts applied:  40
Lift and project cuts applied:  1
Gomory fractional cuts applied:  3

Root node processing (before b&c):
  Real time             =    2.33 sec. (4638.49 ticks)
Parallel b&c, 20 threads:
  Real time             =    1.80 sec. (1671.28 ticks)
  Sync time (average)   =    0.95 sec.
  Wait time (average)   =    0.00 sec.
                          ------------
Total (root+branch&cut) =    4.13 sec. (6309.77 ticks)
Truck arcs:
0 3
1 4
2 9
3 1
4 8
8 2
9 11
50.3307
In write mode
