Instance name: /home/cuong/CLionProjects/uMV-FSTSP/rand_generated_instances_3p_settings/v74
Write arg val: 1

drone speed: 1 miles/minute
uav non-eligible customer: 3 12 
Printing tau:
0 10.962 12.2463 9.28123 4.38367 16.3348 18.5298 26.9737 20.083 13.9686 13.7158 0 
10.962 0 2.42183 7.72825 6.57837 16.2026 18.3976 26.8415 9.12094 12.2414 13.5836 10.962 
12.2463 2.42183 0 10.1501 7.86261 13.7807 15.9758 24.4197 7.8367 9.81956 11.1617 12.2463 
9.28123 7.72825 10.1501 0 8.28526 23.9308 26.1259 34.5698 11.7315 19.9696 21.3118 9.28123 
4.38367 6.57837 7.86261 8.28526 0 15.6455 17.8406 26.2845 15.6993 11.6844 13.0266 4.38367 
16.3348 16.2026 13.7807 23.9308 15.6455 0 2.41164 10.639 12.1993 3.96116 9.03459 16.3348 
18.5298 18.3976 15.9758 26.1259 17.8406 2.41164 0 8.44391 14.3944 6.15623 6.62294 18.5298 
26.9737 26.8415 24.4197 34.5698 26.2845 10.639 8.44391 0 22.8383 14.6001 13.258 26.9737 
20.083 9.12094 7.8367 11.7315 15.6993 12.1993 14.3944 22.8383 0 8.23815 17.3196 20.083 
13.9686 12.2414 9.81956 19.9696 11.6844 3.96116 6.15623 14.6001 8.23815 0 11.2052 13.9686 
13.7158 13.5836 11.1617 21.3118 13.0266 9.03459 6.62294 13.258 17.3196 11.2052 0 13.7158 
0 0 0 0 0 0 0 0 0 0 0 0 
Printing tau_prime:
0 3.87595 4.42287 4.2403 1.5689 7.12406 7.34386 9.86522 7.24938 6.59761 4.9467 0 
3.87595 0 0.969183 2.79622 2.33413 5.73609 6.52836 9.58558 3.52167 4.45661 5.60948 3.87595 
4.42287 0.969183 0 3.73858 2.85697 4.8748 5.73809 8.82031 2.82654 3.52474 5.17818 4.42287 
4.2403 2.79622 3.73858 0 3.40278 8.50748 9.23697 12.2457 5.6381 7.25222 7.87936 4.2403 
1.5689 2.33413 2.85697 3.40278 0 6.12123 6.5509 9.34399 5.6827 5.34317 4.64107 1.5689 
7.12406 5.73609 4.8748 8.50748 6.12123 0 1.15295 4.10599 5.21373 1.59696 3.32571 7.12406 
7.34386 6.52836 5.73809 9.23697 6.5509 1.15295 0 3.08909 6.3405 2.7133 2.89479 7.34386 
9.86522 9.58558 8.82031 12.2457 9.34399 4.10599 3.08909 0 9.28086 5.69843 4.93634 9.86522 
7.24938 3.52167 2.82654 5.6381 5.6827 5.21373 6.3405 9.28086 0 3.6272 6.99776 7.24938 
6.59761 4.45661 3.52474 7.25222 5.34317 1.59696 2.7133 5.69843 3.6272 0 3.98995 6.59761 
4.9467 5.60948 5.17818 7.87936 4.64107 3.32571 2.89479 4.93634 6.99776 3.98995 0 4.9467 
0 0 0 0 0 0 0 0 0 0 0 0 
Printing number of nodes: 11

Version identifier: 22.1.1.0 | 2022-11-28 | 9160aff4d
CPXPARAM_ClockType                               0
CPXPARAM_Emphasis_MIP                            2
CPXPARAM_MIP_Tolerances_Integrality              0
Tried aggregator 2 times.
MIP Presolve eliminated 449 rows and 524 columns.
MIP Presolve modified 1866 coefficients.
Aggregator did 2 substitutions.
Reduced MIP has 5679 rows, 1189 columns, and 164603 nonzeros.
Reduced MIP has 1180 binaries, 0 generals, 0 SOSs, and 0 indicators.
Presolve time = 0.07 sec. (206.67 ticks)
Probing fixed 135 vars, tightened 0 bounds.
Probing changed sense of 18 constraints.
Probing time = 0.04 sec. (50.61 ticks)
Tried aggregator 1 time.
MIP Presolve eliminated 31 rows and 153 columns.
MIP Presolve modified 102 coefficients.
Reduced MIP has 5648 rows, 1036 columns, and 163855 nonzeros.
Reduced MIP has 1027 binaries, 0 generals, 0 SOSs, and 0 indicators.
Presolve time = 0.07 sec. (186.38 ticks)
Probing time = 0.01 sec. (14.71 ticks)
Tried aggregator 1 time.
Detecting symmetries...
Reduced MIP has 5648 rows, 1036 columns, and 163855 nonzeros.
Reduced MIP has 1027 binaries, 0 generals, 0 SOSs, and 0 indicators.
Presolve time = 0.04 sec. (89.49 ticks)
Probing time = 0.01 sec. (14.72 ticks)
Clique table members: 82153.
MIP emphasis: optimality.
MIP search method: dynamic search.
Parallel mode: deterministic, using up to 20 threads.
Root relaxation solution time = 0.17 sec. (233.51 ticks)

        Nodes                                         Cuts/
   Node  Left     Objective  IInf  Best Integer    Best Bound    ItCnt     Gap

*     0+    0                          970.2347       -0.2327           100.02%
      0     0       48.5440   143      970.2347       48.5440     1002   95.00%
*     0+    0                          102.3593       48.5440            52.57%
      0     0       49.0454   181      102.3593      Cuts: 65     1603   52.09%
      0     0       49.1365   181      102.3593      Cuts: 12     1717   52.00%
      0     0       49.2245   195      102.3593      Cuts: 10     1847   51.91%
      0     0       49.2439   188      102.3593       Cuts: 5     1917   51.89%
      0     0       49.2640   185      102.3593       Cuts: 5     1966   51.87%
Detecting symmetries...
      0     0       49.2802   183      102.3593       Cuts: 4     1999   51.86%
      0     0       49.2827   192      102.3593       Cuts: 3     2010   51.85%
*     0+    0                           76.0853       49.2827            35.23%
*     0+    0                           74.0853       49.2827            33.48%
      0     0  -1.00000e+75     0       74.0853       49.2827     2010   33.48%
*     0+    0                           60.9624       49.2827            19.16%
Detecting symmetries...
      0     2       49.2827   192       60.9624       51.7965     2010   15.04%
Elapsed time = 1.53 sec. (3285.18 ticks, tree = 0.02 MB, solutions = 5)
      7     5       57.6544   246       60.9624       51.9401     2946   14.80%
*    28+    7                           60.0812       55.5969             7.46%
     66    24        cutoff             60.0812       56.0820     7356    6.66%
    264    24       59.9008   213       60.0812       56.2910    20465    6.31%
*   380    23      integral     0       58.5468       57.2135    25521    2.28%
    409     7        cutoff             58.5468       58.0890    31944    0.78%

Clique cuts applied:  3
Cover cuts applied:  26
Implied bound cuts applied:  13
Flow cuts applied:  3
Mixed integer rounding cuts applied:  4
Zero-half cuts applied:  20
Gomory fractional cuts applied:  3

Root node processing (before b&c):
  Real time             =    1.50 sec. (3247.34 ticks)
Parallel b&c, 20 threads:
  Real time             =    1.26 sec. (1057.73 ticks)
  Sync time (average)   =    0.78 sec.
  Wait time (average)   =    0.00 sec.
                          ------------
Total (root+branch&cut) =    2.76 sec. (4305.07 ticks)
Truck arcs:
0 5
1 3
2 1
3 11
5 9
9 2
58.5468
In write mode
