Instance name: /home/cuong/CLionProjects/uMV-FSTSP/rand_generated_instances_3p_settings/v78
Write arg val: 1

drone speed: 1 miles/minute
uav non-eligible customer: 12 
Printing tau:
0 5.6655 3.77603 5.81616 4.27819 14.0879 17.4848 8.90561 21.5274 13.0855 14.4192 0 
5.6655 0 4.58164 6.62177 1.3873 19.7534 23.1503 14.5711 27.1929 18.751 15.2248 5.6655 
3.77603 4.58164 0 4.24842 4.49003 17.5345 20.9314 12.3522 24.974 16.5321 12.1088 3.77603 
5.81616 6.62177 4.24842 0 6.53016 13.2861 16.683 8.1038 20.7256 12.2837 8.60305 5.81616 
4.27819 1.3873 4.49003 6.53016 0 18.3661 21.763 13.1838 25.8056 17.3637 15.1332 4.27819 
14.0879 19.7534 17.5345 13.2861 18.3661 0 8.15194 5.18229 7.43954 1.76641 12.6862 14.0879 
17.4848 23.1503 20.9314 16.683 21.763 8.15194 0 8.57922 12.4669 6.38554 20.8381 17.4848 
8.90561 14.5711 12.3522 8.1038 13.1838 5.18229 8.57922 0 12.6218 4.17992 14.6616 8.90561 
21.5274 27.1929 24.974 20.7256 25.8056 7.43954 12.4669 12.6218 0 8.44191 12.8653 21.5274 
13.0855 18.751 16.5321 12.2837 17.3637 1.76641 6.38554 4.17992 8.44191 0 14.4526 13.0855 
14.4192 15.2248 12.1088 8.60305 15.1332 12.6862 20.8381 14.6616 12.8653 14.4526 0 14.4192 
0 0 0 0 0 0 0 0 0 0 0 0 
Printing tau_prime:
0 2.02321 1.80754 2.07577 1.53349 5.01837 6.58523 3.14977 7.90576 4.62645 5.94713 0 
2.02321 0 1.79982 3.2725 0.491554 7.04132 8.42204 5.15551 9.91481 6.63511 7.39152 2.02321 
1.80754 1.79982 0 1.66625 1.61446 6.24132 8.23151 4.59245 8.86612 5.99816 5.69978 1.80754 
2.07577 3.2725 1.66625 0 2.92509 4.91416 7.31454 3.57731 7.32807 4.81023 4.12004 2.07577 
1.53349 0.491554 1.61446 2.92509 0 6.55077 7.95436 4.66416 9.43169 6.14372 7.03977 1.53349 
5.01837 7.04132 6.24132 4.91416 6.55077 0 3.12237 1.96081 3.04068 0.718065 4.87824 5.01837 
6.58523 8.42204 8.23151 7.31454 7.95436 3.12237 0 3.73753 4.63366 2.74155 8.00052 6.58523 
3.14977 5.15551 4.59245 3.57731 4.66416 1.96081 3.73753 0 4.98597 1.47967 5.18436 3.14977 
7.90576 9.91481 8.86612 7.32807 9.43169 3.04068 4.63366 4.98597 0 3.67847 5.42669 7.90576 
4.62645 6.63511 5.99816 4.81023 6.14372 0.718065 2.74155 1.47967 3.67847 0 5.34372 4.62645 
5.94713 7.39152 5.69978 4.12004 7.03977 4.87824 8.00052 5.18436 5.42669 5.34372 0 5.94713 
0 0 0 0 0 0 0 0 0 0 0 0 
Printing number of nodes: 11

Version identifier: 22.1.1.0 | 2022-11-28 | 9160aff4d
CPXPARAM_ClockType                               0
CPXPARAM_Emphasis_MIP                            2
CPXPARAM_MIP_Tolerances_Integrality              0
Tried aggregator 1 time.
MIP Presolve eliminated 263 rows and 397 columns.
MIP Presolve modified 2051 coefficients.
Reduced MIP has 5723 rows, 1318 columns, and 167592 nonzeros.
Reduced MIP has 1308 binaries, 0 generals, 0 SOSs, and 0 indicators.
Presolve time = 0.06 sec. (163.45 ticks)
Found incumbent of value 153.356120 after 0.13 sec. (310.72 ticks)
Probing fixed 140 vars, tightened 0 bounds.
Probing time = 0.04 sec. (58.54 ticks)
Tried aggregator 1 time.
MIP Presolve eliminated 12 rows and 140 columns.
MIP Presolve modified 106 coefficients.
Reduced MIP has 5711 rows, 1178 columns, and 166876 nonzeros.
Reduced MIP has 1168 binaries, 0 generals, 0 SOSs, and 0 indicators.
Presolve time = 0.04 sec. (129.26 ticks)
Probing time = 0.16 sec. (14.97 ticks)
Tried aggregator 1 time.
Detecting symmetries...
Reduced MIP has 5711 rows, 1178 columns, and 166876 nonzeros.
Reduced MIP has 1168 binaries, 0 generals, 0 SOSs, and 0 indicators.
Presolve time = 0.04 sec. (92.96 ticks)
Probing time = 0.01 sec. (14.87 ticks)
Clique table members: 82431.
MIP emphasis: optimality.
MIP search method: dynamic search.
Parallel mode: deterministic, using up to 20 threads.
Root relaxation solution time = 0.22 sec. (294.44 ticks)

        Nodes                                         Cuts/
   Node  Left     Objective  IInf  Best Integer    Best Bound    ItCnt     Gap

*     0+    0                          153.3561      -10.0000           106.52%
*     0+    0                          106.0585      -10.0000           109.43%
      0     0       40.5356   153      106.0585       40.5356     1368   61.78%
*     0+    0                           61.2601       40.5356            33.83%
      0     0       40.9961   190       61.2601      Cuts: 48     2236   33.08%
      0     0       41.0343   171       61.2601      Cuts: 11     2496   33.02%
      0     0       41.0585   181       61.2601       Cuts: 9     2617   32.98%
*     0+    0                           57.3025       41.0585            28.35%
*     0+    0                           53.2050       41.0585            22.83%
      0     0  -1.00000e+75     0       53.2050       41.0585     2617   22.83%
      0     0       41.0758   181       53.2050      Cuts: 11     2689   22.80%
      0     0       41.0800   190       53.2050       Cuts: 6     2728   22.79%
Detecting symmetries...
      0     0       41.0823   186       53.2050       Cuts: 4     2742   22.78%
      0     0       41.0967   192       53.2050       Cuts: 4     2789   22.76%
      0     0       41.1054   194       53.2050       Cuts: 7     2835   22.74%
      0     0       41.1199   204       53.2050       Cuts: 4     2897   21.48%
*     0+    0                           47.6336       41.7767            12.30%
      0     0  -1.00000e+75     0       47.6336       41.7767     2897   12.30%
Detecting symmetries...
      0     2       41.1199   198       47.6336       41.7767     2897   12.30%
Elapsed time = 2.47 sec. (4864.77 ticks, tree = 0.02 MB, solutions = 6)
      2     4       43.7868   141       47.6336       41.7767     4120   12.30%
      9     4       44.0750   147       47.6336       43.7984     6969    8.05%
*    30+    5                           47.6335       44.0750             7.47%
*    81+   15                           47.1870       44.0750             6.59%
*    86    26      integral     0       46.7012       44.0750    13431    5.62%
    229    23       46.1848    51       46.7012       44.3827    27233    4.96%
    367    12        cutoff             46.7012       44.5864    39208    4.53%
    461    14       45.6902    91       46.7012       45.1625    45366    3.29%
    526     7       45.1625    84       46.7012       45.1625    53765    3.29%
    546     4       45.4983   230       46.7012       45.1740    56436    3.27%

Cover cuts applied:  1
Implied bound cuts applied:  14
Flow cuts applied:  3
Mixed integer rounding cuts applied:  4
Zero-half cuts applied:  21
Gomory fractional cuts applied:  1

Root node processing (before b&c):
  Real time             =    2.30 sec. (4809.22 ticks)
Parallel b&c, 20 threads:
  Real time             =    1.78 sec. (2222.65 ticks)
  Sync time (average)   =    1.15 sec.
  Wait time (average)   =    0.00 sec.
                          ------------
Total (root+branch&cut) =    4.09 sec. (7031.87 ticks)
Truck arcs:
0 9
2 11
3 2
5 7
7 3
9 5
46.7012
In write mode
