Instance name: /home/cuong/CLionProjects/uMV-FSTSP/rand_generated_instances_3p_settings/v80
Write arg val: 1

drone speed: 1 miles/minute
uav non-eligible customer: 3 12 
Printing tau:
0 4.98431 9.40155 12.5607 8.80395 12.656 7.04095 22.2351 19.4629 2.66716 17.6297 0 
4.98431 0 6.06444 12.1548 3.81965 17.6403 12.0253 27.2194 19.0569 6.83581 22.614 4.98431 
9.40155 6.06444 0 6.09035 5.61899 22.0576 16.4425 31.6367 14.3199 11.2531 27.0313 9.40155 
12.5607 12.1548 6.09035 0 11.7093 17.4984 11.8834 27.0775 9.76079 15.2279 22.4722 12.5607 
8.80395 3.81965 5.61899 11.7093 0 21.46 15.8449 31.0391 18.6115 10.6555 26.4337 8.80395 
12.656 17.6403 22.0576 17.4984 21.46 0 7.50079 9.5791 21.4937 10.8045 12.0661 12.656 
7.04095 12.0253 16.4425 11.8834 15.8449 7.50079 0 15.1942 13.993 8.13706 10.5888 7.04095 
22.2351 27.2194 31.6367 27.0775 31.0391 9.5791 15.1942 0 17.3167 20.3836 7.6803 22.2351 
19.4629 19.0569 14.3199 9.76079 18.6115 21.4937 13.993 17.3167 0 22.13 12.7114 19.4629 
2.66716 6.83581 11.2531 15.2279 10.6555 10.8045 8.13706 20.3836 22.13 0 15.7782 2.66716 
17.6297 22.614 27.0313 22.4722 26.4337 12.0661 10.5888 7.6803 12.7114 15.7782 0 17.6297 
0 0 0 0 0 0 0 0 0 0 0 0 
Printing tau_prime:
0 1.76805 4.03508 4.75948 3.12719 4.53182 3.15228 7.90526 7.09747 1.14792 7.17211 0 
1.76805 0 2.65258 4.29766 1.3596 6.29602 4.61317 9.64815 7.59299 2.64982 8.68992 1.76805 
4.03508 2.65258 0 2.68975 1.99782 8.35769 5.82405 11.2795 6.83616 5.12501 9.63975 4.03508 
4.75948 4.29766 2.68975 0 4.37039 8.05536 4.89253 10.2308 4.22659 5.88109 7.99513 4.75948 
3.12719 1.3596 1.99782 4.37039 0 7.65537 5.83515 10.9868 8.17533 3.96735 9.8937 3.12719 
4.53182 6.29602 8.35769 8.05536 7.65537 0 3.31268 3.72482 8.0766 3.82659 4.61422 4.53182 
3.15228 4.61317 5.82405 4.89253 5.83515 3.31268 0 5.48367 5.00385 3.41215 4.07683 3.15228 
7.90526 9.64815 11.2795 10.2308 10.9868 3.72482 5.48367 0 8.60633 7.4222 3.16616 7.90526 
7.09747 7.59299 6.83616 4.22659 8.17533 8.0766 5.00385 8.60633 0 7.89892 5.59531 7.09747 
1.14792 2.64982 5.12501 5.88109 3.96735 3.82659 3.41215 7.4222 7.89892 0 7.16155 1.14792 
7.17211 8.68992 9.63975 7.99513 9.8937 4.61422 4.07683 3.16616 5.59531 7.16155 0 7.17211 
0 0 0 0 0 0 0 0 0 0 0 0 
Printing number of nodes: 11

Version identifier: 22.1.1.0 | 2022-11-28 | 9160aff4d
CPXPARAM_ClockType                               0
CPXPARAM_Emphasis_MIP                            2
CPXPARAM_MIP_Tolerances_Integrality              0
Tried aggregator 2 times.
MIP Presolve eliminated 459 rows and 613 columns.
MIP Presolve modified 1900 coefficients.
Aggregator did 2 substitutions.
Reduced MIP has 5669 rows, 1100 columns, and 164138 nonzeros.
Reduced MIP has 1091 binaries, 0 generals, 0 SOSs, and 0 indicators.
Presolve time = 0.07 sec. (204.63 ticks)
Found incumbent of value 207.694260 after 0.13 sec. (324.30 ticks)
Probing fixed 114 vars, tightened 0 bounds.
Probing changed sense of 18 constraints.
Probing time = 0.04 sec. (45.02 ticks)
Tried aggregator 1 time.
MIP Presolve eliminated 31 rows and 132 columns.
MIP Presolve modified 138 coefficients.
Reduced MIP has 5638 rows, 968 columns, and 163497 nonzeros.
Reduced MIP has 959 binaries, 0 generals, 0 SOSs, and 0 indicators.
Presolve time = 0.08 sec. (188.44 ticks)
Probing time = 0.02 sec. (14.68 ticks)
Tried aggregator 1 time.
Detecting symmetries...
Reduced MIP has 5638 rows, 968 columns, and 163497 nonzeros.
Reduced MIP has 959 binaries, 0 generals, 0 SOSs, and 0 indicators.
Presolve time = 0.04 sec. (88.68 ticks)
Probing time = 0.01 sec. (14.64 ticks)
Clique table members: 82661.
MIP emphasis: optimality.
MIP search method: dynamic search.
Parallel mode: deterministic, using up to 20 threads.
Root relaxation solution time = 0.17 sec. (247.87 ticks)

        Nodes                                         Cuts/
   Node  Left     Objective  IInf  Best Integer    Best Bound    ItCnt     Gap

*     0+    0                          207.6943      -10.0000           104.81%
      0     0       50.2923   131      207.6943       50.2923     1162   75.79%
*     0+    0                           65.6985       50.2923            23.45%
      0     0       50.6152   134       65.6985      Cuts: 38     1664   22.96%
*     0+    0                           60.6610       50.6152            16.56%
      0     0       50.6167   139       60.6610       Cuts: 6     1698   16.56%
      0     0       50.6183   140       60.6610   ZeroHalf: 2     1745   16.56%
      0     0       50.6185   143       60.6610   ZeroHalf: 1     1760   16.56%
      0     0       50.6247   139       60.6610       Cuts: 4     1825   16.54%
Detecting symmetries...
      0     0       50.6287   144       60.6610   ZeroHalf: 3     1860   16.54%
      0     0       50.6290   143       60.6610   ZeroHalf: 2     1884   16.54%
*     0+    0                           57.9466       50.6290            12.63%
Detecting symmetries...
      0     2       50.6290   143       57.9466       50.6290     1884   12.63%
Elapsed time = 1.83 sec. (3800.78 ticks, tree = 0.02 MB, solutions = 4)
      3     3       50.7391   171       57.9466       50.6290     2171   12.63%
     84    32       53.5694   164       57.9466       50.8095     7615   12.32%
*   172    82      integral     0       56.6247       51.2151    14319    9.55%
    385    22        cutoff             56.6247       51.6329    22325    8.82%
    615     3        cutoff             56.6247       55.4651    34288    2.05%

Cover cuts applied:  4
Implied bound cuts applied:  18
Flow cuts applied:  1
Mixed integer rounding cuts applied:  2
Zero-half cuts applied:  9
Gomory fractional cuts applied:  4

Root node processing (before b&c):
  Real time             =    1.80 sec. (3770.45 ticks)
Parallel b&c, 20 threads:
  Real time             =    1.29 sec. (1217.66 ticks)
  Sync time (average)   =    0.75 sec.
  Wait time (average)   =    0.00 sec.
                          ------------
Total (root+branch&cut) =    3.09 sec. (4988.12 ticks)
Truck arcs:
0 9
2 3
3 6
4 1
6 11
9 4
56.6247
In write mode
