Instance name: /home/cuong/CLionProjects/uMV-FSTSP/rand_generated_instances_3p_settings/v82
Write arg val: 1

drone speed: 1 miles/minute
uav non-eligible customer: 12 
Printing tau:
0 8.00586 1.64673 7.23059 9.01826 27.7538 15.3607 20.6291 11.6536 18.8095 16.7797 0 
8.00586 0 8.60546 2.33014 9.44368 28.1793 15.7861 21.0545 12.9974 19.2349 17.2051 8.00586 
1.64673 8.60546 0 7.83019 8.90506 26.1071 13.7139 18.9823 10.0069 17.1628 15.1329 1.64673 
7.23059 2.33014 7.83019 0 11.7738 30.5094 18.1162 23.3846 14.4092 21.5651 19.5352 7.23059 
9.01826 9.44368 8.90506 11.7738 0 18.7356 6.3424 11.6108 13.297 17.3867 9.59408 9.01826 
27.7538 28.1793 26.1071 30.5094 18.7356 0 12.3932 7.12476 16.1002 8.94435 10.9742 27.7538 
15.3607 15.7861 13.7139 18.1162 6.3424 12.3932 0 5.26842 9.18844 13.2781 5.4855 15.3607 
20.6291 21.0545 18.9823 23.3846 11.6108 7.12476 5.26842 0 8.97543 11.0817 3.8494 20.6291 
11.6536 12.9974 10.0069 14.4092 13.297 16.1002 9.18844 8.97543 0 7.15584 5.12603 11.6536 
18.8095 19.2349 17.1628 21.5651 17.3867 8.94435 13.2781 11.0817 7.15584 0 7.79261 18.8095 
16.7797 17.2051 15.1329 19.5352 9.59408 10.9742 5.4855 3.8494 5.12603 7.79261 0 16.7797 
0 0 0 0 0 0 0 0 0 0 0 0 
Printing tau_prime:
0 2.83449 0.619601 2.73575 4.3346 9.81954 5.62987 7.32769 4.48223 7.38466 5.94998 0 
2.83449 0 3.12945 0.868233 3.34053 10.4651 5.74139 7.74078 6.27333 9.09636 6.91378 2.83449 
0.619601 3.12945 0 3.17593 4.08717 9.23165 5.13661 6.77394 3.86374 6.76848 5.35585 0.619601 
2.73575 0.868233 3.17593 0 4.17999 11.1773 6.49424 8.47198 6.68025 9.55985 7.53494 2.73575 
4.3346 3.34053 4.08717 4.17999 0 7.40459 2.67176 4.67125 4.79265 7.05483 4.363 4.3346 
9.81954 10.4651 9.23165 11.1773 7.40459 0 4.75873 2.74073 5.86003 4.24905 3.88084 9.81954 
5.62987 5.74139 5.13661 6.49424 2.67176 4.75873 0 2.01806 3.50302 4.85029 2.00326 5.62987 
7.32769 7.74078 6.77394 8.47198 4.67125 2.74073 2.01806 0 4.02254 3.97043 1.79011 7.32769 
4.48223 6.27333 3.86374 6.68025 4.79265 5.86003 3.50302 4.02254 0 2.914 2.23573 4.48223 
7.38466 9.09636 6.76848 9.55985 7.05483 4.24905 4.85029 3.97043 2.914 0 2.84703 7.38466 
5.94998 6.91378 5.35585 7.53494 4.363 3.88084 2.00326 1.79011 2.23573 2.84703 0 5.94998 
0 0 0 0 0 0 0 0 0 0 0 0 
Printing number of nodes: 11

Version identifier: 22.1.1.0 | 2022-11-28 | 9160aff4d
CPXPARAM_ClockType                               0
CPXPARAM_Emphasis_MIP                            2
CPXPARAM_MIP_Tolerances_Integrality              0
Tried aggregator 1 time.
MIP Presolve eliminated 263 rows and 389 columns.
MIP Presolve modified 2022 coefficients.
Reduced MIP has 5723 rows, 1326 columns, and 167642 nonzeros.
Reduced MIP has 1316 binaries, 0 generals, 0 SOSs, and 0 indicators.
Presolve time = 0.06 sec. (164.65 ticks)
Found incumbent of value 163.800230 after 0.13 sec. (291.98 ticks)
Probing fixed 150 vars, tightened 0 bounds.
Probing time = 0.04 sec. (55.57 ticks)
Tried aggregator 1 time.
MIP Presolve eliminated 10 rows and 150 columns.
MIP Presolve modified 116 coefficients.
Reduced MIP has 5713 rows, 1176 columns, and 166913 nonzeros.
Reduced MIP has 1166 binaries, 0 generals, 0 SOSs, and 0 indicators.
Presolve time = 0.06 sec. (160.54 ticks)
Probing time = 0.01 sec. (14.86 ticks)
Tried aggregator 1 time.
Detecting symmetries...
Reduced MIP has 5713 rows, 1176 columns, and 166913 nonzeros.
Reduced MIP has 1166 binaries, 0 generals, 0 SOSs, and 0 indicators.
Presolve time = 0.04 sec. (92.99 ticks)
Probing time = 0.01 sec. (14.93 ticks)
Clique table members: 82349.
MIP emphasis: optimality.
MIP search method: dynamic search.
Parallel mode: deterministic, using up to 20 threads.
Root relaxation solution time = 0.21 sec. (281.66 ticks)

        Nodes                                         Cuts/
   Node  Left     Objective  IInf  Best Integer    Best Bound    ItCnt     Gap

*     0+    0                          163.8002      -10.0000           106.10%
*     0+    0                          113.3161      -10.0000           108.82%
      0     0       40.2624   146      113.3161       40.2624     1283   64.47%
*     0+    0                           65.8389       40.2624            38.85%
      0     0       41.5515   204       65.8389      Cuts: 58     2311   36.89%
      0     0       41.8400   214       65.8389      Cuts: 19     2576   36.45%
      0     0       41.9275   218       65.8389      Cuts: 16     2736   36.32%
*     0+    0                           62.8577       41.9275            33.30%
*     0+    0                           62.4126       41.9275            32.82%
*     0+    0                           55.8793       41.9275            24.97%
      0     0  -1.00000e+75     0       55.8793       41.9275     2736   24.97%
      0     0       41.9618   220       55.8793      Cuts: 14     2890   24.91%
      0     0       41.9792   226       55.8793       Cuts: 7     2933   24.88%
Detecting symmetries...
      0     0       42.0075   222       55.8793      Cuts: 11     3037   24.82%
      0     0       42.0248   232       55.8793       Cuts: 9     3135   24.79%
      0     0       42.0295   229       55.8793       Cuts: 4     3181   24.79%
      0     0       42.1214   227       55.8793       Cuts: 7     3389   24.62%
      0     0       42.1250   236       55.8793       Cuts: 8     3431   24.61%
      0     0       42.1510   225       55.8793       Cuts: 6     3545   24.57%
      0     0       42.1639   234       55.8793      Cuts: 10     3601   24.54%
*     0+    0                           49.2581       42.1639            14.40%
      0     0       42.1831   231       49.2581       Cuts: 2     3675   14.36%
*     0+    0                           48.2581       42.1831            12.59%
      0     0  -1.00000e+75     0       48.2581       42.1831     3675   12.59%
      0     0       42.2386   241       48.2581       Cuts: 8     3793   12.47%
      0     0       42.2459   236       48.2581       Cuts: 5     3824   12.46%
      0     0       42.2510   241       48.2581       Cuts: 4     3852   12.45%
Detecting symmetries...
      0     2       42.2510   238       48.2581       42.2510     3852   12.45%
Elapsed time = 2.81 sec. (5523.76 ticks, tree = 0.02 MB, solutions = 8)
      4     3       42.5002   208       48.2581       42.2938     4631   12.36%
     11     4       43.7657   211       48.2581       43.4864     5901    9.89%
     18     3       46.7465    87       48.2581       44.0375     7513    8.75%
     72    13       47.2806   270       48.2581       46.4724    13380    3.70%

Implied bound cuts applied:  10
Flow cuts applied:  1
Mixed integer rounding cuts applied:  9
Zero-half cuts applied:  29
Gomory fractional cuts applied:  2

Root node processing (before b&c):
  Real time             =    2.66 sec. (5452.34 ticks)
Parallel b&c, 20 threads:
  Real time             =    0.81 sec. (1172.41 ticks)
  Sync time (average)   =    0.62 sec.
  Wait time (average)   =    0.00 sec.
                          ------------
Total (root+branch&cut) =    3.47 sec. (6624.75 ticks)
Truck arcs:
0 2
2 8
4 11
6 4
7 6
8 10
10 7
48.2581
In write mode
