Instance name: /home/cuong/CLionProjects/uMV-FSTSP/rand_generated_instances_3p_settings/v88
Write arg val: 1

drone speed: 1 miles/minute
uav non-eligible customer: 12 
Printing tau:
0 4.71523 5.34327 0.366044 4.19049 26.0256 25.1481 23.1466 4.13134 16.3707 12.8152 0 
4.71523 0 6.20059 5.05844 3.33317 21.3104 20.4329 18.4313 5.78081 11.6555 12.2538 4.71523 
5.34327 6.20059 0 5.70931 9.53376 26.9698 26.0922 24.0907 9.47461 17.3149 13.7593 5.34327 
0.366044 5.05844 5.70931 0 3.82445 26.3688 25.4913 23.4898 3.7653 16.7139 13.1584 0.366044 
4.19049 3.33317 9.53376 3.82445 0 23.2198 22.3423 20.3407 3.8714 13.5649 15.587 4.19049 
26.0256 21.3104 26.9698 26.3688 23.2198 0 0.877524 3.79143 27.0912 10.0974 13.2104 26.0256 
25.1481 20.4329 26.0922 25.4913 22.3423 0.877524 0 4.21728 26.2137 9.67156 12.3329 25.1481 
23.1466 18.4313 24.0907 23.4898 20.3407 3.79143 4.21728 0 24.2122 13.8888 10.3313 23.1466 
4.13134 5.78081 9.47461 3.7653 3.8714 27.0912 26.2137 24.2122 0 17.4363 15.5278 4.13134 
16.3707 11.6555 17.3149 16.7139 13.5649 10.0974 9.67156 13.8888 17.4363 0 15.5724 16.3707 
12.8152 12.2538 13.7593 13.1584 15.587 13.2104 12.3329 10.3313 15.5278 15.5724 0 12.8152 
0 0 0 0 0 0 0 0 0 0 0 0 
Printing tau_prime:
0 1.69442 1.91839 0.177405 1.783 9.43662 9.10103 8.87486 1.50845 5.97326 6.06332 0 
1.69442 0 2.96807 1.79684 1.35812 7.90638 7.56524 7.51203 2.34886 4.28462 5.19334 1.69442 
1.91839 2.96807 0 2.0297 3.62206 9.53744 9.22515 8.65632 3.35005 6.98587 5.31462 1.91839 
0.177405 1.79684 2.0297 0 1.75153 9.58416 9.24775 9.03711 1.35551 6.06085 6.24001 0.177405 
1.783 1.35812 3.62206 1.75153 0 8.95414 8.60959 8.711 1.36891 4.79593 6.54926 1.783 
9.43662 7.90638 9.53744 9.58416 8.95414 0 0.344855 1.68315 10.2164 4.93932 5.05582 9.43662 
9.10103 7.56524 9.22515 9.24775 8.60959 0.344855 0 1.65044 9.87318 4.61765 4.83374 9.10103 
8.87486 7.51203 8.65632 9.03711 8.711 1.68315 1.65044 0 9.86086 5.46365 3.70086 8.87486 
1.50845 2.34886 3.35005 1.35551 1.36891 10.2164 9.87318 9.86086 0 6.16469 7.36369 1.50845 
5.97326 4.28462 6.98587 6.06085 4.79593 4.93932 4.61765 5.46365 6.16469 0 5.64736 5.97326 
6.06332 5.19334 5.31462 6.24001 6.54926 5.05582 4.83374 3.70086 7.36369 5.64736 0 6.06332 
0 0 0 0 0 0 0 0 0 0 0 0 
Printing number of nodes: 11

Version identifier: 22.1.1.0 | 2022-11-28 | 9160aff4d
CPXPARAM_ClockType                               0
CPXPARAM_Emphasis_MIP                            2
CPXPARAM_MIP_Tolerances_Integrality              0
Tried aggregator 1 time.
MIP Presolve eliminated 279 rows and 561 columns.
MIP Presolve modified 1804 coefficients.
Reduced MIP has 5707 rows, 1154 columns, and 166766 nonzeros.
Reduced MIP has 1144 binaries, 0 generals, 0 SOSs, and 0 indicators.
Presolve time = 0.07 sec. (198.06 ticks)
Found incumbent of value 170.100970 after 0.13 sec. (322.48 ticks)
Probing fixed 92 vars, tightened 0 bounds.
Probing time = 0.04 sec. (50.96 ticks)
Tried aggregator 1 time.
Detecting symmetries...
MIP Presolve eliminated 8 rows and 92 columns.
MIP Presolve modified 32 coefficients.
Reduced MIP has 5699 rows, 1062 columns, and 166320 nonzeros.
Reduced MIP has 1052 binaries, 0 generals, 0 SOSs, and 0 indicators.
Presolve time = 0.04 sec. (124.65 ticks)
Probing time = 0.01 sec. (14.52 ticks)
Clique table members: 83802.
MIP emphasis: optimality.
MIP search method: dynamic search.
Parallel mode: deterministic, using up to 20 threads.
Root relaxation solution time = 0.20 sec. (277.44 ticks)

        Nodes                                         Cuts/
   Node  Left     Objective  IInf  Best Integer    Best Bound    ItCnt     Gap

*     0+    0                          170.1010      -10.0000           105.88%
*     0+    0                          118.8003      -10.0000           108.42%
      0     0       37.4175   154      118.8003       37.4175     1285   68.50%
*     0+    0                           65.0605       37.4175            42.49%
      0     0       37.5386   187       65.0605      Cuts: 58     1956   42.30%
      0     0       37.7162   190       65.0605      Cuts: 21     2203   42.03%
      0     0       37.8812   222       65.0605      Cuts: 25     2292   41.78%
      0     0       37.9796   212       65.0605      Cuts: 16     2399   41.62%
      0     0       38.1017   214       65.0605      Cuts: 23     2513   41.44%
Detecting symmetries...
      0     0       38.2562   221       65.0605      Cuts: 17     2624   41.20%
      0     0       38.2656   223       65.0605       Cuts: 5     2655   41.18%
*     0+    0                           64.5727       38.2656            40.74%
      0     0       38.3187   222       64.5727       Cuts: 9     2726   40.66%
*     0+    0                           62.7009       38.3187            38.89%
      0     0  -1.00000e+75     0       62.7009       38.3187     2726   38.89%
      0     0       38.3556   210       62.7009       Cuts: 7     2780   38.83%
      0     0       38.3677   226       62.7009       Cuts: 7     2818   38.81%
      0     0       38.3930   231       62.7009      Cuts: 12     2865   38.77%
      0     0       38.4508   222       62.7009       Cuts: 7     2916   38.68%
      0     0       38.8286   219       62.7009       Cuts: 8     3036   38.07%
      0     0       39.0628   210       62.7009      Cuts: 12     3168   37.70%
      0     0       39.2133   240       62.7009      Cuts: 12     3243   37.46%
      0     0       39.2182   236       62.7009       Cuts: 4     3268   37.45%
      0     0       39.3008   249       62.7009       Cuts: 6     3317   37.32%
      0     0       39.3206   245       62.7009       Cuts: 4     3357   37.29%
      0     0       39.6515   235       62.7009      Cuts: 10     3453   36.76%
      0     0       39.7241   244       62.7009      Cuts: 12     3521   36.65%
      0     0       39.7427   247       62.7009       Cuts: 5     3550   36.62%
      0     0       39.7481   259       62.7009       Cuts: 3     3562   36.61%
*     0+    0                           62.0649       39.7481            35.96%
      0     0  -1.00000e+75     0       62.0649       39.7481     3562   35.96%
Detecting symmetries...
      0     2       39.7481   254       62.0649       39.7481     3562   35.96%
Elapsed time = 2.30 sec. (5208.99 ticks, tree = 0.02 MB, solutions = 6)
*     4     3      integral     0       59.5670       39.7481     4062   33.27%
      8     6       59.5670     8       59.5670       39.7481     4199   33.27%
     11     3        cutoff             59.5670       39.9294     5024   32.97%
     18     4       43.7300   162       59.5670       41.7332     6949   29.94%
     26     3       47.2152   203       59.5670       46.4035     8896   22.10%
     31     5       58.1015   234       59.5670       49.8739    10616   16.27%
     85    16        cutoff             59.5670       52.3063    16595   12.19%
    213    22       59.0783    89       59.5670       54.4812    22748    8.54%
*   217    17      integral     0       58.3790       54.4812    27033    6.68%
    278    14       57.4712    72       58.3790       54.6344    33081    6.41%
    322     9       57.9904    96       58.3790       57.4806    40224    1.54%

Clique cuts applied:  7
Cover cuts applied:  1
Implied bound cuts applied:  61
Flow cuts applied:  1
Mixed integer rounding cuts applied:  13
Zero-half cuts applied:  28
Gomory fractional cuts applied:  1

Root node processing (before b&c):
  Real time             =    2.26 sec. (5143.69 ticks)
Parallel b&c, 20 threads:
  Real time             =    1.73 sec. (2684.86 ticks)
  Sync time (average)   =    1.23 sec.
  Wait time (average)   =    0.00 sec.
                          ------------
Total (root+branch&cut) =    3.98 sec. (7828.55 ticks)
Truck arcs:
0 3
1 9
3 8
4 1
8 4
9 10
10 11
58.379
In write mode
