Instance name: /home/cuong/CLionProjects/uMV-FSTSP/rand_generated_instances_3p_settings/v93
Write arg val: 1

drone speed: 1 miles/minute
uav non-eligible customer: 5 12 
Printing tau:
0 7.28101 7.52419 6.09712 2.60008 18.8805 23.9967 22.0437 13.1087 15.9299 8.8203 0 
7.28101 0 6.23076 3.66111 4.68092 11.5995 16.7157 14.7627 5.82773 14.6364 2.53154 7.28101 
7.52419 6.23076 0 9.89187 5.9771 15.3851 20.5013 18.5484 10.0157 10.8793 8.7623 7.52419 
6.09712 3.66111 9.89187 0 3.91477 12.7834 17.8996 15.9466 7.01162 18.2976 2.72319 6.09712 
2.60008 4.68092 5.9771 3.91477 0 16.2804 21.3966 19.4437 10.5087 14.3828 6.22022 2.60008 
18.8805 11.5995 15.3851 12.7834 16.2804 0 8.72229 7.41031 8.20376 10.2176 10.0602 18.8805 
23.9967 16.7157 20.5013 17.8996 21.3966 8.72229 0 1.95297 10.888 18.9399 15.1764 23.9967 
22.0437 14.7627 18.5484 15.9466 19.4437 7.41031 1.95297 0 8.935 17.6279 13.2234 22.0437 
13.1087 5.82773 10.0157 7.01162 10.5087 8.20376 10.888 8.935 0 18.4214 4.28843 13.1087 
15.9299 14.6364 10.8793 18.2976 14.3828 10.2176 18.9399 17.6279 18.4214 0 17.168 15.9299 
8.8203 2.53154 8.7623 2.72319 6.22022 10.0602 15.1764 13.2234 4.28843 17.168 0 8.8203 
0 0 0 0 0 0 0 0 0 0 0 0 
Printing tau_prime:
0 2.61453 2.93324 2.31249 1.06969 6.97409 8.5506 7.81673 4.7176 7.5861 3.14902 0 
2.61453 0 2.57763 1.36039 1.65738 4.38855 6.1026 5.32549 2.45683 5.75049 1.0475 2.61453 
2.93324 2.57763 0 3.61625 2.1368 5.47706 8.14918 7.32368 4.90829 4.86073 3.62513 2.93324 
2.31249 1.36039 3.61625 0 1.85589 5.34674 6.33253 5.64295 2.47937 7.10033 1.04233 2.31249 
1.06969 1.65738 2.1368 1.85589 0 5.94139 7.73452 6.96946 3.98029 6.57176 2.40958 1.06969 
6.97409 4.38855 5.47706 5.34674 5.94139 0 3.57515 2.84866 3.54639 3.94814 4.32313 6.97409 
8.5506 6.1026 8.14918 6.33253 7.73452 3.57515 0 0.831818 3.85384 7.51085 5.40212 8.5506 
7.81673 5.32549 7.32368 5.64295 6.96946 2.84866 0.831818 0 3.17143 6.79668 4.67802 7.81673 
4.7176 2.45683 4.90829 2.47937 3.98029 3.54639 3.85384 3.17143 0 6.5283 1.57962 4.7176 
7.5861 5.75049 4.86073 7.10033 6.57176 3.94814 7.51085 6.79668 6.5283 0 6.37956 7.5861 
3.14902 1.0475 3.62513 1.04233 2.40958 4.32313 5.40212 4.67802 1.57962 6.37956 0 3.14902 
0 0 0 0 0 0 0 0 0 0 0 0 
Printing number of nodes: 11

Version identifier: 22.1.1.0 | 2022-11-28 | 9160aff4d
CPXPARAM_ClockType                               0
CPXPARAM_Emphasis_MIP                            2
CPXPARAM_MIP_Tolerances_Integrality              0
Tried aggregator 2 times.
MIP Presolve eliminated 438 rows and 404 columns.
MIP Presolve modified 2211 coefficients.
Aggregator did 2 substitutions.
Reduced MIP has 5690 rows, 1309 columns, and 165170 nonzeros.
Reduced MIP has 1300 binaries, 0 generals, 0 SOSs, and 0 indicators.
Presolve time = 0.08 sec. (282.24 ticks)
Found incumbent of value 125.839960 after 0.14 sec. (399.51 ticks)
Probing fixed 159 vars, tightened 0 bounds.
Probing changed sense of 18 constraints.
Probing time = 0.04 sec. (56.03 ticks)
Tried aggregator 1 time.
MIP Presolve eliminated 31 rows and 177 columns.
MIP Presolve modified 44 coefficients.
Reduced MIP has 5659 rows, 1132 columns, and 164318 nonzeros.
Reduced MIP has 1123 binaries, 0 generals, 0 SOSs, and 0 indicators.
Presolve time = 0.07 sec. (187.48 ticks)
Probing time = 0.02 sec. (14.90 ticks)
Tried aggregator 1 time.
Detecting symmetries...
Reduced MIP has 5659 rows, 1132 columns, and 164318 nonzeros.
Reduced MIP has 1123 binaries, 0 generals, 0 SOSs, and 0 indicators.
Presolve time = 0.04 sec. (89.54 ticks)
Probing time = 0.01 sec. (14.81 ticks)
Clique table members: 81570.
MIP emphasis: optimality.
MIP search method: dynamic search.
Parallel mode: deterministic, using up to 20 threads.
Root relaxation solution time = 0.12 sec. (182.85 ticks)

        Nodes                                         Cuts/
   Node  Left     Objective  IInf  Best Integer    Best Bound    ItCnt     Gap

*     0+    0                          125.8400      -10.0000           107.95%
      0     0       46.8237    84      125.8400       46.8237     1436   62.79%
*     0+    0                           66.8565       46.8237            29.96%
      0     0       47.1930    83       66.8565      Cuts: 30     2207   29.41%
*     0+    0                           58.3049       47.1930            19.06%
      0     0       47.1930    80       58.3049   ZeroHalf: 8     2391   19.06%
      0     0       47.1930    81       58.3049       Cuts: 8     2530   19.06%
*     0+    0                           58.0166       47.1930            18.66%
*     0+    0                           53.8377       47.1930            12.34%
      0     0  -1.00000e+75     0       53.8377       47.1930     2530   12.34%
*     0+    0                           49.8622       47.1930             5.35%
      0     0       47.1930    64       49.8622    MIRcuts: 1     2611    5.35%
*     0+    0                           49.6630       47.1930             4.97%
*     0+    0                           47.1930       47.1930             0.00%
      0     0  -1.00000e+75     0       47.1930       47.1930     2611    0.00%
      0     0        cutoff             47.1930       47.1930     2611    0.00%
Elapsed time = 1.25 sec. (2580.86 ticks, tree = 0.01 MB, solutions = 8)

Mixed integer rounding cuts applied:  1
Zero-half cuts applied:  2
Gomory fractional cuts applied:  2

Root node processing (before b&c):
  Real time             =    1.25 sec. (2581.51 ticks)
Parallel b&c, 20 threads:
  Real time             =    0.00 sec. (0.00 ticks)
  Sync time (average)   =    0.00 sec.
  Wait time (average)   =    0.00 sec.
                          ------------
Total (root+branch&cut) =    1.25 sec. (2581.51 ticks)
Truck arcs:
0 4
1 5
3 11
4 1
5 8
8 10
10 3
47.193
In write mode
