Instance name: /home/cuong/CLionProjects/uMV-FSTSP/rand_generated_instances_3p_settings/v97
Write arg val: 1

drone speed: 1 miles/minute
uav non-eligible customer: 2 10 12 
Printing tau:
0 9.41509 13.9558 8.15781 10.0612 15.4392 23.4017 16.1771 7.32322 14.5591 20.7789 0 
9.41509 0 5.13274 16.1779 14.7862 23.6045 31.5669 24.3423 15.4885 5.16403 28.9441 9.41509 
13.9558 5.13274 0 11.0451 9.65342 18.4717 26.4342 19.2096 16.9416 0.603346 23.8114 13.9558 
8.15781 16.1779 11.0451 0 1.90343 7.42657 15.389 8.16444 11.1436 11.0139 12.7662 8.15781 
10.0612 14.7862 9.65342 1.90343 0 8.8183 16.7807 9.55617 13.047 9.62213 14.158 10.0612 
15.4392 23.6045 18.4717 7.42657 8.8183 0 7.96245 3.77879 8.64644 18.4404 7.99536 15.4392 
23.4017 31.5669 26.4342 15.389 16.7807 7.96245 0 7.22458 16.0785 26.4029 9.41667 23.4017 
16.1771 24.3423 19.2096 8.16444 9.55617 3.77879 7.22458 0 12.4252 19.1783 4.60181 16.1771 
7.32322 15.4885 16.9416 11.1436 13.047 8.64644 16.0785 12.4252 0 17.5449 16.6418 7.32322 
14.5591 5.16403 0.603346 11.0139 9.62213 18.4404 26.4029 19.1783 17.5449 0 23.7801 14.5591 
20.7789 28.9441 23.8114 12.7662 14.158 7.99536 9.41667 4.60181 16.6418 23.7801 0 20.7789 
0 0 0 0 0 0 0 0 0 0 0 0 
Printing tau_prime:
0 4.40617 5.04926 4.04278 4.2583 5.81391 8.40841 6.62195 2.79608 5.25566 8.79097 0 
4.40617 0 2.42288 5.73699 5.23269 8.45034 11.3096 8.60632 7.01493 2.57702 10.3426 4.40617 
5.04926 2.42288 0 4.41038 3.68028 7.15903 9.95725 6.9768 7.02013 0.213602 8.41927 5.04926 
4.04278 5.73699 4.41038 0 0.833664 2.77015 5.61445 2.92192 3.94739 4.50391 4.91436 4.04278 
4.2583 5.23269 3.68028 0.833664 0 3.48439 6.27981 3.38576 4.6195 3.75527 5.16443 4.2583 
5.81391 8.45034 7.15903 2.77015 3.48439 0 2.85965 1.36124 4.19271 7.23907 3.39923 5.81391 
8.40841 11.3096 9.95725 5.61445 6.27981 2.85965 0 3.14713 6.23217 10.0225 3.45602 8.40841 
6.62195 8.60632 6.9768 2.92192 3.38576 1.36124 3.14713 0 5.39418 7.018 2.2067 6.62195 
2.79608 7.01493 7.02013 3.94739 4.6195 4.19271 6.23217 5.39418 0 7.19738 7.56641 2.79608 
5.25566 2.57702 0.213602 4.50391 3.75527 7.23907 10.0225 7.018 7.19738 0 8.4136 5.25566 
8.79097 10.3426 8.41927 4.91436 5.16443 3.39923 3.45602 2.2067 7.56641 8.4136 0 8.79097 
0 0 0 0 0 0 0 0 0 0 0 0 
Printing number of nodes: 11

Version identifier: 22.1.1.0 | 2022-11-28 | 9160aff4d
CPXPARAM_ClockType                               0
CPXPARAM_Emphasis_MIP                            2
CPXPARAM_MIP_Tolerances_Integrality              0
Tried aggregator 2 times.
MIP Presolve eliminated 891 rows and 652 columns.
MIP Presolve modified 1717 coefficients.
Aggregator did 2 substitutions.
Reduced MIP has 5381 rows, 1061 columns, and 152448 nonzeros.
Reduced MIP has 1053 binaries, 0 generals, 0 SOSs, and 0 indicators.
Presolve time = 0.08 sec. (259.77 ticks)
Found incumbent of value 186.618060 after 0.13 sec. (371.74 ticks)
Probing fixed 115 vars, tightened 0 bounds.
Probing changed sense of 32 constraints.
Probing time = 0.03 sec. (44.21 ticks)
Tried aggregator 1 time.
MIP Presolve eliminated 48 rows and 147 columns.
MIP Presolve modified 90 coefficients.
Reduced MIP has 5333 rows, 914 columns, and 151728 nonzeros.
Reduced MIP has 906 binaries, 0 generals, 0 SOSs, and 0 indicators.
Presolve time = 0.07 sec. (172.60 ticks)
Probing time = 0.02 sec. (14.36 ticks)
Tried aggregator 1 time.
Detecting symmetries...
Reduced MIP has 5333 rows, 914 columns, and 151728 nonzeros.
Reduced MIP has 906 binaries, 0 generals, 0 SOSs, and 0 indicators.
Presolve time = 0.03 sec. (82.61 ticks)
Probing time = 0.01 sec. (13.76 ticks)
Clique table members: 75845.
MIP emphasis: optimality.
MIP search method: dynamic search.
Parallel mode: deterministic, using up to 20 threads.
Root relaxation solution time = 0.03 sec. (58.36 ticks)

        Nodes                                         Cuts/
   Node  Left     Objective  IInf  Best Integer    Best Bound    ItCnt     Gap

*     0+    0                          186.6181      -10.0000           105.36%
*     0+    0                          136.3389      -10.0000           107.33%
      0     0       64.4080     5      136.3389       64.4080      395   52.76%
*     0+    0                           64.4080       64.4080             0.00%
      0     0        cutoff             64.4080       64.4080      395    0.00%
Elapsed time = 0.39 sec. (852.09 ticks, tree = 0.01 MB, solutions = 3)

Root node processing (before b&c):
  Real time             =    0.39 sec. (852.63 ticks)
Parallel b&c, 20 threads:
  Real time             =    0.00 sec. (0.00 ticks)
  Sync time (average)   =    0.00 sec.
  Wait time (average)   =    0.00 sec.
                          ------------
Total (root+branch&cut) =    0.39 sec. (852.63 ticks)
Truck arcs:
0 8
1 11
2 1
3 4
4 9
5 10
7 3
8 5
9 2
10 7
64.408
In write mode
