Instance name: /mnt/c/Users/ORG/CLionProjects/uMV-FSTSP/Murray_Chu_2015_test_data/FSTSP/FSTSP_10_customer_problems/20140810T123440v8

drone speed: 0.4 miles/minute
uav non-eligible customer: 4 5 
Printing number of nodes: 11

Set parameter Threads to value 20
Gurobi Optimizer version 11.0.0 build v11.0.0rc2 (linux64 - "Ubuntu 22.04.3 LTS")

CPU model: 13th Gen Intel(R) Core(TM) i5-13500, instruction set [SSE2|AVX|AVX2]
Thread count: 10 physical cores, 20 logical processors, using up to 20 threads

Optimize a model with 6346 rows, 1825 columns and 197322 nonzeros
Model fingerprint: 0x539a6a16
Variable types: 11 continuous, 1814 integer (1814 binary)
Coefficient statistics:
  Matrix range     [1e+00, 3e+01]
  Objective range  [1e+00, 3e+01]
  Bounds range     [1e+00, 1e+00]
  RHS range        [1e+00, 8e+00]
Found heuristic solution: objective 125.1380718
Presolve removed 954 rows and 851 columns
Presolve time: 0.37s
Presolved: 5392 rows, 974 columns, 152243 nonzeros
Variable types: 8 continuous, 966 integer (966 binary)

Root relaxation: objective 6.200430e+01, 882 iterations, 0.06 seconds (0.13 work units)

    Nodes    |    Current Node    |     Objective Bounds      |     Work
 Expl Unexpl |  Obj  Depth IntInf | Incumbent    BestBd   Gap | It/Node Time

     0     0   62.00430    0   57  125.13807   62.00430  50.5%     -    0s
H    0     0                      71.3601211   62.00430  13.1%     -    0s
H    0     0                      68.1278094   62.00430  8.99%     -    0s
H    0     0                      63.7270874   62.00430  2.70%     -    0s
     0     0   62.00430    0   67   63.72709   62.00430  2.70%     -    0s
     0     0   62.00430    0   60   63.72709   62.00430  2.70%     -    0s
H    0     0                      63.5761280   62.00430  2.47%     -    0s
H    0     0                      63.2217972   62.00430  1.93%     -    0s
     0     0   62.00430    0   69   63.22180   62.00430  1.93%     -    0s
     0     0   62.00430    0   64   63.22180   62.00430  1.93%     -    1s
H    0     0                      62.6998569   62.00430  1.11%     -    1s
     0     0   62.07481    0   62   62.69986   62.07481  1.00%     -    1s
     0     0   62.07481    0   63   62.69986   62.07481  1.00%     -    1s

Cutting planes:
  MIR: 2
  StrongCG: 1
  RLT: 11

Explored 1 nodes (3094 simplex iterations) in 1.20 seconds (1.91 work units)
Thread count was 20 (of 20 available processors)

Solution count 7: 62.6999 63.2218 63.5761 ... 125.138

Optimal solution found (tolerance 1.00e-04)
Best objective 6.269985686544e+01, best bound 6.269985686544e+01, gap 0.0000%
