Instance name: /mnt/c/Users/ORG/CLionProjects/uMV-FSTSP/Murray_Chu_2015_test_data/FSTSP/FSTSP_10_customer_problems/20140810T123437v3

drone speed: 0.2 miles/minute
uav non-eligible customer: 10 
Printing number of nodes: 11

Set parameter Threads to value 20
Gurobi Optimizer version 11.0.0 build v11.0.0rc2 (linux64 - "Ubuntu 22.04.3 LTS")

CPU model: 13th Gen Intel(R) Core(TM) i5-13500, instruction set [SSE2|AVX|AVX2]
Thread count: 10 physical cores, 20 logical processors, using up to 20 threads

Optimize a model with 6191 rows, 1825 columns and 197592 nonzeros
Model fingerprint: 0x97e60362
Variable types: 11 continuous, 1814 integer (1814 binary)
Coefficient statistics:
  Matrix range     [8e-01, 3e+01]
  Objective range  [8e-01, 2e+01]
  Bounds range     [1e+00, 1e+00]
  RHS range        [1e+00, 8e+00]
Found heuristic solution: objective 124.8454206
Presolve removed 881 rows and 1102 columns
Presolve time: 0.44s
Presolved: 5310 rows, 723 columns, 150769 nonzeros
Variable types: 8 continuous, 715 integer (715 binary)

Root relaxation: objective 5.345179e+01, 1810 iterations, 0.13 seconds (0.33 work units)

    Nodes    |    Current Node    |     Objective Bounds      |     Work
 Expl Unexpl |  Obj  Depth IntInf | Incumbent    BestBd   Gap | It/Node Time

     0     0   53.45179    0  124  124.84542   53.45179  57.2%     -    0s
H    0     0                      88.8958943   53.45179  39.9%     -    0s
H    0     0                      71.3230207   53.45179  25.1%     -    0s
H    0     0                      54.6640397   53.45179  2.22%     -    0s
     0     0   53.74238    0  146   54.66404   53.74238  1.69%     -    0s
     0     0   53.79639    0   37   54.66404   53.79639  1.59%     -    1s
     0     0   54.32462    0   31   54.66404   54.32462  0.62%     -    1s

Explored 1 nodes (2351 simplex iterations) in 1.29 seconds (2.17 work units)
Thread count was 20 (of 20 available processors)

Solution count 5: 54.664 54.664 71.323 ... 124.845

Optimal solution found (tolerance 1.00e-04)
Best objective 5.466403971045e+01, best bound 5.466403971045e+01, gap 0.0000%
