Instance name: /mnt/c/Users/ORG/CLionProjects/uMV-FSTSP/Murray_Chu_2015_test_data/FSTSP/FSTSP_10_customer_problems/20140810T123440v11

drone speed: 0.6 miles/minute
uav non-eligible customer: 4 5 
Printing number of nodes: 11

Set parameter Threads to value 20
Gurobi Optimizer version 11.0.0 build v11.0.0rc2 (linux64 - "Ubuntu 22.04.3 LTS")

CPU model: 13th Gen Intel(R) Core(TM) i5-13500, instruction set [SSE2|AVX|AVX2]
Thread count: 10 physical cores, 20 logical processors, using up to 20 threads

Optimize a model with 6346 rows, 1825 columns and 197322 nonzeros
Model fingerprint: 0x7a22bdea
Variable types: 11 continuous, 1814 integer (1814 binary)
Coefficient statistics:
  Matrix range     [9e-01, 2e+01]
  Objective range  [1e+00, 2e+01]
  Bounds range     [1e+00, 1e+00]
  RHS range        [1e+00, 8e+00]
Found heuristic solution: objective 112.3380718
Presolve removed 951 rows and 761 columns
Presolve time: 0.41s
Presolved: 5395 rows, 1064 columns, 152611 nonzeros
Variable types: 8 continuous, 1056 integer (1056 binary)

Root relaxation: objective 4.920430e+01, 548 iterations, 0.05 seconds (0.11 work units)

    Nodes    |    Current Node    |     Objective Bounds      |     Work
 Expl Unexpl |  Obj  Depth IntInf | Incumbent    BestBd   Gap | It/Node Time

     0     0   49.20430    0   26  112.33807   49.20430  56.2%     -    0s
H    0     0                      53.8202183   49.20430  8.58%     -    0s
H    0     0                      50.1633484   49.20430  1.91%     -    0s
H    0     0                      49.2042986   49.20430  0.00%     -    0s
     0     0   49.20430    0   26   49.20430   49.20430  0.00%     -    0s

Explored 1 nodes (898 simplex iterations) in 0.54 seconds (1.03 work units)
Thread count was 20 (of 20 available processors)

Solution count 4: 49.2043 50.1633 53.8202 112.338 

Optimal solution found (tolerance 1.00e-04)
Best objective 4.920429858482e+01, best bound 4.920429858482e+01, gap 0.0000%
