Instance name: /mnt/c/Users/ORG/CLionProjects/uMV-FSTSP/Murray_Chu_2015_test_data/FSTSP/FSTSP_10_customer_problems/20140810T123437v11

drone speed: 0.6 miles/minute
uav non-eligible customer: 10 
Printing number of nodes: 11

Set parameter Threads to value 20
Gurobi Optimizer version 11.0.0 build v11.0.0rc2 (linux64 - "Ubuntu 22.04.3 LTS")

CPU model: 13th Gen Intel(R) Core(TM) i5-13500, instruction set [SSE2|AVX|AVX2]
Thread count: 10 physical cores, 20 logical processors, using up to 20 threads

Optimize a model with 6191 rows, 1825 columns and 197592 nonzeros
Model fingerprint: 0x7209ffe5
Variable types: 11 continuous, 1814 integer (1814 binary)
Coefficient statistics:
  Matrix range     [4e-01, 2e+01]
  Objective range  [8e-01, 2e+01]
  Bounds range     [1e+00, 1e+00]
  RHS range        [1e+00, 8e+00]
Found heuristic solution: objective 124.8454206
Presolve removed 471 rows and 631 columns
Presolve time: 0.40s
Presolved: 5720 rows, 1194 columns, 164835 nonzeros
Variable types: 9 continuous, 1185 integer (1185 binary)

Root relaxation: objective 3.895147e+01, 4938 iterations, 0.29 seconds (0.77 work units)

    Nodes    |    Current Node    |     Objective Bounds      |     Work
 Expl Unexpl |  Obj  Depth IntInf | Incumbent    BestBd   Gap | It/Node Time

     0     0   38.95147    0  135  124.84542   38.95147  68.8%     -    0s
H    0     0                      87.3626161   38.95147  55.4%     -    0s
H    0     0                      71.0468391   38.95147  45.2%     -    0s
H    0     0                      68.1638577   38.95147  42.9%     -    0s
     0     0   41.46114    0  168   68.16386   41.46114  39.2%     -    1s
H    0     0                      49.8274027   41.46114  16.8%     -    1s
     0     0   42.89583    0  166   49.82740   42.89583  13.9%     -    1s
H    0     0                      49.1556521   42.89583  12.7%     -    1s
     0     0   42.89583    0  197   49.15565   42.89583  12.7%     -    1s
H    0     0                      42.8958341   42.89583  0.00%     -    1s

Cutting planes:
  Gomory: 4
  Cover: 1
  Clique: 2
  MIR: 1
  StrongCG: 1
  Zero half: 45
  RLT: 21

Explored 1 nodes (6722 simplex iterations) in 1.61 seconds (3.58 work units)
Thread count was 20 (of 20 available processors)

Solution count 7: 42.8958 49.1557 49.8274 ... 124.845

Optimal solution found (tolerance 1.00e-04)
Best objective 4.289583414006e+01, best bound 4.289583414006e+01, gap 0.0000%
