Instance name: /mnt/c/Users/ORG/CLionProjects/uMV-FSTSP/Murray_Chu_2015_test_data/FSTSP/FSTSP_10_customer_problems/20140810T123440v2

drone speed: 0.2 miles/minute
uav non-eligible customer: 4 5 
Printing number of nodes: 11

Set parameter Threads to value 20
Gurobi Optimizer version 11.0.0 build v11.0.0rc2 (linux64 - "Ubuntu 22.04.3 LTS")

CPU model: 13th Gen Intel(R) Core(TM) i5-13500, instruction set [SSE2|AVX|AVX2]
Thread count: 10 physical cores, 20 logical processors, using up to 20 threads

Optimize a model with 6346 rows, 1825 columns and 197322 nonzeros
Model fingerprint: 0xfdace91d
Variable types: 11 continuous, 1814 integer (1814 binary)
Coefficient statistics:
  Matrix range     [1e+00, 2e+01]
  Objective range  [1e+00, 2e+01]
  Bounds range     [1e+00, 1e+00]
  RHS range        [1e+00, 8e+00]
Found heuristic solution: objective 106.5780718
Presolve removed 1043 rows and 1007 columns
Presolve time: 0.36s
Presolved: 5303 rows, 818 columns, 151230 nonzeros
Variable types: 8 continuous, 810 integer (810 binary)

Root relaxation: objective 4.323952e+01, 1231 iterations, 0.07 seconds (0.20 work units)

    Nodes    |    Current Node    |     Objective Bounds      |     Work
 Expl Unexpl |  Obj  Depth IntInf | Incumbent    BestBd   Gap | It/Node Time

     0     0   43.23952    0   61  106.57807   43.23952  59.4%     -    0s
H    0     0                      73.3178097   43.23952  41.0%     -    0s
H    0     0                      73.1127041   43.23952  40.9%     -    0s
     0     0   43.90805    0   98   73.11270   43.90805  39.9%     -    0s
H    0     0                      63.2348023   44.04145  30.4%     -    0s
H    0     0                      62.9822011   44.04145  30.1%     -    0s
     0     0   44.21206    0  111   62.98220   44.21206  29.8%     -    0s
     0     0   44.24304    0  112   62.98220   44.24304  29.8%     -    0s
H    0     0                      59.6617384   44.39152  25.6%     -    1s
     0     0   44.39333    0  103   59.66174   44.39333  25.6%     -    1s
     0     0   44.45270    0  104   59.66174   44.45270  25.5%     -    1s
H    0     0                      54.0546034   44.54735  17.6%     -    1s
     0     0   44.58189    0  126   54.05460   44.58189  17.5%     -    1s
     0     0   44.73206    0  126   54.05460   44.73206  17.2%     -    1s
     0     0   44.73206    0  128   54.05460   44.73206  17.2%     -    1s
     0     0   44.79473    0  125   54.05460   44.79473  17.1%     -    1s
     0     0   44.79487    0  126   54.05460   44.79487  17.1%     -    1s
     0     0   44.85523    0  104   54.05460   44.85523  17.0%     -    1s
     0     0   44.95372    0  106   54.05460   44.95372  16.8%     -    1s
     0     0   44.95372    0  109   54.05460   44.95372  16.8%     -    1s
     0     0   45.43461    0  108   54.05460   45.43461  15.9%     -    1s
     0     0   45.43461    0  108   54.05460   45.43461  15.9%     -    1s
     0     2   45.43461    0  108   54.05460   45.43461  15.9%     -    2s
H   31    41                      51.7076917   45.64304  11.7%   180    3s
   499     1     cutoff   11        51.70769   49.34434  4.57%  53.9    5s

Cutting planes:
  Gomory: 6
  Cover: 3
  Clique: 8
  MIR: 18
  Zero half: 19
  Mod-K: 5
  RLT: 20

Explored 511 nodes (29671 simplex iterations) in 5.01 seconds (8.12 work units)
Thread count was 20 (of 20 available processors)

Solution count 8: 51.7077 54.0546 59.6617 ... 106.578

Optimal solution found (tolerance 1.00e-04)
Best objective 5.170769166567e+01, best bound 5.170769166567e+01, gap 0.0000%
