Instance name: /mnt/c/Users/ORG/CLionProjects/uMV-FSTSP/Murray_Chu_2015_test_data/FSTSP/FSTSP_10_customer_problems/20140810T123440v7

drone speed: 0.4 miles/minute
uav non-eligible customer: 4 5 
Printing number of nodes: 11

Set parameter Threads to value 20
Gurobi Optimizer version 11.0.0 build v11.0.0rc2 (linux64 - "Ubuntu 22.04.3 LTS")

CPU model: 13th Gen Intel(R) Core(TM) i5-13500, instruction set [SSE2|AVX|AVX2]
Thread count: 10 physical cores, 20 logical processors, using up to 20 threads

Optimize a model with 6346 rows, 1825 columns and 197322 nonzeros
Model fingerprint: 0x7f9048d9
Variable types: 11 continuous, 1814 integer (1814 binary)
Coefficient statistics:
  Matrix range     [1e+00, 2e+01]
  Objective range  [1e+00, 2e+01]
  Bounds range     [1e+00, 1e+00]
  RHS range        [1e+00, 8e+00]
Found heuristic solution: objective 112.3380718
Presolve removed 947 rows and 799 columns
Presolve time: 0.35s
Presolved: 5399 rows, 1026 columns, 152490 nonzeros
Variable types: 8 continuous, 1018 integer (1018 binary)

Root relaxation: objective 4.920430e+01, 699 iterations, 0.05 seconds (0.12 work units)

    Nodes    |    Current Node    |     Objective Bounds      |     Work
 Expl Unexpl |  Obj  Depth IntInf | Incumbent    BestBd   Gap | It/Node Time

     0     0   49.20430    0   53  112.33807   49.20430  56.2%     -    0s
H    0     0                      50.4217972   49.20430  2.41%     -    0s
     0     0   49.20430    0   55   50.42180   49.20430  2.41%     -    0s
     0     0   49.20430    0   64   50.42180   49.20430  2.41%     -    0s
     0     0   49.20430    0   57   50.42180   49.20430  2.41%     -    0s
     0     0   49.21137    0   54   50.42180   49.21137  2.40%     -    0s
     0     0   49.21966    0   55   50.42180   49.21966  2.38%     -    0s
     0     0   49.27070    0   58   50.42180   49.27070  2.28%     -    1s
     0     0   49.31366    0   63   50.42180   49.31366  2.20%     -    1s
H    0     0                      49.8998569   49.45724  0.89%     -    1s
     0     0   49.45724    0   65   49.89986   49.45724  0.89%     -    1s
     0     0   49.66061    0   64   49.89986   49.66061  0.48%     -    1s
     0     0   49.69654    0   69   49.89986   49.69654  0.41%     -    1s
     0     0   49.69654    0   43   49.89986   49.69654  0.41%     -    1s
     0     0   49.69654    0   54   49.89986   49.69654  0.41%     -    1s
     0     0   49.69654    0   56   49.89986   49.69654  0.41%     -    1s
     0     0   49.73042    0   33   49.89986   49.73042  0.34%     -    1s
     0     0   49.73042    0   53   49.89986   49.73042  0.34%     -    1s
     0     0   49.89986    0   58   49.89986   49.89986  0.00%     -    1s

Cutting planes:
  Gomory: 1
  Cover: 3
  Clique: 1
  MIR: 6
  StrongCG: 3
  GUB cover: 1
  Zero half: 9
  RLT: 5

Explored 1 nodes (6150 simplex iterations) in 1.24 seconds (2.14 work units)
Thread count was 20 (of 20 available processors)

Solution count 3: 49.8999 50.4218 112.338 

Optimal solution found (tolerance 1.00e-04)
Best objective 4.989985686544e+01, best bound 4.989985686544e+01, gap 0.0000%
