Instance name: /home/cuong/CLionProjects/uMV-FSTSP/50_dis_rand_ins/v39
Write arg val: 1

drone speed: 1 miles/minute
uav non-eligible customer: 11 
Printing tau:
0 6.28035 53.0985 57.1028 41.8613 59.8479 53.6017 53.7595 61.212 84.4623 72.3082 0 
6.28035 0 54.3524 58.3568 43.1153 61.1019 54.8557 55.0134 54.9316 85.7163 73.5622 6.28035 
53.0985 54.3524 0 5.53327 21.3057 43.9109 27.2688 85.2482 94.7146 39.506 40.7268 53.0985 
57.1028 58.3568 5.53327 0 26.839 49.4442 32.8021 90.7815 100.248 45.0393 46.2601 57.1028 
41.8613 43.1153 21.3057 26.839 0 22.6052 11.7404 63.9425 73.4089 42.601 30.4468 41.8613 
59.8479 61.1019 43.9109 49.4442 22.6052 0 16.6421 41.3373 50.8037 24.6144 12.4603 59.8479 
53.6017 54.8557 27.2688 32.8021 11.7404 16.6421 0 57.9793 67.4458 30.8606 18.7065 53.6017 
53.7595 55.0134 85.2482 90.7815 63.9425 41.3373 57.9793 0 9.46645 45.7422 44.5213 53.7595 
61.212 54.9316 94.7146 100.248 73.4089 50.8037 67.4458 9.46645 0 55.2087 53.9878 61.212 
84.4623 85.7163 39.506 45.0393 42.601 24.6144 30.8606 45.7422 55.2087 0 12.1541 84.4623 
72.3082 73.5622 40.7268 46.2601 30.4468 12.4603 18.7065 44.5213 53.9878 12.1541 0 72.3082 
0 0 0 0 0 0 0 0 0 0 0 0 
Printing tau_prime:
0 1.6982 16.6482 18.3416 11.5617 16.1078 14.3091 19.7858 20.2941 22.453 19.2691 0 
1.6982 0 17.8605 19.5919 12.4383 16.239 14.9195 18.9246 19.2035 22.7291 19.5077 1.6982 
16.6482 17.8605 0 1.81114 6.38716 11.7804 7.23198 22.6055 25.1866 13.3755 11.9404 16.6482 
18.3416 19.5919 1.81114 0 8.18426 13.1311 8.74738 24.0884 26.7465 13.9737 12.9122 18.3416 
11.5617 12.4383 6.38716 8.18426 0 7.66006 3.49168 17.2463 19.4955 12.284 9.57606 11.5617 
16.1078 16.239 11.7804 13.1311 7.66006 0 4.71348 11.0795 13.967 6.63057 3.4102 16.1078 
14.3091 14.9195 7.23198 8.74738 3.49168 4.71348 0 15.3742 17.9993 8.80302 6.1106 14.3091 
19.7858 18.9246 22.6055 24.0884 17.2463 11.0795 15.3742 0 3.25573 14.6082 12.7891 19.7858 
20.2941 19.2035 25.1866 26.7465 19.4955 13.967 17.9993 3.25573 0 17.8508 15.9319 20.2941 
22.453 22.7291 13.3755 13.9737 12.284 6.63057 8.80302 14.6082 17.8508 0 3.23907 22.453 
19.2691 19.5077 11.9404 12.9122 9.57606 3.4102 6.1106 12.7891 15.9319 3.23907 0 19.2691 
0 0 0 0 0 0 0 0 0 0 0 0 
Version identifier: 22.1.1.0 | 2022-11-28 | 9160aff4d
CPXPARAM_MIP_Tolerances_Integrality              0
Tried aggregator 1 time.
MIP Presolve eliminated 1 rows and 12 columns.
MIP Presolve modified 20 coefficients.
Reduced MIP has 122 rows, 120 columns, and 510 nonzeros.
Reduced MIP has 110 binaries, 0 generals, 0 SOSs, and 0 indicators.
Presolve time = 0.00 sec. (0.27 ticks)
Found incumbent of value 535.581100 after 0.00 sec. (0.75 ticks)
Probing time = 0.00 sec. (0.26 ticks)
Cover probing fixed 0 vars, tightened 10 bounds.
Tried aggregator 1 time.
Detecting symmetries...
MIP Presolve eliminated 10 rows and 0 columns.
MIP Presolve modified 180 coefficients.
Reduced MIP has 112 rows, 120 columns, and 490 nonzeros.
Reduced MIP has 110 binaries, 0 generals, 0 SOSs, and 0 indicators.
Presolve time = 0.00 sec. (0.35 ticks)
Probing time = 0.00 sec. (0.26 ticks)
Clique table members: 67.
MIP emphasis: balance optimality and feasibility.
MIP search method: dynamic search.
Parallel mode: deterministic, using up to 20 threads.
Root relaxation solution time = 0.00 sec. (0.19 ticks)

        Nodes                                         Cuts/
   Node  Left     Objective  IInf  Best Integer    Best Bound    ItCnt     Gap

*     0+    0                          535.5811        0.0000           100.00%
      0     0      132.3194    22      535.5811      132.3194       23   75.29%
*     0+    0                          264.2925      132.3194            49.93%
      0     0      214.5689    20      264.2925      Cuts: 21       42   18.81%
      0     0      214.5689    20      264.2925      Cuts: 40       55   18.81%
      0     0      214.5689    16      264.2925      Cuts: 13       60   18.81%
      0     0      214.5689    16      264.2925      Cuts: 13       66   18.81%
*     0+    0                          253.3593      214.5689            15.31%
Detecting symmetries...
      0     2      214.5689    16      253.3593      222.0225       66   12.37%
Elapsed time = 0.02 sec. (9.16 ticks, tree = 0.02 MB, solutions = 3)

Clique cuts applied:  4
Implied bound cuts applied:  290
Mixed integer rounding cuts applied:  14
Gomory fractional cuts applied:  1

Root node processing (before b&c):
  Real time             =    0.02 sec. (9.10 ticks)
Parallel b&c, 20 threads:
  Real time             =    0.02 sec. (14.11 ticks)
  Sync time (average)   =    0.01 sec.
  Wait time (average)   =    0.00 sec.
                          ------------
Total (root+branch&cut) =    0.04 sec. (23.21 ticks)

TSP solution for this instance: 0 3 2 4 6 5 10 9 7 8 1 11 
12
Warmstart X[1][0] == 1
Warmstart X[2][3] == 1
Warmstart X[3][2] == 1
Warmstart X[4][4] == 1
Warmstart X[5][6] == 1
Warmstart X[6][5] == 1
Warmstart X[7][10] == 1
Warmstart X[8][9] == 1
Warmstart X[9][7] == 1
Warmstart X[10][8] == 1
Warmstart X[11][1] == 1
---------------------------------------------
Calculate max stage gap for sortie.... 
Stage gap of 5 with smallest length = 25.1214 violated endurance constraint!
---------------------------------------------
Variable z[1][6] was set to 0.
Variable z[1][7] was set to 0.
Variable z[1][8] was set to 0.
Variable z[1][9] was set to 0.
Variable z[1][10] was set to 0.
Variable z[1][11] was set to 0.
Variable z[1][12] was set to 0.
Variable z[2][7] was set to 0.
Variable z[2][8] was set to 0.
Variable z[2][9] was set to 0.
Variable z[2][10] was set to 0.
Variable z[2][11] was set to 0.
Variable z[2][12] was set to 0.
Variable z[3][8] was set to 0.
Variable z[3][9] was set to 0.
Variable z[3][10] was set to 0.
Variable z[3][11] was set to 0.
Variable z[3][12] was set to 0.
Variable z[4][9] was set to 0.
Variable z[4][10] was set to 0.
Variable z[4][11] was set to 0.
Variable z[4][12] was set to 0.
Variable z[5][10] was set to 0.
Variable z[5][11] was set to 0.
Variable z[5][12] was set to 0.
Variable z[6][11] was set to 0.
Variable z[6][12] was set to 0.
Variable z[7][12] was set to 0.
Num constraint added = 5940
Warning:  Output names have been modified due to duplicate names or characters invalid in LP format.
Version identifier: 22.1.1.0 | 2022-11-28 | 9160aff4d
CPXPARAM_TimeLimit                               200
CPXPARAM_MIP_Tolerances_Integrality              0
1 of 1 MIP starts provided solutions.
MIP start 'm1' defined initial solution with objective 253.3593.
Tried aggregator 2 times.
MIP Presolve eliminated 7254 rows and 1875 columns.
MIP Presolve modified 2207 coefficients.
Aggregator did 42 substitutions.
Reduced MIP has 1467 rows, 2859 columns, and 51088 nonzeros.
Reduced MIP has 2838 binaries, 0 generals, 0 SOSs, and 0 indicators.
Presolve time = 0.06 sec. (161.31 ticks)
Probing fixed 215 vars, tightened 0 bounds.
Probing changed sense of 4 constraints.
Probing time = 0.04 sec. (92.18 ticks)
Tried aggregator 2 times.
Detecting symmetries...
MIP Presolve eliminated 47 rows and 234 columns.
MIP Presolve modified 374 coefficients.
Aggregator did 13 substitutions.
Reduced MIP has 1392 rows, 2612 columns, and 45164 nonzeros.
Reduced MIP has 2591 binaries, 0 generals, 0 SOSs, and 0 indicators.
Presolve time = 0.03 sec. (68.82 ticks)
Probing time = 0.00 sec. (5.22 ticks)
Clique table members: 13124.
MIP emphasis: balance optimality and feasibility.
MIP search method: dynamic search.
Parallel mode: deterministic, using up to 20 threads.
Root relaxation solution time = 0.13 sec. (294.10 ticks)

        Nodes                                         Cuts/
   Node  Left     Objective  IInf  Best Integer    Best Bound    ItCnt     Gap

*     0+    0                          253.3593        6.2804            97.52%
      0     0      142.5119   406      253.3593      142.5119       35   43.75%
      0     0      145.5371   386      253.3593      Cuts: 58     1298   42.56%
      0     0      147.1695   390      253.3593      Cuts: 33     1954   41.91%
      0     0      148.0584   371      253.3593       Cuts: 6     2632   39.44%
      0     0      148.9491   410      253.3593      Cuts: 15     3151   39.44%
      0     0      149.4162   412      253.3593       Cuts: 5     3832   39.44%
Detecting symmetries...
      0     0      149.7404   421      253.3593      Cuts: 15     4166   39.44%
      0     0      149.8780   490      253.3593       Cuts: 2     4352   39.44%
*     0+    0                          251.2606      153.4336            38.93%
Detecting symmetries...
      0     2      149.8780   428      251.2606      153.4336     4352   38.93%
Elapsed time = 1.52 sec. (2814.60 ticks, tree = 0.02 MB, solutions = 2)
      3     3        cutoff            251.2606      153.4336     7953   38.93%
      9     5      161.5066   343      251.2606      154.5593    10609   38.49%
     20     9      169.3994   261      251.2606      154.5610    23009   38.49%
     74    34      241.3555    93      251.2606      156.1183    41081   37.87%
*    87+   18                          243.7309      156.1183            35.95%
    244    74      178.6591   222      243.7309      156.1233    67139   35.94%
    277    89      162.9903   351      243.7309      156.1233    78432   35.94%
    400    79      234.2356   139      243.7309      156.1233   121615   35.94%
    574   133      185.0268   262      243.7309      156.1233   148728   35.94%
    717   169      185.6259   318      243.7309      156.1233   166375   35.94%
   1523   498      217.3513   146      243.7309      156.1233   326197   35.94%
Elapsed time = 4.19 sec. (5990.71 ticks, tree = 1.41 MB, solutions = 3)
*  1607   573      integral     0      226.6918      156.1233   380043   31.13%
   1983   427      214.5507    48      226.6918      156.1233   406962   31.13%
   2510   697        cutoff            226.6918      156.1233   620649   31.13%
   2978   704      217.8832    83      226.6918      156.1233   696308   31.13%
   4028   901      213.2420    83      226.6918      190.1386   902904   16.12%
*  4182+  916                          224.7565      200.3185            10.87%
   5620   363      219.0443   253      224.7565      212.9551  1043000    5.25%

GUB cover cuts applied:  8
Cover cuts applied:  112
Implied bound cuts applied:  5
Mixed integer rounding cuts applied:  3
Zero-half cuts applied:  33

Root node processing (before b&c):
  Real time             =    1.48 sec. (2762.83 ticks)
Parallel b&c, 20 threads:
  Real time             =    7.64 sec. (8157.00 ticks)
  Sync time (average)   =    2.64 sec.
  Wait time (average)   =    0.00 sec.
                          ------------
Total (root+branch&cut) =    9.12 sec. (10919.82 ticks)
Feasible solution found!
Truck nodes:
Stage 1 at customer 0 with arrival time is: 0
Stage 1 at customer 0 with departure time is: 0
Stage 2 at customer 1 with arrival time is: 6.28035
Stage 2 at customer 1 with departure time is: 6.28035
Stage 3 at customer 8 with arrival time is: 61.212
Stage 3 at customer 8 with departure time is: 61.212
Stage 4 at customer 7 with arrival time is: 70.6784
Stage 4 at customer 7 with departure time is: 70.6784
Stage 5 at customer 5 with arrival time is: 112.016
Stage 5 at customer 5 with departure time is: 113.016
Stage 6 at customer 6 with arrival time is: 129.658
Stage 6 at customer 6 with departure time is: 131.658
Stage 7 at customer 4 with arrival time is: 143.398
Stage 7 at customer 4 with departure time is: 149.344
Stage 8 at customer 6 with arrival time is: 161.085
Stage 8 at customer 6 with departure time is: 168.276
Stage 9 at customer 4 with arrival time is: 180.016
Stage 9 at customer 4 with departure time is: 182.895
Stage 10 at customer 11 with arrival time is: 224.757
Stage 10 at customer 11 with departure time is: 224.757
Truck arcs:
Arc 1 connecting 0 and 1 with cost 6.28035 
Arc 2 connecting 1 and 8 with cost 54.9316 
Arc 3 connecting 8 and 7 with cost 9.46645 
Arc 4 connecting 7 and 5 with cost 41.3373 
Arc 5 connecting 5 and 6 with cost 16.6421 
Arc 6 connecting 6 and 4 with cost 11.7404 
Arc 7 connecting 4 and 6 with cost 11.7404 
Arc 8 connecting 6 and 4 with cost 11.7404 
Arc 9 connecting 4 and 11 with cost 41.8613 
Customer 2 served by drone.
Drone fly from 6 at stage 8 to serve 2 and then fly back to 4 at stage 9. 
Truck arcs during this sortie: 6--->4
Truck travel time from stage 8 to 9 is: 11.7404
Total drone travel time: 13.6191
Drone arrival time: 181.895
Truck arrival time: 180.016
Truck departure time = max(d/a, t/a) plus (sl/sr): 182.895
Customer 3 served by drone.
Drone fly from 4 at stage 7 to serve 3 and then fly back to 6 at stage 8. 
Truck arcs during this sortie: 4--->6
Truck travel time from stage 7 to 8 is: 11.7404
Total drone travel time: 16.9316
Drone arrival time: 166.276
Truck arrival time: 161.085
Truck departure time = max(d/a, t/a) plus (sl/sr): 168.276
Customer 9 served by drone.
Drone fly from 5 at stage 5 to serve 9 and then fly back to 6 at stage 6. 
Truck arcs during this sortie: 5--->6
Truck travel time from stage 5 to 6 is: 16.6421
Total drone travel time: 15.4336
Drone arrival time: 128.449
Truck arrival time: 129.658
Truck departure time = max(d/a, t/a) plus (sl/sr): 131.658
Customer 10 served by drone.
Drone fly from 6 at stage 6 to serve 10 and then fly back to 4 at stage 7. 
Truck arcs during this sortie: 6--->4
Truck travel time from stage 6 to 7 is: 11.7404
Total drone travel time: 15.6867
Drone arrival time: 147.344
Truck arrival time: 143.398
Truck departure time = max(d/a, t/a) plus (sl/sr): 149.344
Done!
-------------------------Re-calculated objective-----------------------
224.757
------------------------------------------------------------------------
Solve time: 9.12
Node 4 was revisited 1 times!
Node 6 was revisited 1 times!
OBJECTIVE VALUE: 224.757, NUMBER OF SORTIES: 4.
Number of revisit: 2
In write mode
