Instance name: /home/cuong/CLionProjects/uMV-FSTSP/rand_generated_instances_3p_settings/v100
Write arg val: 1

drone speed: 1 miles/minute
uav non-eligible customer: 3 5 12 
Printing tau:
0 8.79709 9.22628 7.96656 7.27496 11.73 15.3525 10.7904 4.13187 6.26883 5.12979 0 
8.79709 0 8.49679 1.16408 13.7369 20.5271 24.1496 19.5875 12.929 15.0659 13.9269 8.79709 
9.22628 8.49679 0 9.66087 5.24012 20.9563 24.5788 20.0167 13.3581 15.4951 14.3561 9.22628 
7.96656 1.16408 9.66087 0 14.901 19.4898 23.1122 18.5501 11.8916 14.0285 12.8895 7.96656 
7.27496 13.7369 5.24012 14.901 0 19.005 22.6274 18.0654 11.4068 13.5438 12.4048 7.27496 
11.73 20.5271 20.9563 19.4898 19.005 0 4.76731 3.7901 7.59818 8.34067 9.66878 11.73 
15.3525 24.1496 24.5788 23.1122 22.6274 4.76731 0 4.56207 11.2206 9.08366 10.2227 15.3525 
10.7904 19.5875 20.0167 18.5501 18.0654 3.7901 4.56207 0 6.65855 4.55058 5.87868 10.7904 
4.13187 12.929 13.3581 11.8916 11.4068 7.59818 11.2206 6.65855 0 2.13696 3.45717 4.13187 
6.26883 15.0659 15.4951 14.0285 13.5438 8.34067 9.08366 4.55058 2.13696 0 1.32811 6.26883 
5.12979 13.9269 14.3561 12.8895 12.4048 9.66878 10.2227 5.87868 3.45717 1.32811 0 5.12979 
0 0 0 0 0 0 0 0 0 0 0 0 
Printing tau_prime:
0 3.93164 3.31653 3.93191 3.55337 4.519 5.42903 3.84203 1.5149 2.49873 2.43408 0 
3.93164 0 3.0079 0.551272 4.88646 8.38517 8.90075 7.49258 4.99104 5.47158 4.98555 3.93164 
3.31653 3.0079 0 3.45476 1.97695 7.50509 8.70368 7.07844 4.82755 5.75195 5.54087 3.31653 
3.93191 0.551272 3.45476 0 5.27108 8.29147 8.67952 7.32919 4.8488 5.23114 4.71075 3.93191 
3.55337 4.88646 1.97695 5.27108 0 6.7513 8.33582 6.69189 4.93993 5.99409 5.98674 3.55337 
4.519 8.38517 7.50509 8.29147 6.7513 0 2.11688 1.38057 3.46981 3.52476 4.13897 4.519 
5.42903 8.90075 8.70368 8.67952 8.33582 2.11688 0 1.64952 3.99982 3.45112 4.00824 5.42903 
3.84203 7.49258 7.07844 7.32919 6.69189 1.38057 1.64952 0 2.505 2.26805 2.88534 3.84203 
1.5149 4.99104 4.82755 4.8488 4.93993 3.46981 3.99982 2.505 0 1.06651 1.2722 1.5149 
2.49873 5.47158 5.75195 5.23114 5.99409 3.52476 3.45112 2.26805 1.06651 0 0.618595 2.49873 
2.43408 4.98555 5.54087 4.71075 5.98674 4.13897 4.00824 2.88534 1.2722 0.618595 0 2.43408 
0 0 0 0 0 0 0 0 0 0 0 0 
Warning:  Output names have been modified due to duplicate names or characters invalid in LP format.
Version identifier: 22.1.1.0 | 2022-11-28 | 9160aff4d
CPXPARAM_MIP_Tolerances_Integrality              0
Tried aggregator 2 times.
MIP Presolve eliminated 731 rows and 1468 columns.
MIP Presolve modified 2802 coefficients.
Aggregator did 24 substitutions.
Reduced MIP has 1002 rows, 3284 columns, and 30636 nonzeros.
Reduced MIP has 3263 binaries, 0 generals, 0 SOSs, and 0 indicators.
Presolve time = 0.02 sec. (49.72 ticks)
Probing time = 0.01 sec. (6.91 ticks)
Tried aggregator 2 times.
Detecting symmetries...
MIP Presolve eliminated 17 rows and 0 columns.
MIP Presolve modified 123 coefficients.
Aggregator did 2 substitutions.
Reduced MIP has 983 rows, 3282 columns, and 30615 nonzeros.
Reduced MIP has 3261 binaries, 0 generals, 0 SOSs, and 0 indicators.
Presolve time = 0.01 sec. (21.78 ticks)
Probing time = 0.01 sec. (6.72 ticks)
Clique table members: 15167.
MIP emphasis: balance optimality and feasibility.
MIP search method: dynamic search.
Parallel mode: deterministic, using up to 20 threads.
Root relaxation solution time = 0.09 sec. (155.73 ticks)

        Nodes                                         Cuts/
   Node  Left     Objective  IInf  Best Integer    Best Bound    ItCnt     Gap

      0     0       30.7946   219                     30.7946       19         
      0     0       37.9184   108                    Cuts: 19      883         
*     0+    0                           59.4794       37.9184            36.25%
      0     0       40.8822   139       59.4794      Cuts: 27     2516   31.27%
*     0+    0                           51.0658       40.8822            19.94%
      0     0       42.3366   155       51.0658      Cuts: 26     3515   17.09%
*     0+    0                           51.0604       42.3366            17.09%
      0     0       42.4215    87       51.0604      Cuts: 15     3579   16.92%
      0     0       42.5165   195       51.0604      Cuts: 13     4106   16.73%
Detecting symmetries...
*     0+    0                           49.2549       42.5165            13.68%
      0     0       42.8365   189       49.2549       Cuts: 6     4564   13.03%
      0     0       43.0383   186       49.2549      Cuts: 13     4881   12.62%
*     0+    0                           49.2495       43.0383            12.61%
      0     0       43.1330   223       49.2495       Cuts: 3     5362   12.42%
      0     0       43.1358   197       49.2495      Cuts: 11     5535   12.41%
      0     0       43.3898   200       49.2495   ZeroHalf: 5     5780   11.90%
      0     0       43.5925   200       49.2495   ZeroHalf: 6     5883   11.49%
      0     0       43.6029   182       49.2495       Cuts: 7     5939   11.47%
      0     0        cutoff             49.2495       49.2495     6196    0.00%
Elapsed time = 1.14 sec. (1740.86 ticks, tree = 0.01 MB, solutions = 5)

Clique cuts applied:  3
Zero-half cuts applied:  13
Lift and project cuts applied:  1
Gomory fractional cuts applied:  7

Root node processing (before b&c):
  Real time             =    1.14 sec. (1741.25 ticks)
Parallel b&c, 20 threads:
  Real time             =    0.00 sec. (0.00 ticks)
  Sync time (average)   =    0.00 sec.
  Wait time (average)   =    0.00 sec.
                          ------------
Total (root+branch&cut) =    1.14 sec. (1741.25 ticks)
Feasible solution found!
Truck nodes:
Stage 1 at customer 0 with arrival time is: 0
Stage 1 at customer 0 with departure time is: 0
Stage 2 at customer 1 with arrival time is: 8.79709
Stage 2 at customer 1 with departure time is: 10.7971
Stage 3 at customer 3 with arrival time is: 11.9612
Stage 3 at customer 3 with departure time is: 11.9612
Stage 4 at customer 10 with arrival time is: 24.8507
Stage 4 at customer 10 with departure time is: 25.8507
Stage 5 at customer 9 with arrival time is: 27.1788
Stage 5 at customer 9 with departure time is: 28.1788
Stage 6 at customer 7 with arrival time is: 32.7294
Stage 6 at customer 7 with departure time is: 32.7294
Stage 7 at customer 5 with arrival time is: 36.5195
Stage 7 at customer 5 with departure time is: 36.5195
Stage 8 at customer 8 with arrival time is: 44.1176
Stage 8 at customer 8 with departure time is: 45.1176
Stage 9 at customer 11 with arrival time is: 49.2495
Stage 9 at customer 11 with departure time is: 49.2495
Truck arcs:
Arc 1 connecting 0 and 1 with cost 8.79709 
Arc 2 connecting 1 and 3 with cost 1.16408 
Arc 3 connecting 3 and 10 with cost 12.8895 
Arc 4 connecting 10 and 9 with cost 1.32811 
Arc 5 connecting 9 and 7 with cost 4.55058 
Arc 6 connecting 7 and 5 with cost 3.7901 
Arc 7 connecting 5 and 8 with cost 7.59818 
Arc 8 connecting 8 and 11 with cost 4.13187 
Drone served customers
Drone flies from stage 1 to stage 2
Drone flies from stage 2 to stage 4
Drone flies from stage 5 to stage 8
Drone flies from stage 5 to stage 8 to serve customer 2
Drone flies from stage 1 to stage 2 to serve customer 4
Drone flies from stage 2 to stage 4 to serve customer 6
1
Customer 2 served by drone.
Y_val: 1
W_val: 1
Drone fly from 9 at stage 5 to serve 2 and then fly back to 8 at stage 8. 
Truck travel time from stage 5 to 8 is: 15.9389
Start arc cost: 5.75195, end arc cost: 4.82755. Total drone travel time: 10.5795
Drone arrival time: 38.7583
Truck arrival time: 44.1176
Truck departure time = max(d/a, t/a) plus (sl/sr): 45.1176
1
Customer 4 served by drone.
Y_val: 1
W_val: 1
Drone fly from 0 at stage 1 to serve 4 and then fly back to 1 at stage 2. 
Truck travel time from stage 1 to 2 is: 8.79709
Start arc cost: 3.55337, end arc cost: 4.88646. Total drone travel time: 8.43983
Drone arrival time: 8.43983
Truck arrival time: 8.79709
Truck departure time = max(d/a, t/a) plus (sl/sr): 10.7971
1
Customer 6 served by drone.
Y_val: 1
W_val: 1
Drone fly from 1 at stage 2 to serve 6 and then fly back to 10 at stage 4. 
Truck travel time from stage 2 to 4 is: 14.0536
Start arc cost: 8.90075, end arc cost: 4.00824. Total drone travel time: 12.909
Drone arrival time: 23.7061
Truck arrival time: 24.8507
Truck departure time = max(d/a, t/a) plus (sl/sr): 25.8507
Done!
-------------------------Re-calculated objective-----------------------
49.2495
------------------------------------------------------------------------
Solve time: 1.139
OBJECTIVE VALUE: 49.2495, NUMBER OF SORTIES: 3.
In write mode
