Instance name: /home/cuong/CLionProjects/uMV-FSTSP/rand_generated_instances/v23
Write arg val: 1

drone speed: 1 miles/minute
uav non-eligible customer: 12 
Printing tau:
0 3.82937 3.90236 4.95171 3.47395 22.488 21.2328 10.3808 7.90981 22.2437 15.2434 0 
3.82937 0 1.24643 8.78108 0.930311 26.3174 25.0622 13.5433 8.94544 26.073 19.0727 3.82937 
3.90236 1.24643 0 8.85407 0.428414 26.3904 25.1352 13.6163 10.1919 26.146 19.1457 3.90236 
4.95171 8.78108 8.85407 0 8.42566 17.5363 16.2811 7.67857 10.6121 17.292 10.2916 4.95171 
3.47395 0.930311 0.428414 8.42566 0 25.9619 24.7068 13.1879 9.87575 25.7176 18.7173 3.47395 
22.488 26.3174 26.3904 17.5363 25.9619 0 12.1653 17.7233 17.6938 9.94108 14.8981 22.488 
21.2328 25.0622 25.1352 16.2811 24.7068 12.1653 0 11.5189 16.4386 2.22421 5.98947 21.2328 
10.3808 13.5433 13.6163 7.67857 13.1879 17.7233 11.5189 0 18.2907 12.5298 5.52945 10.3808 
7.90981 8.94544 10.1919 10.6121 9.87575 17.6938 16.4386 18.2907 0 17.4494 15.4655 7.90981 
22.2437 26.073 26.146 17.292 25.7176 9.94108 2.22421 12.5298 17.4494 0 7.00032 22.2437 
15.2434 19.0727 19.1457 10.2916 18.7173 14.8981 5.98947 5.52945 15.4655 7.00032 0 15.2434 
0 0 0 0 0 0 0 0 0 0 0 0 
Printing tau_prime:
0 1.40252 1.59829 1.99442 1.41126 8.36377 7.69816 5.02645 3.27012 7.91781 6.01506 0 
1.40252 0 0.441436 3.16001 0.352101 9.7647 8.96142 5.81757 4.39299 9.23476 7.12636 1.40252 
1.59829 0.441436 0 3.13391 0.188239 9.93152 8.93192 5.60126 4.73689 9.2447 7.02112 1.59829 
1.99442 3.16001 3.13391 0 2.99027 7.14508 5.80486 3.1945 3.75235 6.11374 4.02295 1.99442 
1.41126 0.352101 0.188239 2.99027 0 9.75108 8.79337 5.53094 4.55375 9.0953 6.90636 1.41126 
8.36377 9.7647 9.93152 7.14508 9.75108 0 4.32391 7.72408 6.25891 3.51576 5.85702 8.36377 
7.69816 8.96142 8.93192 5.80486 8.79337 4.32391 0 4.52185 7.35143 0.863778 2.3276 7.69816 
5.02645 5.81757 5.60126 3.1945 5.53094 7.72408 4.52185 0 6.69656 5.21485 2.19535 5.02645 
3.27012 4.39299 4.73689 3.75235 4.55375 6.25891 7.35143 6.69656 0 7.20166 6.59891 3.27012 
7.91781 9.23476 9.2447 6.11374 9.0953 3.51576 0.863778 5.21485 7.20166 0 3.03266 7.91781 
6.01506 7.12636 7.02112 4.02295 6.90636 5.85702 2.3276 2.19535 6.59891 3.03266 0 6.01506 
0 0 0 0 0 0 0 0 0 0 0 0 
Printing number of nodes: 11

Version identifier: 22.1.1.0 | 2022-11-28 | 9160aff4d
CPXPARAM_ClockType                               0
CPXPARAM_Emphasis_MIP                            2
CPXPARAM_MIP_Tolerances_Integrality              0
Tried aggregator 1 time.
MIP Presolve eliminated 272 rows and 491 columns.
MIP Presolve modified 2009 coefficients.
Reduced MIP has 5714 rows, 1224 columns, and 167113 nonzeros.
Reduced MIP has 1214 binaries, 0 generals, 0 SOSs, and 0 indicators.
Presolve time = 0.08 sec. (235.46 ticks)
Found incumbent of value 219.158900 after 0.14 sec. (363.12 ticks)
Probing fixed 114 vars, tightened 0 bounds.
Probing time = 0.04 sec. (54.24 ticks)
Tried aggregator 1 time.
Detecting symmetries...
MIP Presolve eliminated 9 rows and 114 columns.
MIP Presolve modified 60 coefficients.
Reduced MIP has 5705 rows, 1110 columns, and 166559 nonzeros.
Reduced MIP has 1100 binaries, 0 generals, 0 SOSs, and 0 indicators.
Presolve time = 0.06 sec. (170.62 ticks)
Probing time = 0.01 sec. (15.00 ticks)
Clique table members: 83331.
MIP emphasis: optimality.
MIP search method: dynamic search.
Parallel mode: deterministic, using up to 20 threads.
Root relaxation solution time = 0.18 sec. (255.32 ticks)

        Nodes                                         Cuts/
   Node  Left     Objective  IInf  Best Integer    Best Bound    ItCnt     Gap

*     0+    0                          219.1589      -10.0000           104.56%
*     0+    0                          129.9855      -10.0000           107.69%
      0     0       38.7080   145      129.9855       38.7080     1075   70.22%
*     0+    0                           59.9171       38.7080            35.40%
      0     0       39.7969   188       59.9171      Cuts: 41     1733   31.27%
      0     0       39.9785   207       59.9171      Cuts: 23     1883   31.27%
      0     0       40.1062   203       59.9171      Cuts: 15     2000   31.27%
*     0+    0                           56.7656       41.1813            27.45%
      0     0  -1.00000e+75     0       56.7656       41.1813     2000   27.45%
      0     0       40.1422   217       56.7656      Cuts: 15     2066   27.45%
      0     0       40.1911   219       56.7656      Cuts: 10     2138   27.45%
Detecting symmetries...
Detecting symmetries...
      0     2       40.1911   219       56.7656       41.1813     2138   27.45%
Elapsed time = 2.05 sec. (4523.68 ticks, tree = 0.02 MB, solutions = 4)
      2     4       41.5929   169       56.7656       41.1813     2464   27.45%
     11     6       55.3675    73       56.7656       41.6218     5963   26.68%
     39    20       55.3676    62       56.7656       41.8396    12327   26.29%
     94    32        cutoff             56.7656       41.8396    20505   26.29%
*   186+   15                           56.4438       41.8396            25.87%
    275    68       55.4102    68       56.4438       43.0563    42136   23.72%
    587    38       55.4671   140       56.4438       43.0563    61428   23.72%
*   896    59      integral     0       54.3513       45.0444    76235   17.12%
    910    58       46.3760   112       54.3513       45.0444    76556   17.12%
   1112    74       50.1634    88       54.3513       45.8738    97896   15.60%
*  1127   103      integral     0       53.6325       45.8738   103531   14.47%
*  1167+   84                           51.2268       45.8738            10.45%
*  1186    68      integral     0       51.2055       45.8738    97306   10.41%
*  1196+   51                           49.8556       46.2625             7.21%
   1262    98        cutoff             49.8556       46.3883   117931    6.95%

GUB cover cuts applied:  2
Clique cuts applied:  9
Cover cuts applied:  28
Implied bound cuts applied:  33
Flow cuts applied:  3
Mixed integer rounding cuts applied:  6
Zero-half cuts applied:  19
Gomory fractional cuts applied:  3

Root node processing (before b&c):
  Real time             =    2.01 sec. (4482.01 ticks)
Parallel b&c, 20 threads:
  Real time             =    3.70 sec. (3259.51 ticks)
  Sync time (average)   =    1.64 sec.
  Wait time (average)   =    0.00 sec.
                          ------------
Total (root+branch&cut) =    5.72 sec. (7741.52 ticks)
Truck arcs:
0 4
1 7
2 1
3 11
4 2
7 10
10 3
49.8556
In write mode
