Instance name: /home/cuong/CLionProjects/uMV-FSTSP/rand_generated_instances/v52
Write arg val: 1

drone speed: 1 miles/minute
uav non-eligible customer: 8 12 
Printing tau:
0 3.45893 6.30188 5.52736 8.76392 17.2727 3.32801 17.6839 22.9052 12.0787 10.8505 0 
3.45893 0 2.84295 5.8714 9.10795 17.6168 3.67205 18.028 23.2492 8.61981 7.39153 3.45893 
6.30188 2.84295 0 7.84647 11.083 19.5918 5.64711 20.003 25.2243 5.77685 8.47168 6.30188 
5.52736 5.8714 7.84647 0 3.23655 11.7454 2.19935 12.1566 17.3778 10.7401 9.51183 5.52736 
8.76392 9.10795 11.083 3.23655 0 8.50883 5.43591 8.92002 14.1412 9.1785 7.95022 8.76392 
17.2727 17.6168 19.5918 11.7454 8.50883 0 13.9447 6.09251 8.99258 17.6381 11.1202 17.2727 
3.32801 3.67205 5.64711 2.19935 5.43591 13.9447 0 14.3559 19.5771 9.51511 8.28683 3.32801 
17.6839 18.028 20.003 12.1566 8.92002 6.09251 14.3559 0 15.0851 18.0493 13.6505 17.6839 
22.9052 23.2492 25.2243 17.3778 14.1412 8.99258 19.5771 15.0851 0 23.2705 16.7526 22.9052 
12.0787 8.61981 5.77685 10.7401 9.1785 17.6381 9.51511 18.0493 23.2705 0 6.51792 12.0787 
10.8505 7.39153 8.47168 9.51183 7.95022 11.1202 8.28683 13.6505 16.7526 6.51792 0 10.8505 
0 0 0 0 0 0 0 0 0 0 0 0 
Printing tau_prime:
0 1.22895 2.37413 2.01071 3.26377 6.21679 1.48525 6.33011 9.18946 4.27243 4.41003 0 
1.22895 0 1.22389 2.20706 3.2262 6.22875 1.3363 6.74706 8.79222 3.04757 3.47924 1.22895 
2.37413 1.22389 0 3.28255 4.09885 7.008 2.39438 7.76987 9.16557 2.15607 3.39961 2.37413 
2.01071 2.20706 3.28255 0 1.27053 4.20968 0.890069 4.54025 7.2613 4.33119 3.3702 2.01071 
3.26377 3.2262 4.09885 1.27053 0 3.01152 1.92556 3.74266 6.00052 4.57696 2.95857 3.26377 
6.21679 6.22875 7.008 4.20968 3.01152 0 4.93694 2.15893 3.75151 6.96689 4.75369 6.21679 
1.48525 1.3363 2.39438 0.890069 1.92556 4.93694 0 5.41827 7.72796 3.60864 3.09536 1.48525 
6.33011 6.74706 7.76987 4.54025 3.74266 2.15893 5.41827 0 5.64381 8.27008 6.31771 6.33011 
9.18946 8.79222 9.16557 7.2613 6.00052 3.75151 7.72796 5.64381 0 8.22769 5.94461 9.18946 
4.27243 3.04757 2.15607 4.33119 4.57696 6.96689 3.60864 8.27008 8.22769 0 2.34499 4.27243 
4.41003 3.47924 3.39961 3.3702 2.95857 4.75369 3.09536 6.31771 5.94461 2.34499 0 4.41003 
0 0 0 0 0 0 0 0 0 0 0 0 
Printing number of nodes: 11

Version identifier: 22.1.1.0 | 2022-11-28 | 9160aff4d
CPXPARAM_ClockType                               0
CPXPARAM_Emphasis_MIP                            2
CPXPARAM_MIP_Tolerances_Integrality              0
Tried aggregator 1 time.
MIP Presolve eliminated 442 rows and 438 columns.
MIP Presolve modified 2328 coefficients.
Reduced MIP has 5688 rows, 1277 columns, and 164978 nonzeros.
Reduced MIP has 1268 binaries, 0 generals, 0 SOSs, and 0 indicators.
Presolve time = 0.07 sec. (223.27 ticks)
Found incumbent of value 145.130220 after 0.12 sec. (342.02 ticks)
Probing fixed 161 vars, tightened 0 bounds.
Probing changed sense of 18 constraints.
Probing time = 0.04 sec. (55.06 ticks)
Tried aggregator 1 time.
MIP Presolve eliminated 31 rows and 179 columns.
MIP Presolve modified 80 coefficients.
Reduced MIP has 5657 rows, 1098 columns, and 164108 nonzeros.
Reduced MIP has 1089 binaries, 0 generals, 0 SOSs, and 0 indicators.
Presolve time = 0.07 sec. (185.94 ticks)
Probing time = 0.01 sec. (14.76 ticks)
Tried aggregator 1 time.
Detecting symmetries...
Reduced MIP has 5657 rows, 1098 columns, and 164108 nonzeros.
Reduced MIP has 1089 binaries, 0 generals, 0 SOSs, and 0 indicators.
Presolve time = 0.04 sec. (90.08 ticks)
Probing time = 0.01 sec. (14.79 ticks)
Clique table members: 81878.
MIP emphasis: optimality.
MIP search method: dynamic search.
Parallel mode: deterministic, using up to 20 threads.
Root relaxation solution time = 0.17 sec. (203.85 ticks)

        Nodes                                         Cuts/
   Node  Left     Objective  IInf  Best Integer    Best Bound    ItCnt     Gap

*     0+    0                          145.1302       -9.0000           106.20%
      0     0       56.9847   107      145.1302       56.9847     1361   60.74%
*     0+    0                           69.4341       56.9847            17.93%
      0     0       57.5082    56       69.4341      Cuts: 66     1667   17.18%
*     0+    0                           67.8736       57.5082            15.27%
      0     0       57.5082    65       67.8736       Cuts: 3     1747   15.27%
*     0+    0                           62.6936       57.5082             8.27%
*     0+    0                           58.8170       57.5082             2.23%
*     0+    0                           57.5082       57.5082             0.00%
      0     0  -1.00000e+75     0       57.5082       57.5082     1747    0.00%
      0     0        cutoff             57.5082       57.5082     1747    0.00%
Elapsed time = 0.93 sec. (1904.55 ticks, tree = 0.01 MB, solutions = 6)

Clique cuts applied:  4
Implied bound cuts applied:  1
Mixed integer rounding cuts applied:  3
Zero-half cuts applied:  3
Gomory fractional cuts applied:  2

Root node processing (before b&c):
  Real time             =    0.93 sec. (1905.17 ticks)
Parallel b&c, 20 threads:
  Real time             =    0.00 sec. (0.00 ticks)
  Sync time (average)   =    0.00 sec.
  Wait time (average)   =    0.00 sec.
                          ------------
Total (root+branch&cut) =    0.93 sec. (1905.17 ticks)
Truck arcs:
0 6
1 11
3 4
4 8
6 3
8 10
10 1
57.5082
In write mode
