Instance name: /home/cuong/CLionProjects/uMV-FSTSP/rand_generated_instances/v56
Write arg val: 1

drone speed: 1 miles/minute
uav non-eligible customer: 9 10 12 
Printing tau:
0 5.99962 7.19877 11.047 0.762227 14.6736 4.5758 5.23389 11.1299 17.3567 9.57108 0 
5.99962 0 3.58357 9.56215 5.78106 8.67399 6.06065 3.74904 15.488 23.3563 3.57146 5.99962 
7.19877 3.58357 0 13.1457 6.98021 7.47484 5.03529 7.33261 16.6872 24.5554 3.5253 7.19877 
11.047 9.56215 13.1457 0 11.8092 8.31689 15.6228 5.81311 22.1769 24.074 9.62042 11.047 
0.762227 5.78106 6.98021 11.8092 0 14.4551 3.81358 5.99611 10.3677 17.5752 9.35253 0.762227 
14.6736 8.67399 7.47484 8.31689 14.4551 0 12.5101 12.2775 24.162 32.0303 5.10253 14.6736 
4.5758 6.06065 5.03529 15.6228 3.81358 12.5101 0 9.80969 11.6519 19.5202 7.4076 4.5758 
5.23389 3.74904 7.33261 5.81311 5.99611 12.2775 9.80969 0 16.3638 19.7528 7.17493 5.23389 
11.1299 15.488 16.6872 22.1769 10.3677 24.162 11.6519 16.3638 0 15.6984 19.0595 11.1299 
17.3567 23.3563 24.5554 24.074 17.5752 32.0303 19.5202 19.7528 15.6984 0 26.9278 17.3567 
9.57108 3.57146 3.5253 9.62042 9.35253 5.10253 7.4076 7.17493 19.0595 26.9278 0 9.57108 
0 0 0 0 0 0 0 0 0 0 0 0 
Printing tau_prime:
0 2.18518 2.65111 4.57109 0.280347 5.27694 1.78951 2.03516 5.17089 6.34552 3.42127 0 
2.18518 0 1.33604 3.39024 2.19289 3.09816 2.53593 1.83849 7.06232 8.32936 1.26287 2.18518 
2.65111 1.33604 0 4.65083 2.51271 3.14625 1.984 3.09904 6.70843 8.99598 1.50232 2.65111 
4.57109 3.39024 4.65083 0 4.76566 4.06929 5.75337 2.56089 9.71109 8.81426 3.54782 4.57109 
0.280347 2.19289 2.51271 4.76566 0 5.25767 1.51353 2.25542 5.02138 6.49332 3.39596 0.280347 
5.27694 3.09816 3.14625 4.06929 5.25767 0 5.12201 4.43008 9.84825 11.3431 1.86196 5.27694 
1.78951 2.53593 1.984 5.75337 1.51353 5.12201 0 3.46922 4.72656 7.62114 3.37085 1.78951 
2.03516 1.83849 3.09904 2.56089 2.25542 4.43008 3.46922 0 7.15032 6.98764 2.87174 2.03516 
5.17089 7.06232 6.70843 9.71109 5.02138 9.84825 4.72656 7.15032 0 6.20836 8.06946 5.17089 
6.34552 8.32936 8.99598 8.81426 6.49332 11.3431 7.62114 6.98764 6.20836 0 9.58499 6.34552 
3.42127 1.26287 1.50232 3.54782 3.39596 1.86196 3.37085 2.87174 8.06946 9.58499 0 3.42127 
0 0 0 0 0 0 0 0 0 0 0 0 
Printing number of nodes: 11

Version identifier: 22.1.1.0 | 2022-11-28 | 9160aff4d
CPXPARAM_ClockType                               0
CPXPARAM_Emphasis_MIP                            2
CPXPARAM_MIP_Tolerances_Integrality              0
Tried aggregator 2 times.
MIP Presolve eliminated 888 rows and 626 columns.
MIP Presolve modified 1798 coefficients.
Aggregator did 2 substitutions.
Reduced MIP has 5384 rows, 1087 columns, and 152584 nonzeros.
Reduced MIP has 1079 binaries, 0 generals, 0 SOSs, and 0 indicators.
Presolve time = 0.07 sec. (195.34 ticks)
Probing fixed 119 vars, tightened 0 bounds.
Probing changed sense of 32 constraints.
Probing time = 0.03 sec. (45.44 ticks)
Tried aggregator 1 time.
MIP Presolve eliminated 47 rows and 151 columns.
MIP Presolve modified 95 coefficients.
Reduced MIP has 5337 rows, 936 columns, and 151849 nonzeros.
Reduced MIP has 928 binaries, 0 generals, 0 SOSs, and 0 indicators.
Presolve time = 0.07 sec. (175.93 ticks)
Probing time = 0.01 sec. (13.87 ticks)
Tried aggregator 1 time.
Detecting symmetries...
Reduced MIP has 5337 rows, 936 columns, and 151849 nonzeros.
Reduced MIP has 928 binaries, 0 generals, 0 SOSs, and 0 indicators.
Presolve time = 0.03 sec. (82.52 ticks)
Probing time = 0.01 sec. (13.80 ticks)
Clique table members: 76682.
MIP emphasis: optimality.
MIP search method: dynamic search.
Parallel mode: deterministic, using up to 20 threads.
Root relaxation solution time = 0.04 sec. (81.08 ticks)

        Nodes                                         Cuts/
   Node  Left     Objective  IInf  Best Integer    Best Bound    ItCnt     Gap

*     0+    0                          127.8748      -10.0000           107.82%
      0     0       62.5522    72      127.8748       62.5522      642   51.08%
*     0+    0                           85.0194       62.5522            26.43%
*     0+    0                           70.3666       62.5522            11.11%
*     0+    0                           66.2634       62.5522             5.60%
*     0+    0                           65.1090       62.5522             3.93%
Detecting symmetries...

Repeating presolve.
Tried aggregator 2 times.
MIP Presolve eliminated 4772 rows and 368 columns.
MIP Presolve modified 1372 coefficients.
Aggregator did 2 substitutions.
Reduced MIP has 563 rows, 566 columns, and 5412 nonzeros.
Reduced MIP has 558 binaries, 0 generals, 0 SOSs, and 0 indicators.
Presolve time = 0.06 sec. (171.42 ticks)
Probing fixed 11 vars, tightened 0 bounds.
Probing changed sense of 22 constraints.
Probing time = 0.01 sec. (19.75 ticks)
Tried aggregator 1 time.
MIP Presolve eliminated 51 rows and 47 columns.
MIP Presolve modified 34 coefficients.
Reduced MIP has 511 rows, 519 columns, and 5167 nonzeros.
Reduced MIP has 511 binaries, 0 generals, 0 SOSs, and 0 indicators.
Presolve time = 0.00 sec. (7.89 ticks)
Probing time = 0.00 sec. (3.22 ticks)
Tried aggregator 1 time.
Detecting symmetries...
Reduced MIP has 511 rows, 519 columns, and 5167 nonzeros.
Reduced MIP has 511 binaries, 0 generals, 0 SOSs, and 0 indicators.
Presolve time = 0.00 sec. (3.72 ticks)
Represolve time = 0.09 sec. (212.50 ticks)
Probing time = 0.00 sec. (3.22 ticks)
Clique table members: 8059.
MIP emphasis: optimality.
MIP search method: dynamic search.
Parallel mode: deterministic, using up to 20 threads.
Root relaxation solution time = 0.01 sec. (10.29 ticks)

        Nodes                                         Cuts/
   Node  Left     Objective  IInf  Best Integer    Best Bound    ItCnt     Gap

*     0+    0                           65.1090       62.5522             3.93%
      0     0       62.5522    60       65.1090       62.5522     1114    3.93%
      0     0       62.5522    59       65.1090   ZeroHalf: 1     1201    3.93%
      0     0       62.5522    65       65.1090      Cuts: 11     1374    3.93%
*     0+    0                           62.5664       62.5522             0.02%

Implied bound cuts applied:  2

Root node processing (before b&c):
  Real time             =    1.83 sec. (1556.74 ticks)
Parallel b&c, 20 threads:
  Real time             =    0.00 sec. (0.00 ticks)
  Sync time (average)   =    0.00 sec.
  Wait time (average)   =    0.00 sec.
                          ------------
Total (root+branch&cut) =    1.83 sec. (1556.74 ticks)
Truck arcs:
0 4
1 7
2 10
4 6
6 2
7 9
9 11
10 1
62.5664
In write mode
