Instance name: /home/cuong/CLionProjects/uMV-FSTSP/rand_generated_instances/v70
Write arg val: 1

drone speed: 1 miles/minute
uav non-eligible customer: 12 
Printing tau:
0 1.5649 8.21631 3.92173 8.81693 9.76814 16.7284 27.2812 17.4286 11.7309 19.0537 0 
1.5649 0 9.7812 2.35683 10.3818 9.26104 18.2933 26.5912 16.7386 11.0409 20.6186 1.5649 
8.21631 9.7812 0 12.138 3.57633 6.13727 12.6547 23.6503 13.7977 8.10002 10.8374 8.21631 
3.92173 2.35683 12.138 0 12.7387 11.6179 20.6501 28.0805 18.2279 12.5302 22.9754 3.92173 
8.81693 10.3818 3.57633 12.7387 0 9.71359 16.231 27.2266 17.374 11.6763 10.2368 8.81693 
9.76814 9.26104 6.13727 11.6179 9.71359 0 9.03227 17.5131 7.66045 6.05968 11.3575 9.76814 
16.7284 18.2933 12.6547 20.6501 16.231 9.03227 0 11.2918 5.60102 15.0919 11.0266 16.7284 
27.2812 26.5912 23.6503 28.0805 27.2266 17.5131 11.2918 0 9.8526 15.5503 22.0222 27.2812 
17.4286 16.7386 13.7977 18.2279 17.374 7.66045 5.60102 9.8526 0 9.49093 12.1696 17.4286 
11.7309 11.0409 8.10002 12.5302 11.6763 6.05968 15.0919 15.5503 9.49093 0 17.4172 11.7309 
19.0537 20.6186 10.8374 22.9754 10.2368 11.3575 11.0266 22.0222 12.1696 17.4172 0 19.0537 
0 0 0 0 0 0 0 0 0 0 0 0 
Printing tau_prime:
0 0.604665 3.1759 1.41505 3.11731 4.39669 8.25423 9.83502 7.31073 4.18766 6.98838 0 
0.604665 0 3.61111 0.985693 3.6774 4.58503 8.49902 9.72185 7.42694 4.06434 7.46661 0.604665 
3.1759 3.61111 0 4.56835 1.28213 2.17763 5.39208 8.4192 4.98562 3.68959 3.87459 3.1759 
1.41505 0.985693 4.56835 0 4.5139 5.55255 9.47577 10.4648 8.35714 4.8464 8.40069 1.41505 
3.11731 3.6774 1.28213 4.5139 0 3.45706 6.38393 9.69998 6.19673 4.84634 4.06013 3.11731 
4.39669 4.58503 2.17763 5.55255 3.45706 0 3.93793 6.24312 2.96766 2.252 4.3204 4.39669 
8.25423 8.49902 5.39208 9.47577 6.38393 3.93793 0 5.57234 2.02108 5.57351 3.98423 8.25423 
9.83502 9.72185 8.4192 10.4648 9.69998 6.24312 5.57234 0 4.02272 5.65965 9.15425 9.83502 
7.31073 7.42694 4.98562 8.35714 6.19673 2.96766 2.02108 4.02272 0 3.91378 5.13476 7.31073 
4.18766 4.06434 3.68959 4.8464 4.84634 2.252 5.57351 5.65965 3.91378 0 6.5693 4.18766 
6.98838 7.46661 3.87459 8.40069 4.06013 4.3204 3.98423 9.15425 5.13476 6.5693 0 6.98838 
0 0 0 0 0 0 0 0 0 0 0 0 
Printing number of nodes: 11

Version identifier: 22.1.1.0 | 2022-11-28 | 9160aff4d
CPXPARAM_ClockType                               0
CPXPARAM_Emphasis_MIP                            2
CPXPARAM_MIP_Tolerances_Integrality              0
Tried aggregator 1 time.
MIP Presolve eliminated 265 rows and 425 columns.
MIP Presolve modified 2167 coefficients.
Reduced MIP has 5721 rows, 1290 columns, and 167452 nonzeros.
Reduced MIP has 1280 binaries, 0 generals, 0 SOSs, and 0 indicators.
Presolve time = 0.10 sec. (277.71 ticks)
Found incumbent of value 185.792990 after 0.17 sec. (407.17 ticks)
Probing fixed 114 vars, tightened 0 bounds.
Probing time = 0.04 sec. (56.33 ticks)
Tried aggregator 1 time.
Detecting symmetries...
MIP Presolve eliminated 8 rows and 114 columns.
MIP Presolve modified 106 coefficients.
Reduced MIP has 5713 rows, 1176 columns, and 166898 nonzeros.
Reduced MIP has 1166 binaries, 0 generals, 0 SOSs, and 0 indicators.
Presolve time = 0.06 sec. (173.97 ticks)
Probing time = 0.01 sec. (14.91 ticks)
Clique table members: 82933.
MIP emphasis: optimality.
MIP search method: dynamic search.
Parallel mode: deterministic, using up to 20 threads.
Root relaxation solution time = 0.22 sec. (304.00 ticks)

        Nodes                                         Cuts/
   Node  Left     Objective  IInf  Best Integer    Best Bound    ItCnt     Gap

*     0+    0                          185.7930      -10.0000           105.38%
*     0+    0                          122.0749      -10.0000           108.19%
      0     0       43.7853   164      122.0749       43.7853     1429   64.13%
*     0+    0                           67.7914       43.7853            35.41%
      0     0       44.6150   215       67.7914      Cuts: 54     2723   34.19%
      0     0       44.9098   208       67.7914      Cuts: 21     2966   33.75%
      0     0       44.9745   226       67.7914      Cuts: 12     3110   33.66%
      0     0       45.0676   222       67.7914      Cuts: 14     3256   33.52%
      0     0       45.1074   223       67.7914       Cuts: 7     3320   33.46%
Detecting symmetries...
      0     0       45.1553   227       67.7914       Cuts: 9     3411   33.39%
      0     0       45.1644   246       67.7914      Cuts: 12     3447   33.38%
      0     0       45.1856   238       67.7914       Cuts: 8     3500   33.35%
      0     0       45.1925   231       67.7914       Cuts: 5     3532   33.34%
      0     0       45.1993   237       67.7914       Cuts: 4     3554   33.33%
      0     0       45.1993   238       67.7914       Cuts: 4     3559   33.33%
      0     0       45.1993   243       67.7914       Cuts: 2     3562   33.33%
*     0+    0                           59.6844       45.1993            24.27%
*     0+    0                           57.2106       45.1993            20.99%
Detecting symmetries...
      0     2       45.1993   236       57.2106       45.2203     3562   20.96%
Elapsed time = 2.24 sec. (4463.98 ticks, tree = 0.02 MB, solutions = 5)
      2     4       51.6683   192       57.2106       45.2203     4815   20.96%
*    10+    3                           56.1958       46.3295            17.56%
*    11+    3                           55.3599       46.3295            16.31%
     19    18       52.7676   233       55.3599       46.5065     7638   15.99%
*    48+   16                           54.1380       46.5065            14.10%
*   139+   14                           52.0566       46.5065            10.66%
    166    26       53.8502    21       52.0566       46.5065    16761   10.66%
    240     4       49.4875   249       52.0566       48.4812    26934    6.87%
    415    12        cutoff             52.0566       49.0749    32143    5.73%
*   486    12      integral     0       51.7037       49.3250    32223    4.60%
    614     6        cutoff             51.7037       49.8344    40502    3.62%

Cover cuts applied:  6
Implied bound cuts applied:  14
Flow cuts applied:  3
Mixed integer rounding cuts applied:  8
Zero-half cuts applied:  31
Lift and project cuts applied:  1
Gomory fractional cuts applied:  1

Root node processing (before b&c):
  Real time             =    2.20 sec. (4400.84 ticks)
Parallel b&c, 20 threads:
  Real time             =    1.70 sec. (1776.04 ticks)
  Sync time (average)   =    1.12 sec.
  Wait time (average)   =    0.00 sec.
                          ------------
Total (root+branch&cut) =    3.90 sec. (6176.88 ticks)
Truck arcs:
0 1
1 3
2 4
3 9
4 11
5 2
9 5
51.7037
In write mode
