Instance name: /home/cuong/CLionProjects/uMV-FSTSP/rand_generated_instances/v71
Write arg val: 1

drone speed: 1 miles/minute
uav non-eligible customer: 12 
Printing tau:
0 10.4489 3.64812 9.14175 1.95534 14.7572 10.2911 11.8417 14.3687 7.57194 19.8016 0 
10.4489 0 12.4572 8.92151 11.8363 5.0188 5.51703 10.4307 4.14401 7.35171 14.3275 10.4489 
3.64812 12.4572 0 5.49362 1.69278 16.7655 12.2994 13.8501 16.3771 9.07466 21.8099 3.64812 
9.14175 8.92151 5.49362 0 7.18641 13.9403 14.4385 10.0821 13.0655 5.3067 18.0419 9.14175 
1.95534 11.8363 1.69278 7.18641 0 16.1446 11.6785 13.2291 15.7561 8.45374 21.189 1.95534 
14.7572 5.0188 16.7655 13.9403 16.1446 0 4.46605 15.4495 0.874792 12.3705 19.3463 14.7572 
10.2911 5.51703 12.2994 14.4385 11.6785 4.46605 0 15.9477 4.07764 12.8687 19.8445 10.2911 
11.8417 10.4307 13.8501 10.0821 13.2291 15.4495 15.9477 0 14.5747 4.77539 7.95985 11.8417 
14.3687 4.14401 16.3771 13.0655 15.7561 0.874792 4.07764 14.5747 0 11.4957 18.4715 14.3687 
7.57194 7.35171 9.07466 5.3067 8.45374 12.3705 12.8687 4.77539 11.4957 0 12.7352 7.57194 
19.8016 14.3275 21.8099 18.0419 21.189 19.3463 19.8445 7.95985 18.4715 12.7352 0 19.8016 
0 0 0 0 0 0 0 0 0 0 0 0 
Printing tau_prime:
0 3.69506 1.47233 3.29143 0.847661 5.48634 4.09211 5.63104 5.26613 3.66175 8.6872 0 
3.69506 0 4.56799 4.40307 4.22948 2.33852 1.95136 3.72054 2.01674 2.86115 6.04928 3.69506 
1.47233 4.56799 0 2.35525 0.637481 6.63728 5.37689 5.48707 6.37909 3.49546 8.62028 1.47233 
3.29143 4.40307 2.35525 0 2.77372 6.73858 5.92935 3.60427 6.41967 1.95657 6.65898 3.29143 
0.847661 4.22948 0.637481 2.77372 0 6.1873 4.86031 5.59713 5.9458 3.58838 8.71451 0.847661 
5.48634 2.33852 6.63728 6.73858 6.1873 0 1.58878 5.55862 0.338402 5.14998 7.06865 5.48634 
4.09211 1.95136 5.37689 5.92935 4.86031 1.58878 0 5.66496 1.5212 4.69046 7.78023 4.09211 
5.63104 3.72054 5.48707 3.60427 5.59713 5.55862 5.66496 0 5.22981 2.00887 3.13338 5.63104 
5.26613 2.01674 6.37909 6.41967 5.9458 0.338402 1.5212 5.22981 0 4.81504 6.80728 5.26613 
3.66175 2.86115 3.49546 1.95657 3.58838 5.14998 4.69046 2.00887 4.81504 0 5.13381 3.66175 
8.6872 6.04928 8.62028 6.65898 8.71451 7.06865 7.78023 3.13338 6.80728 5.13381 0 8.6872 
0 0 0 0 0 0 0 0 0 0 0 0 
Printing number of nodes: 11

Version identifier: 22.1.1.0 | 2022-11-28 | 9160aff4d
CPXPARAM_ClockType                               0
CPXPARAM_Emphasis_MIP                            2
CPXPARAM_MIP_Tolerances_Integrality              0
Tried aggregator 1 time.
MIP Presolve eliminated 253 rows and 287 columns.
MIP Presolve modified 2304 coefficients.
Reduced MIP has 5733 rows, 1428 columns, and 168132 nonzeros.
Reduced MIP has 1418 binaries, 0 generals, 0 SOSs, and 0 indicators.
Presolve time = 0.06 sec. (163.33 ticks)
Found incumbent of value 137.644130 after 0.13 sec. (304.05 ticks)
Probing fixed 170 vars, tightened 0 bounds.
Probing time = 0.05 sec. (60.79 ticks)
Tried aggregator 1 time.
MIP Presolve eliminated 10 rows and 170 columns.
MIP Presolve modified 108 coefficients.
Reduced MIP has 5723 rows, 1258 columns, and 167305 nonzeros.
Reduced MIP has 1248 binaries, 0 generals, 0 SOSs, and 0 indicators.
Presolve time = 0.05 sec. (155.58 ticks)
Probing time = 0.01 sec. (15.00 ticks)
Tried aggregator 1 time.
Detecting symmetries...
Reduced MIP has 5723 rows, 1258 columns, and 167305 nonzeros.
Reduced MIP has 1248 binaries, 0 generals, 0 SOSs, and 0 indicators.
Presolve time = 0.04 sec. (92.64 ticks)
Probing time = 0.01 sec. (15.03 ticks)
Clique table members: 83302.
MIP emphasis: optimality.
MIP search method: dynamic search.
Parallel mode: deterministic, using up to 20 threads.
Root relaxation solution time = 0.26 sec. (302.29 ticks)

        Nodes                                         Cuts/
   Node  Left     Objective  IInf  Best Integer    Best Bound    ItCnt     Gap

*     0+    0                          137.6441      -10.0000           107.27%
*     0+    0                          130.7517      -10.0000           107.65%
      0     0       35.5309   158      130.7517       35.5309     1361   72.83%
*     0+    0                           51.4305       35.5309            30.91%
      0     0       36.2098   177       51.4305      Cuts: 33     2126   29.59%
      0     0       37.5217   179       51.4305      Cuts: 19     2519   27.04%
      0     0       37.5927   167       51.4305      Cuts: 12     2692   26.91%
*     0+    0                           46.4947       37.5927            19.15%
      0     0  -1.00000e+75     0       46.4947       37.5927     2692   19.15%
      0     0       37.7488   172       46.4947      Cuts: 14     2885   18.81%
      0     0       37.7741   180       46.4947       Cuts: 9     2935   18.76%
Detecting symmetries...
      0     0       37.7896   179       46.4947       Cuts: 5     3000   18.72%
      0     0       37.7989   192       46.4947      Cuts: 10     3061   18.70%
      0     0       37.8055   194       46.4947       Cuts: 3     3103   18.69%
      0     0       37.8059   195       46.4947       Cuts: 3     3119   18.69%
      0     0       37.8165   179       46.4947       Cuts: 7     3185   18.66%
      0     0       37.8480   185       46.4947       Cuts: 7     3335   18.60%
      0     0       37.8913   183       46.4947       Cuts: 9     3483   18.50%
      0     0       38.0410   191       46.4947      Cuts: 15     3704   18.18%
      0     0       38.0667   184       46.4947       Cuts: 6     3802   18.13%
      0     0       38.2563   190       46.4947       Cuts: 7     4011   17.72%
      0     0       38.2896   203       46.4947       Cuts: 5     4066   17.65%
*     0+    0                           42.9328       38.2896            10.82%
      0     0       38.3528   201       42.9328   ZeroHalf: 4     4186   10.67%
      0     0       38.3560   207       42.9328       Cuts: 3     4231   10.66%
Detecting symmetries...
      0     2       38.3560   206       42.9328       38.3560     4231   10.66%
Elapsed time = 2.48 sec. (4965.43 ticks, tree = 0.02 MB, solutions = 5)
      1     3       39.2399   179       42.9328       38.3560     5169   10.66%
      3     2        cutoff             42.9328       38.3560     5590   10.66%
*    23+    3                           42.8392       42.0828             1.77%
*    28+    6                           42.8392       42.0828             1.77%
     39     2        cutoff             42.8392       42.2206    10791    1.44%

Implied bound cuts applied:  16
Flow cuts applied:  3
Mixed integer rounding cuts applied:  1
Zero-half cuts applied:  22
Lift and project cuts applied:  1
Gomory fractional cuts applied:  1

Root node processing (before b&c):
  Real time             =    2.45 sec. (4888.07 ticks)
Parallel b&c, 20 threads:
  Real time             =    0.55 sec. (949.36 ticks)
  Sync time (average)   =    0.45 sec.
  Wait time (average)   =    0.00 sec.
                          ------------
Total (root+branch&cut) =    2.99 sec. (5837.43 ticks)
Truck arcs:
0 6
1 3
2 4
3 2
4 11
5 8
6 5
8 1
42.8392
In write mode
