Instance name: /home/cuong/CLionProjects/uMV-FSTSP/rand_generated_instances/v75
Write arg val: 1

drone speed: 1 miles/minute
uav non-eligible customer: 1 12 
Printing tau:
0 2.80496 2.07089 7.76706 4.10961 4.40232 2.65135 7.72038 28.2782 26.4227 4.17889 0 
2.80496 0 2.81254 10.1216 2.48219 6.75687 2.18371 10.0749 25.4732 23.6178 1.82434 2.80496 
2.07089 2.81254 0 9.83795 4.1172 6.47321 0.628833 9.79128 28.2858 26.4303 2.14431 2.07089 
7.76706 10.1216 9.83795 0 7.63942 3.36474 10.4184 4.18951 29.8103 27.9548 11.9459 7.76706 
4.10961 2.48219 4.1172 7.63942 0 6.40771 3.48837 7.59274 24.1686 22.3131 4.30653 4.10961 
4.40232 6.75687 6.47321 3.36474 6.40771 0 7.05367 4.95551 30.5763 28.7208 8.58121 4.40232 
2.65135 2.18371 0.628833 10.4184 3.48837 7.05367 0 10.3717 27.6569 25.8015 1.52754 2.65135 
7.72038 10.0749 9.79128 4.18951 7.59274 4.95551 10.3717 0 25.6208 23.7653 11.8993 7.72038 
28.2782 25.4732 28.2858 29.8103 24.1686 30.5763 27.6569 25.6208 0 2.26558 26.1415 28.2782 
26.4227 23.6178 26.4303 27.9548 22.3131 28.7208 25.8015 23.7653 2.26558 0 24.286 26.4227 
4.17889 1.82434 2.14431 11.9459 4.30653 8.58121 1.52754 11.8993 26.1415 24.286 0 4.17889 
0 0 0 0 0 0 0 0 0 0 0 0 
Printing tau_prime:
0 1.29478 0.732176 2.79898 1.45367 1.75576 0.962783 2.88674 10.0095 9.34725 1.65939 0 
1.29478 0 0.999429 3.89321 0.991425 2.99367 0.779157 3.56241 9.10176 8.366 0.686909 1.29478 
0.732176 0.999429 0 3.51975 1.65018 2.42768 0.302565 3.58768 10.0741 9.35372 1.06312 0.732176 
2.79898 3.89321 3.51975 0 3.35763 1.22005 3.76132 1.48131 10.7797 10.3475 4.41823 2.79898 
1.45367 0.991425 1.65018 3.35763 0 2.72332 1.57684 2.7331 8.55611 7.89722 1.67476 1.45367 
1.75576 2.99367 2.42768 1.22005 2.72332 0 2.699 2.10851 10.8635 10.3258 3.41513 1.75576 
0.962783 0.779157 0.302565 3.76132 1.57684 2.699 0 3.73696 9.88088 9.14324 0.760759 0.962783 
2.88674 3.56241 3.58768 1.48131 2.7331 2.10851 3.73696 0 9.33265 8.9378 4.21105 2.88674 
10.0095 9.10176 10.0741 10.7797 8.55611 10.8635 9.88088 9.33265 0 1.03535 9.44812 10.0095 
9.34725 8.366 9.35372 10.3475 7.89722 10.3258 9.14324 8.9378 1.03535 0 8.66438 9.34725 
1.65939 0.686909 1.06312 4.41823 1.67476 3.41513 0.760759 4.21105 9.44812 8.66438 0 1.65939 
0 0 0 0 0 0 0 0 0 0 0 0 
Printing number of nodes: 11

Version identifier: 22.1.1.0 | 2022-11-28 | 9160aff4d
CPXPARAM_ClockType                               0
CPXPARAM_Emphasis_MIP                            2
CPXPARAM_MIP_Tolerances_Integrality              0
Tried aggregator 2 times.
MIP Presolve eliminated 463 rows and 633 columns.
MIP Presolve modified 1687 coefficients.
Aggregator did 6 substitutions.
Reduced MIP has 5661 rows, 1076 columns, and 164024 nonzeros.
Reduced MIP has 1067 binaries, 0 generals, 0 SOSs, and 0 indicators.
Presolve time = 0.08 sec. (204.51 ticks)
Probing fixed 146 vars, tightened 0 bounds.
Probing changed sense of 18 constraints.
Probing time = 0.03 sec. (44.38 ticks)
Tried aggregator 2 times.
MIP Presolve eliminated 88 rows and 189 columns.
MIP Presolve modified 190 coefficients.
Aggregator did 2 substitutions.
Reduced MIP has 5568 rows, 885 columns, and 162937 nonzeros.
Reduced MIP has 876 binaries, 0 generals, 0 SOSs, and 0 indicators.
Presolve time = 0.12 sec. (332.29 ticks)
Probing fixed 2 vars, tightened 0 bounds.
Probing time = 0.02 sec. (32.99 ticks)
Tried aggregator 2 times.
Detecting symmetries...
MIP Presolve eliminated 9 rows and 12 columns.
MIP Presolve modified 82 coefficients.
Aggregator did 5 substitutions.
Reduced MIP has 5551 rows, 868 columns, and 162818 nonzeros.
Reduced MIP has 859 binaries, 0 generals, 0 SOSs, and 0 indicators.
Presolve time = 0.11 sec. (304.34 ticks)
Probing time = 0.01 sec. (15.20 ticks)
Clique table members: 86417.
MIP emphasis: optimality.
MIP search method: dynamic search.
Parallel mode: deterministic, using up to 20 threads.
Root relaxation solution time = 0.10 sec. (131.13 ticks)

        Nodes                                         Cuts/
   Node  Left     Objective  IInf  Best Integer    Best Bound    ItCnt     Gap

*     0+    0                          132.9886       -5.1654           103.88%
      0     0       38.8101    41      132.9886       38.8101      971   70.82%
*     0+    0                           50.0898       38.8101            22.52%
Detecting symmetries...
      0     2       38.8101    11       50.0898       38.8101      971   22.52%
Elapsed time = 0.94 sec. (1863.06 ticks, tree = 0.02 MB, solutions = 2)
*     7+    2                           48.1419       38.8101            19.38%
*     9+    6                           47.4434       38.8101            18.20%
*    42    24      integral     0       43.5319       38.8101     2100   10.85%
*    53+   13                           43.2834       38.8101            10.33%
*    60+   14                           42.5244       38.8101             8.73%
    103    32       40.7783    70       42.5244       38.8101     3959    8.73%
    307    18       40.8226    30       42.5244       38.8101    12199    8.73%
    574     9       41.3771    88       42.5244       38.8825    21057    8.56%

Cover cuts applied:  41
Gomory fractional cuts applied:  1

Root node processing (before b&c):
  Real time             =    0.92 sec. (1859.03 ticks)
Parallel b&c, 20 threads:
  Real time             =    1.21 sec. (922.97 ticks)
  Sync time (average)   =    0.71 sec.
  Wait time (average)   =    0.00 sec.
                          ------------
Total (root+branch&cut) =    2.14 sec. (2782.00 ticks)
Truck arcs:
0 2
1 11
2 10
3 5
4 1
5 4
6 7
7 3
10 6
42.5244
In write mode
