Instance name: /home/cuong/CLionProjects/uMV-FSTSP/rand_generated_instances/v77
Write arg val: 1

drone speed: 1 miles/minute
uav non-eligible customer: 12 
Printing tau:
0 3.03536 5.49226 7.1144 6.44649 20.9152 14.2814 26.7096 22.9113 5.01471 9.0706 0 
3.03536 0 6.88392 4.33193 3.41113 17.8798 15.6731 23.6742 19.8759 8.05007 6.03523 3.03536 
5.49226 6.88392 0 4.35757 8.34406 18.1584 8.78914 23.9527 20.1544 7.77154 6.66966 5.49226 
7.1144 4.33193 4.35757 0 5.79207 13.8008 11.3411 19.5952 15.7969 12.1291 4.11767 7.1144 
6.44649 3.41113 8.34406 5.79207 0 14.4687 17.1332 20.2631 16.4648 11.4612 2.6241 6.44649 
20.9152 17.8798 18.1584 13.8008 14.4687 0 13.2162 5.79436 5.81316 25.9299 11.8446 20.9152 
14.2814 15.6731 8.78914 11.3411 17.1332 13.2162 0 19.0106 18.7554 12.7137 15.4588 14.2814 
26.7096 23.6742 23.9527 19.5952 20.2631 5.79436 19.0106 0 3.7983 31.7243 17.639 26.7096 
22.9113 19.8759 20.1544 15.7969 16.4648 5.81316 18.7554 3.7983 0 27.926 13.8407 22.9113 
5.01471 8.05007 7.77154 12.1291 11.4612 25.9299 12.7137 31.7243 27.926 0 14.0853 5.01471 
9.0706 6.03523 6.66966 4.11767 2.6241 11.8446 15.4588 17.639 13.8407 14.0853 0 9.0706 
0 0 0 0 0 0 0 0 0 0 0 0 
Printing tau_prime:
0 1.18058 2.1727 2.72167 2.49224 7.40978 5.73621 9.45471 8.25335 2.30087 3.23384 0 
1.18058 0 2.43582 2.10369 1.31186 6.39478 5.78137 8.37014 7.11119 3.45489 2.13512 1.18058 
2.1727 2.43582 0 1.78539 3.22562 6.58573 3.565 8.80404 7.94928 2.78846 3.24707 2.1727 
2.72167 2.10369 1.78539 0 2.06138 4.91205 4.01502 7.0895 6.16961 4.30949 1.61175 2.72167 
2.49224 1.31186 3.22562 2.06138 0 5.32573 6.07366 7.18462 5.84936 4.74808 1.10054 2.49224 
7.40978 6.39478 6.58573 4.91205 5.32573 0 6.53998 2.25348 2.17305 9.22123 4.28117 7.40978 
5.73621 5.78137 3.565 4.01502 6.07366 6.53998 0 8.69401 8.538 5.74812 5.48698 5.73621 
9.45471 8.37014 8.80404 7.0895 7.18462 2.25348 8.69401 0 1.74639 11.3814 6.23651 9.45471 
8.25335 7.11119 7.94928 6.16961 5.84936 2.17305 8.538 1.74639 0 10.3332 5.03031 8.25335 
2.30087 3.45489 2.78846 4.30949 4.74808 9.22123 5.74812 11.3814 10.3332 0 5.32393 2.30087 
3.23384 2.13512 3.24707 1.61175 1.10054 4.28117 5.48698 6.23651 5.03031 5.32393 0 3.23384 
0 0 0 0 0 0 0 0 0 0 0 0 
Printing number of nodes: 11

Version identifier: 22.1.1.0 | 2022-11-28 | 9160aff4d
CPXPARAM_ClockType                               0
CPXPARAM_Emphasis_MIP                            2
CPXPARAM_MIP_Tolerances_Integrality              0
Tried aggregator 1 time.
MIP Presolve eliminated 271 rows and 444 columns.
MIP Presolve modified 2362 coefficients.
Reduced MIP has 5715 rows, 1271 columns, and 167260 nonzeros.
Reduced MIP has 1261 binaries, 0 generals, 0 SOSs, and 0 indicators.
Presolve time = 0.09 sec. (287.68 ticks)
Found incumbent of value 174.981110 after 0.15 sec. (412.44 ticks)
Probing fixed 145 vars, tightened 0 bounds.
Probing time = 0.04 sec. (53.49 ticks)
Tried aggregator 1 time.
MIP Presolve eliminated 12 rows and 145 columns.
MIP Presolve modified 142 coefficients.
Reduced MIP has 5703 rows, 1126 columns, and 166528 nonzeros.
Reduced MIP has 1116 binaries, 0 generals, 0 SOSs, and 0 indicators.
Presolve time = 0.05 sec. (133.14 ticks)
Probing time = 0.01 sec. (14.99 ticks)
Tried aggregator 1 time.
Detecting symmetries...
Reduced MIP has 5703 rows, 1126 columns, and 166528 nonzeros.
Reduced MIP has 1116 binaries, 0 generals, 0 SOSs, and 0 indicators.
Presolve time = 0.04 sec. (92.55 ticks)
Probing time = 0.01 sec. (14.94 ticks)
Clique table members: 83430.
MIP emphasis: optimality.
MIP search method: dynamic search.
Parallel mode: deterministic, using up to 20 threads.
Root relaxation solution time = 0.18 sec. (283.20 ticks)

        Nodes                                         Cuts/
   Node  Left     Objective  IInf  Best Integer    Best Bound    ItCnt     Gap

*     0+    0                          174.9811      -10.0000           105.71%
*     0+    0                          121.6446      -10.0000           108.22%
      0     0       39.0673   107      121.6446       39.0673     2268   67.88%
*     0+    0                           61.4692       39.0673            36.44%
      0     0       40.2715   162       61.4692      Cuts: 30     2801   29.07%
      0     0       40.3463   168       61.4692      Cuts: 18     2921   29.07%
      0     0       40.5231   166       61.4692      Cuts: 12     3063   29.07%
*     0+    0                           55.9132       43.5980            22.03%
*     0+    0                           53.2764       43.6164            18.13%
      0     0  -1.00000e+75     0       53.2764       43.6164     3063   18.13%
Detecting symmetries...
      0     2       40.5231   166       53.2764       46.0097     3063   13.64%
Elapsed time = 1.71 sec. (3621.79 ticks, tree = 0.02 MB, solutions = 5)
      3     1        cutoff             53.2764       46.0097     3551   13.64%
      9     3       43.8467   260       53.2764       46.0097     4840   13.64%
*    31+   11                           51.6837       46.0097            10.98%
     31    16        cutoff             51.6837       46.0097     8303   10.98%
*   116    52      integral     0       51.5658       46.3026    19060   10.21%
*   118+   35                           50.7184       46.3026             8.71%
    133    52       50.3302    45       50.7184       46.5610    19740    8.20%
    187     6       46.9982    97       50.7184       46.5610    27133    8.20%
    199     4       47.4705   206       50.7184       47.0734    28366    7.19%
    236     8        cutoff             50.7184       48.3036    30982    4.76%
    294     5        cutoff             50.7184       48.8468    36070    3.69%

Clique cuts applied:  2
Cover cuts applied:  4
Implied bound cuts applied:  3
Flow cuts applied:  1
Mixed integer rounding cuts applied:  3
Zero-half cuts applied:  13
Lift and project cuts applied:  2
Gomory fractional cuts applied:  2

Root node processing (before b&c):
  Real time             =    1.67 sec. (3586.52 ticks)
Parallel b&c, 20 threads:
  Real time             =    1.46 sec. (2155.05 ticks)
  Sync time (average)   =    1.07 sec.
  Wait time (average)   =    0.00 sec.
                          ------------
Total (root+branch&cut) =    3.13 sec. (5741.57 ticks)
Truck arcs:
0 1
1 4
2 6
3 2
4 10
6 9
9 11
10 3
50.7184
In write mode
