Instance name: /home/cuong/CLionProjects/uMV-FSTSP/rand_generated_instances/v85
Write arg val: 1

drone speed: 1 miles/minute
uav non-eligible customer: 9 12 
Printing tau:
0 5.59857 2.33232 2.02993 9.55039 15.8945 25.2071 19.0006 29.3385 19.1101 18.5922 0 
5.59857 0 4.88088 6.80702 4.60541 17.1181 22.5362 16.3296 26.6676 16.4392 15.9212 5.59857 
2.33232 4.88088 0 4.23986 9.48629 18.1044 27.4171 21.2105 31.5484 21.3201 20.8021 2.33232 
2.02993 6.80702 4.23986 0 10.7588 13.8646 23.1772 16.9706 27.3086 17.0802 16.5623 2.02993 
9.55039 4.60541 9.48629 10.7588 0 21.0699 17.9308 11.7242 22.0621 11.8338 11.3158 9.55039 
15.8945 17.1181 18.1044 13.8646 21.0699 0 20.3163 9.84809 17.3885 14.465 13.8744 15.8945 
25.2071 22.5362 27.4171 23.1772 17.9308 20.3163 0 10.4682 4.13137 6.09699 6.61494 25.2071 
19.0006 16.3296 21.2105 16.9706 11.7242 9.84809 10.4682 0 10.3379 4.61694 4.02632 19.0006 
29.3385 26.6676 31.5484 27.3086 22.0621 17.3885 4.13137 10.3379 0 10.2284 10.7463 29.3385 
19.1101 16.4392 21.3201 17.0802 11.8338 14.465 6.09699 4.61694 10.2284 0 0.590625 19.1101 
18.5922 15.9212 20.8021 16.5623 11.3158 13.8744 6.61494 4.02632 10.7463 0.590625 0 18.5922 
0 0 0 0 0 0 0 0 0 0 0 0 
Printing tau_prime:
0 2.19311 1.13597 0.835238 4.24493 6.94023 9.43917 6.74366 10.5782 6.83624 6.62585 0 
2.19311 0 2.0764 2.41729 2.14554 7.64763 8.04758 6.3197 9.42889 5.88733 5.74464 2.19311 
1.13597 2.0764 0 1.95299 4.21441 8.05949 9.9592 7.63147 11.2239 7.5409 7.35466 1.13597 
0.835238 2.41729 1.95299 0 4.23199 6.10885 8.9253 6.00226 9.97402 6.21479 5.98964 0.835238 
4.24493 2.14554 4.21441 4.23199 0 8.04839 6.34508 5.73787 7.90799 4.79143 4.74108 4.24493 
6.94023 7.64763 8.05949 6.10885 8.04839 0 7.90157 3.6509 7.77094 5.23901 4.99721 6.94023 
9.43917 8.04758 9.9592 8.9253 6.34508 7.90157 0 4.30269 1.79027 2.9877 3.2645 9.43917 
6.74366 6.3197 7.63147 6.00226 5.73787 3.6509 4.30269 0 4.52397 1.6328 1.43082 6.74366 
10.5782 9.42889 11.2239 9.97402 7.90799 7.77094 1.79027 4.52397 0 3.76108 3.99737 10.5782 
6.83624 5.88733 7.5409 6.21479 4.79143 5.23901 2.9877 1.6328 3.76108 0 0.27774 6.83624 
6.62585 5.74464 7.35466 5.98964 4.74108 4.99721 3.2645 1.43082 3.99737 0.27774 0 6.62585 
0 0 0 0 0 0 0 0 0 0 0 0 
Printing number of nodes: 11

Version identifier: 22.1.1.0 | 2022-11-28 | 9160aff4d
CPXPARAM_ClockType                               0
CPXPARAM_Emphasis_MIP                            2
CPXPARAM_MIP_Tolerances_Integrality              0
Tried aggregator 1 time.
MIP Presolve eliminated 461 rows and 626 columns.
MIP Presolve modified 1687 coefficients.
Reduced MIP has 5669 rows, 1089 columns, and 164041 nonzeros.
Reduced MIP has 1080 binaries, 0 generals, 0 SOSs, and 0 indicators.
Presolve time = 0.08 sec. (284.28 ticks)
Found incumbent of value 226.417800 after 0.14 sec. (402.70 ticks)
Probing fixed 101 vars, tightened 0 bounds.
Probing changed sense of 18 constraints.
Probing time = 0.04 sec. (47.05 ticks)
Tried aggregator 1 time.
MIP Presolve eliminated 30 rows and 119 columns.
MIP Presolve modified 86 coefficients.
Reduced MIP has 5639 rows, 970 columns, and 163461 nonzeros.
Reduced MIP has 961 binaries, 0 generals, 0 SOSs, and 0 indicators.
Presolve time = 0.07 sec. (186.61 ticks)
Probing time = 0.01 sec. (14.28 ticks)
Tried aggregator 1 time.
Detecting symmetries...
Reduced MIP has 5639 rows, 970 columns, and 163461 nonzeros.
Reduced MIP has 961 binaries, 0 generals, 0 SOSs, and 0 indicators.
Presolve time = 0.04 sec. (89.22 ticks)
Probing time = 0.01 sec. (14.55 ticks)
Clique table members: 82606.
MIP emphasis: optimality.
MIP search method: dynamic search.
Parallel mode: deterministic, using up to 20 threads.
Root relaxation solution time = 0.05 sec. (88.62 ticks)

        Nodes                                         Cuts/
   Node  Left     Objective  IInf  Best Integer    Best Bound    ItCnt     Gap

*     0+    0                          226.4178       -9.0000           103.97%
      0     0       49.8352    67      226.4178       49.8352      686   77.99%
*     0+    0                          117.7220       49.8352            57.67%
      0     0       49.8352    81      117.7220       Cuts: 3      915   57.67%
*     0+    0                           63.3273       49.8352            21.31%
      0     0       49.8352    77       63.3273       Cuts: 4     1262   21.31%
*     0+    0                           56.7492       49.8352            12.18%
      0     0       49.8352    85       56.7492      Cuts: 27     1457   12.18%
*     0+    0                           56.0677       49.8352            11.12%
      0     0  -1.00000e+75     0       56.0677       49.8352     1457   11.12%
Detecting symmetries...
      0     2       49.8352    62       56.0677       49.8352     1457   11.12%
Elapsed time = 0.97 sec. (2139.09 ticks, tree = 0.02 MB, solutions = 5)
      6     6       51.0529    69       56.0677       49.8352     3317   11.12%
*    58+    4                           55.4783       49.8352            10.17%
*    63+   14                           55.4782       49.8352            10.17%
     84    22       51.5318    44       55.4782       49.8352     7446   10.17%
*   129    20      integral     0       55.4399       49.8352    17436   10.11%
*   322+   38                           54.7022       49.8353             8.90%
    346    52       52.6553   138       54.7022       49.8353    28163    8.90%
    511    82       50.9994    65       54.7022       49.8353    39127    8.90%
    905    61        cutoff             54.7022       49.8353    53684    8.90%
    973     6        cutoff             54.7022       49.8353    62123    8.90%
   1063    13       52.3607    35       54.7022       51.0670    66336    6.65%
   1214    27       53.9287    85       54.7022       52.4699    72343    4.08%

Clique cuts applied:  18
Cover cuts applied:  43
Implied bound cuts applied:  77
Mixed integer rounding cuts applied:  3
Zero-half cuts applied:  5
Gomory fractional cuts applied:  4

Root node processing (before b&c):
  Real time             =    0.95 sec. (2122.08 ticks)
Parallel b&c, 20 threads:
  Real time             =    2.36 sec. (2275.90 ticks)
  Sync time (average)   =    1.24 sec.
  Wait time (average)   =    0.00 sec.
                          ------------
Total (root+branch&cut) =    3.31 sec. (4397.98 ticks)
Truck arcs:
0 3
1 2
2 11
3 10
4 1
7 4
9 7
10 9
54.7022
In write mode
